#
# There is insufficient memory for the Java Runtime Environment to continue.
# Native memory allocation (malloc) failed to allocate 497408 bytes for Chunk::new
# Possible reasons:
#   The system is out of physical RAM or swap space
#   In 32 bit mode, the process size limit was hit
# Possible solutions:
#   Reduce memory load on the system
#   Increase physical memory or swap space
#   Check if swap backing store is full
#   Use 64 bit Java on a 64 bit OS
#   Decrease Java heap size (-Xmx/-Xms)
#   Decrease number of Java threads
#   Decrease Java thread stack sizes (-Xss)
#   Set larger code cache with -XX:ReservedCodeCacheSize=
# This output file may be truncated or incomplete.
#
#  Out of Memory Error (allocation.cpp:390), pid=1640, tid=0x00000000000024a0
#
# JRE version: Java(TM) SE Runtime Environment (8.0_152-b16) (build 1.8.0_152-b16)
# Java VM: Java HotSpot(TM) 64-Bit Server VM (25.152-b16 mixed mode windows-amd64 compressed oops)
# Failed to write core dump. Minidumps are not enabled by default on client versions of Windows
#

---------------  T H R E A D  ---------------

Current thread (0x0000000017868000):  JavaThread "C2 CompilerThread1" daemon [_thread_in_native, id=9376, stack(0x00000000190a0000,0x00000000191a0000)]

Stack: [0x00000000190a0000,0x00000000191a0000]
[error occurred during error reporting (printing stack bounds), id 0xc0000005]

Native frames: (J=compiled Java code, j=interpreted, Vv=VM code, C=native code)


Current CompileTask:
C2:  26219 2365       4       com.android.dx.cf.code.Simulator$SimVisitor::visitConstant (332 bytes)


---------------  P R O C E S S  ---------------

Java Threads: ( => current thread )
  0x00000000192d8800 JavaThread "Service Thread" daemon [_thread_blocked, id=3188, stack(0x00000000196a0000,0x00000000197a0000)]
  0x000000001786b000 JavaThread "C1 CompilerThread2" daemon [_thread_blocked, id=4848, stack(0x00000000191a0000,0x00000000192a0000)]
=>0x0000000017868000 JavaThread "C2 CompilerThread1" daemon [_thread_in_native, id=9376, stack(0x00000000190a0000,0x00000000191a0000)]
  0x0000000017863000 JavaThread "C2 CompilerThread0" daemon [_thread_in_native, id=14032, stack(0x0000000018fa0000,0x00000000190a0000)]
  0x0000000017860000 JavaThread "Attach Listener" daemon [_thread_blocked, id=6392, stack(0x0000000018ea0000,0x0000000018fa0000)]
  0x000000001785f000 JavaThread "Signal Dispatcher" daemon [_thread_blocked, id=10632, stack(0x0000000018da0000,0x0000000018ea0000)]
  0x0000000005278800 JavaThread "Finalizer" daemon [_thread_blocked, id=300, stack(0x0000000018ab0000,0x0000000018bb0000)]
  0x0000000005273000 JavaThread "Reference Handler" daemon [_thread_blocked, id=1976, stack(0x00000000189b0000,0x0000000018ab0000)]
  0x0000000005182800 JavaThread "main" [_thread_in_Java, id=14148, stack(0x0000000005080000,0x0000000005180000)]

Other Threads:
  0x0000000017827000 VMThread [stack: 0x00000000188b0000,0x00000000189b0000] [id=12088]
  0x00000000192e9800 WatcherThread [stack: 0x00000000197a0000,0x00000000198a0000] [id=5588]

VM state:not at safepoint (normal execution)

VM Mutex/Monitor currently owned by a thread: None

Heap:
 PSYoungGen      total 218112K, used 163467K [0x00000000eb380000, 0x0000000100000000, 0x0000000100000000)
  eden space 176128K, 92% used [0x00000000eb380000,0x00000000f5322c70,0x00000000f5f80000)
  from space 41984K, 0% used [0x00000000f9500000,0x00000000f9500000,0x00000000fbe00000)
  to   space 54784K, 0% used [0x00000000f5f80000,0x00000000f5f80000,0x00000000f9500000)
 ParOldGen       total 82432K, used 82148K [0x00000000c1a00000, 0x00000000c6a80000, 0x00000000eb380000)
  object space 82432K, 99% used [0x00000000c1a00000,0x00000000c6a39210,0x00000000c6a80000)
 Metaspace       used 7045K, capacity 7608K, committed 7936K, reserved 1056768K
  class space    used 657K, capacity 688K, committed 768K, reserved 1048576K

Card table byte_map: [0x0000000014640000,0x0000000014840000] byte_map_base: 0x0000000014033000

Marking Bits: (ParMarkBitMap*) 0x00000000657b0860
 Begin Bits: [0x0000000014d90000, 0x0000000015d28000)
 End Bits:   [0x0000000015d28000, 0x0000000016cc0000)

Polling page: 0x0000000003340000

CodeCache: size=245760Kb used=11954Kb max_used=11966Kb free=233805Kb
 bounds [0x0000000005280000, 0x0000000005e40000, 0x0000000014280000]
 total_blobs=2865 nmethods=2595 adapters=182
 compilation: enabled

Compilation events (10 events):
Event: 26.147 Thread 0x0000000017863000 nmethod 2342 0x0000000005e2f150 code [0x0000000005e2f2c0, 0x0000000005e2f658]
Event: 26.147 Thread 0x0000000017863000 2519       4       com.android.dx.rop.type.StdTypeList::getType (6 bytes)
Event: 26.148 Thread 0x0000000017863000 nmethod 2519 0x0000000005e2edd0 code [0x0000000005e2ef20, 0x0000000005e2eff8]
Event: 26.148 Thread 0x0000000017863000 2315       4       com.android.dx.util.IntList::shrink (42 bytes)
Event: 26.149 Thread 0x0000000017863000 nmethod 2315 0x0000000005e36990 code [0x0000000005e36ac0, 0x0000000005e36b78]
Event: 26.149 Thread 0x0000000017863000 2349       4       com.android.dx.ssa.back.FirstFitLocalCombiningAllocator::getAlignment (32 bytes)
Event: 26.149 Thread 0x0000000017863000 nmethod 2349 0x0000000005844710 code [0x0000000005844840, 0x00000000058448d8]
Event: 26.150 Thread 0x0000000017863000 2291       4       com.android.dx.util.BitIntSet::merge (148 bytes)
Event: 26.158 Thread 0x0000000017863000 nmethod 2291 0x0000000005e399d0 code [0x0000000005e39b20, 0x0000000005e39e38]
Event: 26.158 Thread 0x0000000017863000 2402       4       com.android.dx.dex.code.RopTranslator$TranslationVisitor::visitThrowingCstInsn (225 bytes)

GC Heap History (10 events):
Event: 16.898 GC heap before
{Heap before GC invocations=21 (full 9):
 PSYoungGen      total 218112K, used 176128K [0x00000000eb380000, 0x0000000100000000, 0x0000000100000000)
  eden space 176128K, 100% used [0x00000000eb380000,0x00000000f5f80000,0x00000000f5f80000)
  from space 41984K, 0% used [0x00000000f9500000,0x00000000f9500000,0x00000000fbe00000)
  to   space 54784K, 0% used [0x00000000f5f80000,0x00000000f5f80000,0x00000000f9500000)
 ParOldGen       total 82432K, used 82109K [0x00000000c1a00000, 0x00000000c6a80000, 0x00000000eb380000)
  object space 82432K, 99% used [0x00000000c1a00000,0x00000000c6a2f608,0x00000000c6a80000)
 Metaspace       used 6711K, capacity 7256K, committed 7424K, reserved 1056768K
  class space    used 638K, capacity 656K, committed 768K, reserved 1048576K
Event: 17.787 GC heap after
Heap after GC invocations=21 (full 9):
 PSYoungGen      total 218112K, used 134283K [0x00000000eb380000, 0x0000000100000000, 0x0000000100000000)
  eden space 176128K, 76% used [0x00000000eb380000,0x00000000f36a2da8,0x00000000f5f80000)
  from space 41984K, 0% used [0x00000000f9500000,0x00000000f9500000,0x00000000fbe00000)
  to   space 54784K, 0% used [0x00000000f5f80000,0x00000000f5f80000,0x00000000f9500000)
 ParOldGen       total 82432K, used 82109K [0x00000000c1a00000, 0x00000000c6a80000, 0x00000000eb380000)
  object space 82432K, 99% used [0x00000000c1a00000,0x00000000c6a2f608,0x00000000c6a80000)
 Metaspace       used 6711K, capacity 7256K, committed 7424K, reserved 1056768K
  class space    used 638K, capacity 656K, committed 768K, reserved 1048576K
}
Event: 17.969 GC heap before
{Heap before GC invocations=22 (full 10):
 PSYoungGen      total 218112K, used 176128K [0x00000000eb380000, 0x0000000100000000, 0x0000000100000000)
  eden space 176128K, 100% used [0x00000000eb380000,0x00000000f5f80000,0x00000000f5f80000)
  from space 41984K, 0% used [0x00000000f9500000,0x00000000f9500000,0x00000000fbe00000)
  to   space 54784K, 0% used [0x00000000f5f80000,0x00000000f5f80000,0x00000000f9500000)
 ParOldGen       total 82432K, used 82109K [0x00000000c1a00000, 0x00000000c6a80000, 0x00000000eb380000)
  object space 82432K, 99% used [0x00000000c1a00000,0x00000000c6a2f608,0x00000000c6a80000)
 Metaspace       used 6713K, capacity 7256K, committed 7424K, reserved 1056768K
  class space    used 638K, capacity 656K, committed 768K, reserved 1048576K
Event: 18.805 GC heap after
Heap after GC invocations=22 (full 10):
 PSYoungGen      total 218112K, used 142190K [0x00000000eb380000, 0x0000000100000000, 0x0000000100000000)
  eden space 176128K, 80% used [0x00000000eb380000,0x00000000f3e5ba08,0x00000000f5f80000)
  from space 41984K, 0% used [0x00000000f9500000,0x00000000f9500000,0x00000000fbe00000)
  to   space 54784K, 0% used [0x00000000f5f80000,0x00000000f5f80000,0x00000000f9500000)
 ParOldGen       total 82432K, used 82109K [0x00000000c1a00000, 0x00000000c6a80000, 0x00000000eb380000)
  object space 82432K, 99% used [0x00000000c1a00000,0x00000000c6a2f608,0x00000000c6a80000)
 Metaspace       used 6713K, capacity 7256K, committed 7424K, reserved 1056768K
  class space    used 638K, capacity 656K, committed 768K, reserved 1048576K
}
Event: 18.939 GC heap before
{Heap before GC invocations=23 (full 11):
 PSYoungGen      total 218112K, used 176128K [0x00000000eb380000, 0x0000000100000000, 0x0000000100000000)
  eden space 176128K, 100% used [0x00000000eb380000,0x00000000f5f80000,0x00000000f5f80000)
  from space 41984K, 0% used [0x00000000f9500000,0x00000000f9500000,0x00000000fbe00000)
  to   space 54784K, 0% used [0x00000000f5f80000,0x00000000f5f80000,0x00000000f9500000)
 ParOldGen       total 82432K, used 82109K [0x00000000c1a00000, 0x00000000c6a80000, 0x00000000eb380000)
  object space 82432K, 99% used [0x00000000c1a00000,0x00000000c6a2f608,0x00000000c6a80000)
 Metaspace       used 6713K, capacity 7256K, committed 7424K, reserved 1056768K
  class space    used 638K, capacity 656K, committed 768K, reserved 1048576K
Event: 19.920 GC heap after
Heap after GC invocations=23 (full 11):
 PSYoungGen      total 218112K, used 147264K [0x00000000eb380000, 0x0000000100000000, 0x0000000100000000)
  eden space 176128K, 83% used [0x00000000eb380000,0x00000000f43500e8,0x00000000f5f80000)
  from space 41984K, 0% used [0x00000000f9500000,0x00000000f9500000,0x00000000fbe00000)
  to   space 54784K, 0% used [0x00000000f5f80000,0x00000000f5f80000,0x00000000f9500000)
 ParOldGen       total 82432K, used 82109K [0x00000000c1a00000, 0x00000000c6a80000, 0x00000000eb380000)
  object space 82432K, 99% used [0x00000000c1a00000,0x00000000c6a2f568,0x00000000c6a80000)
 Metaspace       used 6713K, capacity 7256K, committed 7424K, reserved 1056768K
  class space    used 638K, capacity 656K, committed 768K, reserved 1048576K
}
Event: 20.057 GC heap before
{Heap before GC invocations=24 (full 12):
 PSYoungGen      total 218112K, used 176128K [0x00000000eb380000, 0x0000000100000000, 0x0000000100000000)
  eden space 176128K, 100% used [0x00000000eb380000,0x00000000f5f80000,0x00000000f5f80000)
  from space 41984K, 0% used [0x00000000f9500000,0x00000000f9500000,0x00000000fbe00000)
  to   space 54784K, 0% used [0x00000000f5f80000,0x00000000f5f80000,0x00000000f9500000)
 ParOldGen       total 82432K, used 82109K [0x00000000c1a00000, 0x00000000c6a80000, 0x00000000eb380000)
  object space 82432K, 99% used [0x00000000c1a00000,0x00000000c6a2f568,0x00000000c6a80000)
 Metaspace       used 6753K, capacity 7320K, committed 7680K, reserved 1056768K
  class space    used 643K, capacity 656K, committed 768K, reserved 1048576K
Event: 21.210 GC heap after
Heap after GC invocations=24 (full 12):
 PSYoungGen      total 218112K, used 152025K [0x00000000eb380000, 0x0000000100000000, 0x0000000100000000)
  eden space 176128K, 86% used [0x00000000eb380000,0x00000000f47f6618,0x00000000f5f80000)
  from space 41984K, 0% used [0x00000000f9500000,0x00000000f9500000,0x00000000fbe00000)
  to   space 54784K, 0% used [0x00000000f5f80000,0x00000000f5f80000,0x00000000f9500000)
 ParOldGen       total 82432K, used 82081K [0x00000000c1a00000, 0x00000000c6a80000, 0x00000000eb380000)
  object space 82432K, 99% used [0x00000000c1a00000,0x00000000c6a28450,0x00000000c6a80000)
 Metaspace       used 6753K, capacity 7320K, committed 7680K, reserved 1056768K
  class space    used 643K, capacity 656K, committed 768K, reserved 1048576K
}
Event: 22.285 GC heap before
{Heap before GC invocations=25 (full 13):
 PSYoungGen      total 218112K, used 176128K [0x00000000eb380000, 0x0000000100000000, 0x0000000100000000)
  eden space 176128K, 100% used [0x00000000eb380000,0x00000000f5f80000,0x00000000f5f80000)
  from space 41984K, 0% used [0x00000000f9500000,0x00000000f9500000,0x00000000fbe00000)
  to   space 54784K, 0% used [0x00000000f5f80000,0x00000000f5f80000,0x00000000f9500000)
 ParOldGen       total 82432K, used 82081K [0x00000000c1a00000, 0x00000000c6a80000, 0x00000000eb380000)
  object space 82432K, 99% used [0x00000000c1a00000,0x00000000c6a28450,0x00000000c6a80000)
 Metaspace       used 6983K, capacity 7512K, committed 7680K, reserved 1056768K
  class space    used 654K, capacity 656K, committed 768K, reserved 1048576K
Event: 25.563 GC heap after
Heap after GC invocations=25 (full 13):
 PSYoungGen      total 218112K, used 153949K [0x00000000eb380000, 0x0000000100000000, 0x0000000100000000)
  eden space 176128K, 87% used [0x00000000eb380000,0x00000000f49d77f8,0x00000000f5f80000)
  from space 41984K, 0% used [0x00000000f9500000,0x00000000f9500000,0x00000000fbe00000)
  to   space 54784K, 0% used [0x00000000f5f80000,0x00000000f5f80000,0x00000000f9500000)
 ParOldGen       total 82432K, used 82148K [0x00000000c1a00000, 0x00000000c6a80000, 0x00000000eb380000)
  object space 82432K, 99% used [0x00000000c1a00000,0x00000000c6a39210,0x00000000c6a80000)
 Metaspace       used 6983K, capacity 7512K, committed 7680K, reserved 1056768K
  class space    used 654K, capacity 656K, committed 768K, reserved 1048576K
}

Deoptimization events (10 events):
Event: 25.611 Thread 0x0000000005182800 Uncommon trap: reason=speculate_class_check action=maybe_recompile pc=0x0000000005574134 method=com.android.dx.util.FixedSizeList.equals(Ljava/lang/Object;)Z @ 25
Event: 25.611 Thread 0x0000000005182800 Uncommon trap: reason=class_check action=maybe_recompile pc=0x0000000005564060 method=java.util.Arrays.equals([Ljava/lang/Object;[Ljava/lang/Object;)Z @ 62
Event: 25.611 Thread 0x0000000005182800 Uncommon trap: reason=speculate_class_check action=maybe_recompile pc=0x0000000005574134 method=com.android.dx.util.FixedSizeList.equals(Ljava/lang/Object;)Z @ 25
Event: 25.611 Thread 0x0000000005182800 Uncommon trap: reason=class_check action=maybe_recompile pc=0x0000000005564060 method=java.util.Arrays.equals([Ljava/lang/Object;[Ljava/lang/Object;)Z @ 62
Event: 25.611 Thread 0x0000000005182800 Uncommon trap: reason=speculate_class_check action=maybe_recompile pc=0x0000000005574134 method=com.android.dx.util.FixedSizeList.equals(Ljava/lang/Object;)Z @ 25
Event: 25.611 Thread 0x0000000005182800 Uncommon trap: reason=class_check action=maybe_recompile pc=0x0000000005564060 method=java.util.Arrays.equals([Ljava/lang/Object;[Ljava/lang/Object;)Z @ 62
Event: 25.611 Thread 0x0000000005182800 Uncommon trap: reason=speculate_class_check action=maybe_recompile pc=0x0000000005574134 method=com.android.dx.util.FixedSizeList.equals(Ljava/lang/Object;)Z @ 25
Event: 25.611 Thread 0x0000000005182800 Uncommon trap: reason=class_check action=maybe_recompile pc=0x0000000005564060 method=java.util.Arrays.equals([Ljava/lang/Object;[Ljava/lang/Object;)Z @ 62
Event: 25.612 Thread 0x0000000005182800 Uncommon trap: reason=unstable_if action=reinterpret pc=0x0000000005b75f1c method=java.util.TreeMap.put(Ljava/lang/Object;Ljava/lang/Object;)Ljava/lang/Object; @ 163
Event: 25.634 Thread 0x0000000005182800 Uncommon trap: reason=unstable_if action=reinterpret pc=0x0000000005c63324 method=com.android.dx.rop.code.RegisterSpecSet.equals(Ljava/lang/Object;)Z @ 30

Classes redefined (0 events):
No events

Internal exceptions (6 events):
Event: 0.031 Thread 0x0000000005182800 Exception <a 'java/lang/NoSuchMethodError': Method sun.misc.Unsafe.defineClass(Ljava/lang/String;[BII)Ljava/lang/Class; name or signature does not match> (0x00000000eb387ca8) thrown at [C:\re\workspace\8-2-build-windows-amd64-cygwin\jdk8u152\9742\hotspot\
Event: 0.031 Thread 0x0000000005182800 Exception <a 'java/lang/NoSuchMethodError': Method sun.misc.Unsafe.prefetchRead(Ljava/lang/Object;J)V name or signature does not match> (0x00000000eb387f90) thrown at [C:\re\workspace\8-2-build-windows-amd64-cygwin\jdk8u152\9742\hotspot\src\share\vm\prims
Event: 1.681 Thread 0x000000001952d000 Implicit null exception at 0x000000000552c462 to 0x000000000552c55a
Event: 4.407 Thread 0x0000000005182800 Exception <a 'java/lang/ArrayIndexOutOfBoundsException': 18> (0x00000000ed49c878) thrown at [C:\re\workspace\8-2-build-windows-amd64-cygwin\jdk8u152\9742\hotspot\src\share\vm\interpreter\interpreterRuntime.cpp, line 366]
Event: 4.407 Thread 0x0000000005182800 Exception <a 'java/lang/ArrayIndexOutOfBoundsException': 145> (0x00000000ed49e3f8) thrown at [C:\re\workspace\8-2-build-windows-amd64-cygwin\jdk8u152\9742\hotspot\src\share\vm\interpreter\interpreterRuntime.cpp, line 366]
Event: 4.409 Thread 0x0000000005182800 Exception <a 'java/lang/ArrayIndexOutOfBoundsException'> (0x00000000ed49f6e0) thrown at [C:\re\workspace\8-2-build-windows-amd64-cygwin\jdk8u152\9742\hotspot\src\share\vm\runtime\sharedRuntime.cpp, line 605]

Events (10 events):
Event: 26.072 Thread 0x0000000005182800 DEOPT PACKING pc=0x00000000054a7471 sp=0x000000000517ec00
Event: 26.072 Thread 0x0000000005182800 DEOPT UNPACKING pc=0x00000000052c787f sp=0x000000000517e978 mode 0
Event: 26.073 Thread 0x0000000005182800 DEOPT PACKING pc=0x0000000005dbc9c0 sp=0x000000000517eb10
Event: 26.073 Thread 0x0000000005182800 DEOPT UNPACKING pc=0x00000000052c787f sp=0x000000000517e958 mode 0
Event: 26.081 Thread 0x0000000005182800 DEOPT PACKING pc=0x00000000054ca5b2 sp=0x000000000517ec00
Event: 26.081 Thread 0x0000000005182800 DEOPT UNPACKING pc=0x00000000052c787f sp=0x000000000517e930 mode 0
Event: 26.087 Thread 0x0000000005182800 DEOPT PACKING pc=0x00000000054a7471 sp=0x000000000517ec00
Event: 26.087 Thread 0x0000000005182800 DEOPT UNPACKING pc=0x00000000052c787f sp=0x000000000517e978 mode 0
Event: 26.087 Thread 0x0000000005182800 DEOPT PACKING pc=0x0000000005dbc9c0 sp=0x000000000517eb10
Event: 26.087 Thread 0x0000000005182800 DEOPT UNPACKING pc=0x00000000052c787f sp=0x000000000517e958 mode 0


Dynamic libraries:
0x00007ff6be380000 - 0x00007ff6be3b7000 	C:\Program Files\Java\jdk1.8.0_152\bin\java.exe
0x00007ffa27050000 - 0x00007ffa27230000 	C:\WINDOWS\SYSTEM32\ntdll.dll
0x00007ffa26f60000 - 0x00007ffa2700e000 	C:\WINDOWS\System32\KERNEL32.DLL
0x00007ffa24090000 - 0x00007ffa242f6000 	C:\WINDOWS\System32\KERNELBASE.dll
0x00007ffa26930000 - 0x00007ffa269d1000 	C:\WINDOWS\System32\ADVAPI32.dll
0x00007ffa26e30000 - 0x00007ffa26ecd000 	C:\WINDOWS\System32\msvcrt.dll
0x00007ffa25c70000 - 0x00007ffa25ccb000 	C:\WINDOWS\System32\sechost.dll
0x00007ffa26810000 - 0x00007ffa2692f000 	C:\WINDOWS\System32\RPCRT4.dll
0x00007ffa26610000 - 0x00007ffa2679f000 	C:\WINDOWS\System32\USER32.dll
0x00007ffa23ff0000 - 0x00007ffa24010000 	C:\WINDOWS\System32\win32u.dll
0x00007ffa26380000 - 0x00007ffa263a8000 	C:\WINDOWS\System32\GDI32.dll
0x00007ffa23450000 - 0x00007ffa235e3000 	C:\WINDOWS\System32\gdi32full.dll
0x00007ffa23800000 - 0x00007ffa2389b000 	C:\WINDOWS\System32\msvcp_win.dll
0x00007ffa23700000 - 0x00007ffa237f6000 	C:\WINDOWS\System32\ucrtbase.dll
0x00007ffa143f0000 - 0x00007ffa14659000 	C:\WINDOWS\WinSxS\amd64_microsoft.windows.common-controls_6595b64144ccf1df_6.0.16299.309_none_15cfd4c4935e6b11\COMCTL32.dll
0x00007ffa25dd0000 - 0x00007ffa260d8000 	C:\WINDOWS\System32\combase.dll
0x00007ffa24010000 - 0x00007ffa24082000 	C:\WINDOWS\System32\bcryptPrimitives.dll
0x00007ffa26f30000 - 0x00007ffa26f5d000 	C:\WINDOWS\System32\IMM32.DLL
0x00000000660c0000 - 0x0000000066192000 	C:\Program Files\Java\jdk1.8.0_152\jre\bin\msvcr100.dll
0x0000000064f90000 - 0x0000000065830000 	C:\Program Files\Java\jdk1.8.0_152\jre\bin\server\jvm.dll
0x00007ffa26600000 - 0x00007ffa26608000 	C:\WINDOWS\System32\PSAPI.DLL
0x00007ffa14e00000 - 0x00007ffa14e0a000 	C:\WINDOWS\SYSTEM32\VERSION.dll
0x00007ffa21540000 - 0x00007ffa21563000 	C:\WINDOWS\SYSTEM32\WINMM.dll
0x00007ffa057e0000 - 0x00007ffa057e9000 	C:\WINDOWS\SYSTEM32\WSOCK32.dll
0x00007ffa267a0000 - 0x00007ffa2680c000 	C:\WINDOWS\System32\WS2_32.dll
0x00007ffa214a0000 - 0x00007ffa214ca000 	C:\WINDOWS\SYSTEM32\WINMMBASE.dll
0x00007ffa24300000 - 0x00007ffa2434a000 	C:\WINDOWS\System32\cfgmgr32.dll
0x0000000066350000 - 0x000000006635f000 	C:\Program Files\Java\jdk1.8.0_152\jre\bin\verify.dll
0x0000000066320000 - 0x0000000066349000 	C:\Program Files\Java\jdk1.8.0_152\jre\bin\java.dll
0x0000000066300000 - 0x0000000066316000 	C:\Program Files\Java\jdk1.8.0_152\jre\bin\zip.dll
0x00007ffa246c0000 - 0x00007ffa25af6000 	C:\WINDOWS\System32\SHELL32.dll
0x00007ffa26230000 - 0x00007ffa262d6000 	C:\WINDOWS\System32\shcore.dll
0x00007ffa238a0000 - 0x00007ffa23fe7000 	C:\WINDOWS\System32\windows.storage.dll
0x00007ffa265a0000 - 0x00007ffa265f1000 	C:\WINDOWS\System32\shlwapi.dll
0x00007ffa23410000 - 0x00007ffa23421000 	C:\WINDOWS\System32\kernel.appcore.dll
0x00007ffa233a0000 - 0x00007ffa233ec000 	C:\WINDOWS\System32\powrprof.dll
0x00007ffa233f0000 - 0x00007ffa2340b000 	C:\WINDOWS\System32\profapi.dll

VM Arguments:
java_command: C:\Program Files (x86)\Android\android-sdk\build-tools\25.0.3\\lib\dx.jar --dex --no-strict --output obj\Debug\android\bin C:\Users\Mark\source\repos\VTBoard\VTBoard\VTBoard\VTBoard.Android\obj\Debug\android\bin\classes\classes.zip C:\Program Files (x86)\Microsoft Visual Studio\2017\Enterprise\Common7\IDE\ReferenceAssemblies\Microsoft\Framework\MonoAndroid\v8.0\mono.android.jar obj\Debug\lp\0\jl\formsviewgroup.jar C:\Users\Mark\AppData\Local\Xamarin\Xamarin.Android.Support.Animated.Vector.Drawable\23.3.0.0\embedded\classes.jar C:\Users\Mark\AppData\Local\Xamarin\Xamarin.Android.Support.Design\23.3.0.0\embedded\classes.jar C:\Users\Mark\AppData\Local\Xamarin\Xamarin.Android.Support.v4\23.3.0.0\embedded\classes.jar C:\Users\Mark\AppData\Local\Xamarin\Xamarin.Android.Support.v4\23.3.0.0\embedded\libs\internal_impl-23.3.0.jar C:\Users\Mark\AppData\Local\Xamarin\Xamarin.Android.Support.v7.AppCompat\23.3.0.0\embedded\classes.jar C:\Users\Mark\AppData\Local\Xamarin\Xamarin.Android.Support.v7.CardView\23.3.0.0\embedded\classes.jar C:\Users\Mark\AppData\Local\Xamarin\Xamarin.Android.Support.v7.MediaRouter\23.3.0.0\embedded\classes.jar C:\Users\Mark\AppData\Local\Xamarin\Xamarin.Android.Support.v7.MediaRouter\23.3.0.0\embedded\libs\internal_impl-23.3.0.jar C:\Users\Mark\AppData\Local\Xamarin\Xamarin.Android.Support.v7.RecyclerView\23.3.0.0\embedded\classes.jar C:\Users\Mark\AppData\Local\Xamarin\Xamarin.Android.Support.Vector.Drawable\23.3.0.0\embedded\classes.jar
java_class_path (initial): C:\Program Files (x86)\Android\android-sdk\build-tools\25.0.3\\lib\dx.jar
Launcher Type: SUN_STANDARD

Environment Variables:
PATH=C:\Python27\;C:\Python27\Scripts;C:\Program Files\Java\jdk1.8.0_25\bin;C:\ProgramData\Oracle\Java\javapath;C:\Program Files (x86)\Intel\iCLS Client\;C:\Program Files\Intel\iCLS Client\;C:\WINDOWS\system32;C:\WINDOWS;C:\WINDOWS\System32\Wbem;C:\WINDOWS\System32\WindowsPowerShell\v1.0\;C:\Program Files\Intel\Intel(R) Management Engine Components\DAL;C:\Program Files\Intel\Intel(R) Management Engine Components\IPT;C:\Program Files (x86)\Intel\Intel(R) Management Engine Components\DAL;C:\Program Files (x86)\Intel\Intel(R) Management Engine Components\IPT;C:\ProgramData\Lenovo\ReadyApps;C:\Program Files\ASUS\Bluetooth Software\;C:\Program Files\ASUS\Bluetooth Software\syswow64;C:\Program Files (x86)\Windows Live\Shared;C:\Program Files\Intel\WiFi\bin\;C:\Program Files\Common Files\Intel\WirelessCommon\;C:\Program Files (x86)\GNU\GnuPG\pub;C:\Program Files (x86)\Skype\Phone\;c:\Program Files (x86)\Microsoft SQL Server\110\Tools\Binn\;c:\Program Files (x86)\Microsoft SQL Server\110\DTS\Binn\;c:\Program Files (x86)\Microsoft SQL Server\110\Tools\Binn\ManagementStudio\;C:\Program Files (x86)\Windows Kits\8.1\Windows Performance Toolkit\;C:\Program Files\dotnet\;C:\Program Files\Microsoft SQL Server\130\Tools\Binn\;C:\Program Files\Git\cmd;C:\Program Files\Intel\WiFi\bin\;C:\Program Files\Common Files\Intel\WirelessCommon\;C:\Users\Mark\AppData\Local\Microsoft\WindowsApps;C:\Users\Mark\AppData\Local\Microsoft\WindowsApps;C:\Users\Mark\AppData\Local\GitHubDesktop\bin
USERNAME=Mark
OS=Windows_NT
PROCESSOR_IDENTIFIER=Intel64 Family 6 Model 69 Stepping 1, GenuineIntel



---------------  S Y S T E M  ---------------

OS: Windows 10.0 , 64 bit Build 16299 (10.0.16299.15)

CPU:total 4 (initial active 4) (2 cores per cpu, 2 threads per core) family 6 model 69 stepping 1, cmov, cx8, fxsr, mmx, sse, sse2, sse3, ssse3, sse4.1, sse4.2, popcnt, avx, avx2, aes, clmul, erms, lzcnt, ht, tsc, tscinvbit, bmi1, bmi2

Memory: 4k page, physical 4082084k(374992k free), swap 4082084k(2140k free)

vm_info: Java HotSpot(TM) 64-Bit Server VM (25.152-b16) for windows-amd64 JRE (1.8.0_152-b16), built on Sep 14 2017 02:29:36 by "java_re" with MS VC++ 10.0 (VS2010)

time: Tue Apr 03 16:28:30 2018
elapsed time: 26 seconds (0d 0h 0m 26s)

