#
# There is insufficient memory for the Java Runtime Environment to continue.
# Native memory allocation (malloc) failed to allocate 690336 bytes for Chunk::new
# Possible reasons:
#   The system is out of physical RAM or swap space
#   In 32 bit mode, the process size limit was hit
# Possible solutions:
#   Reduce memory load on the system
#   Increase physical memory or swap space
#   Check if swap backing store is full
#   Use 64 bit Java on a 64 bit OS
#   Decrease Java heap size (-Xmx/-Xms)
#   Decrease number of Java threads
#   Decrease Java thread stack sizes (-Xss)
#   Set larger code cache with -XX:ReservedCodeCacheSize=
# This output file may be truncated or incomplete.
#
#  Out of Memory Error (allocation.cpp:390), pid=3952, tid=0x0000000000001698
#
# JRE version: Java(TM) SE Runtime Environment (8.0_152-b16) (build 1.8.0_152-b16)
# Java VM: Java HotSpot(TM) 64-Bit Server VM (25.152-b16 mixed mode windows-amd64 compressed oops)
# Failed to write core dump. Minidumps are not enabled by default on client versions of Windows
#

---------------  T H R E A D  ---------------

Current thread (0x0000000017742000):  JavaThread "C2 CompilerThread0" daemon [_thread_in_native, id=5784, stack(0x0000000018e90000,0x0000000018f90000)]

Stack: [0x0000000018e90000,0x0000000018f90000]
[error occurred during error reporting (printing stack bounds), id 0xc0000005]

Native frames: (J=compiled Java code, j=interpreted, Vv=VM code, C=native code)


Current CompileTask:
C2:   7790 2235       4       com.android.dx.ssa.SsaBasicBlock::forEachInsn (37 bytes)


---------------  P R O C E S S  ---------------

Java Threads: ( => current thread )
  0x0000000019435800 JavaThread "pool-2-thread-1" [_thread_blocked, id=9200, stack(0x0000000019890000,0x0000000019990000)]
  0x0000000019427000 JavaThread "pool-1-thread-1" [_thread_blocked, id=7828, stack(0x0000000019790000,0x0000000019890000)]
  0x00000000191c8800 JavaThread "Service Thread" daemon [_thread_blocked, id=11644, stack(0x0000000019590000,0x0000000019690000)]
  0x0000000017756800 JavaThread "C1 CompilerThread2" daemon [_thread_blocked, id=12532, stack(0x0000000019090000,0x0000000019190000)]
  0x0000000017745800 JavaThread "C2 CompilerThread1" daemon [_thread_in_native, id=4748, stack(0x0000000018f90000,0x0000000019090000)]
=>0x0000000017742000 JavaThread "C2 CompilerThread0" daemon [_thread_in_native, id=5784, stack(0x0000000018e90000,0x0000000018f90000)]
  0x0000000017740000 JavaThread "Attach Listener" daemon [_thread_blocked, id=13520, stack(0x0000000018d90000,0x0000000018e90000)]
  0x000000001773f000 JavaThread "Signal Dispatcher" daemon [_thread_blocked, id=9972, stack(0x0000000018c90000,0x0000000018d90000)]
  0x000000001772e800 JavaThread "Finalizer" daemon [_thread_blocked, id=1008, stack(0x00000000189a0000,0x0000000018aa0000)]
  0x0000000005155000 JavaThread "Reference Handler" daemon [_thread_blocked, id=1976, stack(0x00000000188a0000,0x00000000189a0000)]
  0x0000000005062800 JavaThread "main" [_thread_in_Java, id=1420, stack(0x0000000004f50000,0x0000000005050000)]

Other Threads:
  0x0000000017707000 VMThread [stack: 0x00000000187a0000,0x00000000188a0000] [id=5556]
  0x000000001779e800 WatcherThread [stack: 0x0000000019690000,0x0000000019790000] [id=10024]

VM state:not at safepoint (normal execution)

VM Mutex/Monitor currently owned by a thread: None

Heap:
 PSYoungGen      total 239104K, used 24969K [0x00000000eb380000, 0x0000000100000000, 0x0000000100000000)
  eden space 221696K, 5% used [0x00000000eb380000,0x00000000ebf6d2b8,0x00000000f8c00000)
  from space 17408K, 73% used [0x00000000fc280000,0x00000000fcef5410,0x00000000fd380000)
  to   space 55808K, 0% used [0x00000000f8c00000,0x00000000f8c00000,0x00000000fc280000)
 ParOldGen       total 186368K, used 107581K [0x00000000c1a00000, 0x00000000cd000000, 0x00000000eb380000)
  object space 186368K, 57% used [0x00000000c1a00000,0x00000000c830f790,0x00000000cd000000)
 Metaspace       used 6706K, capacity 7256K, committed 7424K, reserved 1056768K
  class space    used 638K, capacity 656K, committed 768K, reserved 1048576K

Card table byte_map: [0x0000000014520000,0x0000000014720000] byte_map_base: 0x0000000013f13000

Marking Bits: (ParMarkBitMap*) 0x000000005de90860
 Begin Bits: [0x0000000014c70000, 0x0000000015c08000)
 End Bits:   [0x0000000015c08000, 0x0000000016ba0000)

Polling page: 0x00000000030f0000

CodeCache: size=245760Kb used=9665Kb max_used=9686Kb free=236095Kb
 bounds [0x0000000005160000, 0x0000000005af0000, 0x0000000014160000]
 total_blobs=2400 nmethods=2130 adapters=182
 compilation: enabled

Compilation events (10 events):
Event: 6.541 Thread 0x0000000017742000 nmethod 2227 0x0000000005aafa90 code [0x0000000005aafbe0, 0x0000000005ab0038]
Event: 6.541 Thread 0x0000000017742000 2023       4       com.android.dx.cf.code.BaseMachine::storeResults (90 bytes)
Event: 6.555 Thread 0x0000000017756800 2229       1       java.util.concurrent.ThreadPoolExecutor::afterExecute (1 bytes)
Event: 6.555 Thread 0x0000000017756800 nmethod 2229 0x0000000005a784d0 code [0x0000000005a78620, 0x0000000005a78730]
Event: 6.558 Thread 0x0000000017756800 2230       1       java.util.concurrent.ThreadPoolExecutor::beforeExecute (1 bytes)
Event: 6.559 Thread 0x0000000017756800 nmethod 2230 0x0000000005a799d0 code [0x0000000005a79b20, 0x0000000005a79c30]
Event: 6.589 Thread 0x0000000017745800 nmethod 2179 0x0000000005aca8d0 code [0x0000000005acafa0, 0x0000000005ad1ea8]
Event: 6.591 Thread 0x0000000017745800 2197       4       com.android.dx.ssa.SCCP::addUsersToWorklist (103 bytes)
Event: 6.650 Thread 0x0000000017742000 nmethod 2023 0x0000000005ade490 code [0x0000000005ade860, 0x0000000005ae11c0]
Event: 6.650 Thread 0x0000000017742000 2235       4       com.android.dx.ssa.SsaBasicBlock::forEachInsn (37 bytes)

GC Heap History (10 events):
Event: 3.690 GC heap before
{Heap before GC invocations=8 (full 1):
 PSYoungGen      total 144384K, used 15329K [0x00000000eb380000, 0x00000000fdf80000, 0x0000000100000000)
  eden space 129024K, 0% used [0x00000000eb380000,0x00000000eb380000,0x00000000f3180000)
  from space 15360K, 99% used [0x00000000f3180000,0x00000000f4078658,0x00000000f4080000)
  to   space 24576K, 0% used [0x00000000fc780000,0x00000000fc780000,0x00000000fdf80000)
 ParOldGen       total 44032K, used 37289K [0x00000000c1a00000, 0x00000000c4500000, 0x00000000eb380000)
  object space 44032K, 84% used [0x00000000c1a00000,0x00000000c3e6a778,0x00000000c4500000)
 Metaspace       used 6579K, capacity 7256K, committed 7424K, reserved 1056768K
  class space    used 619K, capacity 656K, committed 768K, reserved 1048576K
Event: 4.088 GC heap after
Heap after GC invocations=8 (full 1):
 PSYoungGen      total 144384K, used 6093K [0x00000000eb380000, 0x00000000fdf80000, 0x0000000100000000)
  eden space 129024K, 0% used [0x00000000eb380000,0x00000000eb380000,0x00000000f3180000)
  from space 15360K, 39% used [0x00000000f3180000,0x00000000f37735c8,0x00000000f4080000)
  to   space 24576K, 0% used [0x00000000fc780000,0x00000000fc780000,0x00000000fdf80000)
 ParOldGen       total 85504K, used 43918K [0x00000000c1a00000, 0x00000000c6d80000, 0x00000000eb380000)
  object space 85504K, 51% used [0x00000000c1a00000,0x00000000c44e3bb8,0x00000000c6d80000)
 Metaspace       used 6579K, capacity 7256K, committed 7424K, reserved 1056768K
  class space    used 619K, capacity 656K, committed 768K, reserved 1048576K
}
Event: 4.769 GC heap before
{Heap before GC invocations=9 (full 1):
 PSYoungGen      total 144384K, used 135117K [0x00000000eb380000, 0x00000000fdf80000, 0x0000000100000000)
  eden space 129024K, 100% used [0x00000000eb380000,0x00000000f3180000,0x00000000f3180000)
  from space 15360K, 39% used [0x00000000f3180000,0x00000000f37735c8,0x00000000f4080000)
  to   space 24576K, 0% used [0x00000000fc780000,0x00000000fc780000,0x00000000fdf80000)
 ParOldGen       total 85504K, used 43918K [0x00000000c1a00000, 0x00000000c6d80000, 0x00000000eb380000)
  object space 85504K, 51% used [0x00000000c1a00000,0x00000000c44e3bb8,0x00000000c6d80000)
 Metaspace       used 6682K, capacity 7256K, committed 7424K, reserved 1056768K
  class space    used 638K, capacity 656K, committed 768K, reserved 1048576K
Event: 4.824 GC heap after
Heap after GC invocations=9 (full 1):
 PSYoungGen      total 196096K, used 24544K [0x00000000eb380000, 0x00000000fdf80000, 0x0000000100000000)
  eden space 171520K, 0% used [0x00000000eb380000,0x00000000eb380000,0x00000000f5b00000)
  from space 24576K, 99% used [0x00000000fc780000,0x00000000fdf78020,0x00000000fdf80000)
  to   space 29696K, 0% used [0x00000000fa580000,0x00000000fa580000,0x00000000fc280000)
 ParOldGen       total 85504K, used 45876K [0x00000000c1a00000, 0x00000000c6d80000, 0x00000000eb380000)
  object space 85504K, 53% used [0x00000000c1a00000,0x00000000c46cd360,0x00000000c6d80000)
 Metaspace       used 6682K, capacity 7256K, committed 7424K, reserved 1056768K
  class space    used 638K, capacity 656K, committed 768K, reserved 1048576K
}
Event: 5.684 GC heap before
{Heap before GC invocations=10 (full 1):
 PSYoungGen      total 196096K, used 196064K [0x00000000eb380000, 0x00000000fdf80000, 0x0000000100000000)
  eden space 171520K, 100% used [0x00000000eb380000,0x00000000f5b00000,0x00000000f5b00000)
  from space 24576K, 99% used [0x00000000fc780000,0x00000000fdf78020,0x00000000fdf80000)
  to   space 29696K, 0% used [0x00000000fa580000,0x00000000fa580000,0x00000000fc280000)
 ParOldGen       total 85504K, used 45876K [0x00000000c1a00000, 0x00000000c6d80000, 0x00000000eb380000)
  object space 85504K, 53% used [0x00000000c1a00000,0x00000000c46cd360,0x00000000c6d80000)
 Metaspace       used 6698K, capacity 7256K, committed 7424K, reserved 1056768K
  class space    used 638K, capacity 656K, committed 768K, reserved 1048576K
Event: 5.768 GC heap after
Heap after GC invocations=10 (full 1):
 PSYoungGen      total 239616K, used 29692K [0x00000000eb380000, 0x00000000fd380000, 0x0000000100000000)
  eden space 209920K, 0% used [0x00000000eb380000,0x00000000eb380000,0x00000000f8080000)
  from space 29696K, 99% used [0x00000000fa580000,0x00000000fc27f0f0,0x00000000fc280000)
  to   space 17408K, 0% used [0x00000000fc280000,0x00000000fc280000,0x00000000fd380000)
 ParOldGen       total 85504K, used 65544K [0x00000000c1a00000, 0x00000000c6d80000, 0x00000000eb380000)
  object space 85504K, 76% used [0x00000000c1a00000,0x00000000c5a02130,0x00000000c6d80000)
 Metaspace       used 6698K, capacity 7256K, committed 7424K, reserved 1056768K
  class space    used 638K, capacity 656K, committed 768K, reserved 1048576K
}
Event: 6.686 GC heap before
{Heap before GC invocations=11 (full 1):
 PSYoungGen      total 239616K, used 239612K [0x00000000eb380000, 0x00000000fd380000, 0x0000000100000000)
  eden space 209920K, 100% used [0x00000000eb380000,0x00000000f8080000,0x00000000f8080000)
  from space 29696K, 99% used [0x00000000fa580000,0x00000000fc27f0f0,0x00000000fc280000)
  to   space 17408K, 0% used [0x00000000fc280000,0x00000000fc280000,0x00000000fd380000)
 ParOldGen       total 85504K, used 65544K [0x00000000c1a00000, 0x00000000c6d80000, 0x00000000eb380000)
  object space 85504K, 76% used [0x00000000c1a00000,0x00000000c5a02130,0x00000000c6d80000)
 Metaspace       used 6706K, capacity 7256K, committed 7424K, reserved 1056768K
  class space    used 638K, capacity 656K, committed 768K, reserved 1048576K
Event: 6.781 GC heap after
Heap after GC invocations=11 (full 1):
 PSYoungGen      total 239104K, used 17388K [0x00000000eb380000, 0x0000000100000000, 0x0000000100000000)
  eden space 221696K, 0% used [0x00000000eb380000,0x00000000eb380000,0x00000000f8c00000)
  from space 17408K, 99% used [0x00000000fc280000,0x00000000fd37b2a0,0x00000000fd380000)
  to   space 55808K, 0% used [0x00000000f8c00000,0x00000000f8c00000,0x00000000fc280000)
 ParOldGen       total 108032K, used 107823K [0x00000000c1a00000, 0x00000000c8380000, 0x00000000eb380000)
  object space 108032K, 99% used [0x00000000c1a00000,0x00000000c834bd10,0x00000000c8380000)
 Metaspace       used 6706K, capacity 7256K, committed 7424K, reserved 1056768K
  class space    used 638K, capacity 656K, committed 768K, reserved 1048576K
}
Event: 6.781 GC heap before
{Heap before GC invocations=12 (full 2):
 PSYoungGen      total 239104K, used 17388K [0x00000000eb380000, 0x0000000100000000, 0x0000000100000000)
  eden space 221696K, 0% used [0x00000000eb380000,0x00000000eb380000,0x00000000f8c00000)
  from space 17408K, 99% used [0x00000000fc280000,0x00000000fd37b2a0,0x00000000fd380000)
  to   space 55808K, 0% used [0x00000000f8c00000,0x00000000f8c00000,0x00000000fc280000)
 ParOldGen       total 108032K, used 107823K [0x00000000c1a00000, 0x00000000c8380000, 0x00000000eb380000)
  object space 108032K, 99% used [0x00000000c1a00000,0x00000000c834bd10,0x00000000c8380000)
 Metaspace       used 6706K, capacity 7256K, committed 7424K, reserved 1056768K
  class space    used 638K, capacity 656K, committed 768K, reserved 1048576K
Event: 7.748 GC heap after
Heap after GC invocations=12 (full 2):
 PSYoungGen      total 239104K, used 12757K [0x00000000eb380000, 0x0000000100000000, 0x0000000100000000)
  eden space 221696K, 0% used [0x00000000eb380000,0x00000000eb380000,0x00000000f8c00000)
  from space 17408K, 73% used [0x00000000fc280000,0x00000000fcef5410,0x00000000fd380000)
  to   space 55808K, 0% used [0x00000000f8c00000,0x00000000f8c00000,0x00000000fc280000)
 ParOldGen       total 186368K, used 107581K [0x00000000c1a00000, 0x00000000cd000000, 0x00000000eb380000)
  object space 186368K, 57% used [0x00000000c1a00000,0x00000000c830f790,0x00000000cd000000)
 Metaspace       used 6706K, capacity 7256K, committed 7424K, reserved 1056768K
  class space    used 638K, capacity 656K, committed 768K, reserved 1048576K
}

Deoptimization events (10 events):
Event: 4.571 Thread 0x0000000019427000 Uncommon trap: reason=speculate_class_check action=maybe_recompile pc=0x00000000059d3c50 method=com.android.dx.ssa.SsaInsn.mapRegisters(Lcom/android/dx/ssa/RegisterMapper;)V @ 31
Event: 4.577 Thread 0x0000000019427000 Uncommon trap: reason=speculate_class_check action=maybe_recompile pc=0x00000000059d3c50 method=com.android.dx.ssa.SsaInsn.mapRegisters(Lcom/android/dx/ssa/RegisterMapper;)V @ 31
Event: 4.584 Thread 0x0000000019427000 Uncommon trap: reason=speculate_class_check action=maybe_recompile pc=0x00000000059d3c50 method=com.android.dx.ssa.SsaInsn.mapRegisters(Lcom/android/dx/ssa/RegisterMapper;)V @ 31
Event: 4.584 Thread 0x0000000019427000 Uncommon trap: reason=speculate_class_check action=maybe_recompile pc=0x00000000059d3c50 method=com.android.dx.ssa.SsaInsn.mapRegisters(Lcom/android/dx/ssa/RegisterMapper;)V @ 31
Event: 5.056 Thread 0x0000000005062800 Uncommon trap: reason=unstable_if action=reinterpret pc=0x000000000578ef54 method=com.android.dx.ssa.MoveParamCombiner$1.visitNonMoveInsn(Lcom/android/dx/ssa/NormalSsaInsn;)V @ 27
Event: 5.536 Thread 0x0000000005062800 Uncommon trap: reason=unstable_if action=reinterpret pc=0x0000000005a3a64c method=com.android.dx.cf.code.BytecodeArray.parseInstruction(ILcom/android/dx/cf/code/BytecodeArray$Visitor;)I @ 1261
Event: 6.160 Thread 0x0000000019427000 Uncommon trap: reason=unstable_if action=reinterpret pc=0x0000000005a2deb0 method=java.util.HashMap.putVal(ILjava/lang/Object;Ljava/lang/Object;ZZ)Ljava/lang/Object; @ 109
Event: 6.196 Thread 0x0000000019427000 Uncommon trap: reason=unstable_if action=reinterpret pc=0x00000000058248a4 method=java.util.HashMap.getNode(ILjava/lang/Object;)Ljava/util/HashMap$Node; @ 84
Event: 6.416 Thread 0x0000000019427000 Uncommon trap: reason=unstable_if action=reinterpret pc=0x0000000005973e40 method=java.util.HashMap.getNode(ILjava/lang/Object;)Ljava/util/HashMap$Node; @ 84
Event: 6.499 Thread 0x0000000005062800 Uncommon trap: reason=unstable_if action=reinterpret pc=0x00000000059a83b8 method=com.android.dx.rop.code.RegisterSpecSet.<init>(I)V @ 2

Classes redefined (0 events):
No events

Internal exceptions (7 events):
Event: 0.031 Thread 0x0000000005062800 Exception <a 'java/lang/NoSuchMethodError': Method sun.misc.Unsafe.defineClass(Ljava/lang/String;[BII)Ljava/lang/Class; name or signature does not match> (0x00000000eb387ca8) thrown at [C:\re\workspace\8-2-build-windows-amd64-cygwin\jdk8u152\9742\hotspot\
Event: 0.031 Thread 0x0000000005062800 Exception <a 'java/lang/NoSuchMethodError': Method sun.misc.Unsafe.prefetchRead(Ljava/lang/Object;J)V name or signature does not match> (0x00000000eb387f90) thrown at [C:\re\workspace\8-2-build-windows-amd64-cygwin\jdk8u152\9742\hotspot\src\share\vm\prims
Event: 1.817 Thread 0x0000000019427000 Implicit null exception at 0x0000000005401562 to 0x000000000540165a
Event: 2.601 Thread 0x0000000019427000 Implicit null exception at 0x00000000058840bb to 0x0000000005887711
Event: 4.471 Thread 0x0000000019427000 Exception <a 'java/lang/ArrayIndexOutOfBoundsException': 18> (0x00000000efa86a50) thrown at [C:\re\workspace\8-2-build-windows-amd64-cygwin\jdk8u152\9742\hotspot\src\share\vm\interpreter\interpreterRuntime.cpp, line 366]
Event: 4.471 Thread 0x0000000019427000 Exception <a 'java/lang/ArrayIndexOutOfBoundsException': 145> (0x00000000efa885d0) thrown at [C:\re\workspace\8-2-build-windows-amd64-cygwin\jdk8u152\9742\hotspot\src\share\vm\interpreter\interpreterRuntime.cpp, line 366]
Event: 4.473 Thread 0x0000000019427000 Exception <a 'java/lang/ArrayIndexOutOfBoundsException'> (0x00000000efa898b8) thrown at [C:\re\workspace\8-2-build-windows-amd64-cygwin\jdk8u152\9742\hotspot\src\share\vm\runtime\sharedRuntime.cpp, line 605]

Events (10 events):
Event: 6.476 Thread 0x0000000019427000 DEOPT UNPACKING pc=0x00000000051a787f sp=0x000000001988e690 mode 0
Event: 6.499 Thread 0x0000000005062800 Uncommon trap: trap_request=0xffffff65 fr.pc=0x00000000059a83b8
Event: 6.500 Thread 0x0000000005062800 DEOPT PACKING pc=0x00000000059a83b8 sp=0x000000000504e400
Event: 6.500 Thread 0x0000000005062800 DEOPT UNPACKING pc=0x00000000051a582a sp=0x000000000504e330 mode 2
Event: 6.513 Thread 0x0000000005062800 DEOPT PACKING pc=0x0000000005562dc1 sp=0x000000000504e2a0
Event: 6.513 Thread 0x0000000005062800 DEOPT UNPACKING pc=0x00000000051a787f sp=0x000000000504e0d0 mode 0
Event: 6.578 Thread 0x0000000005062800 DEOPT PACKING pc=0x000000000542bd7d sp=0x000000000504e380
Event: 6.578 Thread 0x0000000005062800 DEOPT UNPACKING pc=0x00000000051a787f sp=0x000000000504e120 mode 0
Event: 6.686 Executing VM operation: ParallelGCFailedAllocation
Event: 7.748 Executing VM operation: ParallelGCFailedAllocation done


Dynamic libraries:
0x00007ff791340000 - 0x00007ff791377000 	C:\Program Files\Java\jdk1.8.0_152\bin\java.exe
0x00007ffb81f90000 - 0x00007ffb82170000 	C:\WINDOWS\SYSTEM32\ntdll.dll
0x00007ffb81a60000 - 0x00007ffb81b0e000 	C:\WINDOWS\System32\KERNEL32.DLL
0x00007ffb7efa0000 - 0x00007ffb7f206000 	C:\WINDOWS\System32\KERNELBASE.dll
0x00007ffb80040000 - 0x00007ffb800e1000 	C:\WINDOWS\System32\ADVAPI32.dll
0x00007ffb81b10000 - 0x00007ffb81bad000 	C:\WINDOWS\System32\msvcrt.dll
0x00007ffb81890000 - 0x00007ffb818eb000 	C:\WINDOWS\System32\sechost.dll
0x00007ffb81c10000 - 0x00007ffb81d2f000 	C:\WINDOWS\System32\RPCRT4.dll
0x00007ffb81dd0000 - 0x00007ffb81f5f000 	C:\WINDOWS\System32\USER32.dll
0x00007ffb7e590000 - 0x00007ffb7e5b0000 	C:\WINDOWS\System32\win32u.dll
0x00007ffb80280000 - 0x00007ffb802a8000 	C:\WINDOWS\System32\GDI32.dll
0x00007ffb7e5b0000 - 0x00007ffb7e743000 	C:\WINDOWS\System32\gdi32full.dll
0x00007ffb7e490000 - 0x00007ffb7e52b000 	C:\WINDOWS\System32\msvcp_win.dll
0x00007ffb7e390000 - 0x00007ffb7e486000 	C:\WINDOWS\System32\ucrtbase.dll
0x00007ffb68db0000 - 0x00007ffb69019000 	C:\WINDOWS\WinSxS\amd64_microsoft.windows.common-controls_6595b64144ccf1df_6.0.16299.371_none_15c7d1789365a290\COMCTL32.dll
0x00007ffb7fa60000 - 0x00007ffb7fd68000 	C:\WINDOWS\System32\combase.dll
0x00007ffb7f210000 - 0x00007ffb7f282000 	C:\WINDOWS\System32\bcryptPrimitives.dll
0x00007ffb81a20000 - 0x00007ffb81a4d000 	C:\WINDOWS\System32\IMM32.DLL
0x000000005df10000 - 0x000000005dfe2000 	C:\Program Files\Java\jdk1.8.0_152\jre\bin\msvcr100.dll
0x000000005d670000 - 0x000000005df10000 	C:\Program Files\Java\jdk1.8.0_152\jre\bin\server\jvm.dll
0x00007ffb81900000 - 0x00007ffb81908000 	C:\WINDOWS\System32\PSAPI.DLL
0x00007ffb703d0000 - 0x00007ffb703da000 	C:\WINDOWS\SYSTEM32\VERSION.dll
0x00007ffb7c480000 - 0x00007ffb7c4a3000 	C:\WINDOWS\SYSTEM32\WINMM.dll
0x00007ffb63ea0000 - 0x00007ffb63ea9000 	C:\WINDOWS\SYSTEM32\WSOCK32.dll
0x00007ffb7fe80000 - 0x00007ffb7feec000 	C:\WINDOWS\System32\WS2_32.dll
0x00007ffb7c3e0000 - 0x00007ffb7c40a000 	C:\WINDOWS\SYSTEM32\WINMMBASE.dll
0x00007ffb7ef50000 - 0x00007ffb7ef9a000 	C:\WINDOWS\System32\cfgmgr32.dll
0x000000005e2c0000 - 0x000000005e2cf000 	C:\Program Files\Java\jdk1.8.0_152\jre\bin\verify.dll
0x000000005e290000 - 0x000000005e2b9000 	C:\Program Files\Java\jdk1.8.0_152\jre\bin\java.dll
0x000000005d650000 - 0x000000005d666000 	C:\Program Files\Java\jdk1.8.0_152\jre\bin\zip.dll
0x00007ffb80450000 - 0x00007ffb81886000 	C:\WINDOWS\System32\SHELL32.dll
0x00007ffb7fdd0000 - 0x00007ffb7fe76000 	C:\WINDOWS\System32\shcore.dll
0x00007ffb7e800000 - 0x00007ffb7ef47000 	C:\WINDOWS\System32\windows.storage.dll
0x00007ffb81bb0000 - 0x00007ffb81c01000 	C:\WINDOWS\System32\shlwapi.dll
0x00007ffb7e370000 - 0x00007ffb7e381000 	C:\WINDOWS\System32\kernel.appcore.dll
0x00007ffb7e300000 - 0x00007ffb7e34c000 	C:\WINDOWS\System32\powrprof.dll
0x00007ffb7e2e0000 - 0x00007ffb7e2fb000 	C:\WINDOWS\System32\profapi.dll

VM Arguments:
java_command: C:\Program Files (x86)\Android\android-sdk\build-tools\25.0.3\\lib\dx.jar --dex --no-strict --output obj\Debug\android\bin C:\Users\Mark\source\repos\VTBoard\VTBoard\VTBoard\VTBoard.Android\obj\Debug\android\bin\classes\classes.zip C:\Program Files (x86)\Microsoft Visual Studio\2017\Enterprise\Common7\IDE\ReferenceAssemblies\Microsoft\Framework\MonoAndroid\v8.0\mono.android.jar obj\Debug\lp\0\jl\formsviewgroup.jar C:\Users\Mark\AppData\Local\Xamarin\Xamarin.Android.Support.Animated.Vector.Drawable\23.3.0.0\embedded\classes.jar C:\Users\Mark\AppData\Local\Xamarin\Xamarin.Android.Support.Design\23.3.0.0\embedded\classes.jar C:\Users\Mark\AppData\Local\Xamarin\Xamarin.Android.Support.v4\23.3.0.0\embedded\classes.jar C:\Users\Mark\AppData\Local\Xamarin\Xamarin.Android.Support.v4\23.3.0.0\embedded\libs\internal_impl-23.3.0.jar C:\Users\Mark\AppData\Local\Xamarin\Xamarin.Android.Support.v7.AppCompat\23.3.0.0\embedded\classes.jar C:\Users\Mark\AppData\Local\Xamarin\Xamarin.Android.Support.v7.CardView\23.3.0.0\embedded\classes.jar C:\Users\Mark\AppData\Local\Xamarin\Xamarin.Android.Support.v7.MediaRouter\23.3.0.0\embedded\classes.jar C:\Users\Mark\AppData\Local\Xamarin\Xamarin.Android.Support.v7.MediaRouter\23.3.0.0\embedded\libs\internal_impl-23.3.0.jar C:\Users\Mark\AppData\Local\Xamarin\Xamarin.Android.Support.v7.RecyclerView\23.3.0.0\embedded\classes.jar C:\Users\Mark\AppData\Local\Xamarin\Xamarin.Android.Support.Vector.Drawable\23.3.0.0\embedded\classes.jar
java_class_path (initial): C:\Program Files (x86)\Android\android-sdk\build-tools\25.0.3\\lib\dx.jar
Launcher Type: SUN_STANDARD

Environment Variables:
PATH=C:\Program Files (x86)\Microsoft Visual Studio\2017\Enterprise\Common7\IDE\CommonExtensions\Microsoft\TeamFoundation\Team Explorer\NativeBinaries\x86;C:\Program Files (x86)\Microsoft Visual Studio\2017\Enterprise\Common7\IDE\Extensions\GitHub\GitHub\lib\win32\x86;C:\Python27\;C:\Python27\Scripts;C:\Program Files\Java\jdk1.8.0_25\bin;C:\ProgramData\Oracle\Java\javapath;C:\Program Files (x86)\Intel\iCLS Client\;C:\Program Files\Intel\iCLS Client\;C:\WINDOWS\system32;C:\WINDOWS;C:\WINDOWS\System32\Wbem;C:\WINDOWS\System32\WindowsPowerShell\v1.0\;C:\Program Files\Intel\Intel(R) Management Engine Components\DAL;C:\Program Files\Intel\Intel(R) Management Engine Components\IPT;C:\Program Files (x86)\Intel\Intel(R) Management Engine Components\DAL;C:\Program Files (x86)\Intel\Intel(R) Management Engine Components\IPT;C:\ProgramData\Lenovo\ReadyApps;C:\Program Files\ASUS\Bluetooth Software\;C:\Program Files\ASUS\Bluetooth Software\syswow64;C:\Program Files (x86)\Windows Live\Shared;C:\Program Files\Intel\WiFi\bin\;C:\Program Files\Common Files\Intel\WirelessCommon\;C:\Program Files (x86)\GNU\GnuPG\pub;C:\Program Files (x86)\Skype\Phone\;c:\Program Files (x86)\Microsoft SQL Server\110\Tools\Binn\;c:\Program Files (x86)\Microsoft SQL Server\110\DTS\Binn\;c:\Program Files (x86)\Microsoft SQL Server\110\Tools\Binn\ManagementStudio\;C:\Program Files (x86)\Windows Kits\8.1\Windows Performance Toolkit\;C:\Program Files\dotnet\;C:\Program Files\Microsoft SQL Server\130\Tools\Binn\;C:\Program Files\Git\cmd;C:\Program Files\Intel\WiFi\bin\;C:\Program Files\Common Files\Intel\WirelessCommon\;C:\Users\Mark\AppData\Local\Microsoft\WindowsApps;C:\Users\Mark\AppData\Local\Microsoft\WindowsApps;C:\Users\Mark\AppData\Local\GitHubDesktop\bin
USERNAME=Mark
OS=Windows_NT
PROCESSOR_IDENTIFIER=Intel64 Family 6 Model 69 Stepping 1, GenuineIntel



---------------  S Y S T E M  ---------------

OS: Windows 10.0 , 64 bit Build 16299 (10.0.16299.15)

CPU:total 4 (initial active 4) (2 cores per cpu, 2 threads per core) family 6 model 69 stepping 1, cmov, cx8, fxsr, mmx, sse, sse2, sse3, ssse3, sse4.1, sse4.2, popcnt, avx, avx2, aes, clmul, erms, lzcnt, ht, tsc, tscinvbit, bmi1, bmi2

Memory: 4k page, physical 4082084k(505052k free), swap 4082084k(6968k free)

vm_info: Java HotSpot(TM) 64-Bit Server VM (25.152-b16) for windows-amd64 JRE (1.8.0_152-b16), built on Sep 14 2017 02:29:36 by "java_re" with MS VC++ 10.0 (VS2010)

time: Thu Apr 19 16:27:58 2018
elapsed time: 7 seconds (0d 0h 0m 7s)

