#
# There is insufficient memory for the Java Runtime Environment to continue.
# Native memory allocation (malloc) failed to allocate 32784 bytes for Chunk::new
# Possible reasons:
#   The system is out of physical RAM or swap space
#   In 32 bit mode, the process size limit was hit
# Possible solutions:
#   Reduce memory load on the system
#   Increase physical memory or swap space
#   Check if swap backing store is full
#   Use 64 bit Java on a 64 bit OS
#   Decrease Java heap size (-Xmx/-Xms)
#   Decrease number of Java threads
#   Decrease Java thread stack sizes (-Xss)
#   Set larger code cache with -XX:ReservedCodeCacheSize=
# This output file may be truncated or incomplete.
#
#  Out of Memory Error (allocation.cpp:390), pid=10928, tid=0x0000000000001818
#
# JRE version: Java(TM) SE Runtime Environment (8.0_152-b16) (build 1.8.0_152-b16)
# Java VM: Java HotSpot(TM) 64-Bit Server VM (25.152-b16 mixed mode windows-amd64 compressed oops)
# Failed to write core dump. Minidumps are not enabled by default on client versions of Windows
#

---------------  T H R E A D  ---------------

Current thread (0x00000000173f3000):  JavaThread "C2 CompilerThread0" daemon [_thread_in_native, id=6168, stack(0x0000000018a30000,0x0000000018b30000)]

Stack: [0x0000000018a30000,0x0000000018b30000]
[error occurred during error reporting (printing stack bounds), id 0xc0000005]

Native frames: (J=compiled Java code, j=interpreted, Vv=VM code, C=native code)


Current CompileTask:
C2:    524  428 % !   4       com.sun.tools.javac.parser.JavaTokenizer$BasicComment::scanDocComment @ 387 (527 bytes)


---------------  P R O C E S S  ---------------

Java Threads: ( => current thread )
  0x0000000018d5b000 JavaThread "Service Thread" daemon [_thread_blocked, id=1504, stack(0x0000000019130000,0x0000000019230000)]
  0x00000000173ff000 JavaThread "C1 CompilerThread2" daemon [_thread_in_native, id=1716, stack(0x0000000018c30000,0x0000000018d30000)]
  0x00000000173f6800 JavaThread "C2 CompilerThread1" daemon [_thread_in_native, id=1532, stack(0x0000000018b30000,0x0000000018c30000)]
=>0x00000000173f3000 JavaThread "C2 CompilerThread0" daemon [_thread_in_native, id=6168, stack(0x0000000018a30000,0x0000000018b30000)]
  0x00000000173f1000 JavaThread "Attach Listener" daemon [_thread_blocked, id=12452, stack(0x0000000018930000,0x0000000018a30000)]
  0x00000000173ed800 JavaThread "Signal Dispatcher" daemon [_thread_blocked, id=880, stack(0x0000000018830000,0x0000000018930000)]
  0x0000000004d89000 JavaThread "Finalizer" daemon [_thread_blocked, id=1904, stack(0x0000000018640000,0x0000000018740000)]
  0x0000000004d83000 JavaThread "Reference Handler" daemon [_thread_blocked, id=6176, stack(0x0000000018540000,0x0000000018640000)]
  0x0000000004c93800 JavaThread "main" [_thread_in_vm, id=10152, stack(0x0000000004b30000,0x0000000004c30000)]

Other Threads:
  0x00000000173b7800 VMThread [stack: 0x0000000018440000,0x0000000018540000] [id=1896]
  0x0000000018d5b800 WatcherThread [stack: 0x0000000019230000,0x0000000019330000] [id=4740]

VM state:not at safepoint (normal execution)

VM Mutex/Monitor currently owned by a thread:  ([mutex/lock_event])
[0x0000000004c92be0] MethodData_lock - owner thread: 0x0000000004c93800

Heap:
 PSYoungGen      total 6656K, used 5581K [0x00000000eb380000, 0x00000000eba80000, 0x0000000100000000)
  eden space 6144K, 82% used [0x00000000eb380000,0x00000000eb8777e8,0x00000000eb980000)
  from space 512K, 96% used [0x00000000eba00000,0x00000000eba7c010,0x00000000eba80000)
  to   space 512K, 0% used [0x00000000eb980000,0x00000000eb980000,0x00000000eba00000)
 ParOldGen       total 5632K, used 784K [0x00000000c1a00000, 0x00000000c1f80000, 0x00000000eb380000)
  object space 5632K, 13% used [0x00000000c1a00000,0x00000000c1ac4050,0x00000000c1f80000)
 Metaspace       used 7263K, capacity 8148K, committed 8448K, reserved 1056768K
  class space    used 880K, capacity 912K, committed 1024K, reserved 1048576K

Card table byte_map: [0x00000000141d0000,0x00000000143d0000] byte_map_base: 0x0000000013bc3000

Marking Bits: (ParMarkBitMap*) 0x0000000051a50860
 Begin Bits: [0x0000000014920000, 0x00000000158b8000)
 End Bits:   [0x00000000158b8000, 0x0000000016850000)

Polling page: 0x00000000009f0000

CodeCache: size=245760Kb used=2233Kb max_used=2233Kb free=243526Kb
 bounds [0x0000000004e10000, 0x0000000005080000, 0x0000000013e10000]
 total_blobs=706 nmethods=422 adapters=197
 compilation: enabled

Compilation events (10 events):
Event: 0.515 Thread 0x00000000173ff000 nmethod 422 0x000000000503d950 code [0x000000000503dbc0, 0x000000000503e848]
Event: 0.515 Thread 0x00000000173ff000  423       3       com.sun.tools.javac.parser.JavacParser::term (30 bytes)
Event: 0.515 Thread 0x00000000173ff000 nmethod 423 0x000000000503ef10 code [0x000000000503f080, 0x000000000503f228]
Event: 0.515 Thread 0x00000000173ff000  424       3       com.sun.tools.javac.parser.JavacParser::term (67 bytes)
Event: 0.516 Thread 0x00000000173ff000 nmethod 424 0x000000000503f2d0 code [0x000000000503f480, 0x000000000503f918]
Event: 0.516 Thread 0x00000000173ff000  425       3       com.sun.tools.javac.parser.JavacParser::term1 (40 bytes)
Event: 0.516 Thread 0x00000000173ff000 nmethod 425 0x000000000503fa90 code [0x000000000503fc00, 0x000000000503fe78]
Event: 0.516 Thread 0x00000000173ff000  426       3       com.sun.tools.javac.parser.JavacParser::term2 (42 bytes)
Event: 0.516 Thread 0x00000000173ff000 nmethod 426 0x000000000503ff50 code [0x0000000005040100, 0x0000000005040498]
Event: 0.516 Thread 0x00000000173ff000  427       3       com.sun.tools.javac.parser.JavacParser::term3 (2502 bytes)

GC Heap History (8 events):
Event: 0.168 GC heap before
{Heap before GC invocations=1 (full 0):
 PSYoungGen      total 2048K, used 1536K [0x00000000eb380000, 0x00000000eb600000, 0x0000000100000000)
  eden space 1536K, 100% used [0x00000000eb380000,0x00000000eb500000,0x00000000eb500000)
  from space 512K, 0% used [0x00000000eb580000,0x00000000eb580000,0x00000000eb600000)
  to   space 512K, 0% used [0x00000000eb500000,0x00000000eb500000,0x00000000eb580000)
 ParOldGen       total 5632K, used 0K [0x00000000c1a00000, 0x00000000c1f80000, 0x00000000eb380000)
  object space 5632K, 0% used [0x00000000c1a00000,0x00000000c1a00000,0x00000000c1f80000)
 Metaspace       used 3390K, capacity 4812K, committed 5120K, reserved 1056768K
  class space    used 391K, capacity 456K, committed 512K, reserved 1048576K
Event: 0.170 GC heap after
Heap after GC invocations=1 (full 0):
 PSYoungGen      total 2048K, used 480K [0x00000000eb380000, 0x00000000eb780000, 0x0000000100000000)
  eden space 1536K, 0% used [0x00000000eb380000,0x00000000eb380000,0x00000000eb500000)
  from space 512K, 93% used [0x00000000eb500000,0x00000000eb578020,0x00000000eb580000)
  to   space 512K, 0% used [0x00000000eb700000,0x00000000eb700000,0x00000000eb780000)
 ParOldGen       total 5632K, used 64K [0x00000000c1a00000, 0x00000000c1f80000, 0x00000000eb380000)
  object space 5632K, 1% used [0x00000000c1a00000,0x00000000c1a10000,0x00000000c1f80000)
 Metaspace       used 3390K, capacity 4812K, committed 5120K, reserved 1056768K
  class space    used 391K, capacity 456K, committed 512K, reserved 1048576K
}
Event: 0.229 GC heap before
{Heap before GC invocations=2 (full 0):
 PSYoungGen      total 2048K, used 2016K [0x00000000eb380000, 0x00000000eb780000, 0x0000000100000000)
  eden space 1536K, 100% used [0x00000000eb380000,0x00000000eb500000,0x00000000eb500000)
  from space 512K, 93% used [0x00000000eb500000,0x00000000eb578020,0x00000000eb580000)
  to   space 512K, 0% used [0x00000000eb700000,0x00000000eb700000,0x00000000eb780000)
 ParOldGen       total 5632K, used 64K [0x00000000c1a00000, 0x00000000c1f80000, 0x00000000eb380000)
  object space 5632K, 1% used [0x00000000c1a00000,0x00000000c1a10000,0x00000000c1f80000)
 Metaspace       used 4007K, capacity 5228K, committed 5376K, reserved 1056768K
  class space    used 471K, capacity 488K, committed 512K, reserved 1048576K
Event: 0.231 GC heap after
Heap after GC invocations=2 (full 0):
 PSYoungGen      total 3584K, used 512K [0x00000000eb380000, 0x00000000eb780000, 0x0000000100000000)
  eden space 3072K, 0% used [0x00000000eb380000,0x00000000eb380000,0x00000000eb680000)
  from space 512K, 100% used [0x00000000eb700000,0x00000000eb780000,0x00000000eb780000)
  to   space 512K, 0% used [0x00000000eb680000,0x00000000eb680000,0x00000000eb700000)
 ParOldGen       total 5632K, used 152K [0x00000000c1a00000, 0x00000000c1f80000, 0x00000000eb380000)
  object space 5632K, 2% used [0x00000000c1a00000,0x00000000c1a26000,0x00000000c1f80000)
 Metaspace       used 4007K, capacity 5228K, committed 5376K, reserved 1056768K
  class space    used 471K, capacity 488K, committed 512K, reserved 1048576K
}
Event: 0.322 GC heap before
{Heap before GC invocations=3 (full 0):
 PSYoungGen      total 3584K, used 3584K [0x00000000eb380000, 0x00000000eb780000, 0x0000000100000000)
  eden space 3072K, 100% used [0x00000000eb380000,0x00000000eb680000,0x00000000eb680000)
  from space 512K, 100% used [0x00000000eb700000,0x00000000eb780000,0x00000000eb780000)
  to   space 512K, 0% used [0x00000000eb680000,0x00000000eb680000,0x00000000eb700000)
 ParOldGen       total 5632K, used 152K [0x00000000c1a00000, 0x00000000c1f80000, 0x00000000eb380000)
  object space 5632K, 2% used [0x00000000c1a00000,0x00000000c1a26000,0x00000000c1f80000)
 Metaspace       used 5017K, capacity 6156K, committed 6400K, reserved 1056768K
  class space    used 615K, capacity 648K, committed 768K, reserved 1048576K
Event: 0.323 GC heap after
Heap after GC invocations=3 (full 0):
 PSYoungGen      total 3584K, used 512K [0x00000000eb380000, 0x00000000eba80000, 0x0000000100000000)
  eden space 3072K, 0% used [0x00000000eb380000,0x00000000eb380000,0x00000000eb680000)
  from space 512K, 100% used [0x00000000eb680000,0x00000000eb700000,0x00000000eb700000)
  to   space 512K, 0% used [0x00000000eba00000,0x00000000eba00000,0x00000000eba80000)
 ParOldGen       total 5632K, used 652K [0x00000000c1a00000, 0x00000000c1f80000, 0x00000000eb380000)
  object space 5632K, 11% used [0x00000000c1a00000,0x00000000c1aa3030,0x00000000c1f80000)
 Metaspace       used 5017K, capacity 6156K, committed 6400K, reserved 1056768K
  class space    used 615K, capacity 648K, committed 768K, reserved 1048576K
}
Event: 0.398 GC heap before
{Heap before GC invocations=4 (full 0):
 PSYoungGen      total 3584K, used 3574K [0x00000000eb380000, 0x00000000eba80000, 0x0000000100000000)
  eden space 3072K, 99% used [0x00000000eb380000,0x00000000eb67dbb8,0x00000000eb680000)
  from space 512K, 100% used [0x00000000eb680000,0x00000000eb700000,0x00000000eb700000)
  to   space 512K, 0% used [0x00000000eba00000,0x00000000eba00000,0x00000000eba80000)
 ParOldGen       total 5632K, used 652K [0x00000000c1a00000, 0x00000000c1f80000, 0x00000000eb380000)
  object space 5632K, 11% used [0x00000000c1a00000,0x00000000c1aa3030,0x00000000c1f80000)
 Metaspace       used 6093K, capacity 7180K, committed 7552K, reserved 1056768K
  class space    used 764K, capacity 776K, committed 896K, reserved 1048576K
Event: 0.399 GC heap after
Heap after GC invocations=4 (full 0):
 PSYoungGen      total 6656K, used 496K [0x00000000eb380000, 0x00000000eba80000, 0x0000000100000000)
  eden space 6144K, 0% used [0x00000000eb380000,0x00000000eb380000,0x00000000eb980000)
  from space 512K, 96% used [0x00000000eba00000,0x00000000eba7c010,0x00000000eba80000)
  to   space 512K, 0% used [0x00000000eb980000,0x00000000eb980000,0x00000000eba00000)
 ParOldGen       total 5632K, used 784K [0x00000000c1a00000, 0x00000000c1f80000, 0x00000000eb380000)
  object space 5632K, 13% used [0x00000000c1a00000,0x00000000c1ac4050,0x00000000c1f80000)
 Metaspace       used 6093K, capacity 7180K, committed 7552K, reserved 1056768K
  class space    used 764K, capacity 776K, committed 896K, reserved 1048576K
}

Deoptimization events (3 events):
Event: 0.458 Thread 0x0000000004c93800 Uncommon trap: reason=unstable_if action=reinterpret pc=0x0000000004f98fec method=java.lang.String.replace(CC)Ljava/lang/String; @ 26
Event: 0.492 Thread 0x0000000004c93800 Uncommon trap: reason=unstable_if action=reinterpret pc=0x0000000005012054 method=com.sun.tools.javac.parser.UnicodeReader.scanChar()V @ 37
Event: 0.492 Thread 0x0000000004c93800 Uncommon trap: reason=unstable_if action=reinterpret pc=0x00000000050138c8 method=com.sun.tools.javac.parser.UnicodeReader.scanChar()V @ 37

Classes redefined (0 events):
No events

Internal exceptions (8 events):
Event: 0.030 Thread 0x0000000004c93800 Exception <a 'java/lang/NoSuchMethodError': Method sun.misc.Unsafe.defineClass(Ljava/lang/String;[BII)Ljava/lang/Class; name or signature does not match> (0x00000000eb387cd8) thrown at [C:\re\workspace\8-2-build-windows-amd64-cygwin\jdk8u152\9742\hotspot\
Event: 0.030 Thread 0x0000000004c93800 Exception <a 'java/lang/NoSuchMethodError': Method sun.misc.Unsafe.prefetchRead(Ljava/lang/Object;J)V name or signature does not match> (0x00000000eb387fc0) thrown at [C:\re\workspace\8-2-build-windows-amd64-cygwin\jdk8u152\9742\hotspot\src\share\vm\prims
Event: 0.174 Thread 0x0000000004c93800 Exception <a 'java/security/PrivilegedActionException'> (0x00000000eb391af8) thrown at [C:\re\workspace\8-2-build-windows-amd64-cygwin\jdk8u152\9742\hotspot\src\share\vm\prims\jvm.cpp, line 1390]
Event: 0.174 Thread 0x0000000004c93800 Exception <a 'java/security/PrivilegedActionException'> (0x00000000eb391ef0) thrown at [C:\re\workspace\8-2-build-windows-amd64-cygwin\jdk8u152\9742\hotspot\src\share\vm\prims\jvm.cpp, line 1390]
Event: 0.175 Thread 0x0000000004c93800 Exception <a 'java/security/PrivilegedActionException'> (0x00000000eb395ff8) thrown at [C:\re\workspace\8-2-build-windows-amd64-cygwin\jdk8u152\9742\hotspot\src\share\vm\prims\jvm.cpp, line 1390]
Event: 0.175 Thread 0x0000000004c93800 Exception <a 'java/security/PrivilegedActionException'> (0x00000000eb3963f0) thrown at [C:\re\workspace\8-2-build-windows-amd64-cygwin\jdk8u152\9742\hotspot\src\share\vm\prims\jvm.cpp, line 1390]
Event: 0.179 Thread 0x0000000004c93800 Exception <a 'java/security/PrivilegedActionException'> (0x00000000eb3cbc18) thrown at [C:\re\workspace\8-2-build-windows-amd64-cygwin\jdk8u152\9742\hotspot\src\share\vm\prims\jvm.cpp, line 1390]
Event: 0.179 Thread 0x0000000004c93800 Exception <a 'java/security/PrivilegedActionException'> (0x00000000eb3cc010) thrown at [C:\re\workspace\8-2-build-windows-amd64-cygwin\jdk8u152\9742\hotspot\src\share\vm\prims\jvm.cpp, line 1390]

Events (10 events):
Event: 0.485 loading class com/sun/tools/javac/parser/JavacParser$2
Event: 0.485 loading class com/sun/tools/javac/parser/JavacParser$2 done
Event: 0.487 loading class com/sun/tools/javac/parser/JavacParser$ParensResult
Event: 0.487 loading class com/sun/tools/javac/parser/JavacParser$ParensResult done
Event: 0.492 Thread 0x0000000004c93800 Uncommon trap: trap_request=0xffffff65 fr.pc=0x0000000005012054
Event: 0.492 Thread 0x0000000004c93800 DEOPT PACKING pc=0x0000000005012054 sp=0x0000000004c2e6d0
Event: 0.492 Thread 0x0000000004c93800 DEOPT UNPACKING pc=0x0000000004e5582a sp=0x0000000004c2e628 mode 2
Event: 0.492 Thread 0x0000000004c93800 Uncommon trap: trap_request=0xffffff65 fr.pc=0x00000000050138c8
Event: 0.492 Thread 0x0000000004c93800 DEOPT PACKING pc=0x00000000050138c8 sp=0x0000000004c2e680
Event: 0.492 Thread 0x0000000004c93800 DEOPT UNPACKING pc=0x0000000004e5582a sp=0x0000000004c2e630 mode 2


Dynamic libraries:
0x00007ff771d50000 - 0x00007ff771d57000 	C:\Program Files\Java\jdk1.8.0_152\bin\javac.exe
0x00007ff9bc0e0000 - 0x00007ff9bc2c0000 	C:\WINDOWS\SYSTEM32\ntdll.dll
0x00007ff9ba2b0000 - 0x00007ff9ba35e000 	C:\WINDOWS\System32\KERNEL32.DLL
0x00007ff9b8ed0000 - 0x00007ff9b9136000 	C:\WINDOWS\System32\KERNELBASE.dll
0x0000000051ef0000 - 0x0000000051f1f000 	C:\Program Files\Java\jdk1.8.0_152\bin\jli.dll
0x0000000050d20000 - 0x0000000050df2000 	C:\Program Files\Java\jdk1.8.0_152\bin\MSVCR100.dll
0x00007ff9b9a80000 - 0x00007ff9b9b21000 	C:\WINDOWS\System32\ADVAPI32.dll
0x00007ff9b9760000 - 0x00007ff9b97fd000 	C:\WINDOWS\System32\msvcrt.dll
0x00007ff9bbfd0000 - 0x00007ff9bc02b000 	C:\WINDOWS\System32\sechost.dll
0x00007ff9ba190000 - 0x00007ff9ba2af000 	C:\WINDOWS\System32\RPCRT4.dll
0x00007ff9b9800000 - 0x00007ff9b998f000 	C:\WINDOWS\System32\USER32.dll
0x00007ff9b84e0000 - 0x00007ff9b8500000 	C:\WINDOWS\System32\win32u.dll
0x00007ff9a6770000 - 0x00007ff9a69d9000 	C:\WINDOWS\WinSxS\amd64_microsoft.windows.common-controls_6595b64144ccf1df_6.0.16299.248_none_15ced204935f55d7\COMCTL32.dll
0x00007ff9ba120000 - 0x00007ff9ba148000 	C:\WINDOWS\System32\GDI32.dll
0x00007ff9ba7b0000 - 0x00007ff9baab8000 	C:\WINDOWS\System32\combase.dll
0x00007ff9b9140000 - 0x00007ff9b92d3000 	C:\WINDOWS\System32\gdi32full.dll
0x00007ff9b8d30000 - 0x00007ff9b8e26000 	C:\WINDOWS\System32\ucrtbase.dll
0x00007ff9b8e30000 - 0x00007ff9b8ecb000 	C:\WINDOWS\System32\msvcp_win.dll
0x00007ff9b8500000 - 0x00007ff9b8572000 	C:\WINDOWS\System32\bcryptPrimitives.dll
0x00007ff9ba150000 - 0x00007ff9ba17d000 	C:\WINDOWS\System32\IMM32.DLL
0x0000000052200000 - 0x00000000522d2000 	C:\Program Files\Java\jdk1.8.0_152\jre\bin\msvcr100.dll
0x0000000051230000 - 0x0000000051ad0000 	C:\Program Files\Java\jdk1.8.0_152\jre\bin\server\jvm.dll
0x00007ff9b9a70000 - 0x00007ff9b9a78000 	C:\WINDOWS\System32\PSAPI.DLL
0x00007ff9a35b0000 - 0x00007ff9a35b9000 	C:\WINDOWS\SYSTEM32\WSOCK32.dll
0x00007ff9aa930000 - 0x00007ff9aa93a000 	C:\WINDOWS\SYSTEM32\VERSION.dll
0x00007ff9b61d0000 - 0x00007ff9b61f3000 	C:\WINDOWS\SYSTEM32\WINMM.dll
0x00007ff9b9990000 - 0x00007ff9b99fc000 	C:\WINDOWS\System32\WS2_32.dll
0x00007ff9b6090000 - 0x00007ff9b60ba000 	C:\WINDOWS\SYSTEM32\WINMMBASE.dll
0x00007ff9b9560000 - 0x00007ff9b95aa000 	C:\WINDOWS\System32\cfgmgr32.dll
0x00000000521f0000 - 0x00000000521ff000 	C:\Program Files\Java\jdk1.8.0_152\jre\bin\verify.dll
0x00000000521c0000 - 0x00000000521e9000 	C:\Program Files\Java\jdk1.8.0_152\jre\bin\java.dll
0x00000000521a0000 - 0x00000000521b6000 	C:\Program Files\Java\jdk1.8.0_152\jre\bin\zip.dll
0x00007ff9bab90000 - 0x00007ff9bbfc6000 	C:\WINDOWS\System32\SHELL32.dll
0x00007ff9b9ce0000 - 0x00007ff9b9d86000 	C:\WINDOWS\System32\shcore.dll
0x00007ff9b85e0000 - 0x00007ff9b8d27000 	C:\WINDOWS\System32\windows.storage.dll
0x00007ff9b9d90000 - 0x00007ff9b9de1000 	C:\WINDOWS\System32\shlwapi.dll
0x00007ff9b84c0000 - 0x00007ff9b84d1000 	C:\WINDOWS\System32\kernel.appcore.dll
0x00007ff9b8450000 - 0x00007ff9b849c000 	C:\WINDOWS\System32\powrprof.dll
0x00007ff9b8430000 - 0x00007ff9b844b000 	C:\WINDOWS\System32\profapi.dll

VM Arguments:
jvm_args: -Dapplication.home=C:\Program Files\Java\jdk1.8.0_152 -Xms8m -Dfile.encoding=UTF8 
java_command: com.sun.tools.javac.Main -d obj\Debug\android\bin\classes -classpath C:\Program Files (x86)\Microsoft Visual Studio\2017\Enterprise\Common7\IDE\ReferenceAssemblies\Microsoft\Framework\MonoAndroid\v8.0\mono.android.jar;obj\Debug\lp\0\jl\formsviewgroup.jar;C:\Users\Mark\AppData\Local\Xamarin\Xamarin.Android.Support.Animated.Vector.Drawable\23.3.0.0\embedded\classes.jar;C:\Users\Mark\AppData\Local\Xamarin\Xamarin.Android.Support.Design\23.3.0.0\embedded\classes.jar;C:\Users\Mark\AppData\Local\Xamarin\Xamarin.Android.Support.v4\23.3.0.0\embedded\classes.jar;C:\Users\Mark\AppData\Local\Xamarin\Xamarin.Android.Support.v4\23.3.0.0\embedded\libs\internal_impl-23.3.0.jar;C:\Users\Mark\AppData\Local\Xamarin\Xamarin.Android.Support.v7.AppCompat\23.3.0.0\embedded\classes.jar;C:\Users\Mark\AppData\Local\Xamarin\Xamarin.Android.Support.v7.CardView\23.3.0.0\embedded\classes.jar;C:\Users\Mark\AppData\Local\Xamarin\Xamarin.Android.Support.v7.MediaRouter\23.3.0.0\embedded\classes.jar;C:\Users\Mark\AppData\Local\Xamarin\Xamarin.Android.Support.v7.MediaRouter\23.3.0.0\embedded\libs\internal_impl-23.3.0.jar;C:\Users\Mark\AppData\Local\Xamarin\Xamarin.Android.Support.v7.RecyclerView\23.3.0.0\embedded\classes.jar;C:\Users\Mark\AppData\Local\Xamarin\Xamarin.Android.Support.Vector.Drawable\23.3.0.0\embedded\classes.jar -bootclasspath C:\Program Files (x86)\Android\android-sdk\platforms\android-26\android.jar -encoding UTF-8 @C:\Users\Mark\AppData\Local\Temp\tmpEB4C.tmp
java_class_path (initial): C:\Program Files\Java\jdk1.8.0_152/lib/tools.jar;C:\Program Files\Java\jdk1.8.0_152/classes
Launcher Type: SUN_STANDARD

Environment Variables:
PATH=C:\Program Files (x86)\Microsoft Visual Studio\2017\Enterprise\Common7\IDE\Extensions\GitHub\GitHub\lib\win32\x86;C:\Python27\;C:\Python27\Scripts;C:\Program Files\Java\jdk1.8.0_25\bin;C:\ProgramData\Oracle\Java\javapath;C:\Program Files (x86)\Intel\iCLS Client\;C:\Program Files\Intel\iCLS Client\;C:\WINDOWS\system32;C:\WINDOWS;C:\WINDOWS\System32\Wbem;C:\WINDOWS\System32\WindowsPowerShell\v1.0\;C:\Program Files\Intel\Intel(R) Management Engine Components\DAL;C:\Program Files\Intel\Intel(R) Management Engine Components\IPT;C:\Program Files (x86)\Intel\Intel(R) Management Engine Components\DAL;C:\Program Files (x86)\Intel\Intel(R) Management Engine Components\IPT;C:\ProgramData\Lenovo\ReadyApps;C:\Program Files\ASUS\Bluetooth Software\;C:\Program Files\ASUS\Bluetooth Software\syswow64;C:\Program Files (x86)\Windows Live\Shared;C:\Program Files\Intel\WiFi\bin\;C:\Program Files\Common Files\Intel\WirelessCommon\;C:\Program Files (x86)\GNU\GnuPG\pub;C:\Program Files (x86)\Skype\Phone\;c:\Program Files (x86)\Microsoft SQL Server\110\Tools\Binn\;c:\Program Files (x86)\Microsoft SQL Server\110\DTS\Binn\;c:\Program Files (x86)\Microsoft SQL Server\110\Tools\Binn\ManagementStudio\;C:\Program Files (x86)\Windows Kits\8.1\Windows Performance Toolkit\;C:\Program Files\dotnet\;C:\Program Files\Microsoft SQL Server\130\Tools\Binn\;C:\Program Files\Git\cmd;C:\Program Files\Intel\WiFi\bin\;C:\Program Files\Common Files\Intel\WirelessCommon\;C:\Users\Mark\AppData\Local\Microsoft\WindowsApps;%USERPROFILE%\AppData\Local\Microsoft\WindowsApps;
USERNAME=Mark
OS=Windows_NT
PROCESSOR_IDENTIFIER=Intel64 Family 6 Model 69 Stepping 1, GenuineIntel



---------------  S Y S T E M  ---------------

OS: Windows 10.0 , 64 bit Build 16299 (10.0.16299.15)

CPU:total 4 (initial active 4) (2 cores per cpu, 2 threads per core) family 6 model 69 stepping 1, cmov, cx8, fxsr, mmx, sse, sse2, sse3, ssse3, sse4.1, sse4.2, popcnt, avx, avx2, aes, clmul, erms, lzcnt, ht, tsc, tscinvbit, bmi1, bmi2

Memory: 4k page, physical 4082084k(443988k free), swap 4082084k(3028k free)

vm_info: Java HotSpot(TM) 64-Bit Server VM (25.152-b16) for windows-amd64 JRE (1.8.0_152-b16), built on Sep 14 2017 02:29:36 by "java_re" with MS VC++ 10.0 (VS2010)

time: Mon Feb 19 16:35:41 2018
elapsed time: 0 seconds (0d 0h 0m 0s)

