#
# There is insufficient memory for the Java Runtime Environment to continue.
# Native memory allocation (malloc) failed to allocate 81616 bytes for Chunk::new
# Possible reasons:
#   The system is out of physical RAM or swap space
#   In 32 bit mode, the process size limit was hit
# Possible solutions:
#   Reduce memory load on the system
#   Increase physical memory or swap space
#   Check if swap backing store is full
#   Use 64 bit Java on a 64 bit OS
#   Decrease Java heap size (-Xmx/-Xms)
#   Decrease number of Java threads
#   Decrease Java thread stack sizes (-Xss)
#   Set larger code cache with -XX:ReservedCodeCacheSize=
# This output file may be truncated or incomplete.
#
#  Out of Memory Error (allocation.cpp:390), pid=3824, tid=0x00000000000020b8
#
# JRE version: Java(TM) SE Runtime Environment (8.0_152-b16) (build 1.8.0_152-b16)
# Java VM: Java HotSpot(TM) 64-Bit Server VM (25.152-b16 mixed mode windows-amd64 compressed oops)
# Failed to write core dump. Minidumps are not enabled by default on client versions of Windows
#

---------------  T H R E A D  ---------------

Current thread (0x00000000169c4800):  JavaThread "C2 CompilerThread0" daemon [_thread_in_native, id=8376, stack(0x0000000018010000,0x0000000018110000)]

Stack: [0x0000000018010000,0x0000000018110000]
[error occurred during error reporting (printing stack bounds), id 0xc0000005]

Native frames: (J=compiled Java code, j=interpreted, Vv=VM code, C=native code)


Current CompileTask:
C2:   3447 1872       4       com.sun.tools.javac.jvm.Items$ImmediateItem::load (344 bytes)


---------------  P R O C E S S  ---------------

Java Threads: ( => current thread )
  0x0000000018338800 JavaThread "Service Thread" daemon [_thread_blocked, id=7044, stack(0x0000000018710000,0x0000000018810000)]
  0x00000000169cb000 JavaThread "C1 CompilerThread2" daemon [_thread_in_vm, id=11120, stack(0x0000000018210000,0x0000000018310000)]
  0x00000000169c8000 JavaThread "C2 CompilerThread1" daemon [_thread_in_native, id=5644, stack(0x0000000018110000,0x0000000018210000)]
=>0x00000000169c4800 JavaThread "C2 CompilerThread0" daemon [_thread_in_native, id=8376, stack(0x0000000018010000,0x0000000018110000)]
  0x00000000169c2000 JavaThread "Attach Listener" daemon [_thread_blocked, id=7336, stack(0x0000000017f10000,0x0000000018010000)]
  0x00000000169c0800 JavaThread "Signal Dispatcher" daemon [_thread_blocked, id=10056, stack(0x0000000017e10000,0x0000000017f10000)]
  0x00000000169ae800 JavaThread "Finalizer" daemon [_thread_blocked, id=1880, stack(0x0000000017c20000,0x0000000017d20000)]
  0x0000000004343000 JavaThread "Reference Handler" daemon [_thread_blocked, id=6480, stack(0x0000000017b20000,0x0000000017c20000)]
  0x0000000004253800 JavaThread "main" [_thread_in_Java, id=11476, stack(0x0000000002980000,0x0000000002a80000)]

Other Threads:
  0x0000000016987800 VMThread [stack: 0x0000000017a20000,0x0000000017b20000] [id=6952]
  0x0000000018359800 WatcherThread [stack: 0x0000000018810000,0x0000000018910000] [id=12980]

VM state:not at safepoint (normal execution)

VM Mutex/Monitor currently owned by a thread: None

Heap:
 PSYoungGen      total 33792K, used 27009K [0x00000000eb380000, 0x00000000ee480000, 0x0000000100000000)
  eden space 22528K, 75% used [0x00000000eb380000,0x00000000ec4278a8,0x00000000ec980000)
  from space 11264K, 88% used [0x00000000ed600000,0x00000000edfb8ef8,0x00000000ee100000)
  to   space 12800K, 0% used [0x00000000ec980000,0x00000000ec980000,0x00000000ed600000)
 ParOldGen       total 27648K, used 20286K [0x00000000c1a00000, 0x00000000c3500000, 0x00000000eb380000)
  object space 27648K, 73% used [0x00000000c1a00000,0x00000000c2dcfa78,0x00000000c3500000)
 Metaspace       used 9078K, capacity 9748K, committed 10112K, reserved 1058816K
  class space    used 1002K, capacity 1040K, committed 1152K, reserved 1048576K

Card table byte_map: [0x00000000137a0000,0x00000000139a0000] byte_map_base: 0x0000000013193000

Marking Bits: (ParMarkBitMap*) 0x0000000051a50860
 Begin Bits: [0x0000000013ef0000, 0x0000000014e88000)
 End Bits:   [0x0000000014e88000, 0x0000000015e20000)

Polling page: 0x0000000004230000

CodeCache: size=245760Kb used=7776Kb max_used=7776Kb free=237983Kb
 bounds [0x00000000043e0000, 0x0000000004b80000, 0x00000000133e0000]
 total_blobs=2182 nmethods=1886 adapters=208
 compilation: enabled

Compilation events (10 events):
Event: 3.439 Thread 0x00000000169cb000 nmethod 1887 0x0000000004b79a10 code [0x0000000004b79da0, 0x0000000004b7bc48]
Event: 3.440 Thread 0x00000000169cb000 1888       3       com.sun.tools.javac.util.Bits::dup (43 bytes)
Event: 3.441 Thread 0x00000000169cb000 nmethod 1888 0x0000000004b63b10 code [0x0000000004b63ce0, 0x0000000004b64328]
Event: 3.441 Thread 0x00000000169cb000 1889       3       com.sun.tools.javac.util.Bits::dupBits (43 bytes)
Event: 3.441 Thread 0x00000000169cb000 nmethod 1889 0x0000000004b7c750 code [0x0000000004b7c8c0, 0x0000000004b7cba8]
Event: 3.442 Thread 0x00000000169cb000 1890       1       com.sun.tools.javac.tree.JCTree$JCExpressionStatement::getTag (4 bytes)
Event: 3.442 Thread 0x00000000169cb000 nmethod 1890 0x0000000004b7cc90 code [0x0000000004b7cde0, 0x0000000004b7cef0]
Event: 3.443 Thread 0x00000000169cb000 1891       3       com.sun.tools.javac.tree.TreeScanner::visitBlock (9 bytes)
Event: 3.443 Thread 0x00000000169cb000 nmethod 1891 0x0000000004b7cf50 code [0x0000000004b7d0e0, 0x0000000004b7d708]
Event: 3.443 Thread 0x00000000169cb000 1892       3       com.sun.tools.javac.code.Symbol$MethodSymbol::isOverridableIn (126 bytes)

GC Heap History (10 events):
Event: 1.128 GC heap before
{Heap before GC invocations=11 (full 2):
 PSYoungGen      total 27648K, used 4080K [0x00000000eb380000, 0x00000000ed680000, 0x0000000100000000)
  eden space 23552K, 0% used [0x00000000eb380000,0x00000000eb380000,0x00000000eca80000)
  from space 4096K, 99% used [0x00000000eca80000,0x00000000ece7c1e0,0x00000000ece80000)
  to   space 6144K, 0% used [0x00000000ed080000,0x00000000ed080000,0x00000000ed680000)
 ParOldGen       total 9728K, used 8226K [0x00000000c1a00000, 0x00000000c2380000, 0x00000000eb380000)
  object space 9728K, 84% used [0x00000000c1a00000,0x00000000c2208bf8,0x00000000c2380000)
 Metaspace       used 7355K, capacity 8244K, committed 8448K, reserved 1056768K
  class space    used 885K, capacity 944K, committed 1024K, reserved 1048576K
Event: 1.168 GC heap after
Heap after GC invocations=11 (full 2):
 PSYoungGen      total 27648K, used 2907K [0x00000000eb380000, 0x00000000ed680000, 0x0000000100000000)
  eden space 23552K, 0% used [0x00000000eb380000,0x00000000eb380000,0x00000000eca80000)
  from space 4096K, 70% used [0x00000000eca80000,0x00000000ecd56c78,0x00000000ece80000)
  to   space 6144K, 0% used [0x00000000ed080000,0x00000000ed080000,0x00000000ed680000)
 ParOldGen       total 17408K, used 9356K [0x00000000c1a00000, 0x00000000c2b00000, 0x00000000eb380000)
  object space 17408K, 53% used [0x00000000c1a00000,0x00000000c2323350,0x00000000c2b00000)
 Metaspace       used 7355K, capacity 8244K, committed 8448K, reserved 1056768K
  class space    used 885K, capacity 944K, committed 1024K, reserved 1048576K
}
Event: 1.790 GC heap before
{Heap before GC invocations=12 (full 2):
 PSYoungGen      total 27648K, used 26459K [0x00000000eb380000, 0x00000000ed680000, 0x0000000100000000)
  eden space 23552K, 100% used [0x00000000eb380000,0x00000000eca80000,0x00000000eca80000)
  from space 4096K, 70% used [0x00000000eca80000,0x00000000ecd56c78,0x00000000ece80000)
  to   space 6144K, 0% used [0x00000000ed080000,0x00000000ed080000,0x00000000ed680000)
 ParOldGen       total 17408K, used 9356K [0x00000000c1a00000, 0x00000000c2b00000, 0x00000000eb380000)
  object space 17408K, 53% used [0x00000000c1a00000,0x00000000c2323350,0x00000000c2b00000)
 Metaspace       used 7446K, capacity 8308K, committed 8448K, reserved 1056768K
  class space    used 885K, capacity 944K, committed 1024K, reserved 1048576K
Event: 1.798 GC heap after
Heap after GC invocations=12 (full 2):
 PSYoungGen      total 27648K, used 6118K [0x00000000eb380000, 0x00000000edd80000, 0x0000000100000000)
  eden space 21504K, 0% used [0x00000000eb380000,0x00000000eb380000,0x00000000ec880000)
  from space 6144K, 99% used [0x00000000ed080000,0x00000000ed679870,0x00000000ed680000)
  to   space 8192K, 0% used [0x00000000ec880000,0x00000000ec880000,0x00000000ed080000)
 ParOldGen       total 17408K, used 11671K [0x00000000c1a00000, 0x00000000c2b00000, 0x00000000eb380000)
  object space 17408K, 67% used [0x00000000c1a00000,0x00000000c2565ec8,0x00000000c2b00000)
 Metaspace       used 7446K, capacity 8308K, committed 8448K, reserved 1056768K
  class space    used 885K, capacity 944K, committed 1024K, reserved 1048576K
}
Event: 2.396 GC heap before
{Heap before GC invocations=13 (full 2):
 PSYoungGen      total 27648K, used 27622K [0x00000000eb380000, 0x00000000edd80000, 0x0000000100000000)
  eden space 21504K, 100% used [0x00000000eb380000,0x00000000ec880000,0x00000000ec880000)
  from space 6144K, 99% used [0x00000000ed080000,0x00000000ed679870,0x00000000ed680000)
  to   space 8192K, 0% used [0x00000000ec880000,0x00000000ec880000,0x00000000ed080000)
 ParOldGen       total 17408K, used 11671K [0x00000000c1a00000, 0x00000000c2b00000, 0x00000000eb380000)
  object space 17408K, 67% used [0x00000000c1a00000,0x00000000c2565ec8,0x00000000c2b00000)
 Metaspace       used 7832K, capacity 8564K, committed 8704K, reserved 1056768K
  class space    used 908K, capacity 944K, committed 1024K, reserved 1048576K
Event: 2.407 GC heap after
Heap after GC invocations=13 (full 2):
 PSYoungGen      total 29696K, used 8162K [0x00000000eb380000, 0x00000000ee100000, 0x0000000100000000)
  eden space 21504K, 0% used [0x00000000eb380000,0x00000000eb380000,0x00000000ec880000)
  from space 8192K, 99% used [0x00000000ec880000,0x00000000ed078b08,0x00000000ed080000)
  to   space 11264K, 0% used [0x00000000ed600000,0x00000000ed600000,0x00000000ee100000)
 ParOldGen       total 17408K, used 15774K [0x00000000c1a00000, 0x00000000c2b00000, 0x00000000eb380000)
  object space 17408K, 90% used [0x00000000c1a00000,0x00000000c2967840,0x00000000c2b00000)
 Metaspace       used 7832K, capacity 8564K, committed 8704K, reserved 1056768K
  class space    used 908K, capacity 944K, committed 1024K, reserved 1048576K
}
Event: 2.407 GC heap before
{Heap before GC invocations=14 (full 3):
 PSYoungGen      total 29696K, used 8162K [0x00000000eb380000, 0x00000000ee100000, 0x0000000100000000)
  eden space 21504K, 0% used [0x00000000eb380000,0x00000000eb380000,0x00000000ec880000)
  from space 8192K, 99% used [0x00000000ec880000,0x00000000ed078b08,0x00000000ed080000)
  to   space 11264K, 0% used [0x00000000ed600000,0x00000000ed600000,0x00000000ee100000)
 ParOldGen       total 17408K, used 15774K [0x00000000c1a00000, 0x00000000c2b00000, 0x00000000eb380000)
  object space 17408K, 90% used [0x00000000c1a00000,0x00000000c2967840,0x00000000c2b00000)
 Metaspace       used 7832K, capacity 8564K, committed 8704K, reserved 1056768K
  class space    used 908K, capacity 944K, committed 1024K, reserved 1048576K
Event: 2.555 GC heap after
Heap after GC invocations=14 (full 3):
 PSYoungGen      total 29696K, used 7465K [0x00000000eb380000, 0x00000000ee100000, 0x0000000100000000)
  eden space 21504K, 0% used [0x00000000eb380000,0x00000000eb380000,0x00000000ec880000)
  from space 8192K, 91% used [0x00000000ec880000,0x00000000ecfca448,0x00000000ed080000)
  to   space 11264K, 0% used [0x00000000ed600000,0x00000000ed600000,0x00000000ee100000)
 ParOldGen       total 27648K, used 16117K [0x00000000c1a00000, 0x00000000c3500000, 0x00000000eb380000)
  object space 27648K, 58% used [0x00000000c1a00000,0x00000000c29bd640,0x00000000c3500000)
 Metaspace       used 7832K, capacity 8564K, committed 8704K, reserved 1056768K
  class space    used 908K, capacity 944K, committed 1024K, reserved 1048576K
}
Event: 2.819 GC heap before
{Heap before GC invocations=15 (full 3):
 PSYoungGen      total 29696K, used 28969K [0x00000000eb380000, 0x00000000ee100000, 0x0000000100000000)
  eden space 21504K, 100% used [0x00000000eb380000,0x00000000ec880000,0x00000000ec880000)
  from space 8192K, 91% used [0x00000000ec880000,0x00000000ecfca448,0x00000000ed080000)
  to   space 11264K, 0% used [0x00000000ed600000,0x00000000ed600000,0x00000000ee100000)
 ParOldGen       total 27648K, used 16117K [0x00000000c1a00000, 0x00000000c3500000, 0x00000000eb380000)
  object space 27648K, 58% used [0x00000000c1a00000,0x00000000c29bd640,0x00000000c3500000)
 Metaspace       used 8087K, capacity 8820K, committed 8960K, reserved 1056768K
  class space    used 912K, capacity 944K, committed 1024K, reserved 1048576K
Event: 2.837 GC heap after
Heap after GC invocations=15 (full 3):
 PSYoungGen      total 33792K, used 9955K [0x00000000eb380000, 0x00000000ee480000, 0x0000000100000000)
  eden space 22528K, 0% used [0x00000000eb380000,0x00000000eb380000,0x00000000ec980000)
  from space 11264K, 88% used [0x00000000ed600000,0x00000000edfb8ef8,0x00000000ee100000)
  to   space 12800K, 0% used [0x00000000ec980000,0x00000000ec980000,0x00000000ed600000)
 ParOldGen       total 27648K, used 20286K [0x00000000c1a00000, 0x00000000c3500000, 0x00000000eb380000)
  object space 27648K, 73% used [0x00000000c1a00000,0x00000000c2dcfa78,0x00000000c3500000)
 Metaspace       used 8087K, capacity 8820K, committed 8960K, reserved 1056768K
  class space    used 912K, capacity 944K, committed 1024K, reserved 1048576K
}

Deoptimization events (10 events):
Event: 3.160 Thread 0x0000000004253800 Uncommon trap: reason=bimorphic action=maybe_recompile pc=0x0000000004a34d8c method=com.sun.tools.javac.tree.TreeInfo.flags(Lcom/sun/tools/javac/tree/JCTree;)J @ 4
Event: 3.161 Thread 0x0000000004253800 Uncommon trap: reason=bimorphic action=maybe_recompile pc=0x0000000004a34d8c method=com.sun.tools.javac.tree.TreeInfo.flags(Lcom/sun/tools/javac/tree/JCTree;)J @ 4
Event: 3.162 Thread 0x0000000004253800 Uncommon trap: reason=class_check action=maybe_recompile pc=0x0000000004895de8 method=java.util.HashMap.putVal(ILjava/lang/Object;Ljava/lang/Object;ZZ)Ljava/lang/Object; @ 253
Event: 3.162 Thread 0x0000000004253800 Uncommon trap: reason=class_check action=maybe_recompile pc=0x000000000483393c method=java.util.HashMap.putVal(ILjava/lang/Object;Ljava/lang/Object;ZZ)Ljava/lang/Object; @ 253
Event: 3.163 Thread 0x0000000004253800 Uncommon trap: reason=unstable_if action=reinterpret pc=0x0000000004a64abc method=com.sun.tools.javac.tree.TreeInfo.getStartPos(Lcom/sun/tools/javac/tree/JCTree;)I @ 566
Event: 3.165 Thread 0x0000000004253800 Uncommon trap: reason=class_check action=maybe_recompile pc=0x0000000004ae7a14 method=com.sun.tools.javac.jvm.Gen.genExpr(Lcom/sun/tools/javac/tree/JCTree;Lcom/sun/tools/javac/code/Type;)Lcom/sun/tools/javac/jvm/Items$Item; @ 32
Event: 3.165 Thread 0x0000000004253800 Uncommon trap: reason=class_check action=maybe_recompile pc=0x0000000004ae7a14 method=com.sun.tools.javac.jvm.Gen.genExpr(Lcom/sun/tools/javac/tree/JCTree;Lcom/sun/tools/javac/code/Type;)Lcom/sun/tools/javac/jvm/Items$Item; @ 32
Event: 3.168 Thread 0x0000000004253800 Uncommon trap: reason=class_check action=maybe_recompile pc=0x0000000004ae7a14 method=com.sun.tools.javac.jvm.Gen.genExpr(Lcom/sun/tools/javac/tree/JCTree;Lcom/sun/tools/javac/code/Type;)Lcom/sun/tools/javac/jvm/Items$Item; @ 32
Event: 3.168 Thread 0x0000000004253800 Uncommon trap: reason=class_check action=maybe_recompile pc=0x0000000004ae7a14 method=com.sun.tools.javac.jvm.Gen.genExpr(Lcom/sun/tools/javac/tree/JCTree;Lcom/sun/tools/javac/code/Type;)Lcom/sun/tools/javac/jvm/Items$Item; @ 32
Event: 3.169 Thread 0x0000000004253800 Uncommon trap: reason=unstable_if action=reinterpret pc=0x0000000004ad9724 method=com.sun.tools.javac.jvm.Pool.makePoolValue(Ljava/lang/Object;)Ljava/lang/Object; @ 73

Classes redefined (0 events):
No events

Internal exceptions (8 events):
Event: 0.028 Thread 0x0000000004253800 Exception <a 'java/lang/NoSuchMethodError': Method sun.misc.Unsafe.defineClass(Ljava/lang/String;[BII)Ljava/lang/Class; name or signature does not match> (0x00000000eb387cd8) thrown at [C:\re\workspace\8-2-build-windows-amd64-cygwin\jdk8u152\9742\hotspot\
Event: 0.028 Thread 0x0000000004253800 Exception <a 'java/lang/NoSuchMethodError': Method sun.misc.Unsafe.prefetchRead(Ljava/lang/Object;J)V name or signature does not match> (0x00000000eb387fc0) thrown at [C:\re\workspace\8-2-build-windows-amd64-cygwin\jdk8u152\9742\hotspot\src\share\vm\prims
Event: 0.146 Thread 0x0000000004253800 Exception <a 'java/security/PrivilegedActionException'> (0x00000000eb391ac8) thrown at [C:\re\workspace\8-2-build-windows-amd64-cygwin\jdk8u152\9742\hotspot\src\share\vm\prims\jvm.cpp, line 1390]
Event: 0.146 Thread 0x0000000004253800 Exception <a 'java/security/PrivilegedActionException'> (0x00000000eb391ec0) thrown at [C:\re\workspace\8-2-build-windows-amd64-cygwin\jdk8u152\9742\hotspot\src\share\vm\prims\jvm.cpp, line 1390]
Event: 0.146 Thread 0x0000000004253800 Exception <a 'java/security/PrivilegedActionException'> (0x00000000eb395fd8) thrown at [C:\re\workspace\8-2-build-windows-amd64-cygwin\jdk8u152\9742\hotspot\src\share\vm\prims\jvm.cpp, line 1390]
Event: 0.146 Thread 0x0000000004253800 Exception <a 'java/security/PrivilegedActionException'> (0x00000000eb3963d0) thrown at [C:\re\workspace\8-2-build-windows-amd64-cygwin\jdk8u152\9742\hotspot\src\share\vm\prims\jvm.cpp, line 1390]
Event: 0.150 Thread 0x0000000004253800 Exception <a 'java/security/PrivilegedActionException'> (0x00000000eb3cbc18) thrown at [C:\re\workspace\8-2-build-windows-amd64-cygwin\jdk8u152\9742\hotspot\src\share\vm\prims\jvm.cpp, line 1390]
Event: 0.150 Thread 0x0000000004253800 Exception <a 'java/security/PrivilegedActionException'> (0x00000000eb3cc010) thrown at [C:\re\workspace\8-2-build-windows-amd64-cygwin\jdk8u152\9742\hotspot\src\share\vm\prims\jvm.cpp, line 1390]

Events (10 events):
Event: 3.168 Thread 0x0000000004253800 Uncommon trap: trap_request=0xffffffde fr.pc=0x0000000004ae7a14
Event: 3.168 Thread 0x0000000004253800 DEOPT PACKING pc=0x0000000004ae7a14 sp=0x0000000002a7e2b0
Event: 3.168 Thread 0x0000000004253800 DEOPT UNPACKING pc=0x000000000442582a sp=0x0000000002a7e268 mode 2
Event: 3.169 Thread 0x0000000004253800 Uncommon trap: trap_request=0xffffff65 fr.pc=0x0000000004ad9724
Event: 3.169 Thread 0x0000000004253800 DEOPT PACKING pc=0x0000000004ad9724 sp=0x0000000002a7eaf0
Event: 3.169 Thread 0x0000000004253800 DEOPT UNPACKING pc=0x000000000442582a sp=0x0000000002a7eab0 mode 2
Event: 3.235 Thread 0x0000000004253800 DEOPT PACKING pc=0x0000000004a78be7 sp=0x0000000002a7eee0
Event: 3.235 Thread 0x0000000004253800 DEOPT UNPACKING pc=0x000000000442787f sp=0x0000000002a7ec00 mode 0
Event: 3.436 Executing VM operation: ForceSafepoint
Event: 3.436 Executing VM operation: ForceSafepoint done


Dynamic libraries:
0x00007ff788f20000 - 0x00007ff788f27000 	C:\Program Files\Java\jdk1.8.0_152\bin\javac.exe
0x00007ff9bc0e0000 - 0x00007ff9bc2c0000 	C:\WINDOWS\SYSTEM32\ntdll.dll
0x00007ff9ba2b0000 - 0x00007ff9ba35e000 	C:\WINDOWS\System32\KERNEL32.DLL
0x00007ff9b8ed0000 - 0x00007ff9b9136000 	C:\WINDOWS\System32\KERNELBASE.dll
0x0000000051ef0000 - 0x0000000051f1f000 	C:\Program Files\Java\jdk1.8.0_152\bin\jli.dll
0x0000000050d20000 - 0x0000000050df2000 	C:\Program Files\Java\jdk1.8.0_152\bin\MSVCR100.dll
0x00007ff9b9a80000 - 0x00007ff9b9b21000 	C:\WINDOWS\System32\ADVAPI32.dll
0x00007ff9b9760000 - 0x00007ff9b97fd000 	C:\WINDOWS\System32\msvcrt.dll
0x00007ff9bbfd0000 - 0x00007ff9bc02b000 	C:\WINDOWS\System32\sechost.dll
0x00007ff9ba190000 - 0x00007ff9ba2af000 	C:\WINDOWS\System32\RPCRT4.dll
0x00007ff9b9800000 - 0x00007ff9b998f000 	C:\WINDOWS\System32\USER32.dll
0x00007ff9a6770000 - 0x00007ff9a69d9000 	C:\WINDOWS\WinSxS\amd64_microsoft.windows.common-controls_6595b64144ccf1df_6.0.16299.248_none_15ced204935f55d7\COMCTL32.dll
0x00007ff9b84e0000 - 0x00007ff9b8500000 	C:\WINDOWS\System32\win32u.dll
0x00007ff9ba120000 - 0x00007ff9ba148000 	C:\WINDOWS\System32\GDI32.dll
0x00007ff9ba7b0000 - 0x00007ff9baab8000 	C:\WINDOWS\System32\combase.dll
0x00007ff9b9140000 - 0x00007ff9b92d3000 	C:\WINDOWS\System32\gdi32full.dll
0x00007ff9b8d30000 - 0x00007ff9b8e26000 	C:\WINDOWS\System32\ucrtbase.dll
0x00007ff9b8e30000 - 0x00007ff9b8ecb000 	C:\WINDOWS\System32\msvcp_win.dll
0x00007ff9b8500000 - 0x00007ff9b8572000 	C:\WINDOWS\System32\bcryptPrimitives.dll
0x00007ff9ba150000 - 0x00007ff9ba17d000 	C:\WINDOWS\System32\IMM32.DLL
0x0000000052200000 - 0x00000000522d2000 	C:\Program Files\Java\jdk1.8.0_152\jre\bin\msvcr100.dll
0x0000000051230000 - 0x0000000051ad0000 	C:\Program Files\Java\jdk1.8.0_152\jre\bin\server\jvm.dll
0x00007ff9b9a70000 - 0x00007ff9b9a78000 	C:\WINDOWS\System32\PSAPI.DLL
0x00007ff9a35b0000 - 0x00007ff9a35b9000 	C:\WINDOWS\SYSTEM32\WSOCK32.dll
0x00007ff9b61d0000 - 0x00007ff9b61f3000 	C:\WINDOWS\SYSTEM32\WINMM.dll
0x00007ff9aa930000 - 0x00007ff9aa93a000 	C:\WINDOWS\SYSTEM32\VERSION.dll
0x00007ff9b9990000 - 0x00007ff9b99fc000 	C:\WINDOWS\System32\WS2_32.dll
0x00007ff9b6090000 - 0x00007ff9b60ba000 	C:\WINDOWS\SYSTEM32\WINMMBASE.dll
0x00007ff9b9560000 - 0x00007ff9b95aa000 	C:\WINDOWS\System32\cfgmgr32.dll
0x00000000521f0000 - 0x00000000521ff000 	C:\Program Files\Java\jdk1.8.0_152\jre\bin\verify.dll
0x00000000521c0000 - 0x00000000521e9000 	C:\Program Files\Java\jdk1.8.0_152\jre\bin\java.dll
0x00000000521a0000 - 0x00000000521b6000 	C:\Program Files\Java\jdk1.8.0_152\jre\bin\zip.dll
0x00007ff9bab90000 - 0x00007ff9bbfc6000 	C:\WINDOWS\System32\SHELL32.dll
0x00007ff9b9ce0000 - 0x00007ff9b9d86000 	C:\WINDOWS\System32\shcore.dll
0x00007ff9b85e0000 - 0x00007ff9b8d27000 	C:\WINDOWS\System32\windows.storage.dll
0x00007ff9b9d90000 - 0x00007ff9b9de1000 	C:\WINDOWS\System32\shlwapi.dll
0x00007ff9b84c0000 - 0x00007ff9b84d1000 	C:\WINDOWS\System32\kernel.appcore.dll
0x00007ff9b8450000 - 0x00007ff9b849c000 	C:\WINDOWS\System32\powrprof.dll
0x00007ff9b8430000 - 0x00007ff9b844b000 	C:\WINDOWS\System32\profapi.dll

VM Arguments:
jvm_args: -Dapplication.home=C:\Program Files\Java\jdk1.8.0_152 -Xms8m -Dfile.encoding=UTF8 
java_command: com.sun.tools.javac.Main -d obj\Debug\android\bin\classes -classpath C:\Program Files (x86)\Microsoft Visual Studio\2017\Enterprise\Common7\IDE\ReferenceAssemblies\Microsoft\Framework\MonoAndroid\v8.0\mono.android.jar;obj\Debug\lp\0\jl\formsviewgroup.jar;C:\Users\Mark\AppData\Local\Xamarin\Xamarin.Android.Support.Animated.Vector.Drawable\23.3.0.0\embedded\classes.jar;C:\Users\Mark\AppData\Local\Xamarin\Xamarin.Android.Support.Design\23.3.0.0\embedded\classes.jar;C:\Users\Mark\AppData\Local\Xamarin\Xamarin.Android.Support.v4\23.3.0.0\embedded\classes.jar;C:\Users\Mark\AppData\Local\Xamarin\Xamarin.Android.Support.v4\23.3.0.0\embedded\libs\internal_impl-23.3.0.jar;C:\Users\Mark\AppData\Local\Xamarin\Xamarin.Android.Support.v7.AppCompat\23.3.0.0\embedded\classes.jar;C:\Users\Mark\AppData\Local\Xamarin\Xamarin.Android.Support.v7.CardView\23.3.0.0\embedded\classes.jar;C:\Users\Mark\AppData\Local\Xamarin\Xamarin.Android.Support.v7.MediaRouter\23.3.0.0\embedded\classes.jar;C:\Users\Mark\AppData\Local\Xamarin\Xamarin.Android.Support.v7.MediaRouter\23.3.0.0\embedded\libs\internal_impl-23.3.0.jar;C:\Users\Mark\AppData\Local\Xamarin\Xamarin.Android.Support.v7.RecyclerView\23.3.0.0\embedded\classes.jar;C:\Users\Mark\AppData\Local\Xamarin\Xamarin.Android.Support.Vector.Drawable\23.3.0.0\embedded\classes.jar -bootclasspath C:\Program Files (x86)\Android\android-sdk\platforms\android-26\android.jar -encoding UTF-8 @C:\Users\Mark\AppData\Local\Temp\tmp1136.tmp
java_class_path (initial): C:\Program Files\Java\jdk1.8.0_152/lib/tools.jar;C:\Program Files\Java\jdk1.8.0_152/classes
Launcher Type: SUN_STANDARD

Environment Variables:
PATH=C:\Program Files (x86)\Microsoft Visual Studio\2017\Enterprise\Common7\IDE\Extensions\GitHub\GitHub\lib\win32\x86;C:\Python27\;C:\Python27\Scripts;C:\Program Files\Java\jdk1.8.0_25\bin;C:\ProgramData\Oracle\Java\javapath;C:\Program Files (x86)\Intel\iCLS Client\;C:\Program Files\Intel\iCLS Client\;C:\WINDOWS\system32;C:\WINDOWS;C:\WINDOWS\System32\Wbem;C:\WINDOWS\System32\WindowsPowerShell\v1.0\;C:\Program Files\Intel\Intel(R) Management Engine Components\DAL;C:\Program Files\Intel\Intel(R) Management Engine Components\IPT;C:\Program Files (x86)\Intel\Intel(R) Management Engine Components\DAL;C:\Program Files (x86)\Intel\Intel(R) Management Engine Components\IPT;C:\ProgramData\Lenovo\ReadyApps;C:\Program Files\ASUS\Bluetooth Software\;C:\Program Files\ASUS\Bluetooth Software\syswow64;C:\Program Files (x86)\Windows Live\Shared;C:\Program Files\Intel\WiFi\bin\;C:\Program Files\Common Files\Intel\WirelessCommon\;C:\Program Files (x86)\GNU\GnuPG\pub;C:\Program Files (x86)\Skype\Phone\;c:\Program Files (x86)\Microsoft SQL Server\110\Tools\Binn\;c:\Program Files (x86)\Microsoft SQL Server\110\DTS\Binn\;c:\Program Files (x86)\Microsoft SQL Server\110\Tools\Binn\ManagementStudio\;C:\Program Files (x86)\Windows Kits\8.1\Windows Performance Toolkit\;C:\Program Files\dotnet\;C:\Program Files\Microsoft SQL Server\130\Tools\Binn\;C:\Program Files\Git\cmd;C:\Program Files\Intel\WiFi\bin\;C:\Program Files\Common Files\Intel\WirelessCommon\;C:\Users\Mark\AppData\Local\Microsoft\WindowsApps;%USERPROFILE%\AppData\Local\Microsoft\WindowsApps;
USERNAME=Mark
OS=Windows_NT
PROCESSOR_IDENTIFIER=Intel64 Family 6 Model 69 Stepping 1, GenuineIntel



---------------  S Y S T E M  ---------------

OS: Windows 10.0 , 64 bit Build 16299 (10.0.16299.15)

CPU:total 4 (initial active 4) (2 cores per cpu, 2 threads per core) family 6 model 69 stepping 1, cmov, cx8, fxsr, mmx, sse, sse2, sse3, ssse3, sse4.1, sse4.2, popcnt, avx, avx2, aes, clmul, erms, lzcnt, ht, tsc, tscinvbit, bmi1, bmi2

Memory: 4k page, physical 4082084k(381620k free), swap 4082084k(5368k free)

vm_info: Java HotSpot(TM) 64-Bit Server VM (25.152-b16) for windows-amd64 JRE (1.8.0_152-b16), built on Sep 14 2017 02:29:36 by "java_re" with MS VC++ 10.0 (VS2010)

time: Mon Feb 19 16:34:48 2018
elapsed time: 3 seconds (0d 0h 0m 3s)

