#
# There is insufficient memory for the Java Runtime Environment to continue.
# Native memory allocation (malloc) failed to allocate 330864 bytes for Chunk::new
# Possible reasons:
#   The system is out of physical RAM or swap space
#   In 32 bit mode, the process size limit was hit
# Possible solutions:
#   Reduce memory load on the system
#   Increase physical memory or swap space
#   Check if swap backing store is full
#   Use 64 bit Java on a 64 bit OS
#   Decrease Java heap size (-Xmx/-Xms)
#   Decrease number of Java threads
#   Decrease Java thread stack sizes (-Xss)
#   Set larger code cache with -XX:ReservedCodeCacheSize=
# This output file may be truncated or incomplete.
#
#  Out of Memory Error (allocation.cpp:390), pid=9648, tid=0x00000000000021e0
#
# JRE version: Java(TM) SE Runtime Environment (8.0_152-b16) (build 1.8.0_152-b16)
# Java VM: Java HotSpot(TM) 64-Bit Server VM (25.152-b16 mixed mode windows-amd64 compressed oops)
# Failed to write core dump. Minidumps are not enabled by default on client versions of Windows
#

---------------  T H R E A D  ---------------

Current thread (0x0000000017102800):  JavaThread "C2 CompilerThread0" daemon [_thread_in_native, id=8672, stack(0x0000000018760000,0x0000000018860000)]

Stack: [0x0000000018760000,0x0000000018860000]
[error occurred during error reporting (printing stack bounds), id 0xc0000005]

Native frames: (J=compiled Java code, j=interpreted, Vv=VM code, C=native code)


Current CompileTask:
C2:   2412 1089   !   4       com.sun.tools.javac.comp.MemberEnter::visitVarDef (463 bytes)


---------------  P R O C E S S  ---------------

Java Threads: ( => current thread )
  0x0000000018a82800 JavaThread "Service Thread" daemon [_thread_blocked, id=6588, stack(0x0000000018e60000,0x0000000018f60000)]
  0x0000000017108800 JavaThread "C1 CompilerThread2" daemon [_thread_in_native, id=7344, stack(0x0000000018960000,0x0000000018a60000)]
  0x0000000017106000 JavaThread "C2 CompilerThread1" daemon [_thread_in_native, id=12872, stack(0x0000000018860000,0x0000000018960000)]
=>0x0000000017102800 JavaThread "C2 CompilerThread0" daemon [_thread_in_native, id=8672, stack(0x0000000018760000,0x0000000018860000)]
  0x0000000017100800 JavaThread "Attach Listener" daemon [_thread_blocked, id=3100, stack(0x0000000018660000,0x0000000018760000)]
  0x00000000170ff000 JavaThread "Signal Dispatcher" daemon [_thread_blocked, id=3280, stack(0x0000000018560000,0x0000000018660000)]
  0x00000000170ee800 JavaThread "Finalizer" daemon [_thread_blocked, id=11540, stack(0x0000000018370000,0x0000000018470000)]
  0x0000000004b15800 JavaThread "Reference Handler" daemon [_thread_blocked, id=4412, stack(0x0000000018270000,0x0000000018370000)]
  0x0000000004a23800 JavaThread "main" [_thread_in_native, id=7356, stack(0x00000000048f0000,0x00000000049f0000)]

Other Threads:
  0x00000000170c7800 VMThread [stack: 0x0000000018170000,0x0000000018270000] [id=6316]
  0x0000000018aa3800 WatcherThread [stack: 0x0000000018f60000,0x0000000019060000] [id=4936]

VM state:not at safepoint (normal execution)

VM Mutex/Monitor currently owned by a thread: None

Heap:
 PSYoungGen      total 29696K, used 20385K [0x00000000eb380000, 0x00000000ee080000, 0x0000000100000000)
  eden space 22016K, 62% used [0x00000000eb380000,0x00000000ec0f98d0,0x00000000ec900000)
  from space 7680K, 85% used [0x00000000ec900000,0x00000000ecf6ecf0,0x00000000ed080000)
  to   space 10752K, 0% used [0x00000000ed600000,0x00000000ed600000,0x00000000ee080000)
 ParOldGen       total 28160K, used 16535K [0x00000000c1a00000, 0x00000000c3580000, 0x00000000eb380000)
  object space 28160K, 58% used [0x00000000c1a00000,0x00000000c2a25d48,0x00000000c3580000)
 Metaspace       used 7970K, capacity 8692K, committed 8960K, reserved 1056768K
  class space    used 909K, capacity 944K, committed 1024K, reserved 1048576K

Card table byte_map: [0x0000000013ee0000,0x00000000140e0000] byte_map_base: 0x00000000138d3000

Marking Bits: (ParMarkBitMap*) 0x0000000051a50860
 Begin Bits: [0x0000000014630000, 0x00000000155c8000)
 End Bits:   [0x00000000155c8000, 0x0000000016560000)

Polling page: 0x0000000002fe0000

CodeCache: size=245760Kb used=5310Kb max_used=5310Kb free=240449Kb
 bounds [0x0000000004b20000, 0x0000000005060000, 0x0000000013b20000]
 total_blobs=1477 nmethods=1190 adapters=199
 compilation: enabled

Compilation events (10 events):
Event: 2.408 Thread 0x0000000017108800 nmethod 1196 0x000000000504f990 code [0x000000000504fb00, 0x000000000504fe08]
Event: 2.408 Thread 0x0000000017108800 1197       3       com.sun.tools.javac.util.Name$Table::fromUtf (9 bytes)
Event: 2.408 Thread 0x0000000017108800 nmethod 1197 0x000000000504ff50 code [0x00000000050500c0, 0x00000000050502e8]
Event: 2.408 Thread 0x0000000017108800 1202       3       com.sun.tools.javac.util.Name::toString (16 bytes)
Event: 2.409 Thread 0x0000000017108800 nmethod 1202 0x00000000050503d0 code [0x0000000005050580, 0x0000000005050ae8]
Event: 2.409 Thread 0x0000000017108800 1203       3       com.sun.tools.javac.util.Convert::utf2string (26 bytes)
Event: 2.409 Thread 0x0000000017108800 nmethod 1203 0x0000000005050c90 code [0x0000000005050e00, 0x0000000005051098]
Event: 2.409 Thread 0x0000000017108800 1201       1       com.sun.tools.javac.code.Scope$2::accepts (2 bytes)
Event: 2.409 Thread 0x0000000017108800 nmethod 1201 0x0000000005048710 code [0x0000000005048860, 0x0000000005048970]
Event: 2.409 Thread 0x0000000017108800 1205   !   3       com.sun.tools.javac.comp.MemberEnter::visitMethodDef (387 bytes)

GC Heap History (10 events):
Event: 0.846 GC heap before
{Heap before GC invocations=10 (full 1):
 PSYoungGen      total 20480K, used 20453K [0x00000000eb380000, 0x00000000ed200000, 0x0000000100000000)
  eden space 17408K, 100% used [0x00000000eb380000,0x00000000ec480000,0x00000000ec480000)
  from space 3072K, 99% used [0x00000000ecf00000,0x00000000ed1f96f0,0x00000000ed200000)
  to   space 4096K, 0% used [0x00000000eca00000,0x00000000eca00000,0x00000000ece00000)
 ParOldGen       total 9728K, used 5068K [0x00000000c1a00000, 0x00000000c2380000, 0x00000000eb380000)
  object space 9728K, 52% used [0x00000000c1a00000,0x00000000c1ef3248,0x00000000c2380000)
 Metaspace       used 7350K, capacity 8244K, committed 8448K, reserved 1056768K
  class space    used 885K, capacity 944K, committed 1024K, reserved 1048576K
Event: 0.852 GC heap after
Heap after GC invocations=10 (full 1):
 PSYoungGen      total 27136K, used 4076K [0x00000000eb380000, 0x00000000ed680000, 0x0000000100000000)
  eden space 23040K, 0% used [0x00000000eb380000,0x00000000eb380000,0x00000000eca00000)
  from space 4096K, 99% used [0x00000000eca00000,0x00000000ecdfb040,0x00000000ece00000)
  to   space 6144K, 0% used [0x00000000ed080000,0x00000000ed080000,0x00000000ed680000)
 ParOldGen       total 9728K, used 8177K [0x00000000c1a00000, 0x00000000c2380000, 0x00000000eb380000)
  object space 9728K, 84% used [0x00000000c1a00000,0x00000000c21fc4b0,0x00000000c2380000)
 Metaspace       used 7350K, capacity 8244K, committed 8448K, reserved 1056768K
  class space    used 885K, capacity 944K, committed 1024K, reserved 1048576K
}
Event: 0.852 GC heap before
{Heap before GC invocations=11 (full 2):
 PSYoungGen      total 27136K, used 4076K [0x00000000eb380000, 0x00000000ed680000, 0x0000000100000000)
  eden space 23040K, 0% used [0x00000000eb380000,0x00000000eb380000,0x00000000eca00000)
  from space 4096K, 99% used [0x00000000eca00000,0x00000000ecdfb040,0x00000000ece00000)
  to   space 6144K, 0% used [0x00000000ed080000,0x00000000ed080000,0x00000000ed680000)
 ParOldGen       total 9728K, used 8177K [0x00000000c1a00000, 0x00000000c2380000, 0x00000000eb380000)
  object space 9728K, 84% used [0x00000000c1a00000,0x00000000c21fc4b0,0x00000000c2380000)
 Metaspace       used 7350K, capacity 8244K, committed 8448K, reserved 1056768K
  class space    used 885K, capacity 944K, committed 1024K, reserved 1048576K
Event: 0.908 GC heap after
Heap after GC invocations=11 (full 2):
 PSYoungGen      total 27136K, used 2956K [0x00000000eb380000, 0x00000000ed680000, 0x0000000100000000)
  eden space 23040K, 0% used [0x00000000eb380000,0x00000000eb380000,0x00000000eca00000)
  from space 4096K, 72% used [0x00000000eca00000,0x00000000ecce33e8,0x00000000ece00000)
  to   space 6144K, 0% used [0x00000000ed080000,0x00000000ed080000,0x00000000ed680000)
 ParOldGen       total 16896K, used 9217K [0x00000000c1a00000, 0x00000000c2a80000, 0x00000000eb380000)
  object space 16896K, 54% used [0x00000000c1a00000,0x00000000c23007c8,0x00000000c2a80000)
 Metaspace       used 7350K, capacity 8244K, committed 8448K, reserved 1056768K
  class space    used 885K, capacity 944K, committed 1024K, reserved 1048576K
}
Event: 1.516 GC heap before
{Heap before GC invocations=12 (full 2):
 PSYoungGen      total 27136K, used 25885K [0x00000000eb380000, 0x00000000ed680000, 0x0000000100000000)
  eden space 23040K, 99% used [0x00000000eb380000,0x00000000ec9e4050,0x00000000eca00000)
  from space 4096K, 72% used [0x00000000eca00000,0x00000000ecce33e8,0x00000000ece00000)
  to   space 6144K, 0% used [0x00000000ed080000,0x00000000ed080000,0x00000000ed680000)
 ParOldGen       total 16896K, used 9217K [0x00000000c1a00000, 0x00000000c2a80000, 0x00000000eb380000)
  object space 16896K, 54% used [0x00000000c1a00000,0x00000000c23007c8,0x00000000c2a80000)
 Metaspace       used 7448K, capacity 8308K, committed 8448K, reserved 1056768K
  class space    used 885K, capacity 944K, committed 1024K, reserved 1048576K
Event: 1.523 GC heap after
Heap after GC invocations=12 (full 2):
 PSYoungGen      total 28160K, used 6134K [0x00000000eb380000, 0x00000000edb80000, 0x0000000100000000)
  eden space 22016K, 0% used [0x00000000eb380000,0x00000000eb380000,0x00000000ec900000)
  from space 6144K, 99% used [0x00000000ed080000,0x00000000ed67dae8,0x00000000ed680000)
  to   space 7680K, 0% used [0x00000000ec900000,0x00000000ec900000,0x00000000ed080000)
 ParOldGen       total 16896K, used 10514K [0x00000000c1a00000, 0x00000000c2a80000, 0x00000000eb380000)
  object space 16896K, 62% used [0x00000000c1a00000,0x00000000c2444bf8,0x00000000c2a80000)
 Metaspace       used 7448K, capacity 8308K, committed 8448K, reserved 1056768K
  class space    used 885K, capacity 944K, committed 1024K, reserved 1048576K
}
Event: 2.140 GC heap before
{Heap before GC invocations=13 (full 2):
 PSYoungGen      total 28160K, used 28150K [0x00000000eb380000, 0x00000000edb80000, 0x0000000100000000)
  eden space 22016K, 100% used [0x00000000eb380000,0x00000000ec900000,0x00000000ec900000)
  from space 6144K, 99% used [0x00000000ed080000,0x00000000ed67dae8,0x00000000ed680000)
  to   space 7680K, 0% used [0x00000000ec900000,0x00000000ec900000,0x00000000ed080000)
 ParOldGen       total 16896K, used 10514K [0x00000000c1a00000, 0x00000000c2a80000, 0x00000000eb380000)
  object space 16896K, 62% used [0x00000000c1a00000,0x00000000c2444bf8,0x00000000c2a80000)
 Metaspace       used 7780K, capacity 8564K, committed 8704K, reserved 1056768K
  class space    used 905K, capacity 944K, committed 1024K, reserved 1048576K
Event: 2.152 GC heap after
Heap after GC invocations=13 (full 2):
 PSYoungGen      total 29696K, used 7655K [0x00000000eb380000, 0x00000000ee080000, 0x0000000100000000)
  eden space 22016K, 0% used [0x00000000eb380000,0x00000000eb380000,0x00000000ec900000)
  from space 7680K, 99% used [0x00000000ec900000,0x00000000ed079cd0,0x00000000ed080000)
  to   space 10752K, 0% used [0x00000000ed600000,0x00000000ed600000,0x00000000ee080000)
 ParOldGen       total 16896K, used 15743K [0x00000000c1a00000, 0x00000000c2a80000, 0x00000000eb380000)
  object space 16896K, 93% used [0x00000000c1a00000,0x00000000c295fe28,0x00000000c2a80000)
 Metaspace       used 7780K, capacity 8564K, committed 8704K, reserved 1056768K
  class space    used 905K, capacity 944K, committed 1024K, reserved 1048576K
}
Event: 2.152 GC heap before
{Heap before GC invocations=14 (full 3):
 PSYoungGen      total 29696K, used 7655K [0x00000000eb380000, 0x00000000ee080000, 0x0000000100000000)
  eden space 22016K, 0% used [0x00000000eb380000,0x00000000eb380000,0x00000000ec900000)
  from space 7680K, 99% used [0x00000000ec900000,0x00000000ed079cd0,0x00000000ed080000)
  to   space 10752K, 0% used [0x00000000ed600000,0x00000000ed600000,0x00000000ee080000)
 ParOldGen       total 16896K, used 15743K [0x00000000c1a00000, 0x00000000c2a80000, 0x00000000eb380000)
  object space 16896K, 93% used [0x00000000c1a00000,0x00000000c295fe28,0x00000000c2a80000)
 Metaspace       used 7780K, capacity 8564K, committed 8704K, reserved 1056768K
  class space    used 905K, capacity 944K, committed 1024K, reserved 1048576K
Event: 2.275 GC heap after
Heap after GC invocations=14 (full 3):
 PSYoungGen      total 29696K, used 6587K [0x00000000eb380000, 0x00000000ee080000, 0x0000000100000000)
  eden space 22016K, 0% used [0x00000000eb380000,0x00000000eb380000,0x00000000ec900000)
  from space 7680K, 85% used [0x00000000ec900000,0x00000000ecf6ecf0,0x00000000ed080000)
  to   space 10752K, 0% used [0x00000000ed600000,0x00000000ed600000,0x00000000ee080000)
 ParOldGen       total 28160K, used 16535K [0x00000000c1a00000, 0x00000000c3580000, 0x00000000eb380000)
  object space 28160K, 58% used [0x00000000c1a00000,0x00000000c2a25d48,0x00000000c3580000)
 Metaspace       used 7780K, capacity 8564K, committed 8704K, reserved 1056768K
  class space    used 905K, capacity 944K, committed 1024K, reserved 1048576K
}

Deoptimization events (10 events):
Event: 2.117 Thread 0x0000000004a23800 Uncommon trap: reason=class_check action=maybe_recompile pc=0x0000000004f57bbc method=com.sun.tools.javac.tree.JCTree$JCVariableDecl.accept(Lcom/sun/tools/javac/tree/JCTree$Visitor;)V @ 2
Event: 2.117 Thread 0x0000000004a23800 Uncommon trap: reason=class_check action=maybe_recompile pc=0x0000000004f57bbc method=com.sun.tools.javac.tree.JCTree$JCVariableDecl.accept(Lcom/sun/tools/javac/tree/JCTree$Visitor;)V @ 2
Event: 2.117 Thread 0x0000000004a23800 Uncommon trap: reason=class_check action=maybe_recompile pc=0x0000000004f57bbc method=com.sun.tools.javac.tree.JCTree$JCVariableDecl.accept(Lcom/sun/tools/javac/tree/JCTree$Visitor;)V @ 2
Event: 2.117 Thread 0x0000000004a23800 Uncommon trap: reason=class_check action=maybe_recompile pc=0x0000000004f57bbc method=com.sun.tools.javac.tree.JCTree$JCVariableDecl.accept(Lcom/sun/tools/javac/tree/JCTree$Visitor;)V @ 2
Event: 2.136 Thread 0x0000000004a23800 Uncommon trap: reason=class_check action=maybe_recompile pc=0x0000000004f8b1c8 method=com.sun.tools.javac.util.List.prependList(Lcom/sun/tools/javac/util/List;)Lcom/sun/tools/javac/util/List; @ 1
Event: 2.137 Thread 0x0000000004a23800 Uncommon trap: reason=class_check action=maybe_recompile pc=0x0000000004f8b1c8 method=com.sun.tools.javac.util.List.prependList(Lcom/sun/tools/javac/util/List;)Lcom/sun/tools/javac/util/List; @ 1
Event: 2.278 Thread 0x0000000004a23800 Uncommon trap: reason=unstable_if action=reinterpret pc=0x0000000004f88d28 method=com.sun.tools.javac.code.Scope.getIndex(Lcom/sun/tools/javac/util/Name;)I @ 60
Event: 2.290 Thread 0x0000000004a23800 Uncommon trap: reason=class_check action=maybe_recompile pc=0x0000000004f8b1c8 method=com.sun.tools.javac.util.List.prependList(Lcom/sun/tools/javac/util/List;)Lcom/sun/tools/javac/util/List; @ 1
Event: 2.313 Thread 0x0000000004a23800 Uncommon trap: reason=class_check action=maybe_recompile pc=0x0000000004f8b1c8 method=com.sun.tools.javac.util.List.prependList(Lcom/sun/tools/javac/util/List;)Lcom/sun/tools/javac/util/List; @ 1
Event: 2.375 Thread 0x0000000004a23800 Uncommon trap: reason=unstable_if action=reinterpret pc=0x0000000004ddb384 method=com.sun.tools.javac.util.ArrayUtils.ensureCapacity([BI)[B @ 3

Classes redefined (0 events):
No events

Internal exceptions (8 events):
Event: 0.027 Thread 0x0000000004a23800 Exception <a 'java/lang/NoSuchMethodError': Method sun.misc.Unsafe.defineClass(Ljava/lang/String;[BII)Ljava/lang/Class; name or signature does not match> (0x00000000eb387cd8) thrown at [C:\re\workspace\8-2-build-windows-amd64-cygwin\jdk8u152\9742\hotspot\
Event: 0.027 Thread 0x0000000004a23800 Exception <a 'java/lang/NoSuchMethodError': Method sun.misc.Unsafe.prefetchRead(Ljava/lang/Object;J)V name or signature does not match> (0x00000000eb387fc0) thrown at [C:\re\workspace\8-2-build-windows-amd64-cygwin\jdk8u152\9742\hotspot\src\share\vm\prims
Event: 0.128 Thread 0x0000000004a23800 Exception <a 'java/security/PrivilegedActionException'> (0x00000000eb391ac8) thrown at [C:\re\workspace\8-2-build-windows-amd64-cygwin\jdk8u152\9742\hotspot\src\share\vm\prims\jvm.cpp, line 1390]
Event: 0.128 Thread 0x0000000004a23800 Exception <a 'java/security/PrivilegedActionException'> (0x00000000eb391ec0) thrown at [C:\re\workspace\8-2-build-windows-amd64-cygwin\jdk8u152\9742\hotspot\src\share\vm\prims\jvm.cpp, line 1390]
Event: 0.128 Thread 0x0000000004a23800 Exception <a 'java/security/PrivilegedActionException'> (0x00000000eb395fd8) thrown at [C:\re\workspace\8-2-build-windows-amd64-cygwin\jdk8u152\9742\hotspot\src\share\vm\prims\jvm.cpp, line 1390]
Event: 0.128 Thread 0x0000000004a23800 Exception <a 'java/security/PrivilegedActionException'> (0x00000000eb3963d0) thrown at [C:\re\workspace\8-2-build-windows-amd64-cygwin\jdk8u152\9742\hotspot\src\share\vm\prims\jvm.cpp, line 1390]
Event: 0.132 Thread 0x0000000004a23800 Exception <a 'java/security/PrivilegedActionException'> (0x00000000eb3cbc18) thrown at [C:\re\workspace\8-2-build-windows-amd64-cygwin\jdk8u152\9742\hotspot\src\share\vm\prims\jvm.cpp, line 1390]
Event: 0.132 Thread 0x0000000004a23800 Exception <a 'java/security/PrivilegedActionException'> (0x00000000eb3cc010) thrown at [C:\re\workspace\8-2-build-windows-amd64-cygwin\jdk8u152\9742\hotspot\src\share\vm\prims\jvm.cpp, line 1390]

Events (10 events):
Event: 2.313 Thread 0x0000000004a23800 DEOPT UNPACKING pc=0x0000000004b6582a sp=0x00000000049eec80 mode 2
Event: 2.365 Thread 0x0000000004a23800 DEOPT PACKING pc=0x0000000004ff7b2a sp=0x00000000049ee210
Event: 2.365 Thread 0x0000000004a23800 DEOPT UNPACKING pc=0x0000000004b6787f sp=0x00000000049edf98 mode 0
Event: 2.374 Thread 0x0000000004a23800 DEOPT PACKING pc=0x0000000004ff7b2a sp=0x00000000049ee3d0
Event: 2.374 Thread 0x0000000004a23800 DEOPT UNPACKING pc=0x0000000004b6787f sp=0x00000000049ee158 mode 0
Event: 2.375 Thread 0x0000000004a23800 Uncommon trap: trap_request=0xffffff65 fr.pc=0x0000000004ddb384
Event: 2.375 Thread 0x0000000004a23800 DEOPT PACKING pc=0x0000000004ddb384 sp=0x00000000049ee6c0
Event: 2.375 Thread 0x0000000004a23800 DEOPT UNPACKING pc=0x0000000004b6582a sp=0x00000000049ee5c0 mode 2
Event: 2.380 loading class java/io/DataInputStream
Event: 2.381 loading class java/io/DataInputStream done


Dynamic libraries:
0x00007ff771d50000 - 0x00007ff771d57000 	C:\Program Files\Java\jdk1.8.0_152\bin\javac.exe
0x00007ff9bc0e0000 - 0x00007ff9bc2c0000 	C:\WINDOWS\SYSTEM32\ntdll.dll
0x00007ff9ba2b0000 - 0x00007ff9ba35e000 	C:\WINDOWS\System32\KERNEL32.DLL
0x00007ff9b8ed0000 - 0x00007ff9b9136000 	C:\WINDOWS\System32\KERNELBASE.dll
0x0000000051ef0000 - 0x0000000051f1f000 	C:\Program Files\Java\jdk1.8.0_152\bin\jli.dll
0x0000000050d20000 - 0x0000000050df2000 	C:\Program Files\Java\jdk1.8.0_152\bin\MSVCR100.dll
0x00007ff9b9a80000 - 0x00007ff9b9b21000 	C:\WINDOWS\System32\ADVAPI32.dll
0x00007ff9b9760000 - 0x00007ff9b97fd000 	C:\WINDOWS\System32\msvcrt.dll
0x00007ff9bbfd0000 - 0x00007ff9bc02b000 	C:\WINDOWS\System32\sechost.dll
0x00007ff9ba190000 - 0x00007ff9ba2af000 	C:\WINDOWS\System32\RPCRT4.dll
0x00007ff9b9800000 - 0x00007ff9b998f000 	C:\WINDOWS\System32\USER32.dll
0x00007ff9a6770000 - 0x00007ff9a69d9000 	C:\WINDOWS\WinSxS\amd64_microsoft.windows.common-controls_6595b64144ccf1df_6.0.16299.248_none_15ced204935f55d7\COMCTL32.dll
0x00007ff9b84e0000 - 0x00007ff9b8500000 	C:\WINDOWS\System32\win32u.dll
0x00007ff9ba120000 - 0x00007ff9ba148000 	C:\WINDOWS\System32\GDI32.dll
0x00007ff9ba7b0000 - 0x00007ff9baab8000 	C:\WINDOWS\System32\combase.dll
0x00007ff9b9140000 - 0x00007ff9b92d3000 	C:\WINDOWS\System32\gdi32full.dll
0x00007ff9b8d30000 - 0x00007ff9b8e26000 	C:\WINDOWS\System32\ucrtbase.dll
0x00007ff9b8e30000 - 0x00007ff9b8ecb000 	C:\WINDOWS\System32\msvcp_win.dll
0x00007ff9b8500000 - 0x00007ff9b8572000 	C:\WINDOWS\System32\bcryptPrimitives.dll
0x00007ff9ba150000 - 0x00007ff9ba17d000 	C:\WINDOWS\System32\IMM32.DLL
0x0000000052200000 - 0x00000000522d2000 	C:\Program Files\Java\jdk1.8.0_152\jre\bin\msvcr100.dll
0x0000000051230000 - 0x0000000051ad0000 	C:\Program Files\Java\jdk1.8.0_152\jre\bin\server\jvm.dll
0x00007ff9b9a70000 - 0x00007ff9b9a78000 	C:\WINDOWS\System32\PSAPI.DLL
0x00007ff9a35b0000 - 0x00007ff9a35b9000 	C:\WINDOWS\SYSTEM32\WSOCK32.dll
0x00007ff9aa930000 - 0x00007ff9aa93a000 	C:\WINDOWS\SYSTEM32\VERSION.dll
0x00007ff9b61d0000 - 0x00007ff9b61f3000 	C:\WINDOWS\SYSTEM32\WINMM.dll
0x00007ff9b9990000 - 0x00007ff9b99fc000 	C:\WINDOWS\System32\WS2_32.dll
0x00007ff9b6090000 - 0x00007ff9b60ba000 	C:\WINDOWS\SYSTEM32\winmmbase.dll
0x00007ff9b9560000 - 0x00007ff9b95aa000 	C:\WINDOWS\System32\cfgmgr32.dll
0x00000000521f0000 - 0x00000000521ff000 	C:\Program Files\Java\jdk1.8.0_152\jre\bin\verify.dll
0x00000000521c0000 - 0x00000000521e9000 	C:\Program Files\Java\jdk1.8.0_152\jre\bin\java.dll
0x00000000521a0000 - 0x00000000521b6000 	C:\Program Files\Java\jdk1.8.0_152\jre\bin\zip.dll
0x00007ff9bab90000 - 0x00007ff9bbfc6000 	C:\WINDOWS\System32\SHELL32.dll
0x00007ff9b9ce0000 - 0x00007ff9b9d86000 	C:\WINDOWS\System32\shcore.dll
0x00007ff9b85e0000 - 0x00007ff9b8d27000 	C:\WINDOWS\System32\windows.storage.dll
0x00007ff9b9d90000 - 0x00007ff9b9de1000 	C:\WINDOWS\System32\shlwapi.dll
0x00007ff9b84c0000 - 0x00007ff9b84d1000 	C:\WINDOWS\System32\kernel.appcore.dll
0x00007ff9b8450000 - 0x00007ff9b849c000 	C:\WINDOWS\System32\powrprof.dll
0x00007ff9b8430000 - 0x00007ff9b844b000 	C:\WINDOWS\System32\profapi.dll

VM Arguments:
jvm_args: -Dapplication.home=C:\Program Files\Java\jdk1.8.0_152 -Xms8m -Dfile.encoding=UTF8 
java_command: com.sun.tools.javac.Main -d obj\Debug\android\bin\classes -classpath C:\Program Files (x86)\Microsoft Visual Studio\2017\Enterprise\Common7\IDE\ReferenceAssemblies\Microsoft\Framework\MonoAndroid\v8.0\mono.android.jar;obj\Debug\lp\0\jl\formsviewgroup.jar;C:\Users\Mark\AppData\Local\Xamarin\Xamarin.Android.Support.Animated.Vector.Drawable\23.3.0.0\embedded\classes.jar;C:\Users\Mark\AppData\Local\Xamarin\Xamarin.Android.Support.Design\23.3.0.0\embedded\classes.jar;C:\Users\Mark\AppData\Local\Xamarin\Xamarin.Android.Support.v4\23.3.0.0\embedded\classes.jar;C:\Users\Mark\AppData\Local\Xamarin\Xamarin.Android.Support.v4\23.3.0.0\embedded\libs\internal_impl-23.3.0.jar;C:\Users\Mark\AppData\Local\Xamarin\Xamarin.Android.Support.v7.AppCompat\23.3.0.0\embedded\classes.jar;C:\Users\Mark\AppData\Local\Xamarin\Xamarin.Android.Support.v7.CardView\23.3.0.0\embedded\classes.jar;C:\Users\Mark\AppData\Local\Xamarin\Xamarin.Android.Support.v7.MediaRouter\23.3.0.0\embedded\classes.jar;C:\Users\Mark\AppData\Local\Xamarin\Xamarin.Android.Support.v7.MediaRouter\23.3.0.0\embedded\libs\internal_impl-23.3.0.jar;C:\Users\Mark\AppData\Local\Xamarin\Xamarin.Android.Support.v7.RecyclerView\23.3.0.0\embedded\classes.jar;C:\Users\Mark\AppData\Local\Xamarin\Xamarin.Android.Support.Vector.Drawable\23.3.0.0\embedded\classes.jar -bootclasspath C:\Program Files (x86)\Android\android-sdk\platforms\android-26\android.jar -encoding UTF-8 @C:\Users\Mark\AppData\Local\Temp\tmpD60B.tmp
java_class_path (initial): C:\Program Files\Java\jdk1.8.0_152/lib/tools.jar;C:\Program Files\Java\jdk1.8.0_152/classes
Launcher Type: SUN_STANDARD

Environment Variables:
PATH=C:\Program Files (x86)\Microsoft Visual Studio\2017\Enterprise\Common7\IDE\Extensions\GitHub\GitHub\lib\win32\x86;C:\Python27\;C:\Python27\Scripts;C:\Program Files\Java\jdk1.8.0_25\bin;C:\ProgramData\Oracle\Java\javapath;C:\Program Files (x86)\Intel\iCLS Client\;C:\Program Files\Intel\iCLS Client\;C:\WINDOWS\system32;C:\WINDOWS;C:\WINDOWS\System32\Wbem;C:\WINDOWS\System32\WindowsPowerShell\v1.0\;C:\Program Files\Intel\Intel(R) Management Engine Components\DAL;C:\Program Files\Intel\Intel(R) Management Engine Components\IPT;C:\Program Files (x86)\Intel\Intel(R) Management Engine Components\DAL;C:\Program Files (x86)\Intel\Intel(R) Management Engine Components\IPT;C:\ProgramData\Lenovo\ReadyApps;C:\Program Files\ASUS\Bluetooth Software\;C:\Program Files\ASUS\Bluetooth Software\syswow64;C:\Program Files (x86)\Windows Live\Shared;C:\Program Files\Intel\WiFi\bin\;C:\Program Files\Common Files\Intel\WirelessCommon\;C:\Program Files (x86)\GNU\GnuPG\pub;C:\Program Files (x86)\Skype\Phone\;c:\Program Files (x86)\Microsoft SQL Server\110\Tools\Binn\;c:\Program Files (x86)\Microsoft SQL Server\110\DTS\Binn\;c:\Program Files (x86)\Microsoft SQL Server\110\Tools\Binn\ManagementStudio\;C:\Program Files (x86)\Windows Kits\8.1\Windows Performance Toolkit\;C:\Program Files\dotnet\;C:\Program Files\Microsoft SQL Server\130\Tools\Binn\;C:\Program Files\Git\cmd;C:\Program Files\Intel\WiFi\bin\;C:\Program Files\Common Files\Intel\WirelessCommon\;C:\Users\Mark\AppData\Local\Microsoft\WindowsApps;%USERPROFILE%\AppData\Local\Microsoft\WindowsApps;
USERNAME=Mark
OS=Windows_NT
PROCESSOR_IDENTIFIER=Intel64 Family 6 Model 69 Stepping 1, GenuineIntel



---------------  S Y S T E M  ---------------

OS: Windows 10.0 , 64 bit Build 16299 (10.0.16299.15)

CPU:total 4 (initial active 4) (2 cores per cpu, 2 threads per core) family 6 model 69 stepping 1, cmov, cx8, fxsr, mmx, sse, sse2, sse3, ssse3, sse4.1, sse4.2, popcnt, avx, avx2, aes, clmul, erms, lzcnt, ht, tsc, tscinvbit, bmi1, bmi2

Memory: 4k page, physical 4082084k(453360k free), swap 4082084k(4380k free)

vm_info: Java HotSpot(TM) 64-Bit Server VM (25.152-b16) for windows-amd64 JRE (1.8.0_152-b16), built on Sep 14 2017 02:29:36 by "java_re" with MS VC++ 10.0 (VS2010)

time: Mon Feb 19 16:36:43 2018
elapsed time: 2 seconds (0d 0h 0m 2s)

