#
# There is insufficient memory for the Java Runtime Environment to continue.
# Native memory allocation (malloc) failed to allocate 1240416 bytes for Chunk::new
# Possible reasons:
#   The system is out of physical RAM or swap space
#   In 32 bit mode, the process size limit was hit
# Possible solutions:
#   Reduce memory load on the system
#   Increase physical memory or swap space
#   Check if swap backing store is full
#   Use 64 bit Java on a 64 bit OS
#   Decrease Java heap size (-Xmx/-Xms)
#   Decrease number of Java threads
#   Decrease Java thread stack sizes (-Xss)
#   Set larger code cache with -XX:ReservedCodeCacheSize=
# This output file may be truncated or incomplete.
#
#  Out of Memory Error (allocation.cpp:390), pid=9448, tid=0x0000000000001934
#
# JRE version: Java(TM) SE Runtime Environment (8.0_152-b16) (build 1.8.0_152-b16)
# Java VM: Java HotSpot(TM) 64-Bit Server VM (25.152-b16 mixed mode windows-amd64 compressed oops)
# Failed to write core dump. Minidumps are not enabled by default on client versions of Windows
#

---------------  T H R E A D  ---------------

Current thread (0x0000000016d73000):  JavaThread "C2 CompilerThread0" daemon [_thread_in_native, id=6452, stack(0x00000000184c0000,0x00000000185c0000)]

Stack: [0x00000000184c0000,0x00000000185c0000]
[error occurred during error reporting (printing stack bounds), id 0xc0000005]

Native frames: (J=compiled Java code, j=interpreted, Vv=VM code, C=native code)


Current CompileTask:
C2:   7897 2034   !   4       com.android.dx.cf.code.RopperMachine::run (1550 bytes)


---------------  P R O C E S S  ---------------

Java Threads: ( => current thread )
  0x0000000018ab5000 JavaThread "pool-2-thread-1" [_thread_blocked, id=3476, stack(0x0000000018ec0000,0x0000000018fc0000)]
  0x0000000018ab4800 JavaThread "pool-1-thread-1" [_thread_in_Java, id=5980, stack(0x0000000018dc0000,0x0000000018ec0000)]
  0x0000000016dce800 JavaThread "Service Thread" daemon [_thread_blocked, id=12544, stack(0x0000000018bc0000,0x0000000018cc0000)]
  0x0000000016d79800 JavaThread "C1 CompilerThread2" daemon [_thread_blocked, id=3528, stack(0x00000000186c0000,0x00000000187c0000)]
  0x0000000016d76800 JavaThread "C2 CompilerThread1" daemon [_thread_in_native, id=3848, stack(0x00000000185c0000,0x00000000186c0000)]
=>0x0000000016d73000 JavaThread "C2 CompilerThread0" daemon [_thread_in_native, id=6452, stack(0x00000000184c0000,0x00000000185c0000)]
  0x0000000016d70800 JavaThread "Attach Listener" daemon [_thread_blocked, id=12256, stack(0x00000000183c0000,0x00000000184c0000)]
  0x0000000016d6f000 JavaThread "Signal Dispatcher" daemon [_thread_blocked, id=5136, stack(0x00000000182c0000,0x00000000183c0000)]
  0x0000000016d5f800 JavaThread "Finalizer" daemon [_thread_blocked, id=13148, stack(0x0000000017fd0000,0x00000000180d0000)]
  0x0000000004783000 JavaThread "Reference Handler" daemon [_thread_blocked, id=7136, stack(0x0000000017ed0000,0x0000000017fd0000)]
  0x0000000004692800 JavaThread "main" [_thread_in_Java, id=3868, stack(0x0000000004590000,0x0000000004690000)]

Other Threads:
  0x0000000016d37000 VMThread [stack: 0x0000000017dd0000,0x0000000017ed0000] [id=2644]
  0x0000000018807000 WatcherThread [stack: 0x0000000018cc0000,0x0000000018dc0000] [id=596]

VM state:not at safepoint (normal execution)

VM Mutex/Monitor currently owned by a thread: None

Heap:
 PSYoungGen      total 236544K, used 150668K [0x00000000eb380000, 0x0000000100000000, 0x0000000100000000)
  eden space 189952K, 54% used [0x00000000eb380000,0x00000000f1929150,0x00000000f6d00000)
  from space 46592K, 99% used [0x00000000f6d00000,0x00000000f9a7a080,0x00000000f9a80000)
  to   space 59904K, 0% used [0x00000000fc580000,0x00000000fc580000,0x0000000100000000)
 ParOldGen       total 145920K, used 98293K [0x00000000c1a00000, 0x00000000ca880000, 0x00000000eb380000)
  object space 145920K, 67% used [0x00000000c1a00000,0x00000000c79fd4f0,0x00000000ca880000)
 Metaspace       used 6704K, capacity 7256K, committed 7424K, reserved 1056768K
  class space    used 638K, capacity 656K, committed 768K, reserved 1048576K

Card table byte_map: [0x0000000013b50000,0x0000000013d50000] byte_map_base: 0x0000000013543000

Marking Bits: (ParMarkBitMap*) 0x0000000063130860
 Begin Bits: [0x00000000142a0000, 0x0000000015238000)
 End Bits:   [0x0000000015238000, 0x00000000161d0000)

Polling page: 0x0000000002850000

CodeCache: size=245760Kb used=9980Kb max_used=9992Kb free=235779Kb
 bounds [0x0000000004790000, 0x0000000005160000, 0x0000000013790000]
 total_blobs=2445 nmethods=2175 adapters=182
 compilation: enabled

Compilation events (10 events):
Event: 7.792 Thread 0x0000000016d79800 2301       2       com.android.dx.cf.attrib.BaseAnnotations::byteLength (8 bytes)
Event: 7.792 Thread 0x0000000016d79800 nmethod 2301 0x00000000050f56d0 code [0x00000000050f5820, 0x00000000050f5970]
Event: 7.814 Thread 0x0000000016d76800 nmethod 2287 0x00000000051597d0 code [0x0000000005159a20, 0x000000000515b6e0]
Event: 7.814 Thread 0x0000000016d76800 2296       4       com.android.dx.ssa.SsaMethod::buildUseList (112 bytes)
Event: 7.825 Thread 0x0000000016d79800 2302       2       java.util.HashMap::compareComparables (27 bytes)
Event: 7.825 Thread 0x0000000016d79800 nmethod 2302 0x00000000050f6a50 code [0x00000000050f6bc0, 0x00000000050f6da8]
Event: 7.829 Thread 0x0000000016d76800 nmethod 2296 0x000000000513fa90 code [0x000000000513fc40, 0x0000000005140488]
Event: 7.829 Thread 0x0000000016d76800 2242       4       com.android.dx.rop.code.BasicBlockList::getInstructionCount (48 bytes)
Event: 7.833 Thread 0x0000000016d76800 nmethod 2242 0x000000000513c010 code [0x000000000513c160, 0x000000000513c338]
Event: 7.833 Thread 0x0000000016d76800 2070       4       com.android.dx.ssa.SCCP::simulatePhi (169 bytes)

GC Heap History (10 events):
Event: 3.970 GC heap before
{Heap before GC invocations=11 (full 1):
 PSYoungGen      total 143360K, used 135625K [0x00000000eb380000, 0x00000000faa80000, 0x0000000100000000)
  eden space 125440K, 100% used [0x00000000eb380000,0x00000000f2e00000,0x00000000f2e00000)
  from space 17920K, 56% used [0x00000000f2e00000,0x00000000f37f2780,0x00000000f3f80000)
  to   space 26112K, 0% used [0x00000000f9100000,0x00000000f9100000,0x00000000faa80000)
 ParOldGen       total 81408K, used 43754K [0x00000000c1a00000, 0x00000000c6980000, 0x00000000eb380000)
  object space 81408K, 53% used [0x00000000c1a00000,0x00000000c44babc8,0x00000000c6980000)
 Metaspace       used 6671K, capacity 7256K, committed 7424K, reserved 1056768K
  class space    used 638K, capacity 656K, committed 768K, reserved 1048576K
Event: 4.037 GC heap after
Heap after GC invocations=11 (full 1):
 PSYoungGen      total 179712K, used 24569K [0x00000000eb380000, 0x00000000fa900000, 0x0000000100000000)
  eden space 155136K, 0% used [0x00000000eb380000,0x00000000eb380000,0x00000000f4b00000)
  from space 24576K, 99% used [0x00000000f9100000,0x00000000fa8fe440,0x00000000fa900000)
  to   space 29696K, 0% used [0x00000000f6f00000,0x00000000f6f00000,0x00000000f8c00000)
 ParOldGen       total 81408K, used 49010K [0x00000000c1a00000, 0x00000000c6980000, 0x00000000eb380000)
  object space 81408K, 60% used [0x00000000c1a00000,0x00000000c49dcbe0,0x00000000c6980000)
 Metaspace       used 6671K, capacity 7256K, committed 7424K, reserved 1056768K
  class space    used 638K, capacity 656K, committed 768K, reserved 1048576K
}
Event: 4.673 GC heap before
{Heap before GC invocations=12 (full 1):
 PSYoungGen      total 179712K, used 179705K [0x00000000eb380000, 0x00000000fa900000, 0x0000000100000000)
  eden space 155136K, 100% used [0x00000000eb380000,0x00000000f4b00000,0x00000000f4b00000)
  from space 24576K, 99% used [0x00000000f9100000,0x00000000fa8fe440,0x00000000fa900000)
  to   space 29696K, 0% used [0x00000000f6f00000,0x00000000f6f00000,0x00000000f8c00000)
 ParOldGen       total 81408K, used 49010K [0x00000000c1a00000, 0x00000000c6980000, 0x00000000eb380000)
  object space 81408K, 60% used [0x00000000c1a00000,0x00000000c49dcbe0,0x00000000c6980000)
 Metaspace       used 6685K, capacity 7256K, committed 7424K, reserved 1056768K
  class space    used 638K, capacity 656K, committed 768K, reserved 1048576K
Event: 4.767 GC heap after
Heap after GC invocations=12 (full 1):
 PSYoungGen      total 221696K, used 29666K [0x00000000eb380000, 0x00000000fc200000, 0x0000000100000000)
  eden space 192000K, 0% used [0x00000000eb380000,0x00000000eb380000,0x00000000f6f00000)
  from space 29696K, 99% used [0x00000000f6f00000,0x00000000f8bf88b8,0x00000000f8c00000)
  to   space 40448K, 0% used [0x00000000f9a80000,0x00000000f9a80000,0x00000000fc200000)
 ParOldGen       total 81408K, used 64995K [0x00000000c1a00000, 0x00000000c6980000, 0x00000000eb380000)
  object space 81408K, 79% used [0x00000000c1a00000,0x00000000c5978f08,0x00000000c6980000)
 Metaspace       used 6685K, capacity 7256K, committed 7424K, reserved 1056768K
  class space    used 638K, capacity 656K, committed 768K, reserved 1048576K
}
Event: 5.574 GC heap before
{Heap before GC invocations=13 (full 1):
 PSYoungGen      total 221696K, used 221666K [0x00000000eb380000, 0x00000000fc200000, 0x0000000100000000)
  eden space 192000K, 100% used [0x00000000eb380000,0x00000000f6f00000,0x00000000f6f00000)
  from space 29696K, 99% used [0x00000000f6f00000,0x00000000f8bf88b8,0x00000000f8c00000)
  to   space 40448K, 0% used [0x00000000f9a80000,0x00000000f9a80000,0x00000000fc200000)
 ParOldGen       total 81408K, used 64995K [0x00000000c1a00000, 0x00000000c6980000, 0x00000000eb380000)
  object space 81408K, 79% used [0x00000000c1a00000,0x00000000c5978f08,0x00000000c6980000)
 Metaspace       used 6695K, capacity 7256K, committed 7424K, reserved 1056768K
  class space    used 638K, capacity 656K, committed 768K, reserved 1048576K
Event: 5.657 GC heap after
Heap after GC invocations=13 (full 1):
 PSYoungGen      total 230400K, used 38951K [0x00000000eb380000, 0x00000000ffc00000, 0x0000000100000000)
  eden space 189952K, 0% used [0x00000000eb380000,0x00000000eb380000,0x00000000f6d00000)
  from space 40448K, 96% used [0x00000000f9a80000,0x00000000fc089f10,0x00000000fc200000)
  to   space 46592K, 0% used [0x00000000f6d00000,0x00000000f6d00000,0x00000000f9a80000)
 ParOldGen       total 82944K, used 82510K [0x00000000c1a00000, 0x00000000c6b00000, 0x00000000eb380000)
  object space 82944K, 99% used [0x00000000c1a00000,0x00000000c6a93968,0x00000000c6b00000)
 Metaspace       used 6695K, capacity 7256K, committed 7424K, reserved 1056768K
  class space    used 638K, capacity 656K, committed 768K, reserved 1048576K
}
Event: 5.657 GC heap before
{Heap before GC invocations=14 (full 2):
 PSYoungGen      total 230400K, used 38951K [0x00000000eb380000, 0x00000000ffc00000, 0x0000000100000000)
  eden space 189952K, 0% used [0x00000000eb380000,0x00000000eb380000,0x00000000f6d00000)
  from space 40448K, 96% used [0x00000000f9a80000,0x00000000fc089f10,0x00000000fc200000)
  to   space 46592K, 0% used [0x00000000f6d00000,0x00000000f6d00000,0x00000000f9a80000)
 ParOldGen       total 82944K, used 82510K [0x00000000c1a00000, 0x00000000c6b00000, 0x00000000eb380000)
  object space 82944K, 99% used [0x00000000c1a00000,0x00000000c6a93968,0x00000000c6b00000)
 Metaspace       used 6695K, capacity 7256K, committed 7424K, reserved 1056768K
  class space    used 638K, capacity 656K, committed 768K, reserved 1048576K
Event: 6.561 GC heap after
Heap after GC invocations=14 (full 2):
 PSYoungGen      total 230400K, used 36711K [0x00000000eb380000, 0x00000000ffc00000, 0x0000000100000000)
  eden space 189952K, 0% used [0x00000000eb380000,0x00000000eb380000,0x00000000f6d00000)
  from space 40448K, 90% used [0x00000000f9a80000,0x00000000fbe59ec8,0x00000000fc200000)
  to   space 46592K, 0% used [0x00000000f6d00000,0x00000000f6d00000,0x00000000f9a80000)
 ParOldGen       total 145920K, used 82508K [0x00000000c1a00000, 0x00000000ca880000, 0x00000000eb380000)
  object space 145920K, 56% used [0x00000000c1a00000,0x00000000c6a93330,0x00000000ca880000)
 Metaspace       used 6695K, capacity 7256K, committed 7424K, reserved 1056768K
  class space    used 638K, capacity 656K, committed 768K, reserved 1048576K
}
Event: 7.372 GC heap before
{Heap before GC invocations=15 (full 2):
 PSYoungGen      total 230400K, used 226663K [0x00000000eb380000, 0x00000000ffc00000, 0x0000000100000000)
  eden space 189952K, 100% used [0x00000000eb380000,0x00000000f6d00000,0x00000000f6d00000)
  from space 40448K, 90% used [0x00000000f9a80000,0x00000000fbe59ec8,0x00000000fc200000)
  to   space 46592K, 0% used [0x00000000f6d00000,0x00000000f6d00000,0x00000000f9a80000)
 ParOldGen       total 145920K, used 82508K [0x00000000c1a00000, 0x00000000ca880000, 0x00000000eb380000)
  object space 145920K, 56% used [0x00000000c1a00000,0x00000000c6a93330,0x00000000ca880000)
 Metaspace       used 6699K, capacity 7256K, committed 7424K, reserved 1056768K
  class space    used 638K, capacity 656K, committed 768K, reserved 1048576K
Event: 7.461 GC heap after
Heap after GC invocations=15 (full 2):
 PSYoungGen      total 236544K, used 46568K [0x00000000eb380000, 0x0000000100000000, 0x0000000100000000)
  eden space 189952K, 0% used [0x00000000eb380000,0x00000000eb380000,0x00000000f6d00000)
  from space 46592K, 99% used [0x00000000f6d00000,0x00000000f9a7a080,0x00000000f9a80000)
  to   space 59904K, 0% used [0x00000000fc580000,0x00000000fc580000,0x0000000100000000)
 ParOldGen       total 145920K, used 98293K [0x00000000c1a00000, 0x00000000ca880000, 0x00000000eb380000)
  object space 145920K, 67% used [0x00000000c1a00000,0x00000000c79fd4f0,0x00000000ca880000)
 Metaspace       used 6699K, capacity 7256K, committed 7424K, reserved 1056768K
  class space    used 638K, capacity 656K, committed 768K, reserved 1048576K
}

Deoptimization events (10 events):
Event: 3.626 Thread 0x0000000018ab4800 Uncommon trap: reason=unstable_if action=reinterpret pc=0x0000000004a4a234 method=java.util.HashMap.getNode(ILjava/lang/Object;)Ljava/util/HashMap$Node; @ 84
Event: 4.158 Thread 0x0000000018ab4800 Uncommon trap: reason=unstable_if action=reinterpret pc=0x0000000004ffeab8 method=com.android.dx.rop.code.RegisterSpec.equals(ILcom/android/dx/rop/type/TypeBearer;Lcom/android/dx/rop/code/LocalItem;)Z @ 42
Event: 4.191 Thread 0x0000000018ab4800 Uncommon trap: reason=unstable_if action=reinterpret pc=0x0000000004c9bc8c method=com.android.dx.ssa.MoveParamCombiner$1.visitNonMoveInsn(Lcom/android/dx/ssa/NormalSsaInsn;)V @ 27
Event: 4.939 Thread 0x0000000018ab4800 Uncommon trap: reason=unstable_if action=reinterpret pc=0x00000000050209b8 method=java.util.HashMap.getNode(ILjava/lang/Object;)Ljava/util/HashMap$Node; @ 84
Event: 4.941 Thread 0x0000000018ab4800 Uncommon trap: reason=speculate_class_check action=maybe_recompile pc=0x0000000004eb2f08 method=com.android.dx.ssa.SsaInsn.mapRegisters(Lcom/android/dx/ssa/RegisterMapper;)V @ 31
Event: 5.154 Thread 0x0000000018ab4800 Uncommon trap: reason=unstable_if action=reinterpret pc=0x0000000004f13a04 method=java.util.HashMap.getNode(ILjava/lang/Object;)Ljava/util/HashMap$Node; @ 84
Event: 5.360 Thread 0x0000000004692800 Uncommon trap: reason=unstable_if action=reinterpret pc=0x0000000004f538a4 method=java.util.HashMap.getNode(ILjava/lang/Object;)Ljava/util/HashMap$Node; @ 84
Event: 5.372 Thread 0x0000000004692800 Uncommon trap: reason=null_check action=make_not_entrant pc=0x00000000050cab00 method=com.android.dx.cf.code.Ropper$CatchInfo.getSetup(Lcom/android/dx/rop/type/Type;)Lcom/android/dx/cf/code/Ropper$ExceptionHandlerSetup; @ 10
Event: 5.456 Thread 0x0000000004692800 Uncommon trap: reason=unstable_if action=reinterpret pc=0x00000000050acb40 method=com.android.dx.rop.code.RegisterSpecSet.<init>(I)V @ 2
Event: 5.456 Thread 0x0000000004692800 Uncommon trap: reason=unstable_if action=reinterpret pc=0x0000000004fc4e14 method=com.android.dx.rop.code.RegisterSpecSet.<init>(I)V @ 2

Classes redefined (0 events):
No events

Internal exceptions (7 events):
Event: 0.029 Thread 0x0000000004692800 Exception <a 'java/lang/NoSuchMethodError': Method sun.misc.Unsafe.defineClass(Ljava/lang/String;[BII)Ljava/lang/Class; name or signature does not match> (0x00000000eb387ca8) thrown at [C:\re\workspace\8-2-build-windows-amd64-cygwin\jdk8u152\9742\hotspot\
Event: 0.029 Thread 0x0000000004692800 Exception <a 'java/lang/NoSuchMethodError': Method sun.misc.Unsafe.prefetchRead(Ljava/lang/Object;J)V name or signature does not match> (0x00000000eb387f90) thrown at [C:\re\workspace\8-2-build-windows-amd64-cygwin\jdk8u152\9742\hotspot\src\share\vm\prims
Event: 1.514 Thread 0x0000000018ab4800 Implicit null exception at 0x0000000004a36d62 to 0x0000000004a36e5a
Event: 3.624 Thread 0x0000000018ab4800 Exception <a 'java/lang/ArrayIndexOutOfBoundsException': 18> (0x00000000ee081c48) thrown at [C:\re\workspace\8-2-build-windows-amd64-cygwin\jdk8u152\9742\hotspot\src\share\vm\interpreter\interpreterRuntime.cpp, line 366]
Event: 3.624 Thread 0x0000000018ab4800 Exception <a 'java/lang/ArrayIndexOutOfBoundsException': 145> (0x00000000ee0837c8) thrown at [C:\re\workspace\8-2-build-windows-amd64-cygwin\jdk8u152\9742\hotspot\src\share\vm\interpreter\interpreterRuntime.cpp, line 366]
Event: 3.625 Thread 0x0000000018ab4800 Exception <a 'java/lang/ArrayIndexOutOfBoundsException'> (0x00000000ee084ab0) thrown at [C:\re\workspace\8-2-build-windows-amd64-cygwin\jdk8u152\9742\hotspot\src\share\vm\runtime\sharedRuntime.cpp, line 605]
Event: 5.372 Thread 0x0000000004692800 Implicit null exception at 0x00000000050c1e04 to 0x00000000050caab9

Events (10 events):
Event: 7.516 Thread 0x0000000004692800 DEOPT PACKING pc=0x0000000004e99daa sp=0x000000000468e750
Event: 7.516 Thread 0x0000000004692800 DEOPT UNPACKING pc=0x00000000047d787f sp=0x000000000468e4c8 mode 0
Event: 7.679 Thread 0x0000000004692800 DEOPT PACKING pc=0x0000000005072412 sp=0x000000000468e800
Event: 7.679 Thread 0x0000000004692800 DEOPT UNPACKING pc=0x00000000047d787f sp=0x000000000468e560 mode 0
Event: 7.765 Thread 0x0000000018ab4800 DEOPT PACKING pc=0x0000000005072412 sp=0x0000000018ebe790
Event: 7.765 Thread 0x0000000018ab4800 DEOPT UNPACKING pc=0x00000000047d787f sp=0x0000000018ebe4f0 mode 0
Event: 7.796 Thread 0x0000000018ab4800 DEOPT PACKING pc=0x0000000005072412 sp=0x0000000018ebe790
Event: 7.796 Thread 0x0000000018ab4800 DEOPT UNPACKING pc=0x00000000047d787f sp=0x0000000018ebe4f0 mode 0
Event: 7.887 Thread 0x0000000018ab4800 DEOPT PACKING pc=0x0000000005072412 sp=0x0000000018ebe840
Event: 7.887 Thread 0x0000000018ab4800 DEOPT UNPACKING pc=0x00000000047d787f sp=0x0000000018ebe5a0 mode 0


Dynamic libraries:
0x00007ff65ed70000 - 0x00007ff65eda7000 	C:\Program Files\Java\jdk1.8.0_152\bin\java.exe
0x00007fffe5940000 - 0x00007fffe5b20000 	C:\WINDOWS\SYSTEM32\ntdll.dll
0x00007fffe4e90000 - 0x00007fffe4f3e000 	C:\WINDOWS\System32\KERNEL32.DLL
0x00007fffe1f60000 - 0x00007fffe21c6000 	C:\WINDOWS\System32\KERNELBASE.dll
0x00007fffe5860000 - 0x00007fffe5901000 	C:\WINDOWS\System32\ADVAPI32.dll
0x00007fffe5100000 - 0x00007fffe519d000 	C:\WINDOWS\System32\msvcrt.dll
0x00007fffe5800000 - 0x00007fffe585b000 	C:\WINDOWS\System32\sechost.dll
0x00007fffe5640000 - 0x00007fffe575f000 	C:\WINDOWS\System32\RPCRT4.dll
0x00007fffe52e0000 - 0x00007fffe546f000 	C:\WINDOWS\System32\USER32.dll
0x00007fffe2920000 - 0x00007fffe2940000 	C:\WINDOWS\System32\win32u.dll
0x00007fffe3360000 - 0x00007fffe3388000 	C:\WINDOWS\System32\GDI32.dll
0x00007fffe29c0000 - 0x00007fffe2b53000 	C:\WINDOWS\System32\gdi32full.dll
0x00007fffe2d10000 - 0x00007fffe2dab000 	C:\WINDOWS\System32\msvcp_win.dll
0x00007fffe2c10000 - 0x00007fffe2d06000 	C:\WINDOWS\System32\ucrtbase.dll
0x00007fffcf270000 - 0x00007fffcf4d9000 	C:\WINDOWS\WinSxS\amd64_microsoft.windows.common-controls_6595b64144ccf1df_6.0.16299.371_none_15c7d1789365a290\COMCTL32.dll
0x00007fffe2eb0000 - 0x00007fffe31b8000 	C:\WINDOWS\System32\combase.dll
0x00007fffe2940000 - 0x00007fffe29b2000 	C:\WINDOWS\System32\bcryptPrimitives.dll
0x00007fffe5760000 - 0x00007fffe578d000 	C:\WINDOWS\System32\IMM32.DLL
0x0000000063db0000 - 0x0000000063e82000 	C:\Program Files\Java\jdk1.8.0_152\jre\bin\msvcr100.dll
0x0000000062910000 - 0x00000000631b0000 	C:\Program Files\Java\jdk1.8.0_152\jre\bin\server\jvm.dll
0x00007fffe52d0000 - 0x00007fffe52d8000 	C:\WINDOWS\System32\PSAPI.DLL
0x00007fffdfa30000 - 0x00007fffdfa53000 	C:\WINDOWS\SYSTEM32\WINMM.dll
0x00007fffd3660000 - 0x00007fffd366a000 	C:\WINDOWS\SYSTEM32\VERSION.dll
0x00007fffc3aa0000 - 0x00007fffc3aa9000 	C:\WINDOWS\SYSTEM32\WSOCK32.dll
0x00007fffe4f40000 - 0x00007fffe4fac000 	C:\WINDOWS\System32\WS2_32.dll
0x00007fffdf8f0000 - 0x00007fffdf91a000 	C:\WINDOWS\SYSTEM32\WINMMBASE.dll
0x00007fffe1d40000 - 0x00007fffe1d8a000 	C:\WINDOWS\System32\cfgmgr32.dll
0x0000000063da0000 - 0x0000000063daf000 	C:\Program Files\Java\jdk1.8.0_152\jre\bin\verify.dll
0x0000000063d70000 - 0x0000000063d99000 	C:\Program Files\Java\jdk1.8.0_152\jre\bin\java.dll
0x0000000063d50000 - 0x0000000063d66000 	C:\Program Files\Java\jdk1.8.0_152\jre\bin\zip.dll
0x00007fffe37e0000 - 0x00007fffe4c16000 	C:\WINDOWS\System32\SHELL32.dll
0x00007fffe5220000 - 0x00007fffe52c6000 	C:\WINDOWS\System32\shcore.dll
0x00007fffe21d0000 - 0x00007fffe2917000 	C:\WINDOWS\System32\windows.storage.dll
0x00007fffe51a0000 - 0x00007fffe51f1000 	C:\WINDOWS\System32\shlwapi.dll
0x00007fffe1cb0000 - 0x00007fffe1cc1000 	C:\WINDOWS\System32\kernel.appcore.dll
0x00007fffe1cf0000 - 0x00007fffe1d3c000 	C:\WINDOWS\System32\powrprof.dll
0x00007fffe1c90000 - 0x00007fffe1cab000 	C:\WINDOWS\System32\profapi.dll

VM Arguments:
java_command: C:\Program Files (x86)\Android\android-sdk\build-tools\25.0.3\\lib\dx.jar --dex --no-strict --output obj\Debug\android\bin C:\Users\Mark\source\repos\VTBoard\VTBoard\VTBoard\VTBoard.Android\obj\Debug\android\bin\classes\classes.zip C:\Program Files (x86)\Microsoft Visual Studio\2017\Enterprise\Common7\IDE\ReferenceAssemblies\Microsoft\Framework\MonoAndroid\v8.0\mono.android.jar obj\Debug\lp\0\jl\formsviewgroup.jar C:\Users\Mark\AppData\Local\Xamarin\Xamarin.Android.Support.Animated.Vector.Drawable\23.3.0.0\embedded\classes.jar C:\Users\Mark\AppData\Local\Xamarin\Xamarin.Android.Support.Design\23.3.0.0\embedded\classes.jar C:\Users\Mark\AppData\Local\Xamarin\Xamarin.Android.Support.v4\23.3.0.0\embedded\classes.jar C:\Users\Mark\AppData\Local\Xamarin\Xamarin.Android.Support.v4\23.3.0.0\embedded\libs\internal_impl-23.3.0.jar C:\Users\Mark\AppData\Local\Xamarin\Xamarin.Android.Support.v7.AppCompat\23.3.0.0\embedded\classes.jar C:\Users\Mark\AppData\Local\Xamarin\Xamarin.Android.Support.v7.CardView\23.3.0.0\embedded\classes.jar C:\Users\Mark\AppData\Local\Xamarin\Xamarin.Android.Support.v7.MediaRouter\23.3.0.0\embedded\classes.jar C:\Users\Mark\AppData\Local\Xamarin\Xamarin.Android.Support.v7.MediaRouter\23.3.0.0\embedded\libs\internal_impl-23.3.0.jar C:\Users\Mark\AppData\Local\Xamarin\Xamarin.Android.Support.v7.RecyclerView\23.3.0.0\embedded\classes.jar C:\Users\Mark\AppData\Local\Xamarin\Xamarin.Android.Support.Vector.Drawable\23.3.0.0\embedded\classes.jar
java_class_path (initial): C:\Program Files (x86)\Android\android-sdk\build-tools\25.0.3\\lib\dx.jar
Launcher Type: SUN_STANDARD

Environment Variables:
PATH=C:\Program Files (x86)\Microsoft Visual Studio\2017\Enterprise\Common7\IDE\Extensions\GitHub\GitHub\lib\win32\x86;C:\Python27\;C:\Python27\Scripts;C:\Program Files\Java\jdk1.8.0_25\bin;C:\ProgramData\Oracle\Java\javapath;C:\Program Files (x86)\Intel\iCLS Client\;C:\Program Files\Intel\iCLS Client\;C:\WINDOWS\system32;C:\WINDOWS;C:\WINDOWS\System32\Wbem;C:\WINDOWS\System32\WindowsPowerShell\v1.0\;C:\Program Files\Intel\Intel(R) Management Engine Components\DAL;C:\Program Files\Intel\Intel(R) Management Engine Components\IPT;C:\Program Files (x86)\Intel\Intel(R) Management Engine Components\DAL;C:\Program Files (x86)\Intel\Intel(R) Management Engine Components\IPT;C:\ProgramData\Lenovo\ReadyApps;C:\Program Files\ASUS\Bluetooth Software\;C:\Program Files\ASUS\Bluetooth Software\syswow64;C:\Program Files (x86)\Windows Live\Shared;C:\Program Files\Intel\WiFi\bin\;C:\Program Files\Common Files\Intel\WirelessCommon\;C:\Program Files (x86)\GNU\GnuPG\pub;C:\Program Files (x86)\Skype\Phone\;c:\Program Files (x86)\Microsoft SQL Server\110\Tools\Binn\;c:\Program Files (x86)\Microsoft SQL Server\110\DTS\Binn\;c:\Program Files (x86)\Microsoft SQL Server\110\Tools\Binn\ManagementStudio\;C:\Program Files (x86)\Windows Kits\8.1\Windows Performance Toolkit\;C:\Program Files\dotnet\;C:\Program Files\Microsoft SQL Server\130\Tools\Binn\;C:\Program Files\Git\cmd;C:\Program Files\Intel\WiFi\bin\;C:\Program Files\Common Files\Intel\WirelessCommon\;C:\Users\Mark\AppData\Local\Microsoft\WindowsApps;C:\Users\Mark\AppData\Local\Microsoft\WindowsApps;C:\Users\Mark\AppData\Local\GitHubDesktop\bin
USERNAME=Mark
OS=Windows_NT
PROCESSOR_IDENTIFIER=Intel64 Family 6 Model 69 Stepping 1, GenuineIntel



---------------  S Y S T E M  ---------------

OS: Windows 10.0 , 64 bit Build 16299 (10.0.16299.15)

CPU:total 4 (initial active 4) (2 cores per cpu, 2 threads per core) family 6 model 69 stepping 1, cmov, cx8, fxsr, mmx, sse, sse2, sse3, ssse3, sse4.1, sse4.2, popcnt, avx, avx2, aes, clmul, erms, lzcnt, ht, tsc, tscinvbit, bmi1, bmi2

Memory: 4k page, physical 4082084k(487196k free), swap 4082084k(5940k free)

vm_info: Java HotSpot(TM) 64-Bit Server VM (25.152-b16) for windows-amd64 JRE (1.8.0_152-b16), built on Sep 14 2017 02:29:36 by "java_re" with MS VC++ 10.0 (VS2010)

time: Thu Apr 26 15:28:30 2018
elapsed time: 7 seconds (0d 0h 0m 7s)

