#
# There is insufficient memory for the Java Runtime Environment to continue.
# Native memory allocation (malloc) failed to allocate 892496 bytes for Chunk::new
# Possible reasons:
#   The system is out of physical RAM or swap space
#   In 32 bit mode, the process size limit was hit
# Possible solutions:
#   Reduce memory load on the system
#   Increase physical memory or swap space
#   Check if swap backing store is full
#   Use 64 bit Java on a 64 bit OS
#   Decrease Java heap size (-Xmx/-Xms)
#   Decrease number of Java threads
#   Decrease Java thread stack sizes (-Xss)
#   Set larger code cache with -XX:ReservedCodeCacheSize=
# This output file may be truncated or incomplete.
#
#  Out of Memory Error (allocation.cpp:390), pid=13200, tid=0x00000000000019d4
#
# JRE version: Java(TM) SE Runtime Environment (8.0_152-b16) (build 1.8.0_152-b16)
# Java VM: Java HotSpot(TM) 64-Bit Server VM (25.152-b16 mixed mode windows-amd64 compressed oops)
# Failed to write core dump. Minidumps are not enabled by default on client versions of Windows
#

---------------  T H R E A D  ---------------

Current thread (0x00000000176a5000):  JavaThread "C2 CompilerThread1" daemon [_thread_in_native, id=6612, stack(0x0000000018f00000,0x0000000019000000)]

Stack: [0x0000000018f00000,0x0000000019000000]
[error occurred during error reporting (printing stack bounds), id 0xc0000005]

Native frames: (J=compiled Java code, j=interpreted, Vv=VM code, C=native code)


Current CompileTask:
C2:   6847 2242       4       com.android.dx.ssa.LocalVariableExtractor::processBlock (383 bytes)


---------------  P R O C E S S  ---------------

Java Threads: ( => current thread )
  0x000000001939c000 JavaThread "pool-2-thread-1" [_thread_blocked, id=12940, stack(0x0000000019800000,0x0000000019900000)]
  0x0000000019398000 JavaThread "pool-1-thread-1" [_thread_blocked, id=10484, stack(0x0000000019700000,0x0000000019800000)]
  0x00000000176fe000 JavaThread "Service Thread" daemon [_thread_blocked, id=10212, stack(0x0000000019500000,0x0000000019600000)]
  0x00000000176a8000 JavaThread "C1 CompilerThread2" daemon [_thread_blocked, id=4032, stack(0x0000000019000000,0x0000000019100000)]
=>0x00000000176a5000 JavaThread "C2 CompilerThread1" daemon [_thread_in_native, id=6612, stack(0x0000000018f00000,0x0000000019000000)]
  0x00000000176a1800 JavaThread "C2 CompilerThread0" daemon [_thread_in_native, id=11760, stack(0x0000000018e00000,0x0000000018f00000)]
  0x000000001769f000 JavaThread "Attach Listener" daemon [_thread_blocked, id=3160, stack(0x0000000018d00000,0x0000000018e00000)]
  0x000000001769d800 JavaThread "Signal Dispatcher" daemon [_thread_blocked, id=12700, stack(0x0000000018c00000,0x0000000018d00000)]
  0x00000000050b8800 JavaThread "Finalizer" daemon [_thread_blocked, id=11784, stack(0x0000000018910000,0x0000000018a10000)]
  0x00000000050b3000 JavaThread "Reference Handler" daemon [_thread_blocked, id=11432, stack(0x0000000018810000,0x0000000018910000)]
  0x0000000004fc2800 JavaThread "main" [_thread_in_Java, id=8448, stack(0x0000000004ec0000,0x0000000004fc0000)]

Other Threads:
  0x0000000017667000 VMThread [stack: 0x0000000018710000,0x0000000018810000] [id=8944]
  0x0000000019145000 WatcherThread [stack: 0x0000000019600000,0x0000000019700000] [id=7420]

VM state:not at safepoint (normal execution)

VM Mutex/Monitor currently owned by a thread: None

Heap:
 PSYoungGen      total 209408K, used 67588K [0x00000000eb380000, 0x00000000ff380000, 0x0000000100000000)
  eden space 169472K, 19% used [0x00000000eb380000,0x00000000ed3407f8,0x00000000f5900000)
  from space 39936K, 87% used [0x00000000f8c00000,0x00000000fae40898,0x00000000fb300000)
  to   space 52224K, 0% used [0x00000000f5900000,0x00000000f5900000,0x00000000f8c00000)
 ParOldGen       total 82432K, used 82367K [0x00000000c1a00000, 0x00000000c6a80000, 0x00000000eb380000)
  object space 82432K, 99% used [0x00000000c1a00000,0x00000000c6a6fcc0,0x00000000c6a80000)
 Metaspace       used 6700K, capacity 7256K, committed 7424K, reserved 1056768K
  class space    used 638K, capacity 656K, committed 768K, reserved 1048576K

Card table byte_map: [0x0000000014480000,0x0000000014680000] byte_map_base: 0x0000000013e73000

Marking Bits: (ParMarkBitMap*) 0x0000000073f90860
 Begin Bits: [0x0000000014bd0000, 0x0000000015b68000)
 End Bits:   [0x0000000015b68000, 0x0000000016b00000)

Polling page: 0x0000000003060000

CodeCache: size=245760Kb used=9272Kb max_used=9296Kb free=236487Kb
 bounds [0x00000000050c0000, 0x00000000059e0000, 0x00000000140c0000]
 total_blobs=2414 nmethods=2144 adapters=182
 compilation: enabled

Compilation events (10 events):
Event: 5.717 Thread 0x00000000176a8000 2249       2       com.android.dx.rop.code.RegisterSpecSet::get (9 bytes)
Event: 5.717 Thread 0x00000000176a8000 nmethod 2249 0x00000000059acc90 code [0x00000000059ace00, 0x00000000059ad048]
Event: 5.742 Thread 0x00000000176a8000 2250       1       com.android.dx.rop.code.Rop::getResult (5 bytes)
Event: 5.743 Thread 0x00000000176a8000 nmethod 2250 0x00000000059ac9d0 code [0x00000000059acb20, 0x00000000059acc30]
Event: 5.783 Thread 0x00000000176a5000 nmethod 2182 0x00000000059d5bd0 code [0x00000000059d5f20, 0x00000000059d9988]
Event: 5.784 Thread 0x00000000176a5000 2242       4       com.android.dx.ssa.LocalVariableExtractor::processBlock (383 bytes)
Event: 6.755 Thread 0x00000000176a8000 2252       1       java.util.concurrent.ThreadPoolExecutor::afterExecute (1 bytes)
Event: 6.755 Thread 0x00000000176a8000 nmethod 2252 0x00000000059ac710 code [0x00000000059ac860, 0x00000000059ac970]
Event: 6.755 Thread 0x00000000176a8000 2253       1       java.util.concurrent.ThreadPoolExecutor::beforeExecute (1 bytes)
Event: 6.755 Thread 0x00000000176a8000 nmethod 2253 0x00000000059ac450 code [0x00000000059ac5a0, 0x00000000059ac6b0]

GC Heap History (10 events):
Event: 3.027 GC heap before
{Heap before GC invocations=10 (full 1):
 PSYoungGen      total 142848K, used 17916K [0x00000000eb380000, 0x00000000faa00000, 0x0000000100000000)
  eden space 124928K, 0% used [0x00000000eb380000,0x00000000eb380000,0x00000000f2d80000)
  from space 17920K, 99% used [0x00000000f2d80000,0x00000000f3eff338,0x00000000f3f00000)
  to   space 26112K, 0% used [0x00000000f9080000,0x00000000f9080000,0x00000000faa00000)
 ParOldGen       total 44032K, used 39752K [0x00000000c1a00000, 0x00000000c4500000, 0x00000000eb380000)
  object space 44032K, 90% used [0x00000000c1a00000,0x00000000c40d2288,0x00000000c4500000)
 Metaspace       used 6568K, capacity 7256K, committed 7424K, reserved 1056768K
  class space    used 619K, capacity 656K, committed 768K, reserved 1048576K
Event: 3.510 GC heap after
Heap after GC invocations=10 (full 1):
 PSYoungGen      total 142848K, used 10723K [0x00000000eb380000, 0x00000000faa00000, 0x0000000100000000)
  eden space 124928K, 0% used [0x00000000eb380000,0x00000000eb380000,0x00000000f2d80000)
  from space 17920K, 59% used [0x00000000f2d80000,0x00000000f37f8de0,0x00000000f3f00000)
  to   space 26112K, 0% used [0x00000000f9080000,0x00000000f9080000,0x00000000faa00000)
 ParOldGen       total 82432K, used 43777K [0x00000000c1a00000, 0x00000000c6a80000, 0x00000000eb380000)
  object space 82432K, 53% used [0x00000000c1a00000,0x00000000c44c06e8,0x00000000c6a80000)
 Metaspace       used 6568K, capacity 7256K, committed 7424K, reserved 1056768K
  class space    used 619K, capacity 656K, committed 768K, reserved 1048576K
}
Event: 4.082 GC heap before
{Heap before GC invocations=11 (full 1):
 PSYoungGen      total 142848K, used 135651K [0x00000000eb380000, 0x00000000faa00000, 0x0000000100000000)
  eden space 124928K, 100% used [0x00000000eb380000,0x00000000f2d80000,0x00000000f2d80000)
  from space 17920K, 59% used [0x00000000f2d80000,0x00000000f37f8de0,0x00000000f3f00000)
  to   space 26112K, 0% used [0x00000000f9080000,0x00000000f9080000,0x00000000faa00000)
 ParOldGen       total 82432K, used 43777K [0x00000000c1a00000, 0x00000000c6a80000, 0x00000000eb380000)
  object space 82432K, 53% used [0x00000000c1a00000,0x00000000c44c06e8,0x00000000c6a80000)
 Metaspace       used 6674K, capacity 7256K, committed 7424K, reserved 1056768K
  class space    used 638K, capacity 656K, committed 768K, reserved 1048576K
Event: 4.157 GC heap after
Heap after GC invocations=11 (full 1):
 PSYoungGen      total 174080K, used 24290K [0x00000000eb380000, 0x00000000fa880000, 0x0000000100000000)
  eden space 149504K, 0% used [0x00000000eb380000,0x00000000eb380000,0x00000000f4580000)
  from space 24576K, 98% used [0x00000000f9080000,0x00000000fa838ab0,0x00000000fa880000)
  to   space 29696K, 0% used [0x00000000f6e80000,0x00000000f6e80000,0x00000000f8b80000)
 ParOldGen       total 82432K, used 50139K [0x00000000c1a00000, 0x00000000c6a80000, 0x00000000eb380000)
  object space 82432K, 60% used [0x00000000c1a00000,0x00000000c4af6d48,0x00000000c6a80000)
 Metaspace       used 6674K, capacity 7256K, committed 7424K, reserved 1056768K
  class space    used 638K, capacity 656K, committed 768K, reserved 1048576K
}
Event: 4.971 GC heap before
{Heap before GC invocations=12 (full 1):
 PSYoungGen      total 174080K, used 173794K [0x00000000eb380000, 0x00000000fa880000, 0x0000000100000000)
  eden space 149504K, 100% used [0x00000000eb380000,0x00000000f4580000,0x00000000f4580000)
  from space 24576K, 98% used [0x00000000f9080000,0x00000000fa838ab0,0x00000000fa880000)
  to   space 29696K, 0% used [0x00000000f6e80000,0x00000000f6e80000,0x00000000f8b80000)
 ParOldGen       total 82432K, used 50139K [0x00000000c1a00000, 0x00000000c6a80000, 0x00000000eb380000)
  object space 82432K, 60% used [0x00000000c1a00000,0x00000000c4af6d48,0x00000000c6a80000)
 Metaspace       used 6690K, capacity 7256K, committed 7424K, reserved 1056768K
  class space    used 638K, capacity 656K, committed 768K, reserved 1048576K
Event: 5.068 GC heap after
Heap after GC invocations=12 (full 1):
 PSYoungGen      total 211456K, used 29665K [0x00000000eb380000, 0x00000000fb300000, 0x0000000100000000)
  eden space 181760K, 0% used [0x00000000eb380000,0x00000000eb380000,0x00000000f6500000)
  from space 29696K, 99% used [0x00000000f6e80000,0x00000000f8b78778,0x00000000f8b80000)
  to   space 39936K, 0% used [0x00000000f8c00000,0x00000000f8c00000,0x00000000fb300000)
 ParOldGen       total 82432K, used 65399K [0x00000000c1a00000, 0x00000000c6a80000, 0x00000000eb380000)
  object space 82432K, 79% used [0x00000000c1a00000,0x00000000c59ddc18,0x00000000c6a80000)
 Metaspace       used 6690K, capacity 7256K, committed 7424K, reserved 1056768K
  class space    used 638K, capacity 656K, committed 768K, reserved 1048576K
}
Event: 5.791 GC heap before
{Heap before GC invocations=13 (full 1):
 PSYoungGen      total 211456K, used 211425K [0x00000000eb380000, 0x00000000fb300000, 0x0000000100000000)
  eden space 181760K, 100% used [0x00000000eb380000,0x00000000f6500000,0x00000000f6500000)
  from space 29696K, 99% used [0x00000000f6e80000,0x00000000f8b78778,0x00000000f8b80000)
  to   space 39936K, 0% used [0x00000000f8c00000,0x00000000f8c00000,0x00000000fb300000)
 ParOldGen       total 82432K, used 65399K [0x00000000c1a00000, 0x00000000c6a80000, 0x00000000eb380000)
  object space 82432K, 79% used [0x00000000c1a00000,0x00000000c59ddc18,0x00000000c6a80000)
 Metaspace       used 6700K, capacity 7256K, committed 7424K, reserved 1056768K
  class space    used 638K, capacity 656K, committed 768K, reserved 1048576K
Event: 5.880 GC heap after
Heap after GC invocations=13 (full 1):
 PSYoungGen      total 209408K, used 39906K [0x00000000eb380000, 0x00000000ff380000, 0x0000000100000000)
  eden space 169472K, 0% used [0x00000000eb380000,0x00000000eb380000,0x00000000f5900000)
  from space 39936K, 99% used [0x00000000f8c00000,0x00000000fb2f8860,0x00000000fb300000)
  to   space 52224K, 0% used [0x00000000f5900000,0x00000000f5900000,0x00000000f8c00000)
 ParOldGen       total 82432K, used 80851K [0x00000000c1a00000, 0x00000000c6a80000, 0x00000000eb380000)
  object space 82432K, 98% used [0x00000000c1a00000,0x00000000c68f4f60,0x00000000c6a80000)
 Metaspace       used 6700K, capacity 7256K, committed 7424K, reserved 1056768K
  class space    used 638K, capacity 656K, committed 768K, reserved 1048576K
}
Event: 5.880 GC heap before
{Heap before GC invocations=14 (full 2):
 PSYoungGen      total 209408K, used 39906K [0x00000000eb380000, 0x00000000ff380000, 0x0000000100000000)
  eden space 169472K, 0% used [0x00000000eb380000,0x00000000eb380000,0x00000000f5900000)
  from space 39936K, 99% used [0x00000000f8c00000,0x00000000fb2f8860,0x00000000fb300000)
  to   space 52224K, 0% used [0x00000000f5900000,0x00000000f5900000,0x00000000f8c00000)
 ParOldGen       total 82432K, used 80851K [0x00000000c1a00000, 0x00000000c6a80000, 0x00000000eb380000)
  object space 82432K, 98% used [0x00000000c1a00000,0x00000000c68f4f60,0x00000000c6a80000)
 Metaspace       used 6700K, capacity 7256K, committed 7424K, reserved 1056768K
  class space    used 638K, capacity 656K, committed 768K, reserved 1048576K
Event: 6.730 GC heap after
Heap after GC invocations=14 (full 2):
 PSYoungGen      total 209408K, used 35074K [0x00000000eb380000, 0x00000000ff380000, 0x0000000100000000)
  eden space 169472K, 0% used [0x00000000eb380000,0x00000000eb380000,0x00000000f5900000)
  from space 39936K, 87% used [0x00000000f8c00000,0x00000000fae40898,0x00000000fb300000)
  to   space 52224K, 0% used [0x00000000f5900000,0x00000000f5900000,0x00000000f8c00000)
 ParOldGen       total 82432K, used 82367K [0x00000000c1a00000, 0x00000000c6a80000, 0x00000000eb380000)
  object space 82432K, 99% used [0x00000000c1a00000,0x00000000c6a6fcc0,0x00000000c6a80000)
 Metaspace       used 6700K, capacity 7256K, committed 7424K, reserved 1056768K
  class space    used 638K, capacity 656K, committed 768K, reserved 1048576K
}

Deoptimization events (10 events):
Event: 2.674 Thread 0x0000000004fc2800 Uncommon trap: reason=bimorphic action=maybe_recompile pc=0x00000000057f181c method=java.util.HashMap.getNode(ILjava/lang/Object;)Ljava/util/HashMap$Node; @ 126
Event: 3.722 Thread 0x0000000019398000 Uncommon trap: reason=unstable_if action=reinterpret pc=0x000000000576463c method=java.util.HashMap.putVal(ILjava/lang/Object;Ljava/lang/Object;ZZ)Ljava/lang/Object; @ 162
Event: 3.729 Thread 0x0000000019398000 Uncommon trap: reason=unstable_if action=reinterpret pc=0x0000000005862534 method=java.util.HashMap.getNode(ILjava/lang/Object;)Ljava/util/HashMap$Node; @ 84
Event: 3.984 Thread 0x0000000019398000 Uncommon trap: reason=unstable_if action=reinterpret pc=0x0000000005903d2c method=com.android.dx.rop.code.RegisterSpec.equals(ILcom/android/dx/rop/type/TypeBearer;Lcom/android/dx/rop/code/LocalItem;)Z @ 42
Event: 4.031 Thread 0x0000000004fc2800 Uncommon trap: reason=unstable_if action=reinterpret pc=0x0000000005865ab0 method=java.util.HashMap.putVal(ILjava/lang/Object;Ljava/lang/Object;ZZ)Ljava/lang/Object; @ 162
Event: 4.403 Thread 0x0000000004fc2800 Uncommon trap: reason=unstable_if action=reinterpret pc=0x0000000005674094 method=com.android.dx.ssa.MoveParamCombiner$1.visitNonMoveInsn(Lcom/android/dx/ssa/NormalSsaInsn;)V @ 27
Event: 5.420 Thread 0x0000000019398000 Uncommon trap: reason=unstable_if action=reinterpret pc=0x00000000058b065c method=java.util.HashMap.getNode(ILjava/lang/Object;)Ljava/util/HashMap$Node; @ 84
Event: 5.640 Thread 0x0000000019398000 Uncommon trap: reason=unstable_if action=reinterpret pc=0x000000000584b070 method=java.util.HashMap.getNode(ILjava/lang/Object;)Ljava/util/HashMap$Node; @ 84
Event: 5.711 Thread 0x0000000004fc2800 Uncommon trap: reason=unstable_if action=reinterpret pc=0x00000000059bd764 method=com.android.dx.rop.code.RegisterSpecSet.<init>(I)V @ 2
Event: 5.711 Thread 0x0000000004fc2800 Uncommon trap: reason=unstable_if action=reinterpret pc=0x00000000057bc984 method=com.android.dx.rop.code.RegisterSpecSet.<init>(I)V @ 2

Classes redefined (0 events):
No events

Internal exceptions (6 events):
Event: 0.028 Thread 0x0000000004fc2800 Exception <a 'java/lang/NoSuchMethodError': Method sun.misc.Unsafe.defineClass(Ljava/lang/String;[BII)Ljava/lang/Class; name or signature does not match> (0x00000000eb387ca8) thrown at [C:\re\workspace\8-2-build-windows-amd64-cygwin\jdk8u152\9742\hotspot\
Event: 0.028 Thread 0x0000000004fc2800 Exception <a 'java/lang/NoSuchMethodError': Method sun.misc.Unsafe.prefetchRead(Ljava/lang/Object;J)V name or signature does not match> (0x00000000eb387f90) thrown at [C:\re\workspace\8-2-build-windows-amd64-cygwin\jdk8u152\9742\hotspot\src\share\vm\prims
Event: 1.457 Thread 0x0000000019398000 Implicit null exception at 0x000000000536cce2 to 0x000000000536cdda
Event: 3.726 Thread 0x0000000019398000 Exception <a 'java/lang/ArrayIndexOutOfBoundsException': 18> (0x00000000edbe76a8) thrown at [C:\re\workspace\8-2-build-windows-amd64-cygwin\jdk8u152\9742\hotspot\src\share\vm\interpreter\interpreterRuntime.cpp, line 366]
Event: 3.726 Thread 0x0000000019398000 Exception <a 'java/lang/ArrayIndexOutOfBoundsException': 145> (0x00000000edbe9228) thrown at [C:\re\workspace\8-2-build-windows-amd64-cygwin\jdk8u152\9742\hotspot\src\share\vm\interpreter\interpreterRuntime.cpp, line 366]
Event: 3.728 Thread 0x0000000019398000 Exception <a 'java/lang/ArrayIndexOutOfBoundsException'> (0x00000000edbea510) thrown at [C:\re\workspace\8-2-build-windows-amd64-cygwin\jdk8u152\9742\hotspot\src\share\vm\runtime\sharedRuntime.cpp, line 605]

Events (10 events):
Event: 5.711 Thread 0x0000000004fc2800 Uncommon trap: trap_request=0xffffff65 fr.pc=0x00000000059bd764
Event: 5.711 Thread 0x0000000004fc2800 DEOPT PACKING pc=0x00000000059bd764 sp=0x0000000004fbe770
Event: 5.711 Thread 0x0000000004fc2800 DEOPT UNPACKING pc=0x000000000510582a sp=0x0000000004fbe6d8 mode 2
Event: 5.711 Thread 0x0000000004fc2800 Uncommon trap: trap_request=0xffffff65 fr.pc=0x00000000057bc984
Event: 5.711 Thread 0x0000000004fc2800 DEOPT PACKING pc=0x00000000057bc984 sp=0x0000000004fbe6e0
Event: 5.711 Thread 0x0000000004fc2800 DEOPT UNPACKING pc=0x000000000510582a sp=0x0000000004fbe620 mode 2
Event: 5.791 Executing VM operation: ParallelGCFailedAllocation
Event: 6.730 Executing VM operation: ParallelGCFailedAllocation done
Event: 6.752 Thread 0x0000000019398000 DEOPT PACKING pc=0x00000000053aa444 sp=0x00000000197fe700
Event: 6.752 Thread 0x0000000019398000 DEOPT UNPACKING pc=0x000000000510787f sp=0x00000000197fe418 mode 0


Dynamic libraries:
0x00007ff791260000 - 0x00007ff791297000 	C:\Program Files\Java\jdk1.8.0_152\bin\java.exe
0x00007ffa3be90000 - 0x00007ffa3c070000 	C:\WINDOWS\SYSTEM32\ntdll.dll
0x00007ffa3b0b0000 - 0x00007ffa3b15e000 	C:\WINDOWS\System32\KERNEL32.DLL
0x00007ffa38430000 - 0x00007ffa38696000 	C:\WINDOWS\System32\KERNELBASE.dll
0x00007ffa3afa0000 - 0x00007ffa3b041000 	C:\WINDOWS\System32\ADVAPI32.dll
0x00007ffa3b170000 - 0x00007ffa3b20d000 	C:\WINDOWS\System32\msvcrt.dll
0x00007ffa39560000 - 0x00007ffa395bb000 	C:\WINDOWS\System32\sechost.dll
0x00007ffa39370000 - 0x00007ffa3948f000 	C:\WINDOWS\System32\RPCRT4.dll
0x00007ffa3bcd0000 - 0x00007ffa3be5f000 	C:\WINDOWS\System32\USER32.dll
0x00007ffa39240000 - 0x00007ffa39260000 	C:\WINDOWS\System32\win32u.dll
0x00007ffa3b210000 - 0x00007ffa3b238000 	C:\WINDOWS\System32\GDI32.dll
0x00007ffa38290000 - 0x00007ffa38423000 	C:\WINDOWS\System32\gdi32full.dll
0x00007ffa38980000 - 0x00007ffa38a1b000 	C:\WINDOWS\System32\msvcp_win.dll
0x00007ffa39260000 - 0x00007ffa39356000 	C:\WINDOWS\System32\ucrtbase.dll
0x00007ffa243e0000 - 0x00007ffa24649000 	C:\WINDOWS\WinSxS\amd64_microsoft.windows.common-controls_6595b64144ccf1df_6.0.16299.371_none_15c7d1789365a290\COMCTL32.dll
0x00007ffa3b860000 - 0x00007ffa3bb68000 	C:\WINDOWS\System32\combase.dll
0x00007ffa39170000 - 0x00007ffa391e2000 	C:\WINDOWS\System32\bcryptPrimitives.dll
0x00007ffa3ae60000 - 0x00007ffa3ae8d000 	C:\WINDOWS\System32\IMM32.DLL
0x00000000740a0000 - 0x0000000074172000 	C:\Program Files\Java\jdk1.8.0_152\jre\bin\msvcr100.dll
0x0000000073770000 - 0x0000000074010000 	C:\Program Files\Java\jdk1.8.0_152\jre\bin\server\jvm.dll
0x00007ffa3bc20000 - 0x00007ffa3bc28000 	C:\WINDOWS\System32\PSAPI.DLL
0x00007ffa36380000 - 0x00007ffa363a3000 	C:\WINDOWS\SYSTEM32\WINMM.dll
0x00007ffa29b50000 - 0x00007ffa29b5a000 	C:\WINDOWS\SYSTEM32\VERSION.dll
0x00007ffa160c0000 - 0x00007ffa160c9000 	C:\WINDOWS\SYSTEM32\WSOCK32.dll
0x00007ffa3b240000 - 0x00007ffa3b2ac000 	C:\WINDOWS\System32\WS2_32.dll
0x00007ffa36140000 - 0x00007ffa3616a000 	C:\WINDOWS\SYSTEM32\winmmbase.dll
0x00007ffa391f0000 - 0x00007ffa3923a000 	C:\WINDOWS\System32\cfgmgr32.dll
0x0000000074090000 - 0x000000007409f000 	C:\Program Files\Java\jdk1.8.0_152\jre\bin\verify.dll
0x0000000073740000 - 0x0000000073769000 	C:\Program Files\Java\jdk1.8.0_152\jre\bin\java.dll
0x0000000073720000 - 0x0000000073736000 	C:\Program Files\Java\jdk1.8.0_152\jre\bin\zip.dll
0x00007ffa39a20000 - 0x00007ffa3ae56000 	C:\WINDOWS\System32\SHELL32.dll
0x00007ffa3bb70000 - 0x00007ffa3bc16000 	C:\WINDOWS\System32\shcore.dll
0x00007ffa38a20000 - 0x00007ffa39167000 	C:\WINDOWS\System32\windows.storage.dll
0x00007ffa3b720000 - 0x00007ffa3b771000 	C:\WINDOWS\System32\shlwapi.dll
0x00007ffa38200000 - 0x00007ffa38211000 	C:\WINDOWS\System32\kernel.appcore.dll
0x00007ffa38220000 - 0x00007ffa3826c000 	C:\WINDOWS\System32\powrprof.dll
0x00007ffa381e0000 - 0x00007ffa381fb000 	C:\WINDOWS\System32\profapi.dll

VM Arguments:
java_command: C:\Program Files (x86)\Android\android-sdk\build-tools\25.0.3\\lib\dx.jar --dex --no-strict --output obj\Debug\android\bin C:\Users\Mark\source\repos\VTBoard\VTBoard\VTBoard\VTBoard.Android\obj\Debug\android\bin\classes\classes.zip C:\Program Files (x86)\Microsoft Visual Studio\2017\Enterprise\Common7\IDE\ReferenceAssemblies\Microsoft\Framework\MonoAndroid\v8.0\mono.android.jar obj\Debug\lp\0\jl\formsviewgroup.jar C:\Users\Mark\AppData\Local\Xamarin\Xamarin.Android.Support.Animated.Vector.Drawable\23.3.0.0\embedded\classes.jar C:\Users\Mark\AppData\Local\Xamarin\Xamarin.Android.Support.Design\23.3.0.0\embedded\classes.jar C:\Users\Mark\AppData\Local\Xamarin\Xamarin.Android.Support.v4\23.3.0.0\embedded\classes.jar C:\Users\Mark\AppData\Local\Xamarin\Xamarin.Android.Support.v4\23.3.0.0\embedded\libs\internal_impl-23.3.0.jar C:\Users\Mark\AppData\Local\Xamarin\Xamarin.Android.Support.v7.AppCompat\23.3.0.0\embedded\classes.jar C:\Users\Mark\AppData\Local\Xamarin\Xamarin.Android.Support.v7.CardView\23.3.0.0\embedded\classes.jar C:\Users\Mark\AppData\Local\Xamarin\Xamarin.Android.Support.v7.MediaRouter\23.3.0.0\embedded\classes.jar C:\Users\Mark\AppData\Local\Xamarin\Xamarin.Android.Support.v7.MediaRouter\23.3.0.0\embedded\libs\internal_impl-23.3.0.jar C:\Users\Mark\AppData\Local\Xamarin\Xamarin.Android.Support.v7.RecyclerView\23.3.0.0\embedded\classes.jar C:\Users\Mark\AppData\Local\Xamarin\Xamarin.Android.Support.Vector.Drawable\23.3.0.0\embedded\classes.jar
java_class_path (initial): C:\Program Files (x86)\Android\android-sdk\build-tools\25.0.3\\lib\dx.jar
Launcher Type: SUN_STANDARD

Environment Variables:
PATH=C:\Program Files (x86)\Microsoft Visual Studio\2017\Enterprise\Common7\IDE\Extensions\GitHub\GitHub\lib\win32\x86;C:\Python27\;C:\Python27\Scripts;C:\Program Files\Java\jdk1.8.0_25\bin;C:\ProgramData\Oracle\Java\javapath;C:\Program Files (x86)\Intel\iCLS Client\;C:\Program Files\Intel\iCLS Client\;C:\WINDOWS\system32;C:\WINDOWS;C:\WINDOWS\System32\Wbem;C:\WINDOWS\System32\WindowsPowerShell\v1.0\;C:\Program Files\Intel\Intel(R) Management Engine Components\DAL;C:\Program Files\Intel\Intel(R) Management Engine Components\IPT;C:\Program Files (x86)\Intel\Intel(R) Management Engine Components\DAL;C:\Program Files (x86)\Intel\Intel(R) Management Engine Components\IPT;C:\ProgramData\Lenovo\ReadyApps;C:\Program Files\ASUS\Bluetooth Software\;C:\Program Files\ASUS\Bluetooth Software\syswow64;C:\Program Files (x86)\Windows Live\Shared;C:\Program Files\Intel\WiFi\bin\;C:\Program Files\Common Files\Intel\WirelessCommon\;C:\Program Files (x86)\GNU\GnuPG\pub;C:\Program Files (x86)\Skype\Phone\;c:\Program Files (x86)\Microsoft SQL Server\110\Tools\Binn\;c:\Program Files (x86)\Microsoft SQL Server\110\DTS\Binn\;c:\Program Files (x86)\Microsoft SQL Server\110\Tools\Binn\ManagementStudio\;C:\Program Files (x86)\Windows Kits\8.1\Windows Performance Toolkit\;C:\Program Files\dotnet\;C:\Program Files\Microsoft SQL Server\130\Tools\Binn\;C:\Program Files\Git\cmd;C:\Program Files\Intel\WiFi\bin\;C:\Program Files\Common Files\Intel\WirelessCommon\;C:\Users\Mark\AppData\Local\Microsoft\WindowsApps;C:\Users\Mark\AppData\Local\Microsoft\WindowsApps;C:\Users\Mark\AppData\Local\GitHubDesktop\bin
USERNAME=Mark
OS=Windows_NT
PROCESSOR_IDENTIFIER=Intel64 Family 6 Model 69 Stepping 1, GenuineIntel



---------------  S Y S T E M  ---------------

OS: Windows 10.0 , 64 bit Build 16299 (10.0.16299.15)

CPU:total 4 (initial active 4) (2 cores per cpu, 2 threads per core) family 6 model 69 stepping 1, cmov, cx8, fxsr, mmx, sse, sse2, sse3, ssse3, sse4.1, sse4.2, popcnt, avx, avx2, aes, clmul, erms, lzcnt, ht, tsc, tscinvbit, bmi1, bmi2

Memory: 4k page, physical 4082084k(267636k free), swap 4082084k(4860k free)

vm_info: Java HotSpot(TM) 64-Bit Server VM (25.152-b16) for windows-amd64 JRE (1.8.0_152-b16), built on Sep 14 2017 02:29:36 by "java_re" with MS VC++ 10.0 (VS2010)

time: Thu Apr 19 15:35:22 2018
elapsed time: 6 seconds (0d 0h 0m 6s)

