#
# There is insufficient memory for the Java Runtime Environment to continue.
# Native memory allocation (malloc) failed to allocate 852496 bytes for Chunk::new
# Possible reasons:
#   The system is out of physical RAM or swap space
#   In 32 bit mode, the process size limit was hit
# Possible solutions:
#   Reduce memory load on the system
#   Increase physical memory or swap space
#   Check if swap backing store is full
#   Use 64 bit Java on a 64 bit OS
#   Decrease Java heap size (-Xmx/-Xms)
#   Decrease number of Java threads
#   Decrease Java thread stack sizes (-Xss)
#   Set larger code cache with -XX:ReservedCodeCacheSize=
# This output file may be truncated or incomplete.
#
#  Out of Memory Error (allocation.cpp:390), pid=3496, tid=0x0000000000003488
#
# JRE version: Java(TM) SE Runtime Environment (8.0_152-b16) (build 1.8.0_152-b16)
# Java VM: Java HotSpot(TM) 64-Bit Server VM (25.152-b16 mixed mode windows-amd64 compressed oops)
# Failed to write core dump. Minidumps are not enabled by default on client versions of Windows
#

---------------  T H R E A D  ---------------

Current thread (0x0000000016c33800):  JavaThread "C2 CompilerThread0" daemon [_thread_in_native, id=13448, stack(0x0000000018370000,0x0000000018470000)]

Stack: [0x0000000018370000,0x0000000018470000]
[error occurred during error reporting (printing stack bounds), id 0xc0000005]

Native frames: (J=compiled Java code, j=interpreted, Vv=VM code, C=native code)


Current CompileTask:
C2:  12614 2003       4       com.android.dx.rop.code.LocalVariableExtractor::processBlock (327 bytes)


---------------  P R O C E S S  ---------------

Java Threads: ( => current thread )
  0x00000000186a8800 JavaThread "Service Thread" daemon [_thread_blocked, id=1180, stack(0x0000000018a70000,0x0000000018b70000)]
  0x0000000016c3a000 JavaThread "C1 CompilerThread2" daemon [_thread_blocked, id=10260, stack(0x0000000018570000,0x0000000018670000)]
  0x0000000016c37000 JavaThread "C2 CompilerThread1" daemon [_thread_in_native, id=6904, stack(0x0000000018470000,0x0000000018570000)]
=>0x0000000016c33800 JavaThread "C2 CompilerThread0" daemon [_thread_in_native, id=13448, stack(0x0000000018370000,0x0000000018470000)]
  0x0000000016c31800 JavaThread "Attach Listener" daemon [_thread_blocked, id=6528, stack(0x0000000018270000,0x0000000018370000)]
  0x0000000016c30800 JavaThread "Signal Dispatcher" daemon [_thread_blocked, id=6912, stack(0x0000000018170000,0x0000000018270000)]
  0x0000000004648800 JavaThread "Finalizer" daemon [_thread_blocked, id=13228, stack(0x0000000017e80000,0x0000000017f80000)]
  0x0000000004643000 JavaThread "Reference Handler" daemon [_thread_blocked, id=7696, stack(0x0000000017d80000,0x0000000017e80000)]
  0x0000000004552800 JavaThread "main" [_thread_in_Java, id=10064, stack(0x0000000004420000,0x0000000004520000)]

Other Threads:
  0x0000000016bf7000 VMThread [stack: 0x0000000017c80000,0x0000000017d80000] [id=5628]
  0x0000000016c8c000 WatcherThread [stack: 0x0000000018b70000,0x0000000018c70000] [id=6500]

VM state:not at safepoint (normal execution)

VM Mutex/Monitor currently owned by a thread: None

Heap:
 PSYoungGen      total 250880K, used 128986K [0x00000000eb380000, 0x0000000100000000, 0x0000000100000000)
  eden space 174592K, 43% used [0x00000000eb380000,0x00000000efd11720,0x00000000f5e00000)
  from space 76288K, 70% used [0x00000000fb580000,0x00000000fe9e5378,0x0000000100000000)
  to   space 82944K, 0% used [0x00000000f5e00000,0x00000000f5e00000,0x00000000faf00000)
 ParOldGen       total 235520K, used 176283K [0x00000000c1a00000, 0x00000000d0000000, 0x00000000eb380000)
  object space 235520K, 74% used [0x00000000c1a00000,0x00000000cc626d08,0x00000000d0000000)
 Metaspace       used 7044K, capacity 7608K, committed 7936K, reserved 1056768K
  class space    used 656K, capacity 688K, committed 768K, reserved 1048576K

Card table byte_map: [0x0000000013a10000,0x0000000013c10000] byte_map_base: 0x0000000013403000

Marking Bits: (ParMarkBitMap*) 0x0000000052430860
 Begin Bits: [0x0000000014160000, 0x00000000150f8000)
 End Bits:   [0x00000000150f8000, 0x0000000016090000)

Polling page: 0x0000000002690000

CodeCache: size=245760Kb used=11434Kb max_used=11434Kb free=234325Kb
 bounds [0x0000000004650000, 0x0000000005190000, 0x0000000013650000]
 total_blobs=2770 nmethods=2500 adapters=182
 compilation: enabled

Compilation events (10 events):
Event: 12.576 Thread 0x0000000016c3a000 2741       2       com.android.dx.dex.code.CatchHandlerList$Entry::compareTo (38 bytes)
Event: 12.577 Thread 0x0000000016c3a000 nmethod 2741 0x000000000517c110 code [0x000000000517c2a0, 0x000000000517c598]
Event: 12.577 Thread 0x0000000016c3a000 2742       2       com.android.dx.dex.code.CatchHandlerList$Entry::equals (26 bytes)
Event: 12.577 Thread 0x0000000016c3a000 nmethod 2742 0x000000000517c910 code [0x000000000517ca80, 0x000000000517cc88]
Event: 12.587 Thread 0x0000000016c3a000 2744       3       com.android.dx.dex.code.StdCatchBuilder::build (262 bytes)
Event: 12.591 Thread 0x0000000016c3a000 nmethod 2744 0x000000000517cd50 code [0x000000000517d260, 0x0000000005180be8]
Event: 12.591 Thread 0x0000000016c3a000 2745       2       com.android.dx.dex.file.StringIdsSection::get (49 bytes)
Event: 12.591 Thread 0x0000000016c3a000 nmethod 2745 0x0000000005183d90 code [0x0000000005183f40, 0x0000000005184338]
Event: 12.598 Thread 0x0000000016c3a000 2746       2       com.android.dx.util.ByteArrayAnnotatedOutput::ensureCapacity (39 bytes)
Event: 12.598 Thread 0x0000000016c3a000 nmethod 2746 0x00000000051845d0 code [0x0000000005184740, 0x0000000005184a08]

GC Heap History (10 events):
Event: 7.378 GC heap before
{Heap before GC invocations=15 (full 2):
 PSYoungGen      total 214528K, used 210092K [0x00000000eb380000, 0x00000000fe800000, 0x0000000100000000)
  eden space 175616K, 100% used [0x00000000eb380000,0x00000000f5f00000,0x00000000f5f00000)
  from space 38912K, 88% used [0x00000000f8b80000,0x00000000fad2b2b8,0x00000000fb180000)
  to   space 45568K, 0% used [0x00000000f5f00000,0x00000000f5f00000,0x00000000f8b80000)
 ParOldGen       total 145408K, used 81524K [0x00000000c1a00000, 0x00000000ca800000, 0x00000000eb380000)
  object space 145408K, 56% used [0x00000000c1a00000,0x00000000c699d098,0x00000000ca800000)
 Metaspace       used 6698K, capacity 7256K, committed 7424K, reserved 1056768K
  class space    used 638K, capacity 656K, committed 768K, reserved 1048576K
Event: 7.498 GC heap after
Heap after GC invocations=15 (full 2):
 PSYoungGen      total 221184K, used 45537K [0x00000000eb380000, 0x00000000fee00000, 0x0000000100000000)
  eden space 175616K, 0% used [0x00000000eb380000,0x00000000eb380000,0x00000000f5f00000)
  from space 45568K, 99% used [0x00000000f5f00000,0x00000000f8b786a8,0x00000000f8b80000)
  to   space 57856K, 0% used [0x00000000fb580000,0x00000000fb580000,0x00000000fee00000)
 ParOldGen       total 145408K, used 95272K [0x00000000c1a00000, 0x00000000ca800000, 0x00000000eb380000)
  object space 145408K, 65% used [0x00000000c1a00000,0x00000000c770a2c8,0x00000000ca800000)
 Metaspace       used 6698K, capacity 7256K, committed 7424K, reserved 1056768K
  class space    used 638K, capacity 656K, committed 768K, reserved 1048576K
}
Event: 8.203 GC heap before
{Heap before GC invocations=16 (full 2):
 PSYoungGen      total 221184K, used 221153K [0x00000000eb380000, 0x00000000fee00000, 0x0000000100000000)
  eden space 175616K, 100% used [0x00000000eb380000,0x00000000f5f00000,0x00000000f5f00000)
  from space 45568K, 99% used [0x00000000f5f00000,0x00000000f8b786a8,0x00000000f8b80000)
  to   space 57856K, 0% used [0x00000000fb580000,0x00000000fb580000,0x00000000fee00000)
 ParOldGen       total 145408K, used 95272K [0x00000000c1a00000, 0x00000000ca800000, 0x00000000eb380000)
  object space 145408K, 65% used [0x00000000c1a00000,0x00000000c770a2c8,0x00000000ca800000)
 Metaspace       used 6704K, capacity 7256K, committed 7424K, reserved 1056768K
  class space    used 638K, capacity 656K, committed 768K, reserved 1048576K
Event: 8.332 GC heap after
Heap after GC invocations=16 (full 2):
 PSYoungGen      total 258560K, used 46345K [0x00000000eb380000, 0x00000000ffd80000, 0x0000000100000000)
  eden space 200704K, 0% used [0x00000000eb380000,0x00000000eb380000,0x00000000f7780000)
  from space 57856K, 80% used [0x00000000fb580000,0x00000000fe2c2640,0x00000000fee00000)
  to   space 63488K, 0% used [0x00000000f7780000,0x00000000f7780000,0x00000000fb580000)
 ParOldGen       total 145408K, used 119618K [0x00000000c1a00000, 0x00000000ca800000, 0x00000000eb380000)
  object space 145408K, 82% used [0x00000000c1a00000,0x00000000c8ed0970,0x00000000ca800000)
 Metaspace       used 6704K, capacity 7256K, committed 7424K, reserved 1056768K
  class space    used 638K, capacity 656K, committed 768K, reserved 1048576K
}
Event: 8.997 GC heap before
{Heap before GC invocations=17 (full 2):
 PSYoungGen      total 258560K, used 247049K [0x00000000eb380000, 0x00000000ffd80000, 0x0000000100000000)
  eden space 200704K, 100% used [0x00000000eb380000,0x00000000f7780000,0x00000000f7780000)
  from space 57856K, 80% used [0x00000000fb580000,0x00000000fe2c2640,0x00000000fee00000)
  to   space 63488K, 0% used [0x00000000f7780000,0x00000000f7780000,0x00000000fb580000)
 ParOldGen       total 145408K, used 119618K [0x00000000c1a00000, 0x00000000ca800000, 0x00000000eb380000)
  object space 145408K, 82% used [0x00000000c1a00000,0x00000000c8ed0970,0x00000000ca800000)
 Metaspace       used 6706K, capacity 7256K, committed 7424K, reserved 1056768K
  class space    used 638K, capacity 656K, committed 768K, reserved 1048576K
Event: 9.120 GC heap after
Heap after GC invocations=17 (full 2):
 PSYoungGen      total 264192K, used 63461K [0x00000000eb380000, 0x0000000100000000, 0x0000000100000000)
  eden space 200704K, 0% used [0x00000000eb380000,0x00000000eb380000,0x00000000f7780000)
  from space 63488K, 99% used [0x00000000f7780000,0x00000000fb5794c0,0x00000000fb580000)
  to   space 76288K, 0% used [0x00000000fb580000,0x00000000fb580000,0x0000000100000000)
 ParOldGen       total 145408K, used 132401K [0x00000000c1a00000, 0x00000000ca800000, 0x00000000eb380000)
  object space 145408K, 91% used [0x00000000c1a00000,0x00000000c9b4c6f8,0x00000000ca800000)
 Metaspace       used 6706K, capacity 7256K, committed 7424K, reserved 1056768K
  class space    used 638K, capacity 656K, committed 768K, reserved 1048576K
}
Event: 9.120 GC heap before
{Heap before GC invocations=18 (full 3):
 PSYoungGen      total 264192K, used 63461K [0x00000000eb380000, 0x0000000100000000, 0x0000000100000000)
  eden space 200704K, 0% used [0x00000000eb380000,0x00000000eb380000,0x00000000f7780000)
  from space 63488K, 99% used [0x00000000f7780000,0x00000000fb5794c0,0x00000000fb580000)
  to   space 76288K, 0% used [0x00000000fb580000,0x00000000fb580000,0x0000000100000000)
 ParOldGen       total 145408K, used 132401K [0x00000000c1a00000, 0x00000000ca800000, 0x00000000eb380000)
  object space 145408K, 91% used [0x00000000c1a00000,0x00000000c9b4c6f8,0x00000000ca800000)
 Metaspace       used 6706K, capacity 7256K, committed 7424K, reserved 1056768K
  class space    used 638K, capacity 656K, committed 768K, reserved 1048576K
Event: 10.327 GC heap after
Heap after GC invocations=18 (full 3):
 PSYoungGen      total 264192K, used 47983K [0x00000000eb380000, 0x0000000100000000, 0x0000000100000000)
  eden space 200704K, 0% used [0x00000000eb380000,0x00000000eb380000,0x00000000f7780000)
  from space 63488K, 75% used [0x00000000f7780000,0x00000000fa65bc28,0x00000000fb580000)
  to   space 76288K, 0% used [0x00000000fb580000,0x00000000fb580000,0x0000000100000000)
 ParOldGen       total 235520K, used 145364K [0x00000000c1a00000, 0x00000000d0000000, 0x00000000eb380000)
  object space 235520K, 61% used [0x00000000c1a00000,0x00000000ca7f5258,0x00000000d0000000)
 Metaspace       used 6706K, capacity 7256K, committed 7424K, reserved 1056768K
  class space    used 638K, capacity 656K, committed 768K, reserved 1048576K
}
Event: 11.069 GC heap before
{Heap before GC invocations=19 (full 3):
 PSYoungGen      total 264192K, used 248687K [0x00000000eb380000, 0x0000000100000000, 0x0000000100000000)
  eden space 200704K, 100% used [0x00000000eb380000,0x00000000f7780000,0x00000000f7780000)
  from space 63488K, 75% used [0x00000000f7780000,0x00000000fa65bc28,0x00000000fb580000)
  to   space 76288K, 0% used [0x00000000fb580000,0x00000000fb580000,0x0000000100000000)
 ParOldGen       total 235520K, used 145364K [0x00000000c1a00000, 0x00000000d0000000, 0x00000000eb380000)
  object space 235520K, 61% used [0x00000000c1a00000,0x00000000ca7f5258,0x00000000d0000000)
 Metaspace       used 6711K, capacity 7256K, committed 7424K, reserved 1056768K
  class space    used 638K, capacity 656K, committed 768K, reserved 1048576K
Event: 11.320 GC heap after
Heap after GC invocations=19 (full 3):
 PSYoungGen      total 250880K, used 53652K [0x00000000eb380000, 0x0000000100000000, 0x0000000100000000)
  eden space 174592K, 0% used [0x00000000eb380000,0x00000000eb380000,0x00000000f5e00000)
  from space 76288K, 70% used [0x00000000fb580000,0x00000000fe9e5378,0x0000000100000000)
  to   space 82944K, 0% used [0x00000000f5e00000,0x00000000f5e00000,0x00000000faf00000)
 ParOldGen       total 235520K, used 176283K [0x00000000c1a00000, 0x00000000d0000000, 0x00000000eb380000)
  object space 235520K, 74% used [0x00000000c1a00000,0x00000000cc626d08,0x00000000d0000000)
 Metaspace       used 6711K, capacity 7256K, committed 7424K, reserved 1056768K
  class space    used 638K, capacity 656K, committed 768K, reserved 1048576K
}

Deoptimization events (10 events):
Event: 5.782 Thread 0x0000000018901000 Uncommon trap: reason=unstable_if action=reinterpret pc=0x0000000004d95204 method=com.android.dx.rop.code.RegisterSpecSet.<init>(I)V @ 2
Event: 8.464 Thread 0x0000000018901000 Uncommon trap: reason=unstable_if action=reinterpret pc=0x0000000004f6094c method=java.util.HashMap.putVal(ILjava/lang/Object;Ljava/lang/Object;ZZ)Ljava/lang/Object; @ 109
Event: 11.409 Thread 0x0000000018901000 Uncommon trap: reason=unstable_if action=reinterpret pc=0x0000000004fc93a0 method=com.android.dx.ssa.SsaBasicBlock.scheduleMovesFromPhis()V @ 63
Event: 11.466 Thread 0x0000000004552800 Uncommon trap: reason=class_check action=maybe_recompile pc=0x0000000004a6c618 method=java.util.Arrays.hashCode([Ljava/lang/Object;)I @ 43
Event: 11.467 Thread 0x0000000004552800 Uncommon trap: reason=class_check action=maybe_recompile pc=0x0000000004a6c618 method=java.util.Arrays.hashCode([Ljava/lang/Object;)I @ 43
Event: 11.468 Thread 0x0000000004552800 Uncommon trap: reason=class_check action=maybe_recompile pc=0x0000000004a6c618 method=java.util.Arrays.hashCode([Ljava/lang/Object;)I @ 43
Event: 11.468 Thread 0x0000000004552800 Uncommon trap: reason=class_check action=maybe_recompile pc=0x0000000004a6c618 method=java.util.Arrays.hashCode([Ljava/lang/Object;)I @ 43
Event: 11.468 Thread 0x0000000004552800 Uncommon trap: reason=class_check action=maybe_recompile pc=0x0000000004a108bc method=java.util.Arrays.hashCode([Ljava/lang/Object;)I @ 43
Event: 12.484 Thread 0x0000000004552800 Uncommon trap: reason=unstable_if action=reinterpret pc=0x0000000004eb1adc method=java.util.TreeMap.put(Ljava/lang/Object;Ljava/lang/Object;)Ljava/lang/Object; @ 163
Event: 12.496 Thread 0x0000000004552800 Uncommon trap: reason=unstable_if action=reinterpret pc=0x0000000004f96fa4 method=com.android.dx.rop.code.RegisterSpecSet.equals(Ljava/lang/Object;)Z @ 30

Classes redefined (0 events):
No events

Internal exceptions (6 events):
Event: 0.027 Thread 0x0000000004552800 Exception <a 'java/lang/NoSuchMethodError': Method sun.misc.Unsafe.defineClass(Ljava/lang/String;[BII)Ljava/lang/Class; name or signature does not match> (0x00000000eb387ca8) thrown at [C:\re\workspace\8-2-build-windows-amd64-cygwin\jdk8u152\9742\hotspot\
Event: 0.027 Thread 0x0000000004552800 Exception <a 'java/lang/NoSuchMethodError': Method sun.misc.Unsafe.prefetchRead(Ljava/lang/Object;J)V name or signature does not match> (0x00000000eb387f90) thrown at [C:\re\workspace\8-2-build-windows-amd64-cygwin\jdk8u152\9742\hotspot\src\share\vm\prims
Event: 1.500 Thread 0x0000000018901000 Implicit null exception at 0x00000000048faa22 to 0x00000000048fab1a
Event: 3.848 Thread 0x0000000018901000 Exception <a 'java/lang/ArrayIndexOutOfBoundsException': 18> (0x00000000edf6e798) thrown at [C:\re\workspace\8-2-build-windows-amd64-cygwin\jdk8u152\9742\hotspot\src\share\vm\interpreter\interpreterRuntime.cpp, line 366]
Event: 3.848 Thread 0x0000000018901000 Exception <a 'java/lang/ArrayIndexOutOfBoundsException': 145> (0x00000000edf70318) thrown at [C:\re\workspace\8-2-build-windows-amd64-cygwin\jdk8u152\9742\hotspot\src\share\vm\interpreter\interpreterRuntime.cpp, line 366]
Event: 3.849 Thread 0x0000000018901000 Exception <a 'java/lang/ArrayIndexOutOfBoundsException'> (0x00000000edf71600) thrown at [C:\re\workspace\8-2-build-windows-amd64-cygwin\jdk8u152\9742\hotspot\src\share\vm\runtime\sharedRuntime.cpp, line 605]

Events (10 events):
Event: 12.484 Thread 0x0000000004552800 DEOPT UNPACKING pc=0x000000000469582a sp=0x000000000451ecd0 mode 2
Event: 12.484 loading class com/android/dx/util/ByteArrayAnnotatedOutput
Event: 12.484 loading class com/android/dx/util/ByteArrayAnnotatedOutput done
Event: 12.487 Thread 0x0000000004552800 DEOPT PACKING pc=0x00000000047cb03a sp=0x000000000451ecc0
Event: 12.487 Thread 0x0000000004552800 DEOPT UNPACKING pc=0x000000000469787f sp=0x000000000451ea88 mode 0
Event: 12.496 Thread 0x0000000004552800 Uncommon trap: trap_request=0xffffff65 fr.pc=0x0000000004f96fa4
Event: 12.496 Thread 0x0000000004552800 DEOPT PACKING pc=0x0000000004f96fa4 sp=0x000000000451eae0
Event: 12.496 Thread 0x0000000004552800 DEOPT UNPACKING pc=0x000000000469582a sp=0x000000000451ea60 mode 2
Event: 12.590 Thread 0x0000000004552800 DEOPT PACKING pc=0x00000000051198fa sp=0x000000000451ec60
Event: 12.590 Thread 0x0000000004552800 DEOPT UNPACKING pc=0x000000000469787f sp=0x000000000451ea78 mode 0


Dynamic libraries:
0x00007ff7b1490000 - 0x00007ff7b14c7000 	C:\Program Files\Java\jdk1.8.0_152\bin\java.exe
0x00007ffb18760000 - 0x00007ffb18940000 	C:\WINDOWS\SYSTEM32\ntdll.dll
0x00007ffb16e20000 - 0x00007ffb16ece000 	C:\WINDOWS\System32\KERNEL32.DLL
0x00007ffb14b60000 - 0x00007ffb14dc6000 	C:\WINDOWS\System32\KERNELBASE.dll
0x00007ffb16050000 - 0x00007ffb160f1000 	C:\WINDOWS\System32\ADVAPI32.dll
0x00007ffb17020000 - 0x00007ffb170bd000 	C:\WINDOWS\System32\msvcrt.dll
0x00007ffb16830000 - 0x00007ffb1688b000 	C:\WINDOWS\System32\sechost.dll
0x00007ffb165d0000 - 0x00007ffb166ef000 	C:\WINDOWS\System32\RPCRT4.dll
0x00007ffb169b0000 - 0x00007ffb16b3f000 	C:\WINDOWS\System32\USER32.dll
0x00007ffb15140000 - 0x00007ffb15160000 	C:\WINDOWS\System32\win32u.dll
0x00007ffb16cb0000 - 0x00007ffb16cd8000 	C:\WINDOWS\System32\GDI32.dll
0x00007ffb14fa0000 - 0x00007ffb15133000 	C:\WINDOWS\System32\gdi32full.dll
0x00007ffb15b90000 - 0x00007ffb15c2b000 	C:\WINDOWS\System32\msvcp_win.dll
0x00007ffb14ea0000 - 0x00007ffb14f96000 	C:\WINDOWS\System32\ucrtbase.dll
0x00007ffb02ea0000 - 0x00007ffb03109000 	C:\WINDOWS\WinSxS\amd64_microsoft.windows.common-controls_6595b64144ccf1df_6.0.16299.309_none_15cfd4c4935e6b11\COMCTL32.dll
0x00007ffb15c30000 - 0x00007ffb15f38000 	C:\WINDOWS\System32\combase.dll
0x00007ffb14dd0000 - 0x00007ffb14e42000 	C:\WINDOWS\System32\bcryptPrimitives.dll
0x00007ffb170c0000 - 0x00007ffb170ed000 	C:\WINDOWS\System32\IMM32.DLL
0x0000000052d50000 - 0x0000000052e22000 	C:\Program Files\Java\jdk1.8.0_152\jre\bin\msvcr100.dll
0x0000000051c10000 - 0x00000000524b0000 	C:\Program Files\Java\jdk1.8.0_152\jre\bin\server\jvm.dll
0x00007ffb16e10000 - 0x00007ffb16e18000 	C:\WINDOWS\System32\PSAPI.DLL
0x00007ffb127a0000 - 0x00007ffb127c3000 	C:\WINDOWS\SYSTEM32\WINMM.dll
0x00007ffb08d00000 - 0x00007ffb08d0a000 	C:\WINDOWS\SYSTEM32\VERSION.dll
0x00007ffae9cb0000 - 0x00007ffae9cb9000 	C:\WINDOWS\SYSTEM32\WSOCK32.dll
0x00007ffb168a0000 - 0x00007ffb1690c000 	C:\WINDOWS\System32\WS2_32.dll
0x00007ffb12700000 - 0x00007ffb1272a000 	C:\WINDOWS\SYSTEM32\WINMMBASE.dll
0x00007ffb14e50000 - 0x00007ffb14e9a000 	C:\WINDOWS\System32\cfgmgr32.dll
0x0000000052d40000 - 0x0000000052d4f000 	C:\Program Files\Java\jdk1.8.0_152\jre\bin\verify.dll
0x0000000052d10000 - 0x0000000052d39000 	C:\Program Files\Java\jdk1.8.0_152\jre\bin\java.dll
0x0000000052cf0000 - 0x0000000052d06000 	C:\Program Files\Java\jdk1.8.0_152\jre\bin\zip.dll
0x00007ffb170f0000 - 0x00007ffb18526000 	C:\WINDOWS\System32\SHELL32.dll
0x00007ffb16d60000 - 0x00007ffb16e06000 	C:\WINDOWS\System32\shcore.dll
0x00007ffb153e0000 - 0x00007ffb15b27000 	C:\WINDOWS\System32\windows.storage.dll
0x00007ffb16ce0000 - 0x00007ffb16d31000 	C:\WINDOWS\System32\shlwapi.dll
0x00007ffb14b00000 - 0x00007ffb14b11000 	C:\WINDOWS\System32\kernel.appcore.dll
0x00007ffb14ab0000 - 0x00007ffb14afc000 	C:\WINDOWS\System32\powrprof.dll
0x00007ffb14b20000 - 0x00007ffb14b3b000 	C:\WINDOWS\System32\profapi.dll

VM Arguments:
java_command: C:\Program Files (x86)\Android\android-sdk\build-tools\25.0.3\\lib\dx.jar --dex --no-strict --output obj\Debug\android\bin C:\Users\Mark\source\repos\VTBoard\VTBoard\VTBoard\VTBoard.Android\obj\Debug\android\bin\classes\classes.zip C:\Program Files (x86)\Microsoft Visual Studio\2017\Enterprise\Common7\IDE\ReferenceAssemblies\Microsoft\Framework\MonoAndroid\v8.0\mono.android.jar obj\Debug\lp\0\jl\formsviewgroup.jar C:\Users\Mark\AppData\Local\Xamarin\Xamarin.Android.Support.Animated.Vector.Drawable\23.3.0.0\embedded\classes.jar C:\Users\Mark\AppData\Local\Xamarin\Xamarin.Android.Support.Design\23.3.0.0\embedded\classes.jar C:\Users\Mark\AppData\Local\Xamarin\Xamarin.Android.Support.v4\23.3.0.0\embedded\classes.jar C:\Users\Mark\AppData\Local\Xamarin\Xamarin.Android.Support.v4\23.3.0.0\embedded\libs\internal_impl-23.3.0.jar C:\Users\Mark\AppData\Local\Xamarin\Xamarin.Android.Support.v7.AppCompat\23.3.0.0\embedded\classes.jar C:\Users\Mark\AppData\Local\Xamarin\Xamarin.Android.Support.v7.CardView\23.3.0.0\embedded\classes.jar C:\Users\Mark\AppData\Local\Xamarin\Xamarin.Android.Support.v7.MediaRouter\23.3.0.0\embedded\classes.jar C:\Users\Mark\AppData\Local\Xamarin\Xamarin.Android.Support.v7.MediaRouter\23.3.0.0\embedded\libs\internal_impl-23.3.0.jar C:\Users\Mark\AppData\Local\Xamarin\Xamarin.Android.Support.v7.RecyclerView\23.3.0.0\embedded\classes.jar C:\Users\Mark\AppData\Local\Xamarin\Xamarin.Android.Support.Vector.Drawable\23.3.0.0\embedded\classes.jar
java_class_path (initial): C:\Program Files (x86)\Android\android-sdk\build-tools\25.0.3\\lib\dx.jar
Launcher Type: SUN_STANDARD

Environment Variables:
PATH=C:\Program Files (x86)\Microsoft Visual Studio\2017\Enterprise\Common7\IDE\Extensions\GitHub\GitHub\lib\win32\x86;C:\Python27\;C:\Python27\Scripts;C:\Program Files\Java\jdk1.8.0_25\bin;C:\ProgramData\Oracle\Java\javapath;C:\Program Files (x86)\Intel\iCLS Client\;C:\Program Files\Intel\iCLS Client\;C:\WINDOWS\system32;C:\WINDOWS;C:\WINDOWS\System32\Wbem;C:\WINDOWS\System32\WindowsPowerShell\v1.0\;C:\Program Files\Intel\Intel(R) Management Engine Components\DAL;C:\Program Files\Intel\Intel(R) Management Engine Components\IPT;C:\Program Files (x86)\Intel\Intel(R) Management Engine Components\DAL;C:\Program Files (x86)\Intel\Intel(R) Management Engine Components\IPT;C:\ProgramData\Lenovo\ReadyApps;C:\Program Files\ASUS\Bluetooth Software\;C:\Program Files\ASUS\Bluetooth Software\syswow64;C:\Program Files (x86)\Windows Live\Shared;C:\Program Files\Intel\WiFi\bin\;C:\Program Files\Common Files\Intel\WirelessCommon\;C:\Program Files (x86)\GNU\GnuPG\pub;C:\Program Files (x86)\Skype\Phone\;c:\Program Files (x86)\Microsoft SQL Server\110\Tools\Binn\;c:\Program Files (x86)\Microsoft SQL Server\110\DTS\Binn\;c:\Program Files (x86)\Microsoft SQL Server\110\Tools\Binn\ManagementStudio\;C:\Program Files (x86)\Windows Kits\8.1\Windows Performance Toolkit\;C:\Program Files\dotnet\;C:\Program Files\Microsoft SQL Server\130\Tools\Binn\;C:\Program Files\Git\cmd;C:\Program Files\Intel\WiFi\bin\;C:\Program Files\Common Files\Intel\WirelessCommon\;C:\Users\Mark\AppData\Local\Microsoft\WindowsApps;C:\Users\Mark\AppData\Local\Microsoft\WindowsApps;C:\Users\Mark\AppData\Local\GitHubDesktop\bin
USERNAME=Mark
OS=Windows_NT
PROCESSOR_IDENTIFIER=Intel64 Family 6 Model 69 Stepping 1, GenuineIntel



---------------  S Y S T E M  ---------------

OS: Windows 10.0 , 64 bit Build 16299 (10.0.16299.15)

CPU:total 4 (initial active 4) (2 cores per cpu, 2 threads per core) family 6 model 69 stepping 1, cmov, cx8, fxsr, mmx, sse, sse2, sse3, ssse3, sse4.1, sse4.2, popcnt, avx, avx2, aes, clmul, erms, lzcnt, ht, tsc, tscinvbit, bmi1, bmi2

Memory: 4k page, physical 4082084k(490424k free), swap 4082084k(4696k free)

vm_info: Java HotSpot(TM) 64-Bit Server VM (25.152-b16) for windows-amd64 JRE (1.8.0_152-b16), built on Sep 14 2017 02:29:36 by "java_re" with MS VC++ 10.0 (VS2010)

time: Wed Mar 28 11:53:57 2018
elapsed time: 12 seconds (0d 0h 0m 12s)

