#
# There is insufficient memory for the Java Runtime Environment to continue.
# Native memory allocation (malloc) failed to allocate 879376 bytes for Chunk::new
# Possible reasons:
#   The system is out of physical RAM or swap space
#   In 32 bit mode, the process size limit was hit
# Possible solutions:
#   Reduce memory load on the system
#   Increase physical memory or swap space
#   Check if swap backing store is full
#   Use 64 bit Java on a 64 bit OS
#   Decrease Java heap size (-Xmx/-Xms)
#   Decrease number of Java threads
#   Decrease Java thread stack sizes (-Xss)
#   Set larger code cache with -XX:ReservedCodeCacheSize=
# This output file may be truncated or incomplete.
#
#  Out of Memory Error (allocation.cpp:390), pid=8660, tid=0x0000000000002cc8
#
# JRE version: Java(TM) SE Runtime Environment (8.0_152-b16) (build 1.8.0_152-b16)
# Java VM: Java HotSpot(TM) 64-Bit Server VM (25.152-b16 mixed mode windows-amd64 compressed oops)
# Failed to write core dump. Minidumps are not enabled by default on client versions of Windows
#

---------------  T H R E A D  ---------------

Current thread (0x00000000176c1000):  JavaThread "C2 CompilerThread0" daemon [_thread_in_native, id=11464, stack(0x0000000018e20000,0x0000000018f20000)]

Stack: [0x0000000018e20000,0x0000000018f20000]
[error occurred during error reporting (printing stack bounds), id 0xc0000005]

Native frames: (J=compiled Java code, j=interpreted, Vv=VM code, C=native code)


Current CompileTask:
C2:   6801 2242       4       com.android.dx.ssa.LocalVariableExtractor::processBlock (383 bytes)


---------------  P R O C E S S  ---------------

Java Threads: ( => current thread )
  0x00000000193f3800 JavaThread "pool-2-thread-1" [_thread_blocked, id=12144, stack(0x0000000019820000,0x0000000019920000)]
  0x00000000193f0800 JavaThread "pool-1-thread-1" [_thread_in_Java, id=8532, stack(0x0000000019720000,0x0000000019820000)]
  0x0000000019160800 JavaThread "Service Thread" daemon [_thread_blocked, id=13648, stack(0x0000000019520000,0x0000000019620000)]
  0x00000000176c8000 JavaThread "C1 CompilerThread2" daemon [_thread_blocked, id=12704, stack(0x0000000019020000,0x0000000019120000)]
  0x00000000176c5000 JavaThread "C2 CompilerThread1" daemon [_thread_in_native, id=9428, stack(0x0000000018f20000,0x0000000019020000)]
=>0x00000000176c1000 JavaThread "C2 CompilerThread0" daemon [_thread_in_native, id=11464, stack(0x0000000018e20000,0x0000000018f20000)]
  0x00000000176be800 JavaThread "Attach Listener" daemon [_thread_blocked, id=844, stack(0x0000000018d20000,0x0000000018e20000)]
  0x00000000176bd800 JavaThread "Signal Dispatcher" daemon [_thread_blocked, id=564, stack(0x0000000018c20000,0x0000000018d20000)]
  0x00000000050d9000 JavaThread "Finalizer" daemon [_thread_blocked, id=3848, stack(0x0000000018920000,0x0000000018a20000)]
  0x00000000050d3000 JavaThread "Reference Handler" daemon [_thread_blocked, id=11356, stack(0x0000000018820000,0x0000000018920000)]
  0x0000000004fe2800 JavaThread "main" [_thread_in_Java, id=3856, stack(0x0000000004ee0000,0x0000000004fe0000)]

Other Threads:
  0x0000000017687000 VMThread [stack: 0x0000000018720000,0x0000000018820000] [id=6608]
  0x000000001771e800 WatcherThread [stack: 0x0000000019620000,0x0000000019720000] [id=13624]

VM state:not at safepoint (normal execution)

VM Mutex/Monitor currently owned by a thread: None

Heap:
 PSYoungGen      total 170496K, used 76298K [0x00000000eb380000, 0x00000000fb900000, 0x0000000100000000)
  eden space 128000K, 35% used [0x00000000eb380000,0x00000000edfa1608,0x00000000f3080000)
  from space 42496K, 73% used [0x00000000f3080000,0x00000000f4ee12e0,0x00000000f5a00000)
  to   space 52224K, 0% used [0x00000000f8600000,0x00000000f8600000,0x00000000fb900000)
 ParOldGen       total 85504K, used 85153K [0x00000000c1a00000, 0x00000000c6d80000, 0x00000000eb380000)
  object space 85504K, 99% used [0x00000000c1a00000,0x00000000c6d28748,0x00000000c6d80000)
 Metaspace       used 6698K, capacity 7256K, committed 7424K, reserved 1056768K
  class space    used 638K, capacity 656K, committed 768K, reserved 1048576K

Card table byte_map: [0x00000000144a0000,0x00000000146a0000] byte_map_base: 0x0000000013e93000

Marking Bits: (ParMarkBitMap*) 0x0000000065ad0860
 Begin Bits: [0x0000000014bf0000, 0x0000000015b88000)
 End Bits:   [0x0000000015b88000, 0x0000000016b20000)

Polling page: 0x00000000036d0000

CodeCache: size=245760Kb used=9647Kb max_used=9651Kb free=236112Kb
 bounds [0x00000000050e0000, 0x0000000005a60000, 0x00000000140e0000]
 total_blobs=2426 nmethods=2156 adapters=182
 compilation: enabled

Compilation events (10 events):
Event: 5.680 Thread 0x00000000176c8000 2254       1       com.android.dx.rop.cst.CstLiteral64::isCategory2 (2 bytes)
Event: 5.680 Thread 0x00000000176c8000 nmethod 2254 0x0000000005a0f0d0 code [0x0000000005a0f220, 0x0000000005a0f330]
Event: 5.684 Thread 0x00000000176c8000 2256       1       com.android.dx.rop.cst.CstLong::getType (4 bytes)
Event: 5.684 Thread 0x00000000176c8000 nmethod 2256 0x0000000005a13e50 code [0x0000000005a13fa0, 0x0000000005a140b0]
Event: 5.701 Thread 0x00000000176c8000 2257       1       java.util.concurrent.ThreadPoolExecutor::afterExecute (1 bytes)
Event: 5.701 Thread 0x00000000176c8000 nmethod 2257 0x0000000005a14f10 code [0x0000000005a15060, 0x0000000005a15170]
Event: 5.706 Thread 0x00000000176c8000 2258       1       java.util.concurrent.ThreadPoolExecutor::beforeExecute (1 bytes)
Event: 5.706 Thread 0x00000000176c8000 nmethod 2258 0x0000000005a14c50 code [0x0000000005a14da0, 0x0000000005a14eb0]
Event: 5.707 Thread 0x00000000176c8000 2259       3       com.android.dx.rop.code.RegisterSpecSet::mutableCopy (57 bytes)
Event: 5.708 Thread 0x00000000176c8000 nmethod 2259 0x0000000005a50510 code [0x0000000005a506c0, 0x0000000005a50c88]

GC Heap History (10 events):
Event: 4.069 GC heap before
{Heap before GC invocations=9 (full 1):
 PSYoungGen      total 144384K, used 135123K [0x00000000eb380000, 0x00000000f5180000, 0x0000000100000000)
  eden space 129024K, 100% used [0x00000000eb380000,0x00000000f3180000,0x00000000f3180000)
  from space 15360K, 39% used [0x00000000f3180000,0x00000000f3774ca8,0x00000000f4080000)
  to   space 13312K, 0% used [0x00000000f4080000,0x00000000f4080000,0x00000000f4d80000)
 ParOldGen       total 85504K, used 43933K [0x00000000c1a00000, 0x00000000c6d80000, 0x00000000eb380000)
  object space 85504K, 51% used [0x00000000c1a00000,0x00000000c44e7420,0x00000000c6d80000)
 Metaspace       used 6682K, capacity 7256K, committed 7424K, reserved 1056768K
  class space    used 638K, capacity 656K, committed 768K, reserved 1048576K
Event: 4.114 GC heap after
Heap after GC invocations=9 (full 1):
 PSYoungGen      total 127488K, used 13312K [0x00000000eb380000, 0x00000000f9280000, 0x0000000100000000)
  eden space 114176K, 0% used [0x00000000eb380000,0x00000000eb380000,0x00000000f2300000)
  from space 13312K, 100% used [0x00000000f4080000,0x00000000f4d80000,0x00000000f4d80000)
  to   space 30208K, 0% used [0x00000000f2300000,0x00000000f2300000,0x00000000f4080000)
 ParOldGen       total 85504K, used 57741K [0x00000000c1a00000, 0x00000000c6d80000, 0x00000000eb380000)
  object space 85504K, 67% used [0x00000000c1a00000,0x00000000c52636a0,0x00000000c6d80000)
 Metaspace       used 6682K, capacity 7256K, committed 7424K, reserved 1056768K
  class space    used 638K, capacity 656K, committed 768K, reserved 1048576K
}
Event: 4.615 GC heap before
{Heap before GC invocations=10 (full 1):
 PSYoungGen      total 127488K, used 127488K [0x00000000eb380000, 0x00000000f9280000, 0x0000000100000000)
  eden space 114176K, 100% used [0x00000000eb380000,0x00000000f2300000,0x00000000f2300000)
  from space 13312K, 100% used [0x00000000f4080000,0x00000000f4d80000,0x00000000f4d80000)
  to   space 30208K, 0% used [0x00000000f2300000,0x00000000f2300000,0x00000000f4080000)
 ParOldGen       total 85504K, used 57741K [0x00000000c1a00000, 0x00000000c6d80000, 0x00000000eb380000)
  object space 85504K, 67% used [0x00000000c1a00000,0x00000000c52636a0,0x00000000c6d80000)
 Metaspace       used 6692K, capacity 7256K, committed 7424K, reserved 1056768K
  class space    used 638K, capacity 656K, committed 768K, reserved 1048576K
Event: 4.664 GC heap after
Heap after GC invocations=10 (full 1):
 PSYoungGen      total 144384K, used 26988K [0x00000000eb380000, 0x00000000f7b00000, 0x0000000100000000)
  eden space 114176K, 0% used [0x00000000eb380000,0x00000000eb380000,0x00000000f2300000)
  from space 30208K, 89% used [0x00000000f2300000,0x00000000f3d5b0f0,0x00000000f4080000)
  to   space 33792K, 0% used [0x00000000f5a00000,0x00000000f5a00000,0x00000000f7b00000)
 ParOldGen       total 85504K, used 61305K [0x00000000c1a00000, 0x00000000c6d80000, 0x00000000eb380000)
  object space 85504K, 71% used [0x00000000c1a00000,0x00000000c55de5f8,0x00000000c6d80000)
 Metaspace       used 6692K, capacity 7256K, committed 7424K, reserved 1056768K
  class space    used 638K, capacity 656K, committed 768K, reserved 1048576K
}
Event: 5.140 GC heap before
{Heap before GC invocations=11 (full 1):
 PSYoungGen      total 144384K, used 141164K [0x00000000eb380000, 0x00000000f7b00000, 0x0000000100000000)
  eden space 114176K, 100% used [0x00000000eb380000,0x00000000f2300000,0x00000000f2300000)
  from space 30208K, 89% used [0x00000000f2300000,0x00000000f3d5b0f0,0x00000000f4080000)
  to   space 33792K, 0% used [0x00000000f5a00000,0x00000000f5a00000,0x00000000f7b00000)
 ParOldGen       total 85504K, used 61305K [0x00000000c1a00000, 0x00000000c6d80000, 0x00000000eb380000)
  object space 85504K, 71% used [0x00000000c1a00000,0x00000000c55de5f8,0x00000000c6d80000)
 Metaspace       used 6694K, capacity 7256K, committed 7424K, reserved 1056768K
  class space    used 638K, capacity 656K, committed 768K, reserved 1048576K
Event: 5.254 GC heap after
Heap after GC invocations=11 (full 1):
 PSYoungGen      total 161792K, used 33774K [0x00000000eb380000, 0x00000000f9200000, 0x0000000100000000)
  eden space 128000K, 0% used [0x00000000eb380000,0x00000000eb380000,0x00000000f3080000)
  from space 33792K, 99% used [0x00000000f5a00000,0x00000000f7afba08,0x00000000f7b00000)
  to   space 42496K, 0% used [0x00000000f3080000,0x00000000f3080000,0x00000000f5a00000)
 ParOldGen       total 85504K, used 69479K [0x00000000c1a00000, 0x00000000c6d80000, 0x00000000eb380000)
  object space 85504K, 81% used [0x00000000c1a00000,0x00000000c5dd9c70,0x00000000c6d80000)
 Metaspace       used 6694K, capacity 7256K, committed 7424K, reserved 1056768K
  class space    used 638K, capacity 656K, committed 768K, reserved 1048576K
}
Event: 5.747 GC heap before
{Heap before GC invocations=12 (full 1):
 PSYoungGen      total 161792K, used 161774K [0x00000000eb380000, 0x00000000f9200000, 0x0000000100000000)
  eden space 128000K, 100% used [0x00000000eb380000,0x00000000f3080000,0x00000000f3080000)
  from space 33792K, 99% used [0x00000000f5a00000,0x00000000f7afba08,0x00000000f7b00000)
  to   space 42496K, 0% used [0x00000000f3080000,0x00000000f3080000,0x00000000f5a00000)
 ParOldGen       total 85504K, used 69479K [0x00000000c1a00000, 0x00000000c6d80000, 0x00000000eb380000)
  object space 85504K, 81% used [0x00000000c1a00000,0x00000000c5dd9c70,0x00000000c6d80000)
 Metaspace       used 6698K, capacity 7256K, committed 7424K, reserved 1056768K
  class space    used 638K, capacity 656K, committed 768K, reserved 1048576K
Event: 5.849 GC heap after
Heap after GC invocations=12 (full 1):
 PSYoungGen      total 170496K, used 42482K [0x00000000eb380000, 0x00000000fb900000, 0x0000000100000000)
  eden space 128000K, 0% used [0x00000000eb380000,0x00000000eb380000,0x00000000f3080000)
  from space 42496K, 99% used [0x00000000f3080000,0x00000000f59fc828,0x00000000f5a00000)
  to   space 52224K, 0% used [0x00000000f8600000,0x00000000f8600000,0x00000000fb900000)
 ParOldGen       total 85504K, used 78021K [0x00000000c1a00000, 0x00000000c6d80000, 0x00000000eb380000)
  object space 85504K, 91% used [0x00000000c1a00000,0x00000000c6631768,0x00000000c6d80000)
 Metaspace       used 6698K, capacity 7256K, committed 7424K, reserved 1056768K
  class space    used 638K, capacity 656K, committed 768K, reserved 1048576K
}
Event: 5.849 GC heap before
{Heap before GC invocations=13 (full 2):
 PSYoungGen      total 170496K, used 42482K [0x00000000eb380000, 0x00000000fb900000, 0x0000000100000000)
  eden space 128000K, 0% used [0x00000000eb380000,0x00000000eb380000,0x00000000f3080000)
  from space 42496K, 99% used [0x00000000f3080000,0x00000000f59fc828,0x00000000f5a00000)
  to   space 52224K, 0% used [0x00000000f8600000,0x00000000f8600000,0x00000000fb900000)
 ParOldGen       total 85504K, used 78021K [0x00000000c1a00000, 0x00000000c6d80000, 0x00000000eb380000)
  object space 85504K, 91% used [0x00000000c1a00000,0x00000000c6631768,0x00000000c6d80000)
 Metaspace       used 6698K, capacity 7256K, committed 7424K, reserved 1056768K
  class space    used 638K, capacity 656K, committed 768K, reserved 1048576K
Event: 6.634 GC heap after
Heap after GC invocations=13 (full 2):
 PSYoungGen      total 170496K, used 31108K [0x00000000eb380000, 0x00000000fb900000, 0x0000000100000000)
  eden space 128000K, 0% used [0x00000000eb380000,0x00000000eb380000,0x00000000f3080000)
  from space 42496K, 73% used [0x00000000f3080000,0x00000000f4ee12e0,0x00000000f5a00000)
  to   space 52224K, 0% used [0x00000000f8600000,0x00000000f8600000,0x00000000fb900000)
 ParOldGen       total 85504K, used 85153K [0x00000000c1a00000, 0x00000000c6d80000, 0x00000000eb380000)
  object space 85504K, 99% used [0x00000000c1a00000,0x00000000c6d28748,0x00000000c6d80000)
 Metaspace       used 6698K, capacity 7256K, committed 7424K, reserved 1056768K
  class space    used 638K, capacity 656K, committed 768K, reserved 1048576K
}

Deoptimization events (10 events):
Event: 3.860 Thread 0x0000000004fe2800 Uncommon trap: reason=unstable_if action=reinterpret pc=0x000000000539b174 method=java.util.HashMap.getNode(ILjava/lang/Object;)Ljava/util/HashMap$Node; @ 84
Event: 4.060 Thread 0x00000000193f0800 Uncommon trap: reason=unstable_if action=reinterpret pc=0x000000000596f58c method=java.util.HashMap.resize()[Ljava/util/HashMap$Node; @ 206
Event: 4.131 Thread 0x0000000004fe2800 Uncommon trap: reason=unstable_if action=reinterpret pc=0x00000000059763dc method=com.android.dx.rop.code.RegisterSpec.equals(ILcom/android/dx/rop/type/TypeBearer;Lcom/android/dx/rop/code/LocalItem;)Z @ 42
Event: 4.333 Thread 0x0000000004fe2800 Uncommon trap: reason=unstable_if action=reinterpret pc=0x00000000059bb098 method=com.android.dx.rop.code.Insn.getLocalAssignment()Lcom/android/dx/rop/code/RegisterSpec; @ 9
Event: 4.361 Thread 0x0000000004fe2800 Uncommon trap: reason=unstable_if action=reinterpret pc=0x000000000569d254 method=com.android.dx.ssa.MoveParamCombiner$1.visitNonMoveInsn(Lcom/android/dx/ssa/NormalSsaInsn;)V @ 27
Event: 5.462 Thread 0x00000000193f0800 Uncommon trap: reason=unstable_if action=reinterpret pc=0x0000000005861244 method=java.util.HashMap.getNode(ILjava/lang/Object;)Ljava/util/HashMap$Node; @ 84
Event: 5.620 Thread 0x00000000193f0800 Uncommon trap: reason=unstable_if action=reinterpret pc=0x0000000005a53408 method=com.android.dx.ssa.NormalSsaInsn.getLocalAssignment()Lcom/android/dx/rop/code/RegisterSpec; @ 12
Event: 5.620 Thread 0x00000000193f0800 Uncommon trap: reason=unstable_if action=reinterpret pc=0x000000000540daa8 method=com.android.dx.ssa.NormalSsaInsn.getLocalAssignment()Lcom/android/dx/rop/code/RegisterSpec; @ 12
Event: 5.633 Thread 0x00000000193f0800 Uncommon trap: reason=unstable_if action=reinterpret pc=0x00000000058cb440 method=java.util.HashMap.getNode(ILjava/lang/Object;)Ljava/util/HashMap$Node; @ 84
Event: 5.707 Thread 0x00000000193f0800 Uncommon trap: reason=unstable_if action=reinterpret pc=0x000000000583b304 method=com.android.dx.rop.code.RegisterSpecSet.<init>(I)V @ 2

Classes redefined (0 events):
No events

Internal exceptions (6 events):
Event: 0.034 Thread 0x0000000004fe2800 Exception <a 'java/lang/NoSuchMethodError': Method sun.misc.Unsafe.defineClass(Ljava/lang/String;[BII)Ljava/lang/Class; name or signature does not match> (0x00000000eb387ca8) thrown at [C:\re\workspace\8-2-build-windows-amd64-cygwin\jdk8u152\9742\hotspot\
Event: 0.034 Thread 0x0000000004fe2800 Exception <a 'java/lang/NoSuchMethodError': Method sun.misc.Unsafe.prefetchRead(Ljava/lang/Object;J)V name or signature does not match> (0x00000000eb387f90) thrown at [C:\re\workspace\8-2-build-windows-amd64-cygwin\jdk8u152\9742\hotspot\src\share\vm\prims
Event: 1.472 Thread 0x00000000193f0800 Implicit null exception at 0x00000000053987e2 to 0x00000000053988da
Event: 3.764 Thread 0x00000000193f0800 Exception <a 'java/lang/ArrayIndexOutOfBoundsException': 18> (0x00000000ef9a3408) thrown at [C:\re\workspace\8-2-build-windows-amd64-cygwin\jdk8u152\9742\hotspot\src\share\vm\interpreter\interpreterRuntime.cpp, line 366]
Event: 3.764 Thread 0x00000000193f0800 Exception <a 'java/lang/ArrayIndexOutOfBoundsException': 145> (0x00000000ef9a4f88) thrown at [C:\re\workspace\8-2-build-windows-amd64-cygwin\jdk8u152\9742\hotspot\src\share\vm\interpreter\interpreterRuntime.cpp, line 366]
Event: 3.765 Thread 0x00000000193f0800 Exception <a 'java/lang/ArrayIndexOutOfBoundsException'> (0x00000000ef9a6270) thrown at [C:\re\workspace\8-2-build-windows-amd64-cygwin\jdk8u152\9742\hotspot\src\share\vm\runtime\sharedRuntime.cpp, line 605]

Events (10 events):
Event: 5.747 Executing VM operation: ParallelGCFailedAllocation
Event: 6.634 Executing VM operation: ParallelGCFailedAllocation done
Event: 6.640 Thread 0x00000000193f0800 DEOPT PACKING pc=0x0000000005944c7b sp=0x000000001981ecf0
Event: 6.640 Thread 0x00000000193f0800 DEOPT UNPACKING pc=0x000000000512787f sp=0x000000001981ea50 mode 0
Event: 6.669 Thread 0x0000000004fe2800 DEOPT PACKING pc=0x0000000005944c7b sp=0x0000000004fde770
Event: 6.669 Thread 0x0000000004fe2800 DEOPT UNPACKING pc=0x000000000512787f sp=0x0000000004fde4d0 mode 0
Event: 6.739 Thread 0x00000000193f0800 DEOPT PACKING pc=0x0000000005944c7b sp=0x000000001981eda0
Event: 6.739 Thread 0x00000000193f0800 DEOPT UNPACKING pc=0x000000000512787f sp=0x000000001981eb00 mode 0
Event: 6.781 Thread 0x00000000193f0800 DEOPT PACKING pc=0x0000000005944c7b sp=0x000000001981eda0
Event: 6.781 Thread 0x00000000193f0800 DEOPT UNPACKING pc=0x000000000512787f sp=0x000000001981eb00 mode 0


Dynamic libraries:
0x00007ff6d0d50000 - 0x00007ff6d0d87000 	C:\Program Files\Java\jdk1.8.0_152\bin\java.exe
0x00007ffa27050000 - 0x00007ffa27230000 	C:\WINDOWS\SYSTEM32\ntdll.dll
0x00007ffa26f60000 - 0x00007ffa2700e000 	C:\WINDOWS\System32\KERNEL32.DLL
0x00007ffa24090000 - 0x00007ffa242f6000 	C:\WINDOWS\System32\KERNELBASE.dll
0x00007ffa26930000 - 0x00007ffa269d1000 	C:\WINDOWS\System32\ADVAPI32.dll
0x00007ffa26e30000 - 0x00007ffa26ecd000 	C:\WINDOWS\System32\msvcrt.dll
0x00007ffa25c70000 - 0x00007ffa25ccb000 	C:\WINDOWS\System32\sechost.dll
0x00007ffa26810000 - 0x00007ffa2692f000 	C:\WINDOWS\System32\RPCRT4.dll
0x00007ffa26610000 - 0x00007ffa2679f000 	C:\WINDOWS\System32\USER32.dll
0x00007ffa23ff0000 - 0x00007ffa24010000 	C:\WINDOWS\System32\win32u.dll
0x00007ffa26380000 - 0x00007ffa263a8000 	C:\WINDOWS\System32\GDI32.dll
0x00007ffa23450000 - 0x00007ffa235e3000 	C:\WINDOWS\System32\gdi32full.dll
0x00007ffa23800000 - 0x00007ffa2389b000 	C:\WINDOWS\System32\msvcp_win.dll
0x00007ffa23700000 - 0x00007ffa237f6000 	C:\WINDOWS\System32\ucrtbase.dll
0x00007ffa143f0000 - 0x00007ffa14659000 	C:\WINDOWS\WinSxS\amd64_microsoft.windows.common-controls_6595b64144ccf1df_6.0.16299.309_none_15cfd4c4935e6b11\COMCTL32.dll
0x00007ffa25dd0000 - 0x00007ffa260d8000 	C:\WINDOWS\System32\combase.dll
0x00007ffa24010000 - 0x00007ffa24082000 	C:\WINDOWS\System32\bcryptPrimitives.dll
0x00007ffa26f30000 - 0x00007ffa26f5d000 	C:\WINDOWS\System32\IMM32.DLL
0x0000000066280000 - 0x0000000066352000 	C:\Program Files\Java\jdk1.8.0_152\jre\bin\msvcr100.dll
0x00000000652b0000 - 0x0000000065b50000 	C:\Program Files\Java\jdk1.8.0_152\jre\bin\server\jvm.dll
0x00007ffa26600000 - 0x00007ffa26608000 	C:\WINDOWS\System32\PSAPI.DLL
0x00007ffa21540000 - 0x00007ffa21563000 	C:\WINDOWS\SYSTEM32\WINMM.dll
0x00007ffa057e0000 - 0x00007ffa057e9000 	C:\WINDOWS\SYSTEM32\WSOCK32.dll
0x00007ffa14e00000 - 0x00007ffa14e0a000 	C:\WINDOWS\SYSTEM32\VERSION.dll
0x00007ffa267a0000 - 0x00007ffa2680c000 	C:\WINDOWS\System32\WS2_32.dll
0x00007ffa214a0000 - 0x00007ffa214ca000 	C:\WINDOWS\SYSTEM32\WINMMBASE.dll
0x00007ffa24300000 - 0x00007ffa2434a000 	C:\WINDOWS\System32\cfgmgr32.dll
0x0000000066270000 - 0x000000006627f000 	C:\Program Files\Java\jdk1.8.0_152\jre\bin\verify.dll
0x0000000066240000 - 0x0000000066269000 	C:\Program Files\Java\jdk1.8.0_152\jre\bin\java.dll
0x0000000066220000 - 0x0000000066236000 	C:\Program Files\Java\jdk1.8.0_152\jre\bin\zip.dll
0x00007ffa246c0000 - 0x00007ffa25af6000 	C:\WINDOWS\System32\SHELL32.dll
0x00007ffa26230000 - 0x00007ffa262d6000 	C:\WINDOWS\System32\shcore.dll
0x00007ffa238a0000 - 0x00007ffa23fe7000 	C:\WINDOWS\System32\windows.storage.dll
0x00007ffa265a0000 - 0x00007ffa265f1000 	C:\WINDOWS\System32\shlwapi.dll
0x00007ffa23410000 - 0x00007ffa23421000 	C:\WINDOWS\System32\kernel.appcore.dll
0x00007ffa233a0000 - 0x00007ffa233ec000 	C:\WINDOWS\System32\powrprof.dll
0x00007ffa233f0000 - 0x00007ffa2340b000 	C:\WINDOWS\System32\profapi.dll

VM Arguments:
java_command: C:\Program Files (x86)\Android\android-sdk\build-tools\25.0.3\\lib\dx.jar --dex --no-strict --output obj\Debug\android\bin C:\Users\Mark\source\repos\VTBoard\VTBoard\VTBoard\VTBoard.Android\obj\Debug\android\bin\classes\classes.zip C:\Program Files (x86)\Microsoft Visual Studio\2017\Enterprise\Common7\IDE\ReferenceAssemblies\Microsoft\Framework\MonoAndroid\v8.0\mono.android.jar obj\Debug\lp\0\jl\formsviewgroup.jar C:\Users\Mark\AppData\Local\Xamarin\Xamarin.Android.Support.Animated.Vector.Drawable\23.3.0.0\embedded\classes.jar C:\Users\Mark\AppData\Local\Xamarin\Xamarin.Android.Support.Design\23.3.0.0\embedded\classes.jar C:\Users\Mark\AppData\Local\Xamarin\Xamarin.Android.Support.v4\23.3.0.0\embedded\classes.jar C:\Users\Mark\AppData\Local\Xamarin\Xamarin.Android.Support.v4\23.3.0.0\embedded\libs\internal_impl-23.3.0.jar C:\Users\Mark\AppData\Local\Xamarin\Xamarin.Android.Support.v7.AppCompat\23.3.0.0\embedded\classes.jar C:\Users\Mark\AppData\Local\Xamarin\Xamarin.Android.Support.v7.CardView\23.3.0.0\embedded\classes.jar C:\Users\Mark\AppData\Local\Xamarin\Xamarin.Android.Support.v7.MediaRouter\23.3.0.0\embedded\classes.jar C:\Users\Mark\AppData\Local\Xamarin\Xamarin.Android.Support.v7.MediaRouter\23.3.0.0\embedded\libs\internal_impl-23.3.0.jar C:\Users\Mark\AppData\Local\Xamarin\Xamarin.Android.Support.v7.RecyclerView\23.3.0.0\embedded\classes.jar C:\Users\Mark\AppData\Local\Xamarin\Xamarin.Android.Support.Vector.Drawable\23.3.0.0\embedded\classes.jar
java_class_path (initial): C:\Program Files (x86)\Android\android-sdk\build-tools\25.0.3\\lib\dx.jar
Launcher Type: SUN_STANDARD

Environment Variables:
PATH=C:\Python27\;C:\Python27\Scripts;C:\Program Files\Java\jdk1.8.0_25\bin;C:\ProgramData\Oracle\Java\javapath;C:\Program Files (x86)\Intel\iCLS Client\;C:\Program Files\Intel\iCLS Client\;C:\WINDOWS\system32;C:\WINDOWS;C:\WINDOWS\System32\Wbem;C:\WINDOWS\System32\WindowsPowerShell\v1.0\;C:\Program Files\Intel\Intel(R) Management Engine Components\DAL;C:\Program Files\Intel\Intel(R) Management Engine Components\IPT;C:\Program Files (x86)\Intel\Intel(R) Management Engine Components\DAL;C:\Program Files (x86)\Intel\Intel(R) Management Engine Components\IPT;C:\ProgramData\Lenovo\ReadyApps;C:\Program Files\ASUS\Bluetooth Software\;C:\Program Files\ASUS\Bluetooth Software\syswow64;C:\Program Files (x86)\Windows Live\Shared;C:\Program Files\Intel\WiFi\bin\;C:\Program Files\Common Files\Intel\WirelessCommon\;C:\Program Files (x86)\GNU\GnuPG\pub;C:\Program Files (x86)\Skype\Phone\;c:\Program Files (x86)\Microsoft SQL Server\110\Tools\Binn\;c:\Program Files (x86)\Microsoft SQL Server\110\DTS\Binn\;c:\Program Files (x86)\Microsoft SQL Server\110\Tools\Binn\ManagementStudio\;C:\Program Files (x86)\Windows Kits\8.1\Windows Performance Toolkit\;C:\Program Files\dotnet\;C:\Program Files\Microsoft SQL Server\130\Tools\Binn\;C:\Program Files\Git\cmd;C:\Program Files\Intel\WiFi\bin\;C:\Program Files\Common Files\Intel\WirelessCommon\;C:\Users\Mark\AppData\Local\Microsoft\WindowsApps;C:\Users\Mark\AppData\Local\Microsoft\WindowsApps;C:\Users\Mark\AppData\Local\GitHubDesktop\bin
USERNAME=Mark
OS=Windows_NT
PROCESSOR_IDENTIFIER=Intel64 Family 6 Model 69 Stepping 1, GenuineIntel



---------------  S Y S T E M  ---------------

OS: Windows 10.0 , 64 bit Build 16299 (10.0.16299.15)

CPU:total 4 (initial active 4) (2 cores per cpu, 2 threads per core) family 6 model 69 stepping 1, cmov, cx8, fxsr, mmx, sse, sse2, sse3, ssse3, sse4.1, sse4.2, popcnt, avx, avx2, aes, clmul, erms, lzcnt, ht, tsc, tscinvbit, bmi1, bmi2

Memory: 4k page, physical 4082084k(394120k free), swap 4082084k(5392k free)

vm_info: Java HotSpot(TM) 64-Bit Server VM (25.152-b16) for windows-amd64 JRE (1.8.0_152-b16), built on Sep 14 2017 02:29:36 by "java_re" with MS VC++ 10.0 (VS2010)

time: Tue Apr 03 16:37:26 2018
elapsed time: 6 seconds (0d 0h 0m 6s)

