#
# There is insufficient memory for the Java Runtime Environment to continue.
# Native memory allocation (malloc) failed to allocate 1048576 bytes for AllocateHeap
# Possible reasons:
#   The system is out of physical RAM or swap space
#   In 32 bit mode, the process size limit was hit
# Possible solutions:
#   Reduce memory load on the system
#   Increase physical memory or swap space
#   Check if swap backing store is full
#   Use 64 bit Java on a 64 bit OS
#   Decrease Java heap size (-Xmx/-Xms)
#   Decrease number of Java threads
#   Decrease Java thread stack sizes (-Xss)
#   Set larger code cache with -XX:ReservedCodeCacheSize=
# This output file may be truncated or incomplete.
#
#  Out of Memory Error (memory/allocation.inline.hpp:61), pid=4000, tid=0x0000000000000930
#
# JRE version:  (8.0_152-b16) (build )
# Java VM: Java HotSpot(TM) 64-Bit Server VM (25.152-b16 mixed mode windows-amd64 compressed oops)
# Failed to write core dump. Minidumps are not enabled by default on client versions of Windows
#

---------------  T H R E A D  ---------------

Current thread (0x0000000004472800):  JavaThread "Unknown thread" [_thread_in_vm, id=2352, stack(0x0000000004340000,0x0000000004440000)]

Stack: [0x0000000004340000,0x0000000004440000]
[error occurred during error reporting (printing stack bounds), id 0xc0000005]

Native frames: (J=compiled Java code, j=interpreted, Vv=VM code, C=native code)


---------------  P R O C E S S  ---------------

Java Threads: ( => current thread )

Other Threads:

=>0x0000000004472800 (exited) JavaThread "Unknown thread" [_thread_in_vm, id=2352, stack(0x0000000004340000,0x0000000004440000)]

VM state:not at safepoint (normal execution)

VM Mutex/Monitor currently owned by a thread: None

Heap:
 PSYoungGen      total 18944K, used 327K [0x00000000eb380000, 0x00000000ec880000, 0x0000000100000000)
  eden space 16384K, 2% used [0x00000000eb380000,0x00000000eb3d1ec8,0x00000000ec380000)
  from space 2560K, 0% used [0x00000000ec600000,0x00000000ec600000,0x00000000ec880000)
  to   space 2560K, 0% used [0x00000000ec380000,0x00000000ec380000,0x00000000ec600000)
 ParOldGen       total 44032K, used 0K [0x00000000c1a00000, 0x00000000c4500000, 0x00000000eb380000)
  object space 44032K, 0% used [0x00000000c1a00000,0x00000000c1a00000,0x00000000c4500000)
 Metaspace       used 770K, capacity 4480K, committed 4480K, reserved 1056768K
  class space    used 75K, capacity 384K, committed 384K, reserved 1048576K

Card table byte_map: [0x0000000013930000,0x0000000013b30000] byte_map_base: 0x0000000013323000

Marking Bits: (ParMarkBitMap*) 0x0000000063130860
 Begin Bits: [0x0000000014080000, 0x0000000015018000)
 End Bits:   [0x0000000015018000, 0x0000000015fb0000)

Polling page: 0x00000000001f0000

CodeCache: size=245760Kb used=328Kb max_used=328Kb free=245431Kb
 bounds [0x0000000004570000, 0x00000000047e0000, 0x0000000013570000]
 total_blobs=58 nmethods=0 adapters=38
 compilation: enabled

Compilation events (0 events):
No events

GC Heap History (0 events):
No events

Deoptimization events (0 events):
No events

Classes redefined (0 events):
No events

Internal exceptions (0 events):
No events

Events (10 events):
Event: 0.021 loading class java/lang/Short
Event: 0.021 loading class java/lang/Short done
Event: 0.021 loading class java/lang/Integer
Event: 0.021 loading class java/lang/Integer done
Event: 0.021 loading class java/lang/Long
Event: 0.021 loading class java/lang/Long done
Event: 0.022 loading class java/lang/NullPointerException
Event: 0.022 loading class java/lang/NullPointerException done
Event: 0.022 loading class java/lang/ArithmeticException
Event: 0.022 loading class java/lang/ArithmeticException done


Dynamic libraries:
0x00007ff7aa2f0000 - 0x00007ff7aa327000 	C:\Program Files\Java\jdk1.8.0_152\bin\java.exe
0x00007fffe5940000 - 0x00007fffe5b20000 	C:\WINDOWS\SYSTEM32\ntdll.dll
0x00007fffe4e90000 - 0x00007fffe4f3e000 	C:\WINDOWS\System32\KERNEL32.DLL
0x00007fffe1f60000 - 0x00007fffe21c6000 	C:\WINDOWS\System32\KERNELBASE.dll
0x00007fffe5860000 - 0x00007fffe5901000 	C:\WINDOWS\System32\ADVAPI32.dll
0x00007fffe5100000 - 0x00007fffe519d000 	C:\WINDOWS\System32\msvcrt.dll
0x00007fffe5800000 - 0x00007fffe585b000 	C:\WINDOWS\System32\sechost.dll
0x00007fffe5640000 - 0x00007fffe575f000 	C:\WINDOWS\System32\RPCRT4.dll
0x00007fffe52e0000 - 0x00007fffe546f000 	C:\WINDOWS\System32\USER32.dll
0x00007fffe2920000 - 0x00007fffe2940000 	C:\WINDOWS\System32\win32u.dll
0x00007fffe3360000 - 0x00007fffe3388000 	C:\WINDOWS\System32\GDI32.dll
0x00007fffe29c0000 - 0x00007fffe2b53000 	C:\WINDOWS\System32\gdi32full.dll
0x00007fffe2d10000 - 0x00007fffe2dab000 	C:\WINDOWS\System32\msvcp_win.dll
0x00007fffe2c10000 - 0x00007fffe2d06000 	C:\WINDOWS\System32\ucrtbase.dll
0x00007fffcf270000 - 0x00007fffcf4d9000 	C:\WINDOWS\WinSxS\amd64_microsoft.windows.common-controls_6595b64144ccf1df_6.0.16299.371_none_15c7d1789365a290\COMCTL32.dll
0x00007fffe2eb0000 - 0x00007fffe31b8000 	C:\WINDOWS\System32\combase.dll
0x00007fffe2940000 - 0x00007fffe29b2000 	C:\WINDOWS\System32\bcryptPrimitives.dll
0x00007fffe5760000 - 0x00007fffe578d000 	C:\WINDOWS\System32\IMM32.DLL
0x0000000063db0000 - 0x0000000063e82000 	C:\Program Files\Java\jdk1.8.0_152\jre\bin\msvcr100.dll
0x0000000062910000 - 0x00000000631b0000 	C:\Program Files\Java\jdk1.8.0_152\jre\bin\server\jvm.dll
0x00007fffe52d0000 - 0x00007fffe52d8000 	C:\WINDOWS\System32\PSAPI.DLL
0x00007fffd3660000 - 0x00007fffd366a000 	C:\WINDOWS\SYSTEM32\VERSION.dll
0x00007fffdfa30000 - 0x00007fffdfa53000 	C:\WINDOWS\SYSTEM32\WINMM.dll
0x00007fffc3aa0000 - 0x00007fffc3aa9000 	C:\WINDOWS\SYSTEM32\WSOCK32.dll
0x00007fffe4f40000 - 0x00007fffe4fac000 	C:\WINDOWS\System32\WS2_32.dll
0x00007fffdf8f0000 - 0x00007fffdf91a000 	C:\WINDOWS\SYSTEM32\winmmbase.dll
0x00007fffe1d40000 - 0x00007fffe1d8a000 	C:\WINDOWS\System32\cfgmgr32.dll
0x0000000063da0000 - 0x0000000063daf000 	C:\Program Files\Java\jdk1.8.0_152\jre\bin\verify.dll
0x0000000063d70000 - 0x0000000063d99000 	C:\Program Files\Java\jdk1.8.0_152\jre\bin\java.dll
0x0000000063d50000 - 0x0000000063d66000 	C:\Program Files\Java\jdk1.8.0_152\jre\bin\zip.dll

VM Arguments:
java_command: <unknown>
java_class_path (initial): .
Launcher Type: SUN_STANDARD

Environment Variables:
PATH=C:\Program Files (x86)\Microsoft Visual Studio\2017\Enterprise\Common7\IDE\Extensions\GitHub\GitHub\lib\win32\x86;C:\Python27\;C:\Python27\Scripts;C:\Program Files\Java\jdk1.8.0_25\bin;C:\ProgramData\Oracle\Java\javapath;C:\Program Files (x86)\Intel\iCLS Client\;C:\Program Files\Intel\iCLS Client\;C:\WINDOWS\system32;C:\WINDOWS;C:\WINDOWS\System32\Wbem;C:\WINDOWS\System32\WindowsPowerShell\v1.0\;C:\Program Files\Intel\Intel(R) Management Engine Components\DAL;C:\Program Files\Intel\Intel(R) Management Engine Components\IPT;C:\Program Files (x86)\Intel\Intel(R) Management Engine Components\DAL;C:\Program Files (x86)\Intel\Intel(R) Management Engine Components\IPT;C:\ProgramData\Lenovo\ReadyApps;C:\Program Files\ASUS\Bluetooth Software\;C:\Program Files\ASUS\Bluetooth Software\syswow64;C:\Program Files (x86)\Windows Live\Shared;C:\Program Files\Intel\WiFi\bin\;C:\Program Files\Common Files\Intel\WirelessCommon\;C:\Program Files (x86)\GNU\GnuPG\pub;C:\Program Files (x86)\Skype\Phone\;c:\Program Files (x86)\Microsoft SQL Server\110\Tools\Binn\;c:\Program Files (x86)\Microsoft SQL Server\110\DTS\Binn\;c:\Program Files (x86)\Microsoft SQL Server\110\Tools\Binn\ManagementStudio\;C:\Program Files (x86)\Windows Kits\8.1\Windows Performance Toolkit\;C:\Program Files\dotnet\;C:\Program Files\Microsoft SQL Server\130\Tools\Binn\;C:\Program Files\Git\cmd;C:\Program Files\Intel\WiFi\bin\;C:\Program Files\Common Files\Intel\WirelessCommon\;C:\Users\Mark\AppData\Local\Microsoft\WindowsApps;C:\Users\Mark\AppData\Local\Microsoft\WindowsApps;C:\Users\Mark\AppData\Local\GitHubDesktop\bin
USERNAME=Mark
OS=Windows_NT
PROCESSOR_IDENTIFIER=Intel64 Family 6 Model 69 Stepping 1, GenuineIntel



---------------  S Y S T E M  ---------------

OS: Windows 10.0 , 64 bit Build 16299 (10.0.16299.15)

CPU:total 4 (initial active 4) (2 cores per cpu, 2 threads per core) family 6 model 69 stepping 1, cmov, cx8, fxsr, mmx, sse, sse2, sse3, ssse3, sse4.1, sse4.2, popcnt, avx, avx2, aes, clmul, erms, lzcnt, ht, tsc, tscinvbit, bmi1, bmi2

Memory: 4k page, physical 4082084k(399056k free), swap 4082084k(5336k free)

vm_info: Java HotSpot(TM) 64-Bit Server VM (25.152-b16) for windows-amd64 JRE (1.8.0_152-b16), built on Sep 14 2017 02:29:36 by "java_re" with MS VC++ 10.0 (VS2010)

time: Thu Apr 26 15:07:03 2018
elapsed time: 0 seconds (0d 0h 0m 0s)

