#
# There is insufficient memory for the Java Runtime Environment to continue.
# Native memory allocation (malloc) failed to allocate 184496 bytes for Chunk::new
# Possible reasons:
#   The system is out of physical RAM or swap space
#   In 32 bit mode, the process size limit was hit
# Possible solutions:
#   Reduce memory load on the system
#   Increase physical memory or swap space
#   Check if swap backing store is full
#   Use 64 bit Java on a 64 bit OS
#   Decrease Java heap size (-Xmx/-Xms)
#   Decrease number of Java threads
#   Decrease Java thread stack sizes (-Xss)
#   Set larger code cache with -XX:ReservedCodeCacheSize=
# This output file may be truncated or incomplete.
#
#  Out of Memory Error (allocation.cpp:390), pid=4072, tid=0x0000000000000a50
#
# JRE version: Java(TM) SE Runtime Environment (8.0_152-b16) (build 1.8.0_152-b16)
# Java VM: Java HotSpot(TM) 64-Bit Server VM (25.152-b16 mixed mode windows-amd64 compressed oops)
# Failed to write core dump. Minidumps are not enabled by default on client versions of Windows
#

---------------  T H R E A D  ---------------

Current thread (0x0000000016bb2000):  JavaThread "C2 CompilerThread0" daemon [_thread_in_native, id=2640, stack(0x00000000181f0000,0x00000000182f0000)]

Stack: [0x00000000181f0000,0x00000000182f0000]
[error occurred during error reporting (printing stack bounds), id 0xc0000005]

Native frames: (J=compiled Java code, j=interpreted, Vv=VM code, C=native code)


Current CompileTask:
C2:  12337 2334       4       com.android.dx.rop.code.LocalVariableExtractor::processBlock (327 bytes)


---------------  P R O C E S S  ---------------

Java Threads: ( => current thread )
  0x00000000187c3000 JavaThread "pool-2-thread-1" [_thread_blocked, id=8708, stack(0x0000000018bf0000,0x0000000018cf0000)]
  0x00000000187b1800 JavaThread "pool-1-thread-1" [_thread_in_Java, id=6488, stack(0x0000000018af0000,0x0000000018bf0000)]
  0x0000000018523800 JavaThread "Service Thread" daemon [_thread_blocked, id=4220, stack(0x00000000188f0000,0x00000000189f0000)]
  0x0000000016bb8800 JavaThread "C1 CompilerThread2" daemon [_thread_blocked, id=6456, stack(0x00000000183f0000,0x00000000184f0000)]
  0x0000000016bb5800 JavaThread "C2 CompilerThread1" daemon [_thread_in_native, id=4636, stack(0x00000000182f0000,0x00000000183f0000)]
=>0x0000000016bb2000 JavaThread "C2 CompilerThread0" daemon [_thread_in_native, id=2640, stack(0x00000000181f0000,0x00000000182f0000)]
  0x0000000016baf800 JavaThread "Attach Listener" daemon [_thread_blocked, id=3912, stack(0x00000000180f0000,0x00000000181f0000)]
  0x0000000016bae800 JavaThread "Signal Dispatcher" daemon [_thread_blocked, id=984, stack(0x0000000017ff0000,0x00000000180f0000)]
  0x00000000045c8800 JavaThread "Finalizer" daemon [_thread_blocked, id=9860, stack(0x0000000017e00000,0x0000000017f00000)]
  0x00000000045c3000 JavaThread "Reference Handler" daemon [_thread_blocked, id=11732, stack(0x0000000017d00000,0x0000000017e00000)]
  0x00000000044d2800 JavaThread "main" [_thread_in_vm, id=3824, stack(0x00000000043d0000,0x00000000044d0000)]

Other Threads:
  0x0000000016b77000 VMThread [stack: 0x0000000017c00000,0x0000000017d00000] [id=11480]
  0x0000000018535000 WatcherThread [stack: 0x00000000189f0000,0x0000000018af0000] [id=1628]

VM state:not at safepoint (normal execution)

VM Mutex/Monitor currently owned by a thread: None

Heap:
 PSYoungGen      total 246272K, used 180369K [0x00000000eb380000, 0x00000000fda80000, 0x0000000100000000)
  eden space 216064K, 83% used [0x00000000eb380000,0x00000000f63a4728,0x00000000f8680000)
  from space 30208K, 0% used [0x00000000fa580000,0x00000000fa580000,0x00000000fc300000)
  to   space 24064K, 0% used [0x00000000fc300000,0x00000000fc300000,0x00000000fda80000)
 ParOldGen       total 166912K, used 166897K [0x00000000c1a00000, 0x00000000cbd00000, 0x00000000eb380000)
  object space 166912K, 99% used [0x00000000c1a00000,0x00000000cbcfc470,0x00000000cbd00000)
 Metaspace       used 6708K, capacity 7256K, committed 7424K, reserved 1056768K
  class space    used 638K, capacity 656K, committed 768K, reserved 1048576K

Card table byte_map: [0x0000000013990000,0x0000000013b90000] byte_map_base: 0x0000000013383000

Marking Bits: (ParMarkBitMap*) 0x0000000051970860
 Begin Bits: [0x00000000140e0000, 0x0000000015078000)
 End Bits:   [0x0000000015078000, 0x0000000016010000)

Polling page: 0x0000000002520000

CodeCache: size=245760Kb used=10333Kb max_used=10354Kb free=235426Kb
 bounds [0x00000000045d0000, 0x0000000005000000, 0x00000000135d0000]
 total_blobs=2474 nmethods=2204 adapters=182
 compilation: enabled

Compilation events (10 events):
Event: 11.986 Thread 0x0000000016bb2000 nmethod 2324 0x0000000004fefb10 code [0x0000000004feff40, 0x0000000004ff57d0]
Event: 11.987 Thread 0x0000000016bb2000 2334       4       com.android.dx.rop.code.LocalVariableExtractor::processBlock (327 bytes)
Event: 12.104 Thread 0x0000000016bb8800 2338       2       com.android.dx.cf.direct.StdAttributeFactory::runtimeInvisibleAnnotations (44 bytes)
Event: 12.104 Thread 0x0000000016bb8800 nmethod 2338 0x0000000004fc2c90 code [0x0000000004fc2e20, 0x0000000004fc3198]
Event: 12.171 Thread 0x0000000016bb8800 2339       2       com.android.dx.rop.code.BasicBlock::getSecondarySuccessor (49 bytes)
Event: 12.171 Thread 0x0000000016bb8800 nmethod 2339 0x0000000004fc2710 code [0x0000000004fc28a0, 0x0000000004fc2b28]
Event: 12.320 Thread 0x0000000016bb8800 2344       2       com.android.dx.rop.code.FillArrayDataInsn::<init> (39 bytes)
Event: 12.320 Thread 0x0000000016bb8800 nmethod 2344 0x0000000004fb74d0 code [0x0000000004fb7640, 0x0000000004fb78d8]
Event: 12.322 Thread 0x0000000016bb8800 2346       2       com.android.dx.rop.code.FillArrayDataInsn::accept (8 bytes)
Event: 12.322 Thread 0x0000000016bb8800 nmethod 2346 0x0000000004f98310 code [0x0000000004f98480, 0x0000000004f98608]

GC Heap History (10 events):
Event: 5.342 GC heap before
{Heap before GC invocations=10 (full 1):
 PSYoungGen      total 200704K, used 200688K [0x00000000eb380000, 0x00000000fe080000, 0x0000000100000000)
  eden space 176128K, 100% used [0x00000000eb380000,0x00000000f5f80000,0x00000000f5f80000)
  from space 24576K, 99% used [0x00000000fc880000,0x00000000fe07c210,0x00000000fe080000)
  to   space 30208K, 0% used [0x00000000fa580000,0x00000000fa580000,0x00000000fc300000)
 ParOldGen       total 86016K, used 46244K [0x00000000c1a00000, 0x00000000c6e00000, 0x00000000eb380000)
  object space 86016K, 53% used [0x00000000c1a00000,0x00000000c4729020,0x00000000c6e00000)
 Metaspace       used 6690K, capacity 7256K, committed 7424K, reserved 1056768K
  class space    used 638K, capacity 656K, committed 768K, reserved 1048576K
Event: 5.448 GC heap after
Heap after GC invocations=10 (full 1):
 PSYoungGen      total 246272K, used 30195K [0x00000000eb380000, 0x00000000fda80000, 0x0000000100000000)
  eden space 216064K, 0% used [0x00000000eb380000,0x00000000eb380000,0x00000000f8680000)
  from space 30208K, 99% used [0x00000000fa580000,0x00000000fc2fcee8,0x00000000fc300000)
  to   space 24064K, 0% used [0x00000000fc300000,0x00000000fc300000,0x00000000fda80000)
 ParOldGen       total 86016K, used 66360K [0x00000000c1a00000, 0x00000000c6e00000, 0x00000000eb380000)
  object space 86016K, 77% used [0x00000000c1a00000,0x00000000c5ace3f0,0x00000000c6e00000)
 Metaspace       used 6690K, capacity 7256K, committed 7424K, reserved 1056768K
  class space    used 638K, capacity 656K, committed 768K, reserved 1048576K
}
Event: 6.675 GC heap before
{Heap before GC invocations=11 (full 1):
 PSYoungGen      total 246272K, used 246259K [0x00000000eb380000, 0x00000000fda80000, 0x0000000100000000)
  eden space 216064K, 100% used [0x00000000eb380000,0x00000000f8680000,0x00000000f8680000)
  from space 30208K, 99% used [0x00000000fa580000,0x00000000fc2fcee8,0x00000000fc300000)
  to   space 24064K, 0% used [0x00000000fc300000,0x00000000fc300000,0x00000000fda80000)
 ParOldGen       total 86016K, used 66360K [0x00000000c1a00000, 0x00000000c6e00000, 0x00000000eb380000)
  object space 86016K, 77% used [0x00000000c1a00000,0x00000000c5ace3f0,0x00000000c6e00000)
 Metaspace       used 6696K, capacity 7256K, committed 7424K, reserved 1056768K
  class space    used 638K, capacity 656K, committed 768K, reserved 1048576K
Event: 6.888 GC heap after
Heap after GC invocations=11 (full 1):
 PSYoungGen      total 246272K, used 246259K [0x00000000eb380000, 0x00000000fda80000, 0x0000000100000000)
  eden space 216064K, 100% used [0x00000000eb380000,0x00000000f8680000,0x00000000f8680000)
  from space 30208K, 99% used [0x00000000fa580000,0x00000000fc2fcee8,0x00000000fc300000)
  to   space 24064K, 99% used [0x00000000fc300000,0x00000000fda7b2e0,0x00000000fda80000)
 ParOldGen       total 102400K, used 101907K [0x00000000c1a00000, 0x00000000c7e00000, 0x00000000eb380000)
  object space 102400K, 99% used [0x00000000c1a00000,0x00000000c7d84ec8,0x00000000c7e00000)
 Metaspace       used 6696K, capacity 7256K, committed 7424K, reserved 1056768K
  class space    used 638K, capacity 656K, committed 768K, reserved 1048576K
}
Event: 6.888 GC heap before
{Heap before GC invocations=12 (full 2):
 PSYoungGen      total 246272K, used 246259K [0x00000000eb380000, 0x00000000fda80000, 0x0000000100000000)
  eden space 216064K, 100% used [0x00000000eb380000,0x00000000f8680000,0x00000000f8680000)
  from space 30208K, 99% used [0x00000000fa580000,0x00000000fc2fcee8,0x00000000fc300000)
  to   space 24064K, 99% used [0x00000000fc300000,0x00000000fda7b2e0,0x00000000fda80000)
 ParOldGen       total 102400K, used 101907K [0x00000000c1a00000, 0x00000000c7e00000, 0x00000000eb380000)
  object space 102400K, 99% used [0x00000000c1a00000,0x00000000c7d84ec8,0x00000000c7e00000)
 Metaspace       used 6696K, capacity 7256K, committed 7424K, reserved 1056768K
  class space    used 638K, capacity 656K, committed 768K, reserved 1048576K
Event: 7.947 GC heap after
Heap after GC invocations=12 (full 2):
 PSYoungGen      total 246272K, used 0K [0x00000000eb380000, 0x00000000fda80000, 0x0000000100000000)
  eden space 216064K, 0% used [0x00000000eb380000,0x00000000eb380000,0x00000000f8680000)
  from space 30208K, 0% used [0x00000000fa580000,0x00000000fa580000,0x00000000fc300000)
  to   space 24064K, 84% used [0x00000000fc300000,0x00000000fd6e9250,0x00000000fda80000)
 ParOldGen       total 166912K, used 102326K [0x00000000c1a00000, 0x00000000cbd00000, 0x00000000eb380000)
  object space 166912K, 61% used [0x00000000c1a00000,0x00000000c7deda88,0x00000000cbd00000)
 Metaspace       used 6696K, capacity 7256K, committed 7424K, reserved 1056768K
  class space    used 638K, capacity 656K, committed 768K, reserved 1048576K
}
Event: 8.860 GC heap before
{Heap before GC invocations=13 (full 3):
 PSYoungGen      total 246272K, used 216064K [0x00000000eb380000, 0x00000000fda80000, 0x0000000100000000)
  eden space 216064K, 100% used [0x00000000eb380000,0x00000000f8680000,0x00000000f8680000)
  from space 30208K, 0% used [0x00000000fa580000,0x00000000fa580000,0x00000000fc300000)
  to   space 24064K, 84% used [0x00000000fc300000,0x00000000fd6e9250,0x00000000fda80000)
 ParOldGen       total 166912K, used 102326K [0x00000000c1a00000, 0x00000000cbd00000, 0x00000000eb380000)
  object space 166912K, 61% used [0x00000000c1a00000,0x00000000c7deda88,0x00000000cbd00000)
 Metaspace       used 6703K, capacity 7256K, committed 7424K, reserved 1056768K
  class space    used 638K, capacity 656K, committed 768K, reserved 1048576K
Event: 9.585 GC heap after
Heap after GC invocations=13 (full 3):
 PSYoungGen      total 246272K, used 0K [0x00000000eb380000, 0x00000000fda80000, 0x0000000100000000)
  eden space 216064K, 0% used [0x00000000eb380000,0x00000000eb380000,0x00000000f8680000)
  from space 30208K, 0% used [0x00000000fa580000,0x00000000fa580000,0x00000000fc300000)
  to   space 24064K, 0% used [0x00000000fc300000,0x00000000fc300000,0x00000000fda80000)
 ParOldGen       total 166912K, used 152512K [0x00000000c1a00000, 0x00000000cbd00000, 0x00000000eb380000)
  object space 166912K, 91% used [0x00000000c1a00000,0x00000000caef0290,0x00000000cbd00000)
 Metaspace       used 6703K, capacity 7256K, committed 7424K, reserved 1056768K
  class space    used 638K, capacity 656K, committed 768K, reserved 1048576K
}
Event: 10.356 GC heap before
{Heap before GC invocations=14 (full 4):
 PSYoungGen      total 246272K, used 216064K [0x00000000eb380000, 0x00000000fda80000, 0x0000000100000000)
  eden space 216064K, 100% used [0x00000000eb380000,0x00000000f8680000,0x00000000f8680000)
  from space 30208K, 0% used [0x00000000fa580000,0x00000000fa580000,0x00000000fc300000)
  to   space 24064K, 0% used [0x00000000fc300000,0x00000000fc300000,0x00000000fda80000)
 ParOldGen       total 166912K, used 152512K [0x00000000c1a00000, 0x00000000cbd00000, 0x00000000eb380000)
  object space 166912K, 91% used [0x00000000c1a00000,0x00000000caef0290,0x00000000cbd00000)
 Metaspace       used 6707K, capacity 7256K, committed 7424K, reserved 1056768K
  class space    used 638K, capacity 656K, committed 768K, reserved 1048576K
Event: 11.496 GC heap after
Heap after GC invocations=14 (full 4):
 PSYoungGen      total 246272K, used 17290K [0x00000000eb380000, 0x00000000fda80000, 0x0000000100000000)
  eden space 216064K, 8% used [0x00000000eb380000,0x00000000ec462990,0x00000000f8680000)
  from space 30208K, 0% used [0x00000000fa580000,0x00000000fa580000,0x00000000fc300000)
  to   space 24064K, 0% used [0x00000000fc300000,0x00000000fc300000,0x00000000fda80000)
 ParOldGen       total 166912K, used 166897K [0x00000000c1a00000, 0x00000000cbd00000, 0x00000000eb380000)
  object space 166912K, 99% used [0x00000000c1a00000,0x00000000cbcfc470,0x00000000cbd00000)
 Metaspace       used 6707K, capacity 7256K, committed 7424K, reserved 1056768K
  class space    used 638K, capacity 656K, committed 768K, reserved 1048576K
}

Deoptimization events (10 events):
Event: 3.795 Thread 0x00000000187b1800 Uncommon trap: reason=unstable_if action=reinterpret pc=0x0000000004dfd424 method=java.util.HashMap.putVal(ILjava/lang/Object;Ljava/lang/Object;ZZ)Ljava/lang/Object; @ 162
Event: 3.805 Thread 0x00000000187b1800 Uncommon trap: reason=unstable_if action=reinterpret pc=0x0000000004d5ceb4 method=java.util.HashMap.getNode(ILjava/lang/Object;)Ljava/util/HashMap$Node; @ 84
Event: 4.175 Thread 0x00000000187b1800 Uncommon trap: reason=unstable_if action=reinterpret pc=0x0000000004dabfcc method=java.util.HashMap.resize()[Ljava/util/HashMap$Node; @ 206
Event: 4.300 Thread 0x00000000044d2800 Uncommon trap: reason=unstable_if action=reinterpret pc=0x0000000004e29338 method=com.android.dx.rop.code.RegisterSpec.equals(ILcom/android/dx/rop/type/TypeBearer;Lcom/android/dx/rop/code/LocalItem;)Z @ 42
Event: 4.657 Thread 0x00000000187b1800 Uncommon trap: reason=unstable_if action=reinterpret pc=0x0000000004b72114 method=com.android.dx.ssa.MoveParamCombiner$1.visitNonMoveInsn(Lcom/android/dx/ssa/NormalSsaInsn;)V @ 27
Event: 5.182 Thread 0x00000000044d2800 Uncommon trap: reason=unstable_if action=reinterpret pc=0x0000000004e5aa78 method=java.util.HashMap.putVal(ILjava/lang/Object;Ljava/lang/Object;ZZ)Ljava/lang/Object; @ 109
Event: 5.888 Thread 0x00000000187b1800 Uncommon trap: reason=unstable_if action=reinterpret pc=0x0000000004d6164c method=java.util.HashMap.getNode(ILjava/lang/Object;)Ljava/util/HashMap$Node; @ 84
Event: 6.197 Thread 0x00000000044d2800 Uncommon trap: reason=unstable_if action=reinterpret pc=0x0000000004d6d12c method=java.util.HashMap.getNode(ILjava/lang/Object;)Ljava/util/HashMap$Node; @ 84
Event: 6.338 Thread 0x00000000044d2800 Uncommon trap: reason=unstable_if action=reinterpret pc=0x0000000004e6f33c method=com.android.dx.rop.code.RegisterSpecSet.<init>(I)V @ 2
Event: 6.338 Thread 0x00000000044d2800 Uncommon trap: reason=unstable_if action=reinterpret pc=0x0000000004cd61c4 method=com.android.dx.rop.code.RegisterSpecSet.<init>(I)V @ 2

Classes redefined (0 events):
No events

Internal exceptions (6 events):
Event: 0.028 Thread 0x00000000044d2800 Exception <a 'java/lang/NoSuchMethodError': Method sun.misc.Unsafe.defineClass(Ljava/lang/String;[BII)Ljava/lang/Class; name or signature does not match> (0x00000000eb387ca8) thrown at [C:\re\workspace\8-2-build-windows-amd64-cygwin\jdk8u152\9742\hotspot\
Event: 0.028 Thread 0x00000000044d2800 Exception <a 'java/lang/NoSuchMethodError': Method sun.misc.Unsafe.prefetchRead(Ljava/lang/Object;J)V name or signature does not match> (0x00000000eb387f90) thrown at [C:\re\workspace\8-2-build-windows-amd64-cygwin\jdk8u152\9742\hotspot\src\share\vm\prims
Event: 1.445 Thread 0x00000000187b1800 Implicit null exception at 0x000000000487d922 to 0x000000000487da1a
Event: 3.797 Thread 0x00000000187b1800 Exception <a 'java/lang/ArrayIndexOutOfBoundsException': 18> (0x00000000ef95f528) thrown at [C:\re\workspace\8-2-build-windows-amd64-cygwin\jdk8u152\9742\hotspot\src\share\vm\interpreter\interpreterRuntime.cpp, line 366]
Event: 3.803 Thread 0x00000000187b1800 Exception <a 'java/lang/ArrayIndexOutOfBoundsException'> (0x00000000ef9610a8) thrown at [C:\re\workspace\8-2-build-windows-amd64-cygwin\jdk8u152\9742\hotspot\src\share\vm\runtime\sharedRuntime.cpp, line 605]
Event: 3.804 Thread 0x00000000187b1800 Exception <a 'java/lang/ArrayIndexOutOfBoundsException'> (0x00000000ef962390) thrown at [C:\re\workspace\8-2-build-windows-amd64-cygwin\jdk8u152\9742\hotspot\src\share\vm\runtime\sharedRuntime.cpp, line 605]

Events (10 events):
Event: 11.892 Thread 0x00000000187b1800 DEOPT PACKING pc=0x00000000049e8e22 sp=0x0000000018bee450
Event: 11.892 Thread 0x00000000187b1800 DEOPT UNPACKING pc=0x000000000461787f sp=0x0000000018bee280 mode 0
Event: 11.963 Thread 0x00000000187b1800 DEOPT PACKING pc=0x00000000048de0fd sp=0x0000000018bee530
Event: 11.963 Thread 0x00000000187b1800 DEOPT UNPACKING pc=0x000000000461787f sp=0x0000000018bee2d0 mode 0
Event: 12.048 Thread 0x00000000044d2800 DEOPT PACKING pc=0x00000000049e8e22 sp=0x00000000044ce040
Event: 12.049 Thread 0x00000000044d2800 DEOPT UNPACKING pc=0x000000000461787f sp=0x00000000044cde70 mode 0
Event: 12.107 Thread 0x00000000187b1800 DEOPT PACKING pc=0x00000000048de0fd sp=0x0000000018bee530
Event: 12.107 Thread 0x00000000187b1800 DEOPT UNPACKING pc=0x000000000461787f sp=0x0000000018bee2d0 mode 0
Event: 12.279 Thread 0x00000000044d2800 DEOPT PACKING pc=0x00000000048de0fd sp=0x00000000044ce120
Event: 12.279 Thread 0x00000000044d2800 DEOPT UNPACKING pc=0x000000000461787f sp=0x00000000044cdec0 mode 0


Dynamic libraries:
0x00007ff67a090000 - 0x00007ff67a0c7000 	C:\Program Files\Java\jdk1.8.0_152\bin\java.exe
0x00007ff9bc0e0000 - 0x00007ff9bc2c0000 	C:\WINDOWS\SYSTEM32\ntdll.dll
0x00007ff9ba2b0000 - 0x00007ff9ba35e000 	C:\WINDOWS\System32\KERNEL32.DLL
0x00007ff9b8ed0000 - 0x00007ff9b9136000 	C:\WINDOWS\System32\KERNELBASE.dll
0x00007ff9b9a80000 - 0x00007ff9b9b21000 	C:\WINDOWS\System32\ADVAPI32.dll
0x00007ff9b9760000 - 0x00007ff9b97fd000 	C:\WINDOWS\System32\msvcrt.dll
0x00007ff9bbfd0000 - 0x00007ff9bc02b000 	C:\WINDOWS\System32\sechost.dll
0x00007ff9ba190000 - 0x00007ff9ba2af000 	C:\WINDOWS\System32\RPCRT4.dll
0x00007ff9b9800000 - 0x00007ff9b998f000 	C:\WINDOWS\System32\USER32.dll
0x00007ff9b84e0000 - 0x00007ff9b8500000 	C:\WINDOWS\System32\win32u.dll
0x00007ff9ba120000 - 0x00007ff9ba148000 	C:\WINDOWS\System32\GDI32.dll
0x00007ff9b9140000 - 0x00007ff9b92d3000 	C:\WINDOWS\System32\gdi32full.dll
0x00007ff9b8e30000 - 0x00007ff9b8ecb000 	C:\WINDOWS\System32\msvcp_win.dll
0x00007ff9b8d30000 - 0x00007ff9b8e26000 	C:\WINDOWS\System32\ucrtbase.dll
0x00007ff9a6770000 - 0x00007ff9a69d9000 	C:\WINDOWS\WinSxS\amd64_microsoft.windows.common-controls_6595b64144ccf1df_6.0.16299.248_none_15ced204935f55d7\COMCTL32.dll
0x00007ff9ba7b0000 - 0x00007ff9baab8000 	C:\WINDOWS\System32\combase.dll
0x00007ff9b8500000 - 0x00007ff9b8572000 	C:\WINDOWS\System32\bcryptPrimitives.dll
0x00007ff9ba150000 - 0x00007ff9ba17d000 	C:\WINDOWS\System32\IMM32.DLL
0x00000000519f0000 - 0x0000000051ac2000 	C:\Program Files\Java\jdk1.8.0_152\jre\bin\msvcr100.dll
0x0000000051150000 - 0x00000000519f0000 	C:\Program Files\Java\jdk1.8.0_152\jre\bin\server\jvm.dll
0x00007ff9b9a70000 - 0x00007ff9b9a78000 	C:\WINDOWS\System32\PSAPI.DLL
0x00007ff9aa930000 - 0x00007ff9aa93a000 	C:\WINDOWS\SYSTEM32\VERSION.dll
0x00007ff9b61d0000 - 0x00007ff9b61f3000 	C:\WINDOWS\SYSTEM32\WINMM.dll
0x00007ff9a35b0000 - 0x00007ff9a35b9000 	C:\WINDOWS\SYSTEM32\WSOCK32.dll
0x00007ff9b9990000 - 0x00007ff9b99fc000 	C:\WINDOWS\System32\WS2_32.dll
0x00007ff9b6090000 - 0x00007ff9b60ba000 	C:\WINDOWS\SYSTEM32\winmmbase.dll
0x00007ff9b9560000 - 0x00007ff9b95aa000 	C:\WINDOWS\System32\cfgmgr32.dll
0x0000000051140000 - 0x000000005114f000 	C:\Program Files\Java\jdk1.8.0_152\jre\bin\verify.dll
0x0000000051110000 - 0x0000000051139000 	C:\Program Files\Java\jdk1.8.0_152\jre\bin\java.dll
0x00000000510f0000 - 0x0000000051106000 	C:\Program Files\Java\jdk1.8.0_152\jre\bin\zip.dll
0x00007ff9bab90000 - 0x00007ff9bbfc6000 	C:\WINDOWS\System32\SHELL32.dll
0x00007ff9b9ce0000 - 0x00007ff9b9d86000 	C:\WINDOWS\System32\shcore.dll
0x00007ff9b85e0000 - 0x00007ff9b8d27000 	C:\WINDOWS\System32\windows.storage.dll
0x00007ff9b9d90000 - 0x00007ff9b9de1000 	C:\WINDOWS\System32\shlwapi.dll
0x00007ff9b84c0000 - 0x00007ff9b84d1000 	C:\WINDOWS\System32\kernel.appcore.dll
0x00007ff9b8450000 - 0x00007ff9b849c000 	C:\WINDOWS\System32\powrprof.dll
0x00007ff9b8430000 - 0x00007ff9b844b000 	C:\WINDOWS\System32\profapi.dll

VM Arguments:
java_command: C:\Program Files (x86)\Android\android-sdk\build-tools\25.0.3\\lib\dx.jar --dex --no-strict --output obj\Debug\android\bin C:\Users\Mark\source\repos\VTBoard\VTBoard\VTBoard\VTBoard.Android\obj\Debug\android\bin\classes\classes.zip C:\Program Files (x86)\Microsoft Visual Studio\2017\Enterprise\Common7\IDE\ReferenceAssemblies\Microsoft\Framework\MonoAndroid\v8.0\mono.android.jar obj\Debug\lp\0\jl\formsviewgroup.jar C:\Users\Mark\AppData\Local\Xamarin\Xamarin.Android.Support.Animated.Vector.Drawable\23.3.0.0\embedded\classes.jar C:\Users\Mark\AppData\Local\Xamarin\Xamarin.Android.Support.Design\23.3.0.0\embedded\classes.jar C:\Users\Mark\AppData\Local\Xamarin\Xamarin.Android.Support.v4\23.3.0.0\embedded\classes.jar C:\Users\Mark\AppData\Local\Xamarin\Xamarin.Android.Support.v4\23.3.0.0\embedded\libs\internal_impl-23.3.0.jar C:\Users\Mark\AppData\Local\Xamarin\Xamarin.Android.Support.v7.AppCompat\23.3.0.0\embedded\classes.jar C:\Users\Mark\AppData\Local\Xamarin\Xamarin.Android.Support.v7.CardView\23.3.0.0\embedded\classes.jar C:\Users\Mark\AppData\Local\Xamarin\Xamarin.Android.Support.v7.MediaRouter\23.3.0.0\embedded\classes.jar C:\Users\Mark\AppData\Local\Xamarin\Xamarin.Android.Support.v7.MediaRouter\23.3.0.0\embedded\libs\internal_impl-23.3.0.jar C:\Users\Mark\AppData\Local\Xamarin\Xamarin.Android.Support.v7.RecyclerView\23.3.0.0\embedded\classes.jar C:\Users\Mark\AppData\Local\Xamarin\Xamarin.Android.Support.Vector.Drawable\23.3.0.0\embedded\classes.jar
java_class_path (initial): C:\Program Files (x86)\Android\android-sdk\build-tools\25.0.3\\lib\dx.jar
Launcher Type: SUN_STANDARD

Environment Variables:
PATH=C:\Program Files (x86)\Microsoft Visual Studio\2017\Enterprise\Common7\IDE\Extensions\GitHub\GitHub\lib\win32\x86;C:\Python27\;C:\Python27\Scripts;C:\Program Files\Java\jdk1.8.0_25\bin;C:\ProgramData\Oracle\Java\javapath;C:\Program Files (x86)\Intel\iCLS Client\;C:\Program Files\Intel\iCLS Client\;C:\WINDOWS\system32;C:\WINDOWS;C:\WINDOWS\System32\Wbem;C:\WINDOWS\System32\WindowsPowerShell\v1.0\;C:\Program Files\Intel\Intel(R) Management Engine Components\DAL;C:\Program Files\Intel\Intel(R) Management Engine Components\IPT;C:\Program Files (x86)\Intel\Intel(R) Management Engine Components\DAL;C:\Program Files (x86)\Intel\Intel(R) Management Engine Components\IPT;C:\ProgramData\Lenovo\ReadyApps;C:\Program Files\ASUS\Bluetooth Software\;C:\Program Files\ASUS\Bluetooth Software\syswow64;C:\Program Files (x86)\Windows Live\Shared;C:\Program Files\Intel\WiFi\bin\;C:\Program Files\Common Files\Intel\WirelessCommon\;C:\Program Files (x86)\GNU\GnuPG\pub;C:\Program Files (x86)\Skype\Phone\;c:\Program Files (x86)\Microsoft SQL Server\110\Tools\Binn\;c:\Program Files (x86)\Microsoft SQL Server\110\DTS\Binn\;c:\Program Files (x86)\Microsoft SQL Server\110\Tools\Binn\ManagementStudio\;C:\Program Files (x86)\Windows Kits\8.1\Windows Performance Toolkit\;C:\Program Files\dotnet\;C:\Program Files\Microsoft SQL Server\130\Tools\Binn\;C:\Program Files\Git\cmd;C:\Program Files\Intel\WiFi\bin\;C:\Program Files\Common Files\Intel\WirelessCommon\;C:\Users\Mark\AppData\Local\Microsoft\WindowsApps;%USERPROFILE%\AppData\Local\Microsoft\WindowsApps;
USERNAME=Mark
OS=Windows_NT
PROCESSOR_IDENTIFIER=Intel64 Family 6 Model 69 Stepping 1, GenuineIntel



---------------  S Y S T E M  ---------------

OS: Windows 10.0 , 64 bit Build 16299 (10.0.16299.15)

CPU:total 4 (initial active 4) (2 cores per cpu, 2 threads per core) family 6 model 69 stepping 1, cmov, cx8, fxsr, mmx, sse, sse2, sse3, ssse3, sse4.1, sse4.2, popcnt, avx, avx2, aes, clmul, erms, lzcnt, ht, tsc, tscinvbit, bmi1, bmi2

Memory: 4k page, physical 4082084k(334052k free), swap 4082084k(5148k free)

vm_info: Java HotSpot(TM) 64-Bit Server VM (25.152-b16) for windows-amd64 JRE (1.8.0_152-b16), built on Sep 14 2017 02:29:36 by "java_re" with MS VC++ 10.0 (VS2010)

time: Mon Feb 19 16:14:17 2018
elapsed time: 12 seconds (0d 0h 0m 12s)

