#
# There is insufficient memory for the Java Runtime Environment to continue.
# Native memory allocation (malloc) failed to allocate 1072640 bytes for Chunk::new
# Possible reasons:
#   The system is out of physical RAM or swap space
#   In 32 bit mode, the process size limit was hit
# Possible solutions:
#   Reduce memory load on the system
#   Increase physical memory or swap space
#   Check if swap backing store is full
#   Use 64 bit Java on a 64 bit OS
#   Decrease Java heap size (-Xmx/-Xms)
#   Decrease number of Java threads
#   Decrease Java thread stack sizes (-Xss)
#   Set larger code cache with -XX:ReservedCodeCacheSize=
# This output file may be truncated or incomplete.
#
#  Out of Memory Error (allocation.cpp:390), pid=5088, tid=0x0000000000001e4c
#
# JRE version: Java(TM) SE Runtime Environment (8.0_152-b16) (build 1.8.0_152-b16)
# Java VM: Java HotSpot(TM) 64-Bit Server VM (25.152-b16 mixed mode windows-amd64 compressed oops)
# Failed to write core dump. Minidumps are not enabled by default on client versions of Windows
#

---------------  T H R E A D  ---------------

Current thread (0x00000000172ed800):  JavaThread "C2 CompilerThread0" daemon [_thread_in_native, id=7756, stack(0x0000000018a50000,0x0000000018b50000)]

Stack: [0x0000000018a50000,0x0000000018b50000]
[error occurred during error reporting (printing stack bounds), id 0xc0000005]

Native frames: (J=compiled Java code, j=interpreted, Vv=VM code, C=native code)


Current CompileTask:
C2:   6190 1996       4       com.android.dx.rop.code.LocalVariableExtractor::processBlock (327 bytes)


---------------  P R O C E S S  ---------------

Java Threads: ( => current thread )
  0x0000000019003800 JavaThread "pool-2-thread-1" [_thread_blocked, id=1936, stack(0x0000000019450000,0x0000000019550000)]
  0x0000000019001000 JavaThread "pool-1-thread-1" [_thread_in_Java, id=8356, stack(0x0000000019350000,0x0000000019450000)]
  0x0000000018d83800 JavaThread "Service Thread" daemon [_thread_blocked, id=5404, stack(0x0000000019150000,0x0000000019250000)]
  0x00000000172e1800 JavaThread "C1 CompilerThread2" daemon [_thread_blocked, id=11016, stack(0x0000000018c50000,0x0000000018d50000)]
  0x00000000172de800 JavaThread "C2 CompilerThread1" daemon [_thread_in_native, id=4928, stack(0x0000000018b50000,0x0000000018c50000)]
=>0x00000000172ed800 JavaThread "C2 CompilerThread0" daemon [_thread_in_native, id=7756, stack(0x0000000018a50000,0x0000000018b50000)]
  0x00000000172eb000 JavaThread "Attach Listener" daemon [_thread_blocked, id=9232, stack(0x0000000018950000,0x0000000018a50000)]
  0x00000000172e9800 JavaThread "Signal Dispatcher" daemon [_thread_blocked, id=11800, stack(0x0000000018850000,0x0000000018950000)]
  0x0000000004cf9000 JavaThread "Finalizer" daemon [_thread_blocked, id=8416, stack(0x0000000018560000,0x0000000018660000)]
  0x0000000004cf3000 JavaThread "Reference Handler" daemon [_thread_blocked, id=4732, stack(0x0000000018460000,0x0000000018560000)]
  0x0000000004c02800 JavaThread "main" [_thread_in_Java, id=10992, stack(0x0000000004b00000,0x0000000004c00000)]

Other Threads:
  0x00000000172a7800 VMThread [stack: 0x0000000018360000,0x0000000018460000] [id=8548]
  0x0000000018d94000 WatcherThread [stack: 0x0000000019250000,0x0000000019350000] [id=10752]

VM state:not at safepoint (normal execution)

VM Mutex/Monitor currently owned by a thread: None

Heap:
 PSYoungGen      total 144384K, used 66307K [0x00000000eb380000, 0x00000000f8e00000, 0x0000000100000000)
  eden space 129024K, 51% used [0x00000000eb380000,0x00000000ef440da0,0x00000000f3180000)
  from space 15360K, 0% used [0x00000000f3180000,0x00000000f3180000,0x00000000f4080000)
  to   space 35840K, 0% used [0x00000000f6b00000,0x00000000f6b00000,0x00000000f8e00000)
 ParOldGen       total 87040K, used 86619K [0x00000000c1a00000, 0x00000000c6f00000, 0x00000000eb380000)
  object space 87040K, 99% used [0x00000000c1a00000,0x00000000c6e96eb8,0x00000000c6f00000)
 Metaspace       used 6698K, capacity 7256K, committed 7424K, reserved 1056768K
  class space    used 638K, capacity 656K, committed 768K, reserved 1048576K

Card table byte_map: [0x00000000140c0000,0x00000000142c0000] byte_map_base: 0x0000000013ab3000

Marking Bits: (ParMarkBitMap*) 0x000000005ad70860
 Begin Bits: [0x0000000014810000, 0x00000000157a8000)
 End Bits:   [0x00000000157a8000, 0x0000000016740000)

Polling page: 0x0000000003190000

CodeCache: size=245760Kb used=9222Kb max_used=9222Kb free=236537Kb
 bounds [0x0000000004d00000, 0x0000000005610000, 0x0000000013d00000]
 total_blobs=2359 nmethods=2089 adapters=182
 compilation: enabled

Compilation events (10 events):
Event: 6.052 Thread 0x00000000172e1800 2181       3       java.util.HashMap::getNode (148 bytes)
Event: 6.053 Thread 0x00000000172e1800 nmethod 2181 0x00000000055f6410 code [0x00000000055f6600, 0x00000000055f7268]
Event: 6.083 Thread 0x00000000172e1800 2182       2       java.util.concurrent.locks.AbstractQueuedSynchronizer$ConditionObject::await (98 bytes)
Event: 6.084 Thread 0x00000000172e1800 nmethod 2182 0x00000000055f5550 code [0x00000000055f5760, 0x00000000055f5e28]
Event: 6.133 Thread 0x00000000172e1800 2185       2       com.android.dx.rop.cst.CstLiteral32::<init> (10 bytes)
Event: 6.133 Thread 0x00000000172e1800 nmethod 2185 0x00000000055c2350 code [0x00000000055c24a0, 0x00000000055c25f0]
Event: 6.134 Thread 0x00000000172e1800 2186       2       com.android.dx.rop.cst.CstFloat::make (9 bytes)
Event: 6.134 Thread 0x00000000172e1800 nmethod 2186 0x00000000055c1f10 code [0x00000000055c2060, 0x00000000055c21f0]
Event: 6.146 Thread 0x00000000172e1800 2188       2       java.util.TimSort::countRunAndMakeAscending (128 bytes)
Event: 6.147 Thread 0x00000000172e1800 nmethod 2188 0x00000000055f49d0 code [0x00000000055f4b80, 0x00000000055f50e8]

GC Heap History (10 events):
Event: 3.280 GC heap before
{Heap before GC invocations=7 (full 0):
 PSYoungGen      total 142336K, used 141534K [0x00000000eb380000, 0x00000000f5180000, 0x0000000100000000)
  eden space 129024K, 100% used [0x00000000eb380000,0x00000000f3180000,0x00000000f3180000)
  from space 13312K, 93% used [0x00000000f4080000,0x00000000f4cb7bc8,0x00000000f4d80000)
  to   space 15360K, 0% used [0x00000000f3180000,0x00000000f3180000,0x00000000f4080000)
 ParOldGen       total 44032K, used 23659K [0x00000000c1a00000, 0x00000000c4500000, 0x00000000eb380000)
  object space 44032K, 53% used [0x00000000c1a00000,0x00000000c311ad58,0x00000000c4500000)
 Metaspace       used 6573K, capacity 7256K, committed 7424K, reserved 1056768K
  class space    used 619K, capacity 656K, committed 768K, reserved 1048576K
Event: 3.349 GC heap after
Heap after GC invocations=7 (full 0):
 PSYoungGen      total 144384K, used 15348K [0x00000000eb380000, 0x00000000f5180000, 0x0000000100000000)
  eden space 129024K, 0% used [0x00000000eb380000,0x00000000eb380000,0x00000000f3180000)
  from space 15360K, 99% used [0x00000000f3180000,0x00000000f407d3d8,0x00000000f4080000)
  to   space 13312K, 0% used [0x00000000f4080000,0x00000000f4080000,0x00000000f4d80000)
 ParOldGen       total 44032K, used 37193K [0x00000000c1a00000, 0x00000000c4500000, 0x00000000eb380000)
  object space 44032K, 84% used [0x00000000c1a00000,0x00000000c3e52408,0x00000000c4500000)
 Metaspace       used 6573K, capacity 7256K, committed 7424K, reserved 1056768K
  class space    used 619K, capacity 656K, committed 768K, reserved 1048576K
}
Event: 3.349 GC heap before
{Heap before GC invocations=8 (full 1):
 PSYoungGen      total 144384K, used 15348K [0x00000000eb380000, 0x00000000f5180000, 0x0000000100000000)
  eden space 129024K, 0% used [0x00000000eb380000,0x00000000eb380000,0x00000000f3180000)
  from space 15360K, 99% used [0x00000000f3180000,0x00000000f407d3d8,0x00000000f4080000)
  to   space 13312K, 0% used [0x00000000f4080000,0x00000000f4080000,0x00000000f4d80000)
 ParOldGen       total 44032K, used 37193K [0x00000000c1a00000, 0x00000000c4500000, 0x00000000eb380000)
  object space 44032K, 84% used [0x00000000c1a00000,0x00000000c3e52408,0x00000000c4500000)
 Metaspace       used 6573K, capacity 7256K, committed 7424K, reserved 1056768K
  class space    used 619K, capacity 656K, committed 768K, reserved 1048576K
Event: 3.888 GC heap after
Heap after GC invocations=8 (full 1):
 PSYoungGen      total 144384K, used 6109K [0x00000000eb380000, 0x00000000f5180000, 0x0000000100000000)
  eden space 129024K, 0% used [0x00000000eb380000,0x00000000eb380000,0x00000000f3180000)
  from space 15360K, 39% used [0x00000000f3180000,0x00000000f3777660,0x00000000f4080000)
  to   space 13312K, 0% used [0x00000000f4080000,0x00000000f4080000,0x00000000f4d80000)
 ParOldGen       total 87040K, used 43909K [0x00000000c1a00000, 0x00000000c6f00000, 0x00000000eb380000)
  object space 87040K, 50% used [0x00000000c1a00000,0x00000000c44e1670,0x00000000c6f00000)
 Metaspace       used 6573K, capacity 7256K, committed 7424K, reserved 1056768K
  class space    used 619K, capacity 656K, committed 768K, reserved 1048576K
}
Event: 4.558 GC heap before
{Heap before GC invocations=9 (full 1):
 PSYoungGen      total 144384K, used 135133K [0x00000000eb380000, 0x00000000f5180000, 0x0000000100000000)
  eden space 129024K, 100% used [0x00000000eb380000,0x00000000f3180000,0x00000000f3180000)
  from space 15360K, 39% used [0x00000000f3180000,0x00000000f3777660,0x00000000f4080000)
  to   space 13312K, 0% used [0x00000000f4080000,0x00000000f4080000,0x00000000f4d80000)
 ParOldGen       total 87040K, used 43909K [0x00000000c1a00000, 0x00000000c6f00000, 0x00000000eb380000)
  object space 87040K, 50% used [0x00000000c1a00000,0x00000000c44e1670,0x00000000c6f00000)
 Metaspace       used 6677K, capacity 7256K, committed 7424K, reserved 1056768K
  class space    used 638K, capacity 656K, committed 768K, reserved 1048576K
Event: 4.624 GC heap after
Heap after GC invocations=9 (full 1):
 PSYoungGen      total 142336K, used 13281K [0x00000000eb380000, 0x00000000f5180000, 0x0000000100000000)
  eden space 129024K, 0% used [0x00000000eb380000,0x00000000eb380000,0x00000000f3180000)
  from space 13312K, 99% used [0x00000000f4080000,0x00000000f4d786d0,0x00000000f4d80000)
  to   space 15360K, 0% used [0x00000000f3180000,0x00000000f3180000,0x00000000f4080000)
 ParOldGen       total 87040K, used 56995K [0x00000000c1a00000, 0x00000000c6f00000, 0x00000000eb380000)
  object space 87040K, 65% used [0x00000000c1a00000,0x00000000c51a8fe8,0x00000000c6f00000)
 Metaspace       used 6677K, capacity 7256K, committed 7424K, reserved 1056768K
  class space    used 638K, capacity 656K, committed 768K, reserved 1048576K
}
Event: 5.326 GC heap before
{Heap before GC invocations=10 (full 1):
 PSYoungGen      total 142336K, used 142305K [0x00000000eb380000, 0x00000000f5180000, 0x0000000100000000)
  eden space 129024K, 100% used [0x00000000eb380000,0x00000000f3180000,0x00000000f3180000)
  from space 13312K, 99% used [0x00000000f4080000,0x00000000f4d786d0,0x00000000f4d80000)
  to   space 15360K, 0% used [0x00000000f3180000,0x00000000f3180000,0x00000000f4080000)
 ParOldGen       total 87040K, used 56995K [0x00000000c1a00000, 0x00000000c6f00000, 0x00000000eb380000)
  object space 87040K, 65% used [0x00000000c1a00000,0x00000000c51a8fe8,0x00000000c6f00000)
 Metaspace       used 6694K, capacity 7256K, committed 7424K, reserved 1056768K
  class space    used 638K, capacity 656K, committed 768K, reserved 1048576K
Event: 5.377 GC heap after
Heap after GC invocations=10 (full 1):
 PSYoungGen      total 144384K, used 15337K [0x00000000eb380000, 0x00000000f8e00000, 0x0000000100000000)
  eden space 129024K, 0% used [0x00000000eb380000,0x00000000eb380000,0x00000000f3180000)
  from space 15360K, 99% used [0x00000000f3180000,0x00000000f407a678,0x00000000f4080000)
  to   space 35840K, 0% used [0x00000000f6b00000,0x00000000f6b00000,0x00000000f8e00000)
 ParOldGen       total 87040K, used 74684K [0x00000000c1a00000, 0x00000000c6f00000, 0x00000000eb380000)
  object space 87040K, 85% used [0x00000000c1a00000,0x00000000c62ef320,0x00000000c6f00000)
 Metaspace       used 6694K, capacity 7256K, committed 7424K, reserved 1056768K
  class space    used 638K, capacity 656K, committed 768K, reserved 1048576K
}
Event: 5.377 GC heap before
{Heap before GC invocations=11 (full 2):
 PSYoungGen      total 144384K, used 15337K [0x00000000eb380000, 0x00000000f8e00000, 0x0000000100000000)
  eden space 129024K, 0% used [0x00000000eb380000,0x00000000eb380000,0x00000000f3180000)
  from space 15360K, 99% used [0x00000000f3180000,0x00000000f407a678,0x00000000f4080000)
  to   space 35840K, 0% used [0x00000000f6b00000,0x00000000f6b00000,0x00000000f8e00000)
 ParOldGen       total 87040K, used 74684K [0x00000000c1a00000, 0x00000000c6f00000, 0x00000000eb380000)
  object space 87040K, 85% used [0x00000000c1a00000,0x00000000c62ef320,0x00000000c6f00000)
 Metaspace       used 6694K, capacity 7256K, committed 7424K, reserved 1056768K
  class space    used 638K, capacity 656K, committed 768K, reserved 1048576K
Event: 5.894 GC heap after
Heap after GC invocations=11 (full 2):
 PSYoungGen      total 144384K, used 0K [0x00000000eb380000, 0x00000000f8e00000, 0x0000000100000000)
  eden space 129024K, 0% used [0x00000000eb380000,0x00000000eb380000,0x00000000f3180000)
  from space 15360K, 0% used [0x00000000f3180000,0x00000000f3180000,0x00000000f4080000)
  to   space 35840K, 0% used [0x00000000f6b00000,0x00000000f6b00000,0x00000000f8e00000)
 ParOldGen       total 87040K, used 86619K [0x00000000c1a00000, 0x00000000c6f00000, 0x00000000eb380000)
  object space 87040K, 99% used [0x00000000c1a00000,0x00000000c6e96eb8,0x00000000c6f00000)
 Metaspace       used 6694K, capacity 7256K, committed 7424K, reserved 1056768K
  class space    used 638K, capacity 656K, committed 768K, reserved 1048576K
}

Deoptimization events (10 events):
Event: 1.616 Thread 0x0000000004c02800 Uncommon trap: reason=unstable_if action=reinterpret pc=0x0000000005087f9c method=com.android.dx.rop.cst.Constant.compareTo(Lcom/android/dx/rop/cst/Constant;)I @ 12
Event: 1.655 Thread 0x0000000004c02800 Uncommon trap: reason=unstable_if action=reinterpret pc=0x0000000004f2322c method=java.util.HashMap.getNode(ILjava/lang/Object;)Ljava/util/HashMap$Node; @ 129
Event: 3.137 Thread 0x0000000004c02800 Uncommon trap: reason=speculate_class_check action=maybe_recompile pc=0x00000000054ca6f0 method=com.android.dx.ssa.SsaInsn.mapRegisters(Lcom/android/dx/ssa/RegisterMapper;)V @ 31
Event: 3.146 Thread 0x0000000004c02800 Uncommon trap: reason=speculate_class_check action=maybe_recompile pc=0x00000000054ca6f0 method=com.android.dx.ssa.SsaInsn.mapRegisters(Lcom/android/dx/ssa/RegisterMapper;)V @ 31
Event: 3.149 Thread 0x0000000004c02800 Uncommon trap: reason=speculate_class_check action=maybe_recompile pc=0x00000000054ca6f0 method=com.android.dx.ssa.SsaInsn.mapRegisters(Lcom/android/dx/ssa/RegisterMapper;)V @ 31
Event: 3.152 Thread 0x0000000004c02800 Uncommon trap: reason=speculate_class_check action=maybe_recompile pc=0x00000000054ca6f0 method=com.android.dx.ssa.SsaInsn.mapRegisters(Lcom/android/dx/ssa/RegisterMapper;)V @ 31
Event: 4.290 Thread 0x0000000019001000 Uncommon trap: reason=unstable_if action=reinterpret pc=0x0000000005007458 method=java.util.HashMap.getNode(ILjava/lang/Object;)Ljava/util/HashMap$Node; @ 84
Event: 4.667 Thread 0x0000000004c02800 Uncommon trap: reason=unstable_if action=reinterpret pc=0x000000000554f4b8 method=com.android.dx.rop.code.RegisterSpec.equals(ILcom/android/dx/rop/type/TypeBearer;Lcom/android/dx/rop/code/LocalItem;)Z @ 42
Event: 4.925 Thread 0x0000000004c02800 Uncommon trap: reason=unstable_if action=reinterpret pc=0x00000000052dc394 method=com.android.dx.ssa.MoveParamCombiner$1.visitNonMoveInsn(Lcom/android/dx/ssa/NormalSsaInsn;)V @ 27
Event: 6.027 Thread 0x0000000004c02800 Uncommon trap: reason=unstable_if action=reinterpret pc=0x0000000005543eb8 method=java.util.HashMap.putVal(ILjava/lang/Object;Ljava/lang/Object;ZZ)Ljava/lang/Object; @ 109

Classes redefined (0 events):
No events

Internal exceptions (6 events):
Event: 0.041 Thread 0x0000000004c02800 Exception <a 'java/lang/NoSuchMethodError': Method sun.misc.Unsafe.defineClass(Ljava/lang/String;[BII)Ljava/lang/Class; name or signature does not match> (0x00000000eb387ca8) thrown at [C:\re\workspace\8-2-build-windows-amd64-cygwin\jdk8u152\9742\hotspot\
Event: 0.041 Thread 0x0000000004c02800 Exception <a 'java/lang/NoSuchMethodError': Method sun.misc.Unsafe.prefetchRead(Ljava/lang/Object;J)V name or signature does not match> (0x00000000eb387f90) thrown at [C:\re\workspace\8-2-build-windows-amd64-cygwin\jdk8u152\9742\hotspot\src\share\vm\prims
Event: 1.578 Thread 0x0000000019001000 Implicit null exception at 0x0000000004fb3f22 to 0x0000000004fb401a
Event: 4.288 Thread 0x0000000019001000 Exception <a 'java/lang/ArrayIndexOutOfBoundsException': 18> (0x00000000efd0a4e8) thrown at [C:\re\workspace\8-2-build-windows-amd64-cygwin\jdk8u152\9742\hotspot\src\share\vm\interpreter\interpreterRuntime.cpp, line 366]
Event: 4.288 Thread 0x0000000019001000 Exception <a 'java/lang/ArrayIndexOutOfBoundsException': 145> (0x00000000efd0c068) thrown at [C:\re\workspace\8-2-build-windows-amd64-cygwin\jdk8u152\9742\hotspot\src\share\vm\interpreter\interpreterRuntime.cpp, line 366]
Event: 4.289 Thread 0x0000000019001000 Exception <a 'java/lang/ArrayIndexOutOfBoundsException'> (0x00000000efd0d350) thrown at [C:\re\workspace\8-2-build-windows-amd64-cygwin\jdk8u152\9742\hotspot\src\share\vm\runtime\sharedRuntime.cpp, line 605]

Events (10 events):
Event: 4.998 Thread 0x0000000004c02800 DEOPT UNPACKING pc=0x0000000004d4787f sp=0x0000000004bfdf48 mode 0
Event: 5.325 Thread 0x0000000019001000 DEOPT PACKING pc=0x0000000004fa9204 sp=0x000000001944e770
Event: 5.325 Thread 0x0000000019001000 DEOPT UNPACKING pc=0x0000000004d4787f sp=0x000000001944e488 mode 0
Event: 5.326 Executing VM operation: ParallelGCFailedAllocation
Event: 5.894 Executing VM operation: ParallelGCFailedAllocation done
Event: 5.974 Thread 0x0000000019001000 DEOPT PACKING pc=0x00000000055476f3 sp=0x000000001944e7f0
Event: 5.974 Thread 0x0000000019001000 DEOPT UNPACKING pc=0x0000000004d4787f sp=0x000000001944e580 mode 0
Event: 6.027 Thread 0x0000000004c02800 Uncommon trap: trap_request=0xffffff65 fr.pc=0x0000000005543eb8
Event: 6.027 Thread 0x0000000004c02800 DEOPT PACKING pc=0x0000000005543eb8 sp=0x0000000004bfdf20
Event: 6.027 Thread 0x0000000004c02800 DEOPT UNPACKING pc=0x0000000004d4582a sp=0x0000000004bfdeb0 mode 2


Dynamic libraries:
0x00007ff701c90000 - 0x00007ff701cc7000 	C:\Program Files\Java\jdk1.8.0_152\bin\java.exe
0x00007ffc8c9b0000 - 0x00007ffc8cb90000 	C:\WINDOWS\SYSTEM32\ntdll.dll
0x00007ffc8c260000 - 0x00007ffc8c30e000 	C:\WINDOWS\System32\KERNEL32.DLL
0x00007ffc88fd0000 - 0x00007ffc89236000 	C:\WINDOWS\System32\KERNELBASE.dll
0x00007ffc8bbc0000 - 0x00007ffc8bc61000 	C:\WINDOWS\System32\ADVAPI32.dll
0x00007ffc8bb20000 - 0x00007ffc8bbbd000 	C:\WINDOWS\System32\msvcrt.dll
0x00007ffc8c150000 - 0x00007ffc8c1ab000 	C:\WINDOWS\System32\sechost.dll
0x00007ffc8c030000 - 0x00007ffc8c14f000 	C:\WINDOWS\System32\RPCRT4.dll
0x00007ffc8b540000 - 0x00007ffc8b6cf000 	C:\WINDOWS\System32\USER32.dll
0x00007ffc88db0000 - 0x00007ffc88dd0000 	C:\WINDOWS\System32\win32u.dll
0x00007ffc8bc70000 - 0x00007ffc8bc98000 	C:\WINDOWS\System32\GDI32.dll
0x00007ffc89990000 - 0x00007ffc89b23000 	C:\WINDOWS\System32\gdi32full.dll
0x00007ffc88f30000 - 0x00007ffc88fcb000 	C:\WINDOWS\System32\msvcp_win.dll
0x00007ffc89d80000 - 0x00007ffc89e76000 	C:\WINDOWS\System32\ucrtbase.dll
0x00007ffc758b0000 - 0x00007ffc75b19000 	C:\WINDOWS\WinSxS\amd64_microsoft.windows.common-controls_6595b64144ccf1df_6.0.16299.309_none_15cfd4c4935e6b11\COMCTL32.dll
0x00007ffc8c560000 - 0x00007ffc8c868000 	C:\WINDOWS\System32\combase.dll
0x00007ffc89d00000 - 0x00007ffc89d72000 	C:\WINDOWS\System32\bcryptPrimitives.dll
0x00007ffc8c370000 - 0x00007ffc8c39d000 	C:\WINDOWS\System32\IMM32.DLL
0x000000005adf0000 - 0x000000005aec2000 	C:\Program Files\Java\jdk1.8.0_152\jre\bin\msvcr100.dll
0x000000005a550000 - 0x000000005adf0000 	C:\Program Files\Java\jdk1.8.0_152\jre\bin\server\jvm.dll
0x00007ffc8bca0000 - 0x00007ffc8bca8000 	C:\WINDOWS\System32\PSAPI.DLL
0x00007ffc869f0000 - 0x00007ffc86a13000 	C:\WINDOWS\SYSTEM32\WINMM.dll
0x00007ffc86350000 - 0x00007ffc8635a000 	C:\WINDOWS\SYSTEM32\VERSION.dll
0x00007ffc689c0000 - 0x00007ffc689c9000 	C:\WINDOWS\SYSTEM32\WSOCK32.dll
0x00007ffc8c3a0000 - 0x00007ffc8c40c000 	C:\WINDOWS\System32\WS2_32.dll
0x00007ffc86950000 - 0x00007ffc8697a000 	C:\WINDOWS\SYSTEM32\WINMMBASE.dll
0x00007ffc88e30000 - 0x00007ffc88e7a000 	C:\WINDOWS\System32\cfgmgr32.dll
0x000000005b120000 - 0x000000005b12f000 	C:\Program Files\Java\jdk1.8.0_152\jre\bin\verify.dll
0x000000005b0f0000 - 0x000000005b119000 	C:\Program Files\Java\jdk1.8.0_152\jre\bin\java.dll
0x000000005a530000 - 0x000000005a546000 	C:\Program Files\Java\jdk1.8.0_152\jre\bin\zip.dll
0x00007ffc8a030000 - 0x00007ffc8b466000 	C:\WINDOWS\System32\SHELL32.dll
0x00007ffc8c1b0000 - 0x00007ffc8c256000 	C:\WINDOWS\System32\shcore.dll
0x00007ffc89240000 - 0x00007ffc89987000 	C:\WINDOWS\System32\windows.storage.dll
0x00007ffc8c870000 - 0x00007ffc8c8c1000 	C:\WINDOWS\System32\shlwapi.dll
0x00007ffc88d20000 - 0x00007ffc88d31000 	C:\WINDOWS\System32\kernel.appcore.dll
0x00007ffc88d40000 - 0x00007ffc88d8c000 	C:\WINDOWS\System32\powrprof.dll
0x00007ffc88d00000 - 0x00007ffc88d1b000 	C:\WINDOWS\System32\profapi.dll

VM Arguments:
java_command: C:\Program Files (x86)\Android\android-sdk\build-tools\25.0.3\\lib\dx.jar --dex --no-strict --output obj\Debug\android\bin C:\Users\Mark\source\repos\VTBoard\VTBoard\VTBoard\VTBoard.Android\obj\Debug\android\bin\classes\classes.zip C:\Program Files (x86)\Microsoft Visual Studio\2017\Enterprise\Common7\IDE\ReferenceAssemblies\Microsoft\Framework\MonoAndroid\v8.0\mono.android.jar obj\Debug\lp\0\jl\formsviewgroup.jar C:\Users\Mark\AppData\Local\Xamarin\Xamarin.Android.Support.Animated.Vector.Drawable\23.3.0.0\embedded\classes.jar C:\Users\Mark\AppData\Local\Xamarin\Xamarin.Android.Support.Design\23.3.0.0\embedded\classes.jar C:\Users\Mark\AppData\Local\Xamarin\Xamarin.Android.Support.v4\23.3.0.0\embedded\classes.jar C:\Users\Mark\AppData\Local\Xamarin\Xamarin.Android.Support.v4\23.3.0.0\embedded\libs\internal_impl-23.3.0.jar C:\Users\Mark\AppData\Local\Xamarin\Xamarin.Android.Support.v7.AppCompat\23.3.0.0\embedded\classes.jar C:\Users\Mark\AppData\Local\Xamarin\Xamarin.Android.Support.v7.CardView\23.3.0.0\embedded\classes.jar C:\Users\Mark\AppData\Local\Xamarin\Xamarin.Android.Support.v7.MediaRouter\23.3.0.0\embedded\classes.jar C:\Users\Mark\AppData\Local\Xamarin\Xamarin.Android.Support.v7.MediaRouter\23.3.0.0\embedded\libs\internal_impl-23.3.0.jar C:\Users\Mark\AppData\Local\Xamarin\Xamarin.Android.Support.v7.RecyclerView\23.3.0.0\embedded\classes.jar C:\Users\Mark\AppData\Local\Xamarin\Xamarin.Android.Support.Vector.Drawable\23.3.0.0\embedded\classes.jar
java_class_path (initial): C:\Program Files (x86)\Android\android-sdk\build-tools\25.0.3\\lib\dx.jar
Launcher Type: SUN_STANDARD

Environment Variables:
PATH=C:\Program Files (x86)\Microsoft Visual Studio\2017\Enterprise\Common7\IDE\CommonExtensions\Microsoft\TeamFoundation\Team Explorer\NativeBinaries\x86;C:\Program Files (x86)\Microsoft Visual Studio\2017\Enterprise\Common7\IDE\Extensions\GitHub\GitHub\lib\win32\x86;C:\Python27\;C:\Python27\Scripts;C:\Program Files\Java\jdk1.8.0_25\bin;C:\ProgramData\Oracle\Java\javapath;C:\Program Files (x86)\Intel\iCLS Client\;C:\Program Files\Intel\iCLS Client\;C:\WINDOWS\system32;C:\WINDOWS;C:\WINDOWS\System32\Wbem;C:\WINDOWS\System32\WindowsPowerShell\v1.0\;C:\Program Files\Intel\Intel(R) Management Engine Components\DAL;C:\Program Files\Intel\Intel(R) Management Engine Components\IPT;C:\Program Files (x86)\Intel\Intel(R) Management Engine Components\DAL;C:\Program Files (x86)\Intel\Intel(R) Management Engine Components\IPT;C:\ProgramData\Lenovo\ReadyApps;C:\Program Files\ASUS\Bluetooth Software\;C:\Program Files\ASUS\Bluetooth Software\syswow64;C:\Program Files (x86)\Windows Live\Shared;C:\Program Files\Intel\WiFi\bin\;C:\Program Files\Common Files\Intel\WirelessCommon\;C:\Program Files (x86)\GNU\GnuPG\pub;C:\Program Files (x86)\Skype\Phone\;c:\Program Files (x86)\Microsoft SQL Server\110\Tools\Binn\;c:\Program Files (x86)\Microsoft SQL Server\110\DTS\Binn\;c:\Program Files (x86)\Microsoft SQL Server\110\Tools\Binn\ManagementStudio\;C:\Program Files (x86)\Windows Kits\8.1\Windows Performance Toolkit\;C:\Program Files\dotnet\;C:\Program Files\Microsoft SQL Server\130\Tools\Binn\;C:\Program Files\Git\cmd;C:\Program Files\Intel\WiFi\bin\;C:\Program Files\Common Files\Intel\WirelessCommon\;C:\Users\Mark\AppData\Local\Microsoft\WindowsApps;C:\Users\Mark\AppData\Local\Microsoft\WindowsApps;C:\Users\Mark\AppData\Local\GitHubDesktop\bin
USERNAME=Mark
OS=Windows_NT
PROCESSOR_IDENTIFIER=Intel64 Family 6 Model 69 Stepping 1, GenuineIntel



---------------  S Y S T E M  ---------------

OS: Windows 10.0 , 64 bit Build 16299 (10.0.16299.15)

CPU:total 4 (initial active 4) (2 cores per cpu, 2 threads per core) family 6 model 69 stepping 1, cmov, cx8, fxsr, mmx, sse, sse2, sse3, ssse3, sse4.1, sse4.2, popcnt, avx, avx2, aes, clmul, erms, lzcnt, ht, tsc, tscinvbit, bmi1, bmi2

Memory: 4k page, physical 4082084k(497948k free), swap 4082084k(5676k free)

vm_info: Java HotSpot(TM) 64-Bit Server VM (25.152-b16) for windows-amd64 JRE (1.8.0_152-b16), built on Sep 14 2017 02:29:36 by "java_re" with MS VC++ 10.0 (VS2010)

time: Wed Mar 28 17:04:28 2018
elapsed time: 6 seconds (0d 0h 0m 6s)

