#
# There is insufficient memory for the Java Runtime Environment to continue.
# Native memory allocation (malloc) failed to allocate 653056 bytes for Chunk::new
# Possible reasons:
#   The system is out of physical RAM or swap space
#   In 32 bit mode, the process size limit was hit
# Possible solutions:
#   Reduce memory load on the system
#   Increase physical memory or swap space
#   Check if swap backing store is full
#   Use 64 bit Java on a 64 bit OS
#   Decrease Java heap size (-Xmx/-Xms)
#   Decrease number of Java threads
#   Decrease Java thread stack sizes (-Xss)
#   Set larger code cache with -XX:ReservedCodeCacheSize=
# This output file may be truncated or incomplete.
#
#  Out of Memory Error (allocation.cpp:390), pid=3004, tid=0x00000000000027ec
#
# JRE version: Java(TM) SE Runtime Environment (8.0_152-b16) (build 1.8.0_152-b16)
# Java VM: Java HotSpot(TM) 64-Bit Server VM (25.152-b16 mixed mode windows-amd64 compressed oops)
# Failed to write core dump. Minidumps are not enabled by default on client versions of Windows
#

---------------  T H R E A D  ---------------

Current thread (0x0000000016e32000):  JavaThread "C2 CompilerThread0" daemon [_thread_in_native, id=10220, stack(0x0000000018580000,0x0000000018680000)]

Stack: [0x0000000018580000,0x0000000018680000]
[error occurred during error reporting (printing stack bounds), id 0xc0000005]

Native frames: (J=compiled Java code, j=interpreted, Vv=VM code, C=native code)


Current CompileTask:
C2:  10850 2336       4       com.android.dx.rop.code.LocalVariableExtractor::processBlock (327 bytes)


---------------  P R O C E S S  ---------------

Java Threads: ( => current thread )
  0x0000000018b2d800 JavaThread "pool-2-thread-1" [_thread_blocked, id=9956, stack(0x0000000018f80000,0x0000000019080000)]
  0x0000000018b2a000 JavaThread "pool-1-thread-1" [_thread_in_Java, id=8968, stack(0x0000000018e80000,0x0000000018f80000)]
  0x00000000188ba800 JavaThread "Service Thread" daemon [_thread_blocked, id=4076, stack(0x0000000018c80000,0x0000000018d80000)]
  0x0000000016e45000 JavaThread "C1 CompilerThread2" daemon [_thread_blocked, id=13240, stack(0x0000000018780000,0x0000000018880000)]
  0x0000000016e35800 JavaThread "C2 CompilerThread1" daemon [_thread_in_native, id=7308, stack(0x0000000018680000,0x0000000018780000)]
=>0x0000000016e32000 JavaThread "C2 CompilerThread0" daemon [_thread_in_native, id=10220, stack(0x0000000018580000,0x0000000018680000)]
  0x0000000016e30000 JavaThread "Attach Listener" daemon [_thread_blocked, id=3416, stack(0x0000000018480000,0x0000000018580000)]
  0x0000000016e2f000 JavaThread "Signal Dispatcher" daemon [_thread_blocked, id=12728, stack(0x0000000018380000,0x0000000018480000)]
  0x0000000016e1f800 JavaThread "Finalizer" daemon [_thread_blocked, id=7304, stack(0x0000000018090000,0x0000000018190000)]
  0x0000000016df8800 JavaThread "Reference Handler" daemon [_thread_blocked, id=1724, stack(0x0000000017f90000,0x0000000018090000)]
  0x0000000004752800 JavaThread "main" [_thread_in_native, id=7132, stack(0x0000000004650000,0x0000000004750000)]

Other Threads:
  0x0000000016df7000 VMThread [stack: 0x0000000017e90000,0x0000000017f90000] [id=10916]
  0x00000000188cc000 WatcherThread [stack: 0x0000000018d80000,0x0000000018e80000] [id=1088]

VM state:not at safepoint (normal execution)

VM Mutex/Monitor currently owned by a thread: None

Heap:
 PSYoungGen      total 271872K, used 55804K [0x00000000eb380000, 0x0000000100000000, 0x0000000100000000)
  eden space 203264K, 13% used [0x00000000eb380000,0x00000000ecec5640,0x00000000f7a00000)
  from space 68608K, 40% used [0x00000000f7a00000,0x00000000f9539be8,0x00000000fbd00000)
  to   space 67072K, 0% used [0x00000000fbe80000,0x00000000fbe80000,0x0000000100000000)
 ParOldGen       total 294912K, used 185757K [0x00000000c1a00000, 0x00000000d3a00000, 0x00000000eb380000)
  object space 294912K, 62% used [0x00000000c1a00000,0x00000000ccf67468,0x00000000d3a00000)
 Metaspace       used 6712K, capacity 7256K, committed 7424K, reserved 1056768K
  class space    used 638K, capacity 656K, committed 768K, reserved 1048576K

Card table byte_map: [0x0000000013c10000,0x0000000013e10000] byte_map_base: 0x0000000013603000

Marking Bits: (ParMarkBitMap*) 0x000000005c080860
 Begin Bits: [0x0000000014360000, 0x00000000152f8000)
 End Bits:   [0x00000000152f8000, 0x0000000016290000)

Polling page: 0x0000000002900000

CodeCache: size=245760Kb used=10187Kb max_used=10187Kb free=235573Kb
 bounds [0x0000000004850000, 0x0000000005250000, 0x0000000013850000]
 total_blobs=2475 nmethods=2205 adapters=182
 compilation: enabled

Compilation events (10 events):
Event: 9.046 Thread 0x0000000016e45000 2348       2       com.android.dx.rop.code.FillArrayDataInsn::withNewRegisters (25 bytes)
Event: 9.046 Thread 0x0000000016e45000 nmethod 2348 0x00000000051fd3d0 code [0x00000000051fd540, 0x00000000051fd728]
Event: 9.102 Thread 0x0000000016e45000 2351       2       com.android.dx.rop.code.BasicBlockList$RegCountVisitor::visitFillArrayDataInsn (6 bytes)
Event: 9.102 Thread 0x0000000016e45000 nmethod 2351 0x00000000051fd050 code [0x00000000051fd1c0, 0x00000000051fd328]
Event: 9.110 Thread 0x0000000016e45000 2352       1       com.android.dx.rop.code.FillArrayDataInsn::getConstant (5 bytes)
Event: 9.110 Thread 0x0000000016e45000 nmethod 2352 0x000000000521c9d0 code [0x000000000521cb20, 0x000000000521cc30]
Event: 9.110 Thread 0x0000000016e45000 2353       1       com.android.dx.rop.code.FillArrayDataInsn::getInitValues (5 bytes)
Event: 9.110 Thread 0x0000000016e45000 nmethod 2353 0x00000000051fcd90 code [0x00000000051fcee0, 0x00000000051fcff0]
Event: 10.826 Thread 0x0000000016e45000 2356 % !   3       com.android.dx.dex.cf.CfTranslator::processFields @ 23 (251 bytes)
Event: 10.831 Thread 0x0000000016e45000 nmethod 2356% 0x0000000005247ad0 code [0x0000000005247fe0, 0x000000000524b4e8]

GC Heap History (10 events):
Event: 5.615 GC heap before
{Heap before GC invocations=12 (full 2):
 PSYoungGen      total 248320K, used 26598K [0x00000000eb380000, 0x0000000100000000, 0x0000000100000000)
  eden space 221696K, 0% used [0x00000000eb380000,0x00000000eb380000,0x00000000f8c00000)
  from space 26624K, 99% used [0x00000000fc280000,0x00000000fdc79880,0x00000000fdc80000)
  to   space 55808K, 0% used [0x00000000f8c00000,0x00000000f8c00000,0x00000000fc280000)
 ParOldGen       total 98816K, used 98628K [0x00000000c1a00000, 0x00000000c7a80000, 0x00000000eb380000)
  object space 98816K, 99% used [0x00000000c1a00000,0x00000000c7a51258,0x00000000c7a80000)
 Metaspace       used 6697K, capacity 7256K, committed 7424K, reserved 1056768K
  class space    used 638K, capacity 656K, committed 768K, reserved 1048576K
Event: 6.497 GC heap after
Heap after GC invocations=12 (full 2):
 PSYoungGen      total 248320K, used 22439K [0x00000000eb380000, 0x0000000100000000, 0x0000000100000000)
  eden space 221696K, 0% used [0x00000000eb380000,0x00000000eb380000,0x00000000f8c00000)
  from space 26624K, 84% used [0x00000000fc280000,0x00000000fd869c78,0x00000000fdc80000)
  to   space 55808K, 0% used [0x00000000f8c00000,0x00000000f8c00000,0x00000000fc280000)
 ParOldGen       total 172032K, used 98374K [0x00000000c1a00000, 0x00000000cc200000, 0x00000000eb380000)
  object space 172032K, 57% used [0x00000000c1a00000,0x00000000c7a11a38,0x00000000cc200000)
 Metaspace       used 6697K, capacity 7256K, committed 7424K, reserved 1056768K
  class space    used 638K, capacity 656K, committed 768K, reserved 1048576K
}
Event: 7.314 GC heap before
{Heap before GC invocations=13 (full 2):
 PSYoungGen      total 248320K, used 244135K [0x00000000eb380000, 0x0000000100000000, 0x0000000100000000)
  eden space 221696K, 100% used [0x00000000eb380000,0x00000000f8c00000,0x00000000f8c00000)
  from space 26624K, 84% used [0x00000000fc280000,0x00000000fd869c78,0x00000000fdc80000)
  to   space 55808K, 0% used [0x00000000f8c00000,0x00000000f8c00000,0x00000000fc280000)
 ParOldGen       total 172032K, used 98374K [0x00000000c1a00000, 0x00000000cc200000, 0x00000000eb380000)
  object space 172032K, 57% used [0x00000000c1a00000,0x00000000c7a11a38,0x00000000cc200000)
 Metaspace       used 6705K, capacity 7256K, committed 7424K, reserved 1056768K
  class space    used 638K, capacity 656K, committed 768K, reserved 1048576K
Event: 7.459 GC heap after
Heap after GC invocations=13 (full 2):
 PSYoungGen      total 277504K, used 32228K [0x00000000eb380000, 0x0000000100000000, 0x0000000100000000)
  eden space 221696K, 0% used [0x00000000eb380000,0x00000000eb380000,0x00000000f8c00000)
  from space 55808K, 57% used [0x00000000f8c00000,0x00000000fab79108,0x00000000fc280000)
  to   space 56832K, 0% used [0x00000000fc880000,0x00000000fc880000,0x0000000100000000)
 ParOldGen       total 172032K, used 121019K [0x00000000c1a00000, 0x00000000cc200000, 0x00000000eb380000)
  object space 172032K, 70% used [0x00000000c1a00000,0x00000000c902ee20,0x00000000cc200000)
 Metaspace       used 6705K, capacity 7256K, committed 7424K, reserved 1056768K
  class space    used 638K, capacity 656K, committed 768K, reserved 1048576K
}
Event: 8.217 GC heap before
{Heap before GC invocations=14 (full 2):
 PSYoungGen      total 277504K, used 253924K [0x00000000eb380000, 0x0000000100000000, 0x0000000100000000)
  eden space 221696K, 100% used [0x00000000eb380000,0x00000000f8c00000,0x00000000f8c00000)
  from space 55808K, 57% used [0x00000000f8c00000,0x00000000fab79108,0x00000000fc280000)
  to   space 56832K, 0% used [0x00000000fc880000,0x00000000fc880000,0x0000000100000000)
 ParOldGen       total 172032K, used 121019K [0x00000000c1a00000, 0x00000000cc200000, 0x00000000eb380000)
  object space 172032K, 70% used [0x00000000c1a00000,0x00000000c902ee20,0x00000000cc200000)
 Metaspace       used 6708K, capacity 7256K, committed 7424K, reserved 1056768K
  class space    used 638K, capacity 656K, committed 768K, reserved 1048576K
Event: 8.324 GC heap after
Heap after GC invocations=14 (full 2):
 PSYoungGen      total 260096K, used 56814K [0x00000000eb380000, 0x0000000100000000, 0x0000000100000000)
  eden space 203264K, 0% used [0x00000000eb380000,0x00000000eb380000,0x00000000f7a00000)
  from space 56832K, 99% used [0x00000000fc880000,0x00000000ffffbb28,0x0000000100000000)
  to   space 68608K, 0% used [0x00000000f7a00000,0x00000000f7a00000,0x00000000fbd00000)
 ParOldGen       total 172032K, used 128284K [0x00000000c1a00000, 0x00000000cc200000, 0x00000000eb380000)
  object space 172032K, 74% used [0x00000000c1a00000,0x00000000c97470e0,0x00000000cc200000)
 Metaspace       used 6708K, capacity 7256K, committed 7424K, reserved 1056768K
  class space    used 638K, capacity 656K, committed 768K, reserved 1048576K
}
Event: 9.139 GC heap before
{Heap before GC invocations=15 (full 2):
 PSYoungGen      total 260096K, used 260078K [0x00000000eb380000, 0x0000000100000000, 0x0000000100000000)
  eden space 203264K, 100% used [0x00000000eb380000,0x00000000f7a00000,0x00000000f7a00000)
  from space 56832K, 99% used [0x00000000fc880000,0x00000000ffffbb28,0x0000000100000000)
  to   space 68608K, 0% used [0x00000000f7a00000,0x00000000f7a00000,0x00000000fbd00000)
 ParOldGen       total 172032K, used 128284K [0x00000000c1a00000, 0x00000000cc200000, 0x00000000eb380000)
  object space 172032K, 74% used [0x00000000c1a00000,0x00000000c97470e0,0x00000000cc200000)
 Metaspace       used 6712K, capacity 7256K, committed 7424K, reserved 1056768K
  class space    used 638K, capacity 656K, committed 768K, reserved 1048576K
Event: 9.351 GC heap after
Heap after GC invocations=15 (full 2):
 PSYoungGen      total 271872K, used 32781K [0x00000000eb380000, 0x0000000100000000, 0x0000000100000000)
  eden space 203264K, 0% used [0x00000000eb380000,0x00000000eb380000,0x00000000f7a00000)
  from space 68608K, 47% used [0x00000000f7a00000,0x00000000f9a034c8,0x00000000fbd00000)
  to   space 67072K, 0% used [0x00000000fbe80000,0x00000000fbe80000,0x0000000100000000)
 ParOldGen       total 185856K, used 185213K [0x00000000c1a00000, 0x00000000ccf80000, 0x00000000eb380000)
  object space 185856K, 99% used [0x00000000c1a00000,0x00000000ccedf7b0,0x00000000ccf80000)
 Metaspace       used 6712K, capacity 7256K, committed 7424K, reserved 1056768K
  class space    used 638K, capacity 656K, committed 768K, reserved 1048576K
}
Event: 9.351 GC heap before
{Heap before GC invocations=16 (full 3):
 PSYoungGen      total 271872K, used 32781K [0x00000000eb380000, 0x0000000100000000, 0x0000000100000000)
  eden space 203264K, 0% used [0x00000000eb380000,0x00000000eb380000,0x00000000f7a00000)
  from space 68608K, 47% used [0x00000000f7a00000,0x00000000f9a034c8,0x00000000fbd00000)
  to   space 67072K, 0% used [0x00000000fbe80000,0x00000000fbe80000,0x0000000100000000)
 ParOldGen       total 185856K, used 185213K [0x00000000c1a00000, 0x00000000ccf80000, 0x00000000eb380000)
  object space 185856K, 99% used [0x00000000c1a00000,0x00000000ccedf7b0,0x00000000ccf80000)
 Metaspace       used 6712K, capacity 7256K, committed 7424K, reserved 1056768K
  class space    used 638K, capacity 656K, committed 768K, reserved 1048576K
Event: 10.765 GC heap after
Heap after GC invocations=16 (full 3):
 PSYoungGen      total 271872K, used 27878K [0x00000000eb380000, 0x0000000100000000, 0x0000000100000000)
  eden space 203264K, 0% used [0x00000000eb380000,0x00000000eb380000,0x00000000f7a00000)
  from space 68608K, 40% used [0x00000000f7a00000,0x00000000f9539be8,0x00000000fbd00000)
  to   space 67072K, 0% used [0x00000000fbe80000,0x00000000fbe80000,0x0000000100000000)
 ParOldGen       total 294912K, used 185757K [0x00000000c1a00000, 0x00000000d3a00000, 0x00000000eb380000)
  object space 294912K, 62% used [0x00000000c1a00000,0x00000000ccf67468,0x00000000d3a00000)
 Metaspace       used 6712K, capacity 7256K, committed 7424K, reserved 1056768K
  class space    used 638K, capacity 656K, committed 768K, reserved 1048576K
}

Deoptimization events (10 events):
Event: 1.542 Thread 0x0000000004752800 Uncommon trap: reason=bimorphic action=maybe_recompile pc=0x0000000004ee1760 method=java.util.HashMap.getNode(ILjava/lang/Object;)Ljava/util/HashMap$Node; @ 126
Event: 2.670 Thread 0x0000000004752800 Uncommon trap: reason=speculate_class_check action=maybe_recompile pc=0x0000000004f9fb34 method=com.android.dx.ssa.SsaInsn.mapRegisters(Lcom/android/dx/ssa/RegisterMapper;)V @ 31
Event: 3.590 Thread 0x0000000018b2a000 Uncommon trap: reason=unstable_if action=reinterpret pc=0x0000000004fdfd90 method=java.util.HashMap.getNode(ILjava/lang/Object;)Ljava/util/HashMap$Node; @ 84
Event: 3.736 Thread 0x0000000018b2a000 Uncommon trap: reason=unstable_if action=reinterpret pc=0x000000000505bbf4 method=java.util.HashMap.getNode(ILjava/lang/Object;)Ljava/util/HashMap$Node; @ 84
Event: 3.738 Thread 0x0000000018b2a000 Uncommon trap: reason=speculate_class_check action=maybe_recompile pc=0x0000000004f9fb34 method=com.android.dx.ssa.SsaInsn.mapRegisters(Lcom/android/dx/ssa/RegisterMapper;)V @ 31
Event: 4.085 Thread 0x0000000018b2a000 Uncommon trap: reason=unstable_if action=reinterpret pc=0x00000000050a17b0 method=com.android.dx.rop.code.RegisterSpec.equals(ILcom/android/dx/rop/type/TypeBearer;Lcom/android/dx/rop/code/LocalItem;)Z @ 42
Event: 4.571 Thread 0x0000000018b2a000 Uncommon trap: reason=unstable_if action=reinterpret pc=0x0000000005082fc8 method=java.util.HashMap.putVal(ILjava/lang/Object;Ljava/lang/Object;ZZ)Ljava/lang/Object; @ 109
Event: 5.257 Thread 0x0000000018b2a000 Uncommon trap: reason=unstable_if action=reinterpret pc=0x0000000004fedbe8 method=java.util.HashMap.getNode(ILjava/lang/Object;)Ljava/util/HashMap$Node; @ 84
Event: 5.317 Thread 0x0000000004752800 Uncommon trap: reason=unstable_if action=reinterpret pc=0x000000000510aad8 method=com.android.dx.rop.code.RegisterSpecSet.<init>(I)V @ 2
Event: 5.317 Thread 0x0000000004752800 Uncommon trap: reason=unstable_if action=reinterpret pc=0x0000000005044044 method=com.android.dx.rop.code.RegisterSpecSet.<init>(I)V @ 2

Classes redefined (0 events):
No events

Internal exceptions (6 events):
Event: 0.028 Thread 0x0000000004752800 Exception <a 'java/lang/NoSuchMethodError': Method sun.misc.Unsafe.defineClass(Ljava/lang/String;[BII)Ljava/lang/Class; name or signature does not match> (0x00000000eb387ca8) thrown at [C:\re\workspace\8-2-build-windows-amd64-cygwin\jdk8u152\9742\hotspot\
Event: 0.028 Thread 0x0000000004752800 Exception <a 'java/lang/NoSuchMethodError': Method sun.misc.Unsafe.prefetchRead(Ljava/lang/Object;J)V name or signature does not match> (0x00000000eb387f90) thrown at [C:\re\workspace\8-2-build-windows-amd64-cygwin\jdk8u152\9742\hotspot\src\share\vm\prims
Event: 1.477 Thread 0x0000000018b2a000 Implicit null exception at 0x0000000004b2b5e2 to 0x0000000004b2b6da
Event: 3.588 Thread 0x0000000018b2a000 Exception <a 'java/lang/ArrayIndexOutOfBoundsException': 18> (0x00000000efc23958) thrown at [C:\re\workspace\8-2-build-windows-amd64-cygwin\jdk8u152\9742\hotspot\src\share\vm\interpreter\interpreterRuntime.cpp, line 366]
Event: 3.589 Thread 0x0000000018b2a000 Exception <a 'java/lang/ArrayIndexOutOfBoundsException': 145> (0x00000000efc254d8) thrown at [C:\re\workspace\8-2-build-windows-amd64-cygwin\jdk8u152\9742\hotspot\src\share\vm\interpreter\interpreterRuntime.cpp, line 366]
Event: 3.590 Thread 0x0000000018b2a000 Exception <a 'java/lang/ArrayIndexOutOfBoundsException'> (0x00000000efc267c0) thrown at [C:\re\workspace\8-2-build-windows-amd64-cygwin\jdk8u152\9742\hotspot\src\share\vm\runtime\sharedRuntime.cpp, line 605]

Events (10 events):
Event: 8.324 Executing VM operation: RevokeBias
Event: 8.324 Executing VM operation: RevokeBias done
Event: 8.324 Executing VM operation: RevokeBias
Event: 8.325 Executing VM operation: RevokeBias done
Event: 8.325 Executing VM operation: RevokeBias
Event: 8.325 Executing VM operation: RevokeBias done
Event: 8.358 Thread 0x0000000018b2a000 DEOPT PACKING pc=0x0000000004f66150 sp=0x0000000018f7e970
Event: 8.358 Thread 0x0000000018b2a000 DEOPT UNPACKING pc=0x000000000489787f sp=0x0000000018f7e6b0 mode 0
Event: 9.138 Executing VM operation: ParallelGCFailedAllocation
Event: 10.765 Executing VM operation: ParallelGCFailedAllocation done


Dynamic libraries:
0x00007ff668700000 - 0x00007ff668737000 	C:\Program Files\Java\jdk1.8.0_152\bin\java.exe
0x00007ff806290000 - 0x00007ff806470000 	C:\WINDOWS\SYSTEM32\ntdll.dll
0x00007ff805c10000 - 0x00007ff805cbe000 	C:\WINDOWS\System32\KERNEL32.DLL
0x00007ff8030f0000 - 0x00007ff803356000 	C:\WINDOWS\System32\KERNELBASE.dll
0x00007ff8061b0000 - 0x00007ff806251000 	C:\WINDOWS\System32\ADVAPI32.dll
0x00007ff804730000 - 0x00007ff8047cd000 	C:\WINDOWS\System32\msvcrt.dll
0x00007ff804370000 - 0x00007ff8043cb000 	C:\WINDOWS\System32\sechost.dll
0x00007ff803950000 - 0x00007ff803a6f000 	C:\WINDOWS\System32\RPCRT4.dll
0x00007ff804010000 - 0x00007ff80419f000 	C:\WINDOWS\System32\USER32.dll
0x00007ff8026f0000 - 0x00007ff802710000 	C:\WINDOWS\System32\win32u.dll
0x00007ff8046e0000 - 0x00007ff804708000 	C:\WINDOWS\System32\GDI32.dll
0x00007ff802760000 - 0x00007ff8028f3000 	C:\WINDOWS\System32\gdi32full.dll
0x00007ff803050000 - 0x00007ff8030eb000 	C:\WINDOWS\System32\msvcp_win.dll
0x00007ff8035e0000 - 0x00007ff8036d6000 	C:\WINDOWS\System32\ucrtbase.dll
0x00007ffff1670000 - 0x00007ffff18d9000 	C:\WINDOWS\WinSxS\amd64_microsoft.windows.common-controls_6595b64144ccf1df_6.0.16299.309_none_15cfd4c4935e6b11\COMCTL32.dll
0x00007ff805e30000 - 0x00007ff806138000 	C:\WINDOWS\System32\combase.dll
0x00007ff8036e0000 - 0x00007ff803752000 	C:\WINDOWS\System32\bcryptPrimitives.dll
0x00007ff803880000 - 0x00007ff8038ad000 	C:\WINDOWS\System32\IMM32.DLL
0x000000005c3b0000 - 0x000000005c482000 	C:\Program Files\Java\jdk1.8.0_152\jre\bin\msvcr100.dll
0x000000005b860000 - 0x000000005c100000 	C:\Program Files\Java\jdk1.8.0_152\jre\bin\server\jvm.dll
0x00007ff806140000 - 0x00007ff806148000 	C:\WINDOWS\System32\PSAPI.DLL
0x00007ff800380000 - 0x00007ff8003a3000 	C:\WINDOWS\SYSTEM32\WINMM.dll
0x00007ffff45d0000 - 0x00007ffff45da000 	C:\WINDOWS\SYSTEM32\VERSION.dll
0x00007fffea8d0000 - 0x00007fffea8d9000 	C:\WINDOWS\SYSTEM32\WSOCK32.dll
0x00007ff803ed0000 - 0x00007ff803f3c000 	C:\WINDOWS\System32\WS2_32.dll
0x00007ff800240000 - 0x00007ff80026a000 	C:\WINDOWS\SYSTEM32\WINMMBASE.dll
0x00007ff802710000 - 0x00007ff80275a000 	C:\WINDOWS\System32\cfgmgr32.dll
0x000000005c3a0000 - 0x000000005c3af000 	C:\Program Files\Java\jdk1.8.0_152\jre\bin\verify.dll
0x000000005b830000 - 0x000000005b859000 	C:\Program Files\Java\jdk1.8.0_152\jre\bin\java.dll
0x000000005b810000 - 0x000000005b826000 	C:\Program Files\Java\jdk1.8.0_152\jre\bin\zip.dll
0x00007ff8047d0000 - 0x00007ff805c06000 	C:\WINDOWS\System32\SHELL32.dll
0x00007ff8037d0000 - 0x00007ff803876000 	C:\WINDOWS\System32\shcore.dll
0x00007ff802900000 - 0x00007ff803047000 	C:\WINDOWS\System32\windows.storage.dll
0x00007ff806150000 - 0x00007ff8061a1000 	C:\WINDOWS\System32\shlwapi.dll
0x00007ff802650000 - 0x00007ff802661000 	C:\WINDOWS\System32\kernel.appcore.dll
0x00007ff802600000 - 0x00007ff80264c000 	C:\WINDOWS\System32\powrprof.dll
0x00007ff8025e0000 - 0x00007ff8025fb000 	C:\WINDOWS\System32\profapi.dll

VM Arguments:
java_command: C:\Program Files (x86)\Android\android-sdk\build-tools\25.0.3\\lib\dx.jar --dex --no-strict --output obj\Debug\android\bin C:\Users\Mark\source\repos\VTBoard\VTBoard\VTBoard\VTBoard.Android\obj\Debug\android\bin\classes\classes.zip C:\Program Files (x86)\Microsoft Visual Studio\2017\Enterprise\Common7\IDE\ReferenceAssemblies\Microsoft\Framework\MonoAndroid\v8.0\mono.android.jar obj\Debug\lp\0\jl\formsviewgroup.jar C:\Users\Mark\AppData\Local\Xamarin\Xamarin.Android.Support.Animated.Vector.Drawable\23.3.0.0\embedded\classes.jar C:\Users\Mark\AppData\Local\Xamarin\Xamarin.Android.Support.Design\23.3.0.0\embedded\classes.jar C:\Users\Mark\AppData\Local\Xamarin\Xamarin.Android.Support.v4\23.3.0.0\embedded\classes.jar C:\Users\Mark\AppData\Local\Xamarin\Xamarin.Android.Support.v4\23.3.0.0\embedded\libs\internal_impl-23.3.0.jar C:\Users\Mark\AppData\Local\Xamarin\Xamarin.Android.Support.v7.AppCompat\23.3.0.0\embedded\classes.jar C:\Users\Mark\AppData\Local\Xamarin\Xamarin.Android.Support.v7.CardView\23.3.0.0\embedded\classes.jar C:\Users\Mark\AppData\Local\Xamarin\Xamarin.Android.Support.v7.MediaRouter\23.3.0.0\embedded\classes.jar C:\Users\Mark\AppData\Local\Xamarin\Xamarin.Android.Support.v7.MediaRouter\23.3.0.0\embedded\libs\internal_impl-23.3.0.jar C:\Users\Mark\AppData\Local\Xamarin\Xamarin.Android.Support.v7.RecyclerView\23.3.0.0\embedded\classes.jar C:\Users\Mark\AppData\Local\Xamarin\Xamarin.Android.Support.Vector.Drawable\23.3.0.0\embedded\classes.jar
java_class_path (initial): C:\Program Files (x86)\Android\android-sdk\build-tools\25.0.3\\lib\dx.jar
Launcher Type: SUN_STANDARD

Environment Variables:
PATH=C:\Program Files (x86)\Microsoft Visual Studio\2017\Enterprise\Common7\IDE\Extensions\GitHub\GitHub\lib\win32\x86;C:\Python27\;C:\Python27\Scripts;C:\Program Files\Java\jdk1.8.0_25\bin;C:\ProgramData\Oracle\Java\javapath;C:\Program Files (x86)\Intel\iCLS Client\;C:\Program Files\Intel\iCLS Client\;C:\WINDOWS\system32;C:\WINDOWS;C:\WINDOWS\System32\Wbem;C:\WINDOWS\System32\WindowsPowerShell\v1.0\;C:\Program Files\Intel\Intel(R) Management Engine Components\DAL;C:\Program Files\Intel\Intel(R) Management Engine Components\IPT;C:\Program Files (x86)\Intel\Intel(R) Management Engine Components\DAL;C:\Program Files (x86)\Intel\Intel(R) Management Engine Components\IPT;C:\ProgramData\Lenovo\ReadyApps;C:\Program Files\ASUS\Bluetooth Software\;C:\Program Files\ASUS\Bluetooth Software\syswow64;C:\Program Files (x86)\Windows Live\Shared;C:\Program Files\Intel\WiFi\bin\;C:\Program Files\Common Files\Intel\WirelessCommon\;C:\Program Files (x86)\GNU\GnuPG\pub;C:\Program Files (x86)\Skype\Phone\;c:\Program Files (x86)\Microsoft SQL Server\110\Tools\Binn\;c:\Program Files (x86)\Microsoft SQL Server\110\DTS\Binn\;c:\Program Files (x86)\Microsoft SQL Server\110\Tools\Binn\ManagementStudio\;C:\Program Files (x86)\Windows Kits\8.1\Windows Performance Toolkit\;C:\Program Files\dotnet\;C:\Program Files\Microsoft SQL Server\130\Tools\Binn\;C:\Program Files\Git\cmd;C:\Program Files\Intel\WiFi\bin\;C:\Program Files\Common Files\Intel\WirelessCommon\;C:\Users\Mark\AppData\Local\Microsoft\WindowsApps;C:\Users\Mark\AppData\Local\Microsoft\WindowsApps;C:\Users\Mark\AppData\Local\GitHubDesktop\bin
USERNAME=Mark
OS=Windows_NT
PROCESSOR_IDENTIFIER=Intel64 Family 6 Model 69 Stepping 1, GenuineIntel



---------------  S Y S T E M  ---------------

OS: Windows 10.0 , 64 bit Build 16299 (10.0.16299.15)

CPU:total 4 (initial active 4) (2 cores per cpu, 2 threads per core) family 6 model 69 stepping 1, cmov, cx8, fxsr, mmx, sse, sse2, sse3, ssse3, sse4.1, sse4.2, popcnt, avx, avx2, aes, clmul, erms, lzcnt, ht, tsc, tscinvbit, bmi1, bmi2

Memory: 4k page, physical 4082084k(419104k free), swap 4082084k(5212k free)

vm_info: Java HotSpot(TM) 64-Bit Server VM (25.152-b16) for windows-amd64 JRE (1.8.0_152-b16), built on Sep 14 2017 02:29:36 by "java_re" with MS VC++ 10.0 (VS2010)

time: Wed Apr 11 20:14:12 2018
elapsed time: 10 seconds (0d 0h 0m 10s)

