#
# There is insufficient memory for the Java Runtime Environment to continue.
# Native memory allocation (malloc) failed to allocate 1142416 bytes for Chunk::new
# Possible reasons:
#   The system is out of physical RAM or swap space
#   In 32 bit mode, the process size limit was hit
# Possible solutions:
#   Reduce memory load on the system
#   Increase physical memory or swap space
#   Check if swap backing store is full
#   Use 64 bit Java on a 64 bit OS
#   Decrease Java heap size (-Xmx/-Xms)
#   Decrease number of Java threads
#   Decrease Java thread stack sizes (-Xss)
#   Set larger code cache with -XX:ReservedCodeCacheSize=
# This output file may be truncated or incomplete.
#
#  Out of Memory Error (allocation.cpp:390), pid=12072, tid=0x00000000000030a4
#
# JRE version: Java(TM) SE Runtime Environment (8.0_152-b16) (build 1.8.0_152-b16)
# Java VM: Java HotSpot(TM) 64-Bit Server VM (25.152-b16 mixed mode windows-amd64 compressed oops)
# Failed to write core dump. Minidumps are not enabled by default on client versions of Windows
#

---------------  T H R E A D  ---------------

Current thread (0x0000000017966800):  JavaThread "C2 CompilerThread1" daemon [_thread_in_native, id=12452, stack(0x00000000191a0000,0x00000000192a0000)]

Stack: [0x00000000191a0000,0x00000000192a0000]
[error occurred during error reporting (printing stack bounds), id 0xc0000005]

Native frames: (J=compiled Java code, j=interpreted, Vv=VM code, C=native code)


Current CompileTask:
C2:   6960 2947       4       com.sun.tools.javac.comp.Resolve::isAccessible (332 bytes)


---------------  P R O C E S S  ---------------

Java Threads: ( => current thread )
  0x00000000193d0800 JavaThread "Service Thread" daemon [_thread_blocked, id=7284, stack(0x00000000197a0000,0x00000000198a0000)]
  0x0000000017969000 JavaThread "C1 CompilerThread2" daemon [_thread_blocked, id=10296, stack(0x00000000192a0000,0x00000000193a0000)]
=>0x0000000017966800 JavaThread "C2 CompilerThread1" daemon [_thread_in_native, id=12452, stack(0x00000000191a0000,0x00000000192a0000)]
  0x0000000017963000 JavaThread "C2 CompilerThread0" daemon [_thread_in_native, id=3636, stack(0x00000000190a0000,0x00000000191a0000)]
  0x0000000017961000 JavaThread "Attach Listener" daemon [_thread_blocked, id=8104, stack(0x0000000018fa0000,0x00000000190a0000)]
  0x000000001795f800 JavaThread "Signal Dispatcher" daemon [_thread_blocked, id=11556, stack(0x0000000018ea0000,0x0000000018fa0000)]
  0x0000000005379000 JavaThread "Finalizer" daemon [_thread_blocked, id=8320, stack(0x0000000018bb0000,0x0000000018cb0000)]
  0x0000000005373000 JavaThread "Reference Handler" daemon [_thread_blocked, id=5348, stack(0x0000000018ab0000,0x0000000018bb0000)]
  0x0000000005283800 JavaThread "main" [_thread_in_native, id=9688, stack(0x00000000050b0000,0x00000000051b0000)]

Other Threads:
  0x0000000017927800 VMThread [stack: 0x00000000189b0000,0x0000000018ab0000] [id=2456]
  0x00000000179bd800 WatcherThread [stack: 0x00000000198a0000,0x00000000199a0000] [id=10764]

VM state:not at safepoint (normal execution)

VM Mutex/Monitor currently owned by a thread: None

Heap:
 PSYoungGen      total 35328K, used 18997K [0x00000000eb380000, 0x00000000ee000000, 0x0000000100000000)
  eden space 25088K, 55% used [0x00000000eb380000,0x00000000ec135768,0x00000000ecc00000)
  from space 10240K, 48% used [0x00000000ed600000,0x00000000edad8000,0x00000000ee000000)
  to   space 10240K, 0% used [0x00000000ecc00000,0x00000000ecc00000,0x00000000ed600000)
 ParOldGen       total 46592K, used 29083K [0x00000000c1a00000, 0x00000000c4780000, 0x00000000eb380000)
  object space 46592K, 62% used [0x00000000c1a00000,0x00000000c3666f80,0x00000000c4780000)
 Metaspace       used 9957K, capacity 10452K, committed 10624K, reserved 1058816K
  class space    used 1024K, capacity 1040K, committed 1152K, reserved 1048576K

Card table byte_map: [0x0000000014740000,0x0000000014940000] byte_map_base: 0x0000000014133000

Marking Bits: (ParMarkBitMap*) 0x0000000060c80860
 Begin Bits: [0x0000000014e90000, 0x0000000015e28000)
 End Bits:   [0x0000000015e28000, 0x0000000016dc0000)

Polling page: 0x0000000003840000

CodeCache: size=245760Kb used=11769Kb max_used=12275Kb free=233990Kb
 bounds [0x0000000005380000, 0x0000000005f90000, 0x0000000014380000]
 total_blobs=3024 nmethods=2728 adapters=208
 compilation: enabled

Compilation events (10 events):
Event: 6.821 Thread 0x0000000017969000 3017       3       com.sun.tools.javac.comp.ConstFold::coerce (221 bytes)
Event: 6.826 Thread 0x0000000017969000 nmethod 3017 0x0000000005603ed0 code [0x0000000005604560, 0x0000000005608d38]
Event: 6.826 Thread 0x0000000017969000 3016       3       com.sun.tools.javac.comp.Attr::coerce (10 bytes)
Event: 6.826 Thread 0x0000000017969000 nmethod 3016 0x0000000005791990 code [0x0000000005791b00, 0x0000000005791c88]
Event: 6.826 Thread 0x0000000017969000 3020       3       com.sun.tools.javac.comp.Lower::freevarDefs (151 bytes)
Event: 6.828 Thread 0x0000000017969000 nmethod 3020 0x0000000005601010 code [0x0000000005601320, 0x0000000005602d08]
Event: 6.952 Thread 0x0000000017969000 3023       3       com.sun.tools.javac.jvm.Code::emitNewarray (37 bytes)
Event: 6.953 Thread 0x0000000017969000 nmethod 3023 0x00000000055d8c10 code [0x00000000055d8da0, 0x00000000055d9058]
Event: 6.955 Thread 0x0000000017969000 3024       3       com.sun.tools.javac.jvm.Pool::put (127 bytes)
Event: 6.956 Thread 0x0000000017969000 nmethod 3024 0x00000000057b88d0 code [0x00000000057b8ae0, 0x00000000057b9868]

GC Heap History (10 events):
Event: 2.936 GC heap before
{Heap before GC invocations=18 (full 3):
 PSYoungGen      total 27136K, used 26514K [0x00000000eb380000, 0x00000000eda80000, 0x0000000100000000)
  eden space 19968K, 100% used [0x00000000eb380000,0x00000000ec700000,0x00000000ec700000)
  from space 7168K, 91% used [0x00000000ecf00000,0x00000000ed564bb0,0x00000000ed600000)
  to   space 8192K, 0% used [0x00000000ec700000,0x00000000ec700000,0x00000000ecf00000)
 ParOldGen       total 29184K, used 20434K [0x00000000c1a00000, 0x00000000c3680000, 0x00000000eb380000)
  object space 29184K, 70% used [0x00000000c1a00000,0x00000000c2df4a48,0x00000000c3680000)
 Metaspace       used 8873K, capacity 9524K, committed 9728K, reserved 1058816K
  class space    used 987K, capacity 1008K, committed 1024K, reserved 1048576K
Event: 2.952 GC heap after
Heap after GC invocations=18 (full 3):
 PSYoungGen      total 28160K, used 8180K [0x00000000eb380000, 0x00000000edf00000, 0x0000000100000000)
  eden space 19968K, 0% used [0x00000000eb380000,0x00000000eb380000,0x00000000ec700000)
  from space 8192K, 99% used [0x00000000ec700000,0x00000000ecefd198,0x00000000ecf00000)
  to   space 10752K, 0% used [0x00000000ed480000,0x00000000ed480000,0x00000000edf00000)
 ParOldGen       total 29184K, used 24192K [0x00000000c1a00000, 0x00000000c3680000, 0x00000000eb380000)
  object space 29184K, 82% used [0x00000000c1a00000,0x00000000c31a0078,0x00000000c3680000)
 Metaspace       used 8873K, capacity 9524K, committed 9728K, reserved 1058816K
  class space    used 987K, capacity 1008K, committed 1024K, reserved 1048576K
}
Event: 3.992 GC heap before
{Heap before GC invocations=19 (full 3):
 PSYoungGen      total 28160K, used 28148K [0x00000000eb380000, 0x00000000edf00000, 0x0000000100000000)
  eden space 19968K, 100% used [0x00000000eb380000,0x00000000ec700000,0x00000000ec700000)
  from space 8192K, 99% used [0x00000000ec700000,0x00000000ecefd198,0x00000000ecf00000)
  to   space 10752K, 0% used [0x00000000ed480000,0x00000000ed480000,0x00000000edf00000)
 ParOldGen       total 29184K, used 24192K [0x00000000c1a00000, 0x00000000c3680000, 0x00000000eb380000)
  object space 29184K, 82% used [0x00000000c1a00000,0x00000000c31a0078,0x00000000c3680000)
 Metaspace       used 9196K, capacity 9812K, committed 10112K, reserved 1058816K
  class space    used 1005K, capacity 1040K, committed 1152K, reserved 1048576K
Event: 4.004 GC heap after
Heap after GC invocations=19 (full 3):
 PSYoungGen      total 33792K, used 1024K [0x00000000eb380000, 0x00000000edf00000, 0x0000000100000000)
  eden space 23040K, 0% used [0x00000000eb380000,0x00000000eb380000,0x00000000eca00000)
  from space 10752K, 9% used [0x00000000ed480000,0x00000000ed580000,0x00000000edf00000)
  to   space 10752K, 0% used [0x00000000eca00000,0x00000000eca00000,0x00000000ed480000)
 ParOldGen       total 32768K, used 32351K [0x00000000c1a00000, 0x00000000c3a00000, 0x00000000eb380000)
  object space 32768K, 98% used [0x00000000c1a00000,0x00000000c3997d78,0x00000000c3a00000)
 Metaspace       used 9196K, capacity 9812K, committed 10112K, reserved 1058816K
  class space    used 1005K, capacity 1040K, committed 1152K, reserved 1048576K
}
Event: 4.004 GC heap before
{Heap before GC invocations=20 (full 4):
 PSYoungGen      total 33792K, used 1024K [0x00000000eb380000, 0x00000000edf00000, 0x0000000100000000)
  eden space 23040K, 0% used [0x00000000eb380000,0x00000000eb380000,0x00000000eca00000)
  from space 10752K, 9% used [0x00000000ed480000,0x00000000ed580000,0x00000000edf00000)
  to   space 10752K, 0% used [0x00000000eca00000,0x00000000eca00000,0x00000000ed480000)
 ParOldGen       total 32768K, used 32351K [0x00000000c1a00000, 0x00000000c3a00000, 0x00000000eb380000)
  object space 32768K, 98% used [0x00000000c1a00000,0x00000000c3997d78,0x00000000c3a00000)
 Metaspace       used 9196K, capacity 9812K, committed 10112K, reserved 1058816K
  class space    used 1005K, capacity 1040K, committed 1152K, reserved 1048576K
Event: 4.115 GC heap after
Heap after GC invocations=20 (full 4):
 PSYoungGen      total 33792K, used 0K [0x00000000eb380000, 0x00000000edf00000, 0x0000000100000000)
  eden space 23040K, 0% used [0x00000000eb380000,0x00000000eb380000,0x00000000eca00000)
  from space 10752K, 0% used [0x00000000ed480000,0x00000000ed480000,0x00000000edf00000)
  to   space 10752K, 0% used [0x00000000eca00000,0x00000000eca00000,0x00000000ed480000)
 ParOldGen       total 46592K, used 29067K [0x00000000c1a00000, 0x00000000c4780000, 0x00000000eb380000)
  object space 46592K, 62% used [0x00000000c1a00000,0x00000000c3662f80,0x00000000c4780000)
 Metaspace       used 9196K, capacity 9812K, committed 10112K, reserved 1058816K
  class space    used 1005K, capacity 1040K, committed 1152K, reserved 1048576K
}
Event: 5.230 GC heap before
{Heap before GC invocations=21 (full 4):
 PSYoungGen      total 33792K, used 23040K [0x00000000eb380000, 0x00000000edf00000, 0x0000000100000000)
  eden space 23040K, 100% used [0x00000000eb380000,0x00000000eca00000,0x00000000eca00000)
  from space 10752K, 0% used [0x00000000ed480000,0x00000000ed480000,0x00000000edf00000)
  to   space 10752K, 0% used [0x00000000eca00000,0x00000000eca00000,0x00000000ed480000)
 ParOldGen       total 46592K, used 29067K [0x00000000c1a00000, 0x00000000c4780000, 0x00000000eb380000)
  object space 46592K, 62% used [0x00000000c1a00000,0x00000000c3662f80,0x00000000c4780000)
 Metaspace       used 9652K, capacity 10196K, committed 10368K, reserved 1058816K
  class space    used 1006K, capacity 1040K, committed 1152K, reserved 1048576K
Event: 5.235 GC heap after
Heap after GC invocations=21 (full 4):
 PSYoungGen      total 33792K, used 2513K [0x00000000eb380000, 0x00000000ee000000, 0x0000000100000000)
  eden space 23040K, 0% used [0x00000000eb380000,0x00000000eb380000,0x00000000eca00000)
  from space 10752K, 23% used [0x00000000eca00000,0x00000000ecc74408,0x00000000ed480000)
  to   space 10240K, 0% used [0x00000000ed600000,0x00000000ed600000,0x00000000ee000000)
 ParOldGen       total 46592K, used 29075K [0x00000000c1a00000, 0x00000000c4780000, 0x00000000eb380000)
  object space 46592K, 62% used [0x00000000c1a00000,0x00000000c3664f80,0x00000000c4780000)
 Metaspace       used 9652K, capacity 10196K, committed 10368K, reserved 1058816K
  class space    used 1006K, capacity 1040K, committed 1152K, reserved 1048576K
}
Event: 6.032 GC heap before
{Heap before GC invocations=22 (full 4):
 PSYoungGen      total 33792K, used 25553K [0x00000000eb380000, 0x00000000ee000000, 0x0000000100000000)
  eden space 23040K, 100% used [0x00000000eb380000,0x00000000eca00000,0x00000000eca00000)
  from space 10752K, 23% used [0x00000000eca00000,0x00000000ecc74408,0x00000000ed480000)
  to   space 10240K, 0% used [0x00000000ed600000,0x00000000ed600000,0x00000000ee000000)
 ParOldGen       total 46592K, used 29075K [0x00000000c1a00000, 0x00000000c4780000, 0x00000000eb380000)
  object space 46592K, 62% used [0x00000000c1a00000,0x00000000c3664f80,0x00000000c4780000)
 Metaspace       used 9747K, capacity 10324K, committed 10624K, reserved 1058816K
  class space    used 1006K, capacity 1040K, committed 1152K, reserved 1048576K
Event: 6.039 GC heap after
Heap after GC invocations=22 (full 4):
 PSYoungGen      total 35328K, used 4960K [0x00000000eb380000, 0x00000000ee000000, 0x0000000100000000)
  eden space 25088K, 0% used [0x00000000eb380000,0x00000000eb380000,0x00000000ecc00000)
  from space 10240K, 48% used [0x00000000ed600000,0x00000000edad8000,0x00000000ee000000)
  to   space 10240K, 0% used [0x00000000ecc00000,0x00000000ecc00000,0x00000000ed600000)
 ParOldGen       total 46592K, used 29083K [0x00000000c1a00000, 0x00000000c4780000, 0x00000000eb380000)
  object space 46592K, 62% used [0x00000000c1a00000,0x00000000c3666f80,0x00000000c4780000)
 Metaspace       used 9747K, capacity 10324K, committed 10624K, reserved 1058816K
  class space    used 1006K, capacity 1040K, committed 1152K, reserved 1048576K
}

Deoptimization events (10 events):
Event: 6.305 Thread 0x0000000005283800 Uncommon trap: reason=unstable_if action=reinterpret pc=0x0000000005b49320 method=com.sun.tools.javac.code.Symbol.getRawAttributes()Lcom/sun/tools/javac/util/List; @ 4
Event: 6.306 Thread 0x0000000005283800 Uncommon trap: reason=class_check action=maybe_recompile pc=0x0000000005a70bf0 method=com.sun.tools.javac.jvm.Pool.makePoolValue(Ljava/lang/Object;)Ljava/lang/Object; @ 81
Event: 6.306 Thread 0x0000000005283800 Uncommon trap: reason=unstable_if action=reinterpret pc=0x0000000005a7a238 method=com.sun.tools.javac.code.Types$SignatureGenerator.hasTypeVar(Lcom/sun/tools/javac/util/List;)Z @ 4
Event: 6.436 Thread 0x0000000005283800 Uncommon trap: reason=bimorphic action=maybe_recompile pc=0x0000000005f27a78 method=com.sun.tools.javac.code.Type$ClassType.isErroneous()Z @ 1
Event: 6.436 Thread 0x0000000005283800 Uncommon trap: reason=class_check action=maybe_recompile pc=0x0000000005c8668c method=com.sun.tools.javac.code.Types.rank(Lcom/sun/tools/javac/code/Type;)I @ 1
Event: 6.455 Thread 0x0000000005283800 Uncommon trap: reason=bimorphic action=maybe_recompile pc=0x0000000005f27a78 method=com.sun.tools.javac.code.Type$ClassType.isErroneous()Z @ 1
Event: 6.455 Thread 0x0000000005283800 Uncommon trap: reason=class_check action=maybe_recompile pc=0x0000000005c8668c method=com.sun.tools.javac.code.Types.rank(Lcom/sun/tools/javac/code/Type;)I @ 1
Event: 6.635 Thread 0x0000000005283800 Uncommon trap: reason=unstable_if action=reinterpret pc=0x0000000005b71854 method=com.sun.tools.javac.code.DeferredLintHandler.flush(Lcom/sun/tools/javac/util/JCDiagnostic$DiagnosticPosition;)V @ 15
Event: 6.955 Thread 0x0000000005283800 Uncommon trap: reason=unstable_if action=reinterpret pc=0x0000000005a70a30 method=java.util.HashMap.getNode(ILjava/lang/Object;)Ljava/util/HashMap$Node; @ 62
Event: 6.955 Thread 0x0000000005283800 Uncommon trap: reason=class_check action=maybe_recompile pc=0x0000000005a59420 method=java.util.HashMap.putVal(ILjava/lang/Object;Ljava/lang/Object;ZZ)Ljava/lang/Object; @ 91

Classes redefined (0 events):
No events

Internal exceptions (8 events):
Event: 0.097 Thread 0x0000000005283800 Exception <a 'java/lang/NoSuchMethodError': Method sun.misc.Unsafe.defineClass(Ljava/lang/String;[BII)Ljava/lang/Class; name or signature does not match> (0x00000000eb387cd8) thrown at [C:\re\workspace\8-2-build-windows-amd64-cygwin\jdk8u152\9742\hotspot\
Event: 0.098 Thread 0x0000000005283800 Exception <a 'java/lang/NoSuchMethodError': Method sun.misc.Unsafe.prefetchRead(Ljava/lang/Object;J)V name or signature does not match> (0x00000000eb387fc0) thrown at [C:\re\workspace\8-2-build-windows-amd64-cygwin\jdk8u152\9742\hotspot\src\share\vm\prims
Event: 0.233 Thread 0x0000000005283800 Exception <a 'java/security/PrivilegedActionException'> (0x00000000eb391b00) thrown at [C:\re\workspace\8-2-build-windows-amd64-cygwin\jdk8u152\9742\hotspot\src\share\vm\prims\jvm.cpp, line 1390]
Event: 0.233 Thread 0x0000000005283800 Exception <a 'java/security/PrivilegedActionException'> (0x00000000eb391ef8) thrown at [C:\re\workspace\8-2-build-windows-amd64-cygwin\jdk8u152\9742\hotspot\src\share\vm\prims\jvm.cpp, line 1390]
Event: 0.234 Thread 0x0000000005283800 Exception <a 'java/security/PrivilegedActionException'> (0x00000000eb396008) thrown at [C:\re\workspace\8-2-build-windows-amd64-cygwin\jdk8u152\9742\hotspot\src\share\vm\prims\jvm.cpp, line 1390]
Event: 0.234 Thread 0x0000000005283800 Exception <a 'java/security/PrivilegedActionException'> (0x00000000eb396400) thrown at [C:\re\workspace\8-2-build-windows-amd64-cygwin\jdk8u152\9742\hotspot\src\share\vm\prims\jvm.cpp, line 1390]
Event: 0.237 Thread 0x0000000005283800 Exception <a 'java/security/PrivilegedActionException'> (0x00000000eb3cbc30) thrown at [C:\re\workspace\8-2-build-windows-amd64-cygwin\jdk8u152\9742\hotspot\src\share\vm\prims\jvm.cpp, line 1390]
Event: 0.237 Thread 0x0000000005283800 Exception <a 'java/security/PrivilegedActionException'> (0x00000000eb3cc028) thrown at [C:\re\workspace\8-2-build-windows-amd64-cygwin\jdk8u152\9742\hotspot\src\share\vm\prims\jvm.cpp, line 1390]

Events (10 events):
Event: 6.952 Thread 0x0000000005283800 DEOPT PACKING pc=0x0000000005599d7e sp=0x00000000051ae540
Event: 6.952 Thread 0x0000000005283800 DEOPT UNPACKING pc=0x00000000053c787f sp=0x00000000051ae2d8 mode 0
Event: 6.953 Thread 0x0000000005283800 DEOPT PACKING pc=0x0000000005599d7e sp=0x00000000051ae540
Event: 6.953 Thread 0x0000000005283800 DEOPT UNPACKING pc=0x00000000053c787f sp=0x00000000051ae2d8 mode 0
Event: 6.955 Thread 0x0000000005283800 Uncommon trap: trap_request=0xffffff65 fr.pc=0x0000000005a70a30
Event: 6.955 Thread 0x0000000005283800 DEOPT PACKING pc=0x0000000005a70a30 sp=0x00000000051ae850
Event: 6.955 Thread 0x0000000005283800 DEOPT UNPACKING pc=0x00000000053c582a sp=0x00000000051ae768 mode 2
Event: 6.955 Thread 0x0000000005283800 Uncommon trap: trap_request=0xffffffde fr.pc=0x0000000005a59420
Event: 6.955 Thread 0x0000000005283800 DEOPT PACKING pc=0x0000000005a59420 sp=0x00000000051ae810
Event: 6.955 Thread 0x0000000005283800 DEOPT UNPACKING pc=0x00000000053c582a sp=0x00000000051ae728 mode 2


Dynamic libraries:
0x00007ff780ec0000 - 0x00007ff780ec7000 	C:\Program Files\Java\jdk1.8.0_152\bin\javac.exe
0x00007ffc89b60000 - 0x00007ffc89d40000 	C:\WINDOWS\SYSTEM32\ntdll.dll
0x00007ffc87790000 - 0x00007ffc8783e000 	C:\WINDOWS\System32\KERNEL32.DLL
0x00007ffc86b30000 - 0x00007ffc86d96000 	C:\WINDOWS\System32\KERNELBASE.dll
0x00000000617d0000 - 0x00000000617ff000 	C:\Program Files\Java\jdk1.8.0_152\bin\jli.dll
0x0000000060de0000 - 0x0000000060eb2000 	C:\Program Files\Java\jdk1.8.0_152\bin\MSVCR100.dll
0x00007ffc87510000 - 0x00007ffc875b1000 	C:\WINDOWS\System32\ADVAPI32.dll
0x00007ffc87fa0000 - 0x00007ffc8803d000 	C:\WINDOWS\System32\msvcrt.dll
0x00007ffc89a30000 - 0x00007ffc89a8b000 	C:\WINDOWS\System32\sechost.dll
0x00007ffc88240000 - 0x00007ffc8835f000 	C:\WINDOWS\System32\RPCRT4.dll
0x00007ffc880b0000 - 0x00007ffc8823f000 	C:\WINDOWS\System32\USER32.dll
0x00007ffc86340000 - 0x00007ffc86360000 	C:\WINDOWS\System32\win32u.dll
0x00007ffc74dd0000 - 0x00007ffc75039000 	C:\WINDOWS\WinSxS\amd64_microsoft.windows.common-controls_6595b64144ccf1df_6.0.16299.371_none_15c7d1789365a290\COMCTL32.dll
0x00007ffc899a0000 - 0x00007ffc899c8000 	C:\WINDOWS\System32\GDI32.dll
0x00007ffc87c20000 - 0x00007ffc87f28000 	C:\WINDOWS\System32\combase.dll
0x00007ffc86df0000 - 0x00007ffc86f83000 	C:\WINDOWS\System32\gdi32full.dll
0x00007ffc86240000 - 0x00007ffc86336000 	C:\WINDOWS\System32\ucrtbase.dll
0x00007ffc86f90000 - 0x00007ffc8702b000 	C:\WINDOWS\System32\msvcp_win.dll
0x00007ffc86ab0000 - 0x00007ffc86b22000 	C:\WINDOWS\System32\bcryptPrimitives.dll
0x00007ffc874e0000 - 0x00007ffc8750d000 	C:\WINDOWS\System32\IMM32.DLL
0x0000000060d00000 - 0x0000000060dd2000 	C:\Program Files\Java\jdk1.8.0_152\jre\bin\msvcr100.dll
0x0000000060460000 - 0x0000000060d00000 	C:\Program Files\Java\jdk1.8.0_152\jre\bin\server\jvm.dll
0x00007ffc897c0000 - 0x00007ffc897c8000 	C:\WINDOWS\System32\PSAPI.DLL
0x00007ffc83bb0000 - 0x00007ffc83bd3000 	C:\WINDOWS\SYSTEM32\WINMM.dll
0x00007ffc6d8e0000 - 0x00007ffc6d8e9000 	C:\WINDOWS\SYSTEM32\WSOCK32.dll
0x00007ffc77d00000 - 0x00007ffc77d0a000 	C:\WINDOWS\SYSTEM32\VERSION.dll
0x00007ffc87f30000 - 0x00007ffc87f9c000 	C:\WINDOWS\System32\WS2_32.dll
0x00007ffc83b10000 - 0x00007ffc83b3a000 	C:\WINDOWS\SYSTEM32\winmmbase.dll
0x00007ffc86da0000 - 0x00007ffc86dea000 	C:\WINDOWS\System32\cfgmgr32.dll
0x0000000061190000 - 0x000000006119f000 	C:\Program Files\Java\jdk1.8.0_152\jre\bin\verify.dll
0x0000000061160000 - 0x0000000061189000 	C:\Program Files\Java\jdk1.8.0_152\jre\bin\java.dll
0x0000000061140000 - 0x0000000061156000 	C:\Program Files\Java\jdk1.8.0_152\jre\bin\zip.dll
0x00007ffc88360000 - 0x00007ffc89796000 	C:\WINDOWS\System32\SHELL32.dll
0x00007ffc876e0000 - 0x00007ffc87786000 	C:\WINDOWS\System32\shcore.dll
0x00007ffc86360000 - 0x00007ffc86aa7000 	C:\WINDOWS\System32\windows.storage.dll
0x00007ffc88040000 - 0x00007ffc88091000 	C:\WINDOWS\System32\shlwapi.dll
0x00007ffc85f40000 - 0x00007ffc85f51000 	C:\WINDOWS\System32\kernel.appcore.dll
0x00007ffc85ef0000 - 0x00007ffc85f3c000 	C:\WINDOWS\System32\powrprof.dll
0x00007ffc85ed0000 - 0x00007ffc85eeb000 	C:\WINDOWS\System32\profapi.dll

VM Arguments:
jvm_args: -Dapplication.home=C:\Program Files\Java\jdk1.8.0_152 -Xms8m -Dfile.encoding=UTF8 
java_command: com.sun.tools.javac.Main -d obj\Debug\android\bin\classes -classpath C:\Program Files (x86)\Microsoft Visual Studio\2017\Enterprise\Common7\IDE\ReferenceAssemblies\Microsoft\Framework\MonoAndroid\v8.0\mono.android.jar;obj\Debug\lp\0\jl\formsviewgroup.jar;C:\Users\Mark\AppData\Local\Xamarin\Xamarin.Android.Support.Animated.Vector.Drawable\23.3.0.0\embedded\classes.jar;C:\Users\Mark\AppData\Local\Xamarin\Xamarin.Android.Support.Design\23.3.0.0\embedded\classes.jar;C:\Users\Mark\AppData\Local\Xamarin\Xamarin.Android.Support.v4\23.3.0.0\embedded\classes.jar;C:\Users\Mark\AppData\Local\Xamarin\Xamarin.Android.Support.v4\23.3.0.0\embedded\libs\internal_impl-23.3.0.jar;C:\Users\Mark\AppData\Local\Xamarin\Xamarin.Android.Support.v7.AppCompat\23.3.0.0\embedded\classes.jar;C:\Users\Mark\AppData\Local\Xamarin\Xamarin.Android.Support.v7.CardView\23.3.0.0\embedded\classes.jar;C:\Users\Mark\AppData\Local\Xamarin\Xamarin.Android.Support.v7.MediaRouter\23.3.0.0\embedded\classes.jar;C:\Users\Mark\AppData\Local\Xamarin\Xamarin.Android.Support.v7.MediaRouter\23.3.0.0\embedded\libs\internal_impl-23.3.0.jar;C:\Users\Mark\AppData\Local\Xamarin\Xamarin.Android.Support.v7.RecyclerView\23.3.0.0\embedded\classes.jar;C:\Users\Mark\AppData\Local\Xamarin\Xamarin.Android.Support.Vector.Drawable\23.3.0.0\embedded\classes.jar -bootclasspath C:\Program Files (x86)\Android\android-sdk\platforms\android-26\android.jar -encoding UTF-8 @C:\Users\Mark\AppData\Local\Temp\tmpBC7A.tmp
java_class_path (initial): C:\Program Files\Java\jdk1.8.0_152/lib/tools.jar;C:\Program Files\Java\jdk1.8.0_152/classes
Launcher Type: SUN_STANDARD

Environment Variables:
PATH=C:\Program Files (x86)\Microsoft Visual Studio\2017\Enterprise\Common7\IDE\Extensions\GitHub\GitHub\lib\win32\x86;C:\Python27\;C:\Python27\Scripts;C:\Program Files\Java\jdk1.8.0_25\bin;C:\ProgramData\Oracle\Java\javapath;C:\Program Files (x86)\Intel\iCLS Client\;C:\Program Files\Intel\iCLS Client\;C:\WINDOWS\system32;C:\WINDOWS;C:\WINDOWS\System32\Wbem;C:\WINDOWS\System32\WindowsPowerShell\v1.0\;C:\Program Files\Intel\Intel(R) Management Engine Components\DAL;C:\Program Files\Intel\Intel(R) Management Engine Components\IPT;C:\Program Files (x86)\Intel\Intel(R) Management Engine Components\DAL;C:\Program Files (x86)\Intel\Intel(R) Management Engine Components\IPT;C:\ProgramData\Lenovo\ReadyApps;C:\Program Files\ASUS\Bluetooth Software\;C:\Program Files\ASUS\Bluetooth Software\syswow64;C:\Program Files (x86)\Windows Live\Shared;C:\Program Files\Intel\WiFi\bin\;C:\Program Files\Common Files\Intel\WirelessCommon\;C:\Program Files (x86)\GNU\GnuPG\pub;C:\Program Files (x86)\Skype\Phone\;c:\Program Files (x86)\Microsoft SQL Server\110\Tools\Binn\;c:\Program Files (x86)\Microsoft SQL Server\110\DTS\Binn\;c:\Program Files (x86)\Microsoft SQL Server\110\Tools\Binn\ManagementStudio\;C:\Program Files (x86)\Windows Kits\8.1\Windows Performance Toolkit\;C:\Program Files\dotnet\;C:\Program Files\Microsoft SQL Server\130\Tools\Binn\;C:\Program Files\Git\cmd;C:\Program Files\Intel\WiFi\bin\;C:\Program Files\Common Files\Intel\WirelessCommon\;C:\Users\Mark\AppData\Local\Microsoft\WindowsApps;C:\Users\Mark\AppData\Local\Microsoft\WindowsApps;C:\Users\Mark\AppData\Local\GitHubDesktop\bin
USERNAME=Mark
OS=Windows_NT
PROCESSOR_IDENTIFIER=Intel64 Family 6 Model 69 Stepping 1, GenuineIntel



---------------  S Y S T E M  ---------------

OS: Windows 10.0 , 64 bit Build 16299 (10.0.16299.15)

CPU:total 4 (initial active 4) (2 cores per cpu, 2 threads per core) family 6 model 69 stepping 1, cmov, cx8, fxsr, mmx, sse, sse2, sse3, ssse3, sse4.1, sse4.2, popcnt, avx, avx2, aes, clmul, erms, lzcnt, ht, tsc, tscinvbit, bmi1, bmi2

Memory: 4k page, physical 4082084k(432124k free), swap 4082084k(5204k free)

vm_info: Java HotSpot(TM) 64-Bit Server VM (25.152-b16) for windows-amd64 JRE (1.8.0_152-b16), built on Sep 14 2017 02:29:36 by "java_re" with MS VC++ 10.0 (VS2010)

time: Thu Apr 19 15:14:42 2018
elapsed time: 6 seconds (0d 0h 0m 6s)

